[2024-07-24T23:27:45.772+0000] {local_task_job_runner.py:120} INFO - ::group::Pre task execution logs
[2024-07-24T23:27:45.993+0000] {taskinstance.py:2076} INFO - Dependencies all met for dep_context=non-requeueable deps ti=<TaskInstance: motower_daily_prod.clean_trafic_task scheduled__2024-06-02T06:00:00+00:00 [queued]>
[2024-07-24T23:27:46.000+0000] {taskinstance.py:2076} INFO - Dependencies all met for dep_context=requeueable deps ti=<TaskInstance: motower_daily_prod.clean_trafic_task scheduled__2024-06-02T06:00:00+00:00 [queued]>
[2024-07-24T23:27:46.000+0000] {taskinstance.py:2306} INFO - Starting attempt 1 of 1
[2024-07-24T23:27:46.013+0000] {taskinstance.py:2330} INFO - Executing <Task(PythonOperator): clean_trafic_task> on 2024-06-02 06:00:00+00:00
[2024-07-24T23:27:46.026+0000] {warnings.py:112} WARNING - /home/***/.local/lib/python3.12/site-packages/***/task/task_runner/standard_task_runner.py:62: DeprecationWarning: This process (pid=1431) is multi-threaded, use of fork() may lead to deadlocks in the child.
  pid = os.fork()

[2024-07-24T23:27:46.027+0000] {standard_task_runner.py:64} INFO - Started process 1441 to run task
[2024-07-24T23:27:46.027+0000] {standard_task_runner.py:90} INFO - Running: ['***', 'tasks', 'run', 'motower_daily_prod', 'clean_trafic_task', 'scheduled__2024-06-02T06:00:00+00:00', '--job-id', '547', '--raw', '--subdir', 'DAGS_FOLDER/gps/custom_dags/motower_daily.py', '--cfg-path', '/tmp/tmp0ow7zb50']
[2024-07-24T23:27:46.028+0000] {standard_task_runner.py:91} INFO - Job 547: Subtask clean_trafic_task
[2024-07-24T23:27:46.069+0000] {task_command.py:426} INFO - Running <TaskInstance: motower_daily_prod.clean_trafic_task scheduled__2024-06-02T06:00:00+00:00 [running]> on host b3845fb494d4
[2024-07-24T23:27:46.147+0000] {taskinstance.py:2648} INFO - Exporting env vars: AIRFLOW_CTX_DAG_EMAIL='richmond.kongo@orange.com,assane.diop@orange.com,cyrille1.danho@orange.com,mohamed2.sylla@orange.com,amadou.diomande@orange.com,Jonas.kouame@orange.com,armand.kablan@orange.com,anicet.azombade@orange.com,etienne.kouadio@orange.com,bertine.kouakou@orange.com,florentine.kouakou@orange.com,ange.phaceli@orange.com,soulegame.soro@orange.com,innocent.yengo@orange.com' AIRFLOW_CTX_DAG_OWNER='***' AIRFLOW_CTX_DAG_ID='motower_daily_prod' AIRFLOW_CTX_TASK_ID='clean_trafic_task' AIRFLOW_CTX_EXECUTION_DATE='2024-06-02T06:00:00+00:00' AIRFLOW_CTX_TRY_NUMBER='1' AIRFLOW_CTX_DAG_RUN_ID='scheduled__2024-06-02T06:00:00+00:00'
[2024-07-24T23:27:46.149+0000] {taskinstance.py:430} INFO - ::endgroup::
[2024-07-24T23:27:46.198+0000] {data_validation.py:11} INFO - START VALIDATION OF COLUMN trafic_data_go
[2024-07-24T23:27:46.206+0000] {logging_mixin.py:188} INFO - FILE OF 2024-06-01 have invalid trafic_data_go: 

      date_id  trafic_data_go
0  2024-06-01       72.414957
[2024-07-24T23:27:46.207+0000] {alerting.py:30} INFO - Sending mail ... 
[2024-07-24T23:27:46.208+0000] {taskinstance.py:441} INFO - ::group::Post task execution logs
[2024-07-24T23:27:46.208+0000] {taskinstance.py:2905} ERROR - Task failed with exception
Traceback (most recent call last):
  File "/home/airflow/.local/lib/python3.12/site-packages/airflow/models/taskinstance.py", line 465, in _execute_task
    result = _execute_callable(context=context, **execute_callable_kwargs)
             ^^^^^^^^^^^^^^^^^^^^^^^^^^^^^^^^^^^^^^^^^^^^^^^^^^^^^^^^^^^^^
  File "/home/airflow/.local/lib/python3.12/site-packages/airflow/models/taskinstance.py", line 432, in _execute_callable
    return execute_callable(context=context, **execute_callable_kwargs)
           ^^^^^^^^^^^^^^^^^^^^^^^^^^^^^^^^^^^^^^^^^^^^^^^^^^^^^^^^^^^^
  File "/home/airflow/.local/lib/python3.12/site-packages/airflow/models/baseoperator.py", line 401, in wrapper
    return func(self, *args, **kwargs)
           ^^^^^^^^^^^^^^^^^^^^^^^^^^^
  File "/home/airflow/.local/lib/python3.12/site-packages/airflow/operators/python.py", line 235, in execute
    return_value = self.execute_callable()
                   ^^^^^^^^^^^^^^^^^^^^^^^
  File "/home/airflow/.local/lib/python3.12/site-packages/airflow/operators/python.py", line 252, in execute_callable
    return self.python_callable(*self.op_args, **self.op_kwargs)
           ^^^^^^^^^^^^^^^^^^^^^^^^^^^^^^^^^^^^^^^^^^^^^^^^^^^^^
  File "/opt/airflow/dags/gps/custom_dags/motower_daily.py", line 77, in clean_trafic
    data = cleaning_daily_trafic(CLIENT, MINIO_ENDPOINT, MINIO_ACCESS_KEY, MINIO_SECRET_KEY, kwargs['ingest_date'])
           ^^^^^^^^^^^^^^^^^^^^^^^^^^^^^^^^^^^^^^^^^^^^^^^^^^^^^^^^^^^^^^^^^^^^^^^^^^^^^^^^^^^^^^^^^^^^^^^^^^^^^^^^
  File "/opt/airflow/dags/gps/common/motower_daily.py", line 258, in cleaning_daily_trafic
    validate_column(df=df_to_validate, col=col, host=smtphost, port=smtpport, user=smtpuser, file_type="trafic", date=df_to_validate["date_id"].unique()[0])
  File "/opt/airflow/dags/gps/common/data_validation.py", line 18, in validate_column
    send_email( host= host, port = port, user= user, receivers= receivers, subject= f"VALIDATION ERRORS ON FILE {file_type.upper()}", content=message)
  File "/opt/airflow/dags/gps/common/alerting.py", line 32, in send_email
    smtp_server = smtplib.SMTP(host, port)
                  ^^^^^^^^^^^^^^^^^^^^^^^^
  File "/usr/local/lib/python3.12/smtplib.py", line 255, in __init__
    (code, msg) = self.connect(host, port)
                  ^^^^^^^^^^^^^^^^^^^^^^^^
  File "/usr/local/lib/python3.12/smtplib.py", line 341, in connect
    self.sock = self._get_socket(host, port, self.timeout)
                ^^^^^^^^^^^^^^^^^^^^^^^^^^^^^^^^^^^^^^^^^^
  File "/usr/local/lib/python3.12/smtplib.py", line 312, in _get_socket
    return socket.create_connection((host, port), timeout,
           ^^^^^^^^^^^^^^^^^^^^^^^^^^^^^^^^^^^^^^^^^^^^^^^
  File "/usr/local/lib/python3.12/socket.py", line 829, in create_connection
    for res in getaddrinfo(host, port, 0, SOCK_STREAM):
               ^^^^^^^^^^^^^^^^^^^^^^^^^^^^^^^^^^^^^^^
  File "/usr/local/lib/python3.12/socket.py", line 964, in getaddrinfo
    for res in _socket.getaddrinfo(host, port, family, type, proto, flags):
               ^^^^^^^^^^^^^^^^^^^^^^^^^^^^^^^^^^^^^^^^^^^^^^^^^^^^^^^^^^^
socket.gaierror: [Errno -8] Servname not supported for ai_socktype
[2024-07-24T23:27:46.220+0000] {taskinstance.py:1206} INFO - Marking task as FAILED. dag_id=motower_daily_prod, task_id=clean_trafic_task, run_id=scheduled__2024-06-02T06:00:00+00:00, execution_date=20240602T060000, start_date=20240724T232745, end_date=20240724T232746
[2024-07-24T23:27:46.235+0000] {warnings.py:112} WARNING - /home/***/.local/lib/python3.12/site-packages/***/utils/email.py:154: RemovedInAirflow3Warning: Fetching SMTP credentials from configuration variables will be deprecated in a future release. Please set credentials using a connection instead.
  send_mime_email(e_from=mail_from, e_to=recipients, mime_msg=msg, conn_id=conn_id, dryrun=dryrun)

[2024-07-24T23:27:46.235+0000] {configuration.py:1053} WARNING - section/key [smtp/smtp_user] not found in config
[2024-07-24T23:27:46.236+0000] {email.py:271} INFO - Email alerting: attempt 1
[2024-07-24T23:27:46.243+0000] {configuration.py:1053} WARNING - section/key [smtp/smtp_user] not found in config
[2024-07-24T23:27:46.244+0000] {email.py:271} INFO - Email alerting: attempt 1
[2024-07-24T23:27:46.244+0000] {taskinstance.py:879} ERROR - Failed to send email to: ['richmond.kongo@orange.com', 'assane.diop@orange.com', 'cyrille1.danho@orange.com', 'mohamed2.sylla@orange.com', 'amadou.diomande@orange.com', 'Jonas.kouame@orange.com', 'armand.kablan@orange.com', 'anicet.azombade@orange.com', 'etienne.kouadio@orange.com', 'bertine.kouakou@orange.com', 'florentine.kouakou@orange.com', 'ange.phaceli@orange.com', 'soulegame.soro@orange.com', 'innocent.yengo@orange.com']
Traceback (most recent call last):
  File "/home/airflow/.local/lib/python3.12/site-packages/airflow/models/taskinstance.py", line 2479, in _run_raw_task
    self._execute_task_with_callbacks(context, test_mode, session=session)
  File "/home/airflow/.local/lib/python3.12/site-packages/airflow/models/taskinstance.py", line 2676, in _execute_task_with_callbacks
    result = self._execute_task(context, task_orig)
             ^^^^^^^^^^^^^^^^^^^^^^^^^^^^^^^^^^^^^^
  File "/home/airflow/.local/lib/python3.12/site-packages/airflow/models/taskinstance.py", line 2701, in _execute_task
    return _execute_task(self, context, task_orig)
           ^^^^^^^^^^^^^^^^^^^^^^^^^^^^^^^^^^^^^^^
  File "/home/airflow/.local/lib/python3.12/site-packages/airflow/models/taskinstance.py", line 465, in _execute_task
    result = _execute_callable(context=context, **execute_callable_kwargs)
             ^^^^^^^^^^^^^^^^^^^^^^^^^^^^^^^^^^^^^^^^^^^^^^^^^^^^^^^^^^^^^
  File "/home/airflow/.local/lib/python3.12/site-packages/airflow/models/taskinstance.py", line 432, in _execute_callable
    return execute_callable(context=context, **execute_callable_kwargs)
           ^^^^^^^^^^^^^^^^^^^^^^^^^^^^^^^^^^^^^^^^^^^^^^^^^^^^^^^^^^^^
  File "/home/airflow/.local/lib/python3.12/site-packages/airflow/models/baseoperator.py", line 401, in wrapper
    return func(self, *args, **kwargs)
           ^^^^^^^^^^^^^^^^^^^^^^^^^^^
  File "/home/airflow/.local/lib/python3.12/site-packages/airflow/operators/python.py", line 235, in execute
    return_value = self.execute_callable()
                   ^^^^^^^^^^^^^^^^^^^^^^^
  File "/home/airflow/.local/lib/python3.12/site-packages/airflow/operators/python.py", line 252, in execute_callable
    return self.python_callable(*self.op_args, **self.op_kwargs)
           ^^^^^^^^^^^^^^^^^^^^^^^^^^^^^^^^^^^^^^^^^^^^^^^^^^^^^
  File "/opt/airflow/dags/gps/custom_dags/motower_daily.py", line 77, in clean_trafic
    data = cleaning_daily_trafic(CLIENT, MINIO_ENDPOINT, MINIO_ACCESS_KEY, MINIO_SECRET_KEY, kwargs['ingest_date'])
           ^^^^^^^^^^^^^^^^^^^^^^^^^^^^^^^^^^^^^^^^^^^^^^^^^^^^^^^^^^^^^^^^^^^^^^^^^^^^^^^^^^^^^^^^^^^^^^^^^^^^^^^^
  File "/opt/airflow/dags/gps/common/motower_daily.py", line 258, in cleaning_daily_trafic
    validate_column(df=df_to_validate, col=col, host=smtphost, port=smtpport, user=smtpuser, file_type="trafic", date=df_to_validate["date_id"].unique()[0])
  File "/opt/airflow/dags/gps/common/data_validation.py", line 18, in validate_column
    send_email( host= host, port = port, user= user, receivers= receivers, subject= f"VALIDATION ERRORS ON FILE {file_type.upper()}", content=message)
  File "/opt/airflow/dags/gps/common/alerting.py", line 32, in send_email
    smtp_server = smtplib.SMTP(host, port)
                  ^^^^^^^^^^^^^^^^^^^^^^^^
  File "/usr/local/lib/python3.12/smtplib.py", line 255, in __init__
    (code, msg) = self.connect(host, port)
                  ^^^^^^^^^^^^^^^^^^^^^^^^
  File "/usr/local/lib/python3.12/smtplib.py", line 341, in connect
    self.sock = self._get_socket(host, port, self.timeout)
                ^^^^^^^^^^^^^^^^^^^^^^^^^^^^^^^^^^^^^^^^^^
  File "/usr/local/lib/python3.12/smtplib.py", line 312, in _get_socket
    return socket.create_connection((host, port), timeout,
           ^^^^^^^^^^^^^^^^^^^^^^^^^^^^^^^^^^^^^^^^^^^^^^^
  File "/usr/local/lib/python3.12/socket.py", line 829, in create_connection
    for res in getaddrinfo(host, port, 0, SOCK_STREAM):
               ^^^^^^^^^^^^^^^^^^^^^^^^^^^^^^^^^^^^^^^
  File "/usr/local/lib/python3.12/socket.py", line 964, in getaddrinfo
    for res in _socket.getaddrinfo(host, port, family, type, proto, flags):
               ^^^^^^^^^^^^^^^^^^^^^^^^^^^^^^^^^^^^^^^^^^^^^^^^^^^^^^^^^^^
socket.gaierror: [Errno -8] Servname not supported for ai_socktype

During handling of the above exception, another exception occurred:

Traceback (most recent call last):
  File "/home/airflow/.local/lib/python3.12/site-packages/airflow/models/taskinstance.py", line 1063, in _email_alert
    send_email(task.email, subject, html_content)
  File "/home/airflow/.local/lib/python3.12/site-packages/airflow/utils/email.py", line 80, in send_email
    return backend(
           ^^^^^^^^
  File "/home/airflow/.local/lib/python3.12/site-packages/airflow/utils/email.py", line 154, in send_email_smtp
    send_mime_email(e_from=mail_from, e_to=recipients, mime_msg=msg, conn_id=conn_id, dryrun=dryrun)
  File "/home/airflow/.local/lib/python3.12/site-packages/airflow/utils/email.py", line 273, in send_mime_email
    smtp_conn = _get_smtp_connection(smtp_host, smtp_port, smtp_timeout, smtp_ssl)
                ^^^^^^^^^^^^^^^^^^^^^^^^^^^^^^^^^^^^^^^^^^^^^^^^^^^^^^^^^^^^^^^^^^
  File "/home/airflow/.local/lib/python3.12/site-packages/airflow/utils/email.py", line 317, in _get_smtp_connection
    return smtplib.SMTP(host=host, port=port, timeout=timeout)
           ^^^^^^^^^^^^^^^^^^^^^^^^^^^^^^^^^^^^^^^^^^^^^^^^^^^
  File "/usr/local/lib/python3.12/smtplib.py", line 255, in __init__
    (code, msg) = self.connect(host, port)
                  ^^^^^^^^^^^^^^^^^^^^^^^^
  File "/usr/local/lib/python3.12/smtplib.py", line 341, in connect
    self.sock = self._get_socket(host, port, self.timeout)
                ^^^^^^^^^^^^^^^^^^^^^^^^^^^^^^^^^^^^^^^^^^
  File "/usr/local/lib/python3.12/smtplib.py", line 312, in _get_socket
    return socket.create_connection((host, port), timeout,
           ^^^^^^^^^^^^^^^^^^^^^^^^^^^^^^^^^^^^^^^^^^^^^^^
  File "/usr/local/lib/python3.12/socket.py", line 853, in create_connection
    raise exceptions[0]
  File "/usr/local/lib/python3.12/socket.py", line 838, in create_connection
    sock.connect(sa)
ConnectionRefusedError: [Errno 111] Connection refused

During handling of the above exception, another exception occurred:

Traceback (most recent call last):
  File "/home/airflow/.local/lib/python3.12/site-packages/airflow/models/taskinstance.py", line 877, in _handle_failure
    task_instance.email_alert(error, failure_context["task"])
  File "/home/airflow/.local/lib/python3.12/site-packages/airflow/models/taskinstance.py", line 3163, in email_alert
    _email_alert(task_instance=self, exception=exception, task=task)
  File "/home/airflow/.local/lib/python3.12/site-packages/airflow/models/taskinstance.py", line 1065, in _email_alert
    send_email(task.email, subject, html_content_err)
  File "/home/airflow/.local/lib/python3.12/site-packages/airflow/utils/email.py", line 80, in send_email
    return backend(
           ^^^^^^^^
  File "/home/airflow/.local/lib/python3.12/site-packages/airflow/utils/email.py", line 154, in send_email_smtp
    send_mime_email(e_from=mail_from, e_to=recipients, mime_msg=msg, conn_id=conn_id, dryrun=dryrun)
  File "/home/airflow/.local/lib/python3.12/site-packages/airflow/utils/email.py", line 273, in send_mime_email
    smtp_conn = _get_smtp_connection(smtp_host, smtp_port, smtp_timeout, smtp_ssl)
                ^^^^^^^^^^^^^^^^^^^^^^^^^^^^^^^^^^^^^^^^^^^^^^^^^^^^^^^^^^^^^^^^^^
  File "/home/airflow/.local/lib/python3.12/site-packages/airflow/utils/email.py", line 317, in _get_smtp_connection
    return smtplib.SMTP(host=host, port=port, timeout=timeout)
           ^^^^^^^^^^^^^^^^^^^^^^^^^^^^^^^^^^^^^^^^^^^^^^^^^^^
  File "/usr/local/lib/python3.12/smtplib.py", line 255, in __init__
    (code, msg) = self.connect(host, port)
                  ^^^^^^^^^^^^^^^^^^^^^^^^
  File "/usr/local/lib/python3.12/smtplib.py", line 341, in connect
    self.sock = self._get_socket(host, port, self.timeout)
                ^^^^^^^^^^^^^^^^^^^^^^^^^^^^^^^^^^^^^^^^^^
  File "/usr/local/lib/python3.12/smtplib.py", line 312, in _get_socket
    return socket.create_connection((host, port), timeout,
           ^^^^^^^^^^^^^^^^^^^^^^^^^^^^^^^^^^^^^^^^^^^^^^^
  File "/usr/local/lib/python3.12/socket.py", line 853, in create_connection
    raise exceptions[0]
  File "/usr/local/lib/python3.12/socket.py", line 838, in create_connection
    sock.connect(sa)
ConnectionRefusedError: [Errno 111] Connection refused
[2024-07-24T23:27:46.247+0000] {alerting.py:71} INFO - send alert mail to richmond.kongo@orange.com, assane.diop@orange.com, cyrille1.danho@orange.com, mohamed2.sylla@orange.com, amadou.diomande@orange.com, Jonas.kouame@orange.com, armand.kablan@orange.com, anicet.azombade@orange.com, etienne.kouadio@orange.com, bertine.kouakou@orange.com, florentine.kouakou@orange.com, ange.phaceli@orange.com, soulegame.soro@orange.com, innocent.yengo@orange.com
[2024-07-24T23:27:46.248+0000] {alerting.py:30} INFO - Sending mail ... 
[2024-07-24T23:27:46.248+0000] {alerting.py:38} ERROR - Failed to send email: please run connect() first
[2024-07-24T23:27:46.266+0000] {standard_task_runner.py:110} ERROR - Failed to execute job 547 for task clean_trafic_task ([Errno -8] Servname not supported for ai_socktype; 1441)
[2024-07-24T23:27:46.321+0000] {local_task_job_runner.py:243} INFO - Task exited with return code 1
[2024-07-24T23:27:46.340+0000] {taskinstance.py:3503} INFO - 0 downstream tasks scheduled from follow-on schedule check
[2024-07-24T23:27:46.342+0000] {local_task_job_runner.py:222} INFO - ::endgroup::
[2024-07-25T08:32:31.400+0000] {local_task_job_runner.py:120} INFO - ::group::Pre task execution logs
[2024-07-25T08:32:31.431+0000] {taskinstance.py:2076} INFO - Dependencies all met for dep_context=non-requeueable deps ti=<TaskInstance: motower_daily_prod.clean_trafic_task scheduled__2024-06-02T06:00:00+00:00 [queued]>
[2024-07-25T08:32:31.449+0000] {taskinstance.py:2076} INFO - Dependencies all met for dep_context=requeueable deps ti=<TaskInstance: motower_daily_prod.clean_trafic_task scheduled__2024-06-02T06:00:00+00:00 [queued]>
[2024-07-25T08:32:31.449+0000] {taskinstance.py:2306} INFO - Starting attempt 1 of 1
[2024-07-25T08:32:31.468+0000] {taskinstance.py:2330} INFO - Executing <Task(PythonOperator): clean_trafic_task> on 2024-06-02 06:00:00+00:00
[2024-07-25T08:32:31.481+0000] {warnings.py:112} WARNING - /home/***/.local/lib/python3.12/site-packages/***/task/task_runner/standard_task_runner.py:62: DeprecationWarning: This process (pid=1929) is multi-threaded, use of fork() may lead to deadlocks in the child.
  pid = os.fork()

[2024-07-25T08:32:31.482+0000] {standard_task_runner.py:64} INFO - Started process 1952 to run task
[2024-07-25T08:32:31.486+0000] {standard_task_runner.py:90} INFO - Running: ['***', 'tasks', 'run', 'motower_daily_prod', 'clean_trafic_task', 'scheduled__2024-06-02T06:00:00+00:00', '--job-id', '685', '--raw', '--subdir', 'DAGS_FOLDER/gps/custom_dags/motower_daily.py', '--cfg-path', '/tmp/tmpp_fhf7zq']
[2024-07-25T08:32:31.488+0000] {standard_task_runner.py:91} INFO - Job 685: Subtask clean_trafic_task
[2024-07-25T08:32:31.547+0000] {task_command.py:426} INFO - Running <TaskInstance: motower_daily_prod.clean_trafic_task scheduled__2024-06-02T06:00:00+00:00 [running]> on host b3845fb494d4
[2024-07-25T08:32:31.670+0000] {taskinstance.py:2648} INFO - Exporting env vars: AIRFLOW_CTX_DAG_EMAIL='richmond.kongo@orange.com,assane.diop@orange.com,cyrille1.danho@orange.com,mohamed2.sylla@orange.com,amadou.diomande@orange.com,Jonas.kouame@orange.com,armand.kablan@orange.com,anicet.azombade@orange.com,etienne.kouadio@orange.com,bertine.kouakou@orange.com,florentine.kouakou@orange.com,ange.phaceli@orange.com,soulegame.soro@orange.com,innocent.yengo@orange.com' AIRFLOW_CTX_DAG_OWNER='***' AIRFLOW_CTX_DAG_ID='motower_daily_prod' AIRFLOW_CTX_TASK_ID='clean_trafic_task' AIRFLOW_CTX_EXECUTION_DATE='2024-06-02T06:00:00+00:00' AIRFLOW_CTX_TRY_NUMBER='1' AIRFLOW_CTX_DAG_RUN_ID='scheduled__2024-06-02T06:00:00+00:00'
[2024-07-25T08:32:31.671+0000] {taskinstance.py:430} INFO - ::endgroup::
[2024-07-25T08:32:31.711+0000] {data_validation.py:11} INFO - START VALIDATION OF COLUMN trafic_data_go
[2024-07-25T08:32:31.713+0000] {data_validation.py:20} INFO - DATA OF COLUMN trafic_data_go ARE VALID
[2024-07-25T08:32:31.713+0000] {data_validation.py:11} INFO - START VALIDATION OF COLUMN trafic_voix_erl
[2024-07-25T08:32:31.714+0000] {data_validation.py:20} INFO - DATA OF COLUMN trafic_voix_erl ARE VALID
[2024-07-25T08:32:31.714+0000] {motower_daily.py:260} INFO - prepare final data
[2024-07-25T08:32:31.758+0000] {python.py:237} INFO - Done. Returned value was: None
[2024-07-25T08:32:31.759+0000] {taskinstance.py:441} INFO - ::group::Post task execution logs
[2024-07-25T08:32:31.773+0000] {taskinstance.py:1206} INFO - Marking task as SUCCESS. dag_id=motower_daily_prod, task_id=clean_trafic_task, run_id=scheduled__2024-06-02T06:00:00+00:00, execution_date=20240602T060000, start_date=20240725T083231, end_date=20240725T083231
[2024-07-25T08:32:31.821+0000] {local_task_job_runner.py:243} INFO - Task exited with return code 0
[2024-07-25T08:32:31.834+0000] {local_task_job_runner.py:222} INFO - ::endgroup::
[2024-07-25T10:36:09.182+0000] {local_task_job_runner.py:120} INFO - ::group::Pre task execution logs
[2024-07-25T10:36:09.221+0000] {taskinstance.py:2076} INFO - Dependencies all met for dep_context=non-requeueable deps ti=<TaskInstance: motower_daily_prod.clean_trafic_task scheduled__2024-06-02T06:00:00+00:00 [queued]>
[2024-07-25T10:36:09.234+0000] {taskinstance.py:2076} INFO - Dependencies all met for dep_context=requeueable deps ti=<TaskInstance: motower_daily_prod.clean_trafic_task scheduled__2024-06-02T06:00:00+00:00 [queued]>
[2024-07-25T10:36:09.234+0000] {taskinstance.py:2306} INFO - Starting attempt 1 of 1
[2024-07-25T10:36:09.251+0000] {taskinstance.py:2330} INFO - Executing <Task(PythonOperator): clean_trafic_task> on 2024-06-02 06:00:00+00:00
[2024-07-25T10:36:09.264+0000] {warnings.py:112} WARNING - /home/***/.local/lib/python3.12/site-packages/***/task/task_runner/standard_task_runner.py:62: DeprecationWarning: This process (pid=4997) is multi-threaded, use of fork() may lead to deadlocks in the child.
  pid = os.fork()

[2024-07-25T10:36:09.266+0000] {standard_task_runner.py:64} INFO - Started process 5009 to run task
[2024-07-25T10:36:09.266+0000] {standard_task_runner.py:90} INFO - Running: ['***', 'tasks', 'run', 'motower_daily_prod', 'clean_trafic_task', 'scheduled__2024-06-02T06:00:00+00:00', '--job-id', '1169', '--raw', '--subdir', 'DAGS_FOLDER/gps/custom_dags/motower_daily.py', '--cfg-path', '/tmp/tmpi7q_7oy5']
[2024-07-25T10:36:09.268+0000] {standard_task_runner.py:91} INFO - Job 1169: Subtask clean_trafic_task
[2024-07-25T10:36:09.328+0000] {task_command.py:426} INFO - Running <TaskInstance: motower_daily_prod.clean_trafic_task scheduled__2024-06-02T06:00:00+00:00 [running]> on host b3845fb494d4
[2024-07-25T10:36:09.410+0000] {taskinstance.py:2648} INFO - Exporting env vars: AIRFLOW_CTX_DAG_EMAIL='richmond.kongo@orange.com,assane.diop@orange.com,cyrille1.danho@orange.com,mohamed2.sylla@orange.com,amadou.diomande@orange.com,Jonas.kouame@orange.com,armand.kablan@orange.com,anicet.azombade@orange.com,etienne.kouadio@orange.com,bertine.kouakou@orange.com,florentine.kouakou@orange.com,ange.phaceli@orange.com,soulegame.soro@orange.com,innocent.yengo@orange.com' AIRFLOW_CTX_DAG_OWNER='***' AIRFLOW_CTX_DAG_ID='motower_daily_prod' AIRFLOW_CTX_TASK_ID='clean_trafic_task' AIRFLOW_CTX_EXECUTION_DATE='2024-06-02T06:00:00+00:00' AIRFLOW_CTX_TRY_NUMBER='1' AIRFLOW_CTX_DAG_RUN_ID='scheduled__2024-06-02T06:00:00+00:00'
[2024-07-25T10:36:09.411+0000] {taskinstance.py:430} INFO - ::endgroup::
[2024-07-25T10:36:09.447+0000] {data_validation.py:11} INFO - START VALIDATION OF COLUMN trafic_data_go
[2024-07-25T10:36:09.448+0000] {data_validation.py:20} INFO - DATA OF COLUMN trafic_data_go ARE VALID
[2024-07-25T10:36:09.448+0000] {data_validation.py:11} INFO - START VALIDATION OF COLUMN trafic_voix_erl
[2024-07-25T10:36:09.449+0000] {data_validation.py:20} INFO - DATA OF COLUMN trafic_voix_erl ARE VALID
[2024-07-25T10:36:09.449+0000] {motower_daily.py:260} INFO - prepare final data
[2024-07-25T10:36:09.491+0000] {python.py:237} INFO - Done. Returned value was: None
[2024-07-25T10:36:09.492+0000] {taskinstance.py:441} INFO - ::group::Post task execution logs
[2024-07-25T10:36:09.505+0000] {taskinstance.py:1206} INFO - Marking task as SUCCESS. dag_id=motower_daily_prod, task_id=clean_trafic_task, run_id=scheduled__2024-06-02T06:00:00+00:00, execution_date=20240602T060000, start_date=20240725T103609, end_date=20240725T103609
[2024-07-25T10:36:09.560+0000] {local_task_job_runner.py:243} INFO - Task exited with return code 0
[2024-07-25T10:36:09.581+0000] {taskinstance.py:3503} INFO - 0 downstream tasks scheduled from follow-on schedule check
[2024-07-25T10:36:09.583+0000] {local_task_job_runner.py:222} INFO - ::endgroup::
[2024-07-25T11:58:32.025+0000] {local_task_job_runner.py:120} INFO - ::group::Pre task execution logs
[2024-07-25T11:58:32.121+0000] {taskinstance.py:2076} INFO - Dependencies all met for dep_context=non-requeueable deps ti=<TaskInstance: motower_daily_prod.clean_trafic_task scheduled__2024-06-02T06:00:00+00:00 [queued]>
[2024-07-25T11:58:32.137+0000] {taskinstance.py:2076} INFO - Dependencies all met for dep_context=requeueable deps ti=<TaskInstance: motower_daily_prod.clean_trafic_task scheduled__2024-06-02T06:00:00+00:00 [queued]>
[2024-07-25T11:58:32.138+0000] {taskinstance.py:2306} INFO - Starting attempt 1 of 1
[2024-07-25T11:58:32.167+0000] {taskinstance.py:2330} INFO - Executing <Task(PythonOperator): clean_trafic_task> on 2024-06-02 06:00:00+00:00
[2024-07-25T11:58:32.189+0000] {warnings.py:112} WARNING - /home/***/.local/lib/python3.12/site-packages/***/task/task_runner/standard_task_runner.py:62: DeprecationWarning: This process (pid=7364) is multi-threaded, use of fork() may lead to deadlocks in the child.
  pid = os.fork()

[2024-07-25T11:58:32.192+0000] {standard_task_runner.py:64} INFO - Started process 7381 to run task
[2024-07-25T11:58:32.193+0000] {standard_task_runner.py:90} INFO - Running: ['***', 'tasks', 'run', 'motower_daily_prod', 'clean_trafic_task', 'scheduled__2024-06-02T06:00:00+00:00', '--job-id', '1603', '--raw', '--subdir', 'DAGS_FOLDER/gps/custom_dags/motower_daily.py', '--cfg-path', '/tmp/tmpzrmeqbrm']
[2024-07-25T11:58:32.212+0000] {standard_task_runner.py:91} INFO - Job 1603: Subtask clean_trafic_task
[2024-07-25T11:58:32.336+0000] {task_command.py:426} INFO - Running <TaskInstance: motower_daily_prod.clean_trafic_task scheduled__2024-06-02T06:00:00+00:00 [running]> on host b3845fb494d4
[2024-07-25T11:58:32.607+0000] {taskinstance.py:2648} INFO - Exporting env vars: AIRFLOW_CTX_DAG_EMAIL='richmond.kongo@orange.com,assane.diop@orange.com,cyrille1.danho@orange.com,mohamed2.sylla@orange.com,amadou.diomande@orange.com,Jonas.kouame@orange.com,armand.kablan@orange.com,anicet.azombade@orange.com,etienne.kouadio@orange.com,bertine.kouakou@orange.com,florentine.kouakou@orange.com,ange.phaceli@orange.com,soulegame.soro@orange.com,innocent.yengo@orange.com' AIRFLOW_CTX_DAG_OWNER='***' AIRFLOW_CTX_DAG_ID='motower_daily_prod' AIRFLOW_CTX_TASK_ID='clean_trafic_task' AIRFLOW_CTX_EXECUTION_DATE='2024-06-02T06:00:00+00:00' AIRFLOW_CTX_TRY_NUMBER='1' AIRFLOW_CTX_DAG_RUN_ID='scheduled__2024-06-02T06:00:00+00:00'
[2024-07-25T11:58:32.608+0000] {taskinstance.py:430} INFO - ::endgroup::
[2024-07-25T11:58:32.697+0000] {data_validation.py:11} INFO - START VALIDATION OF COLUMN trafic_data_go
[2024-07-25T11:58:32.699+0000] {data_validation.py:20} INFO - DATA OF COLUMN trafic_data_go ARE VALID
[2024-07-25T11:58:32.699+0000] {data_validation.py:11} INFO - START VALIDATION OF COLUMN trafic_voix_erl
[2024-07-25T11:58:32.700+0000] {data_validation.py:20} INFO - DATA OF COLUMN trafic_voix_erl ARE VALID
[2024-07-25T11:58:32.700+0000] {motower_daily.py:265} INFO - prepare final data
[2024-07-25T11:58:32.779+0000] {python.py:237} INFO - Done. Returned value was: None
[2024-07-25T11:58:32.780+0000] {taskinstance.py:441} INFO - ::group::Post task execution logs
[2024-07-25T11:58:32.820+0000] {taskinstance.py:1206} INFO - Marking task as SUCCESS. dag_id=motower_daily_prod, task_id=clean_trafic_task, run_id=scheduled__2024-06-02T06:00:00+00:00, execution_date=20240602T060000, start_date=20240725T115832, end_date=20240725T115832
[2024-07-25T11:58:32.891+0000] {local_task_job_runner.py:243} INFO - Task exited with return code 0
[2024-07-25T11:58:32.934+0000] {taskinstance.py:3503} INFO - 0 downstream tasks scheduled from follow-on schedule check
[2024-07-25T11:58:32.943+0000] {local_task_job_runner.py:222} INFO - ::endgroup::
[2024-07-25T12:12:25.681+0000] {local_task_job_runner.py:120} INFO - ::group::Pre task execution logs
[2024-07-25T12:12:25.715+0000] {taskinstance.py:2076} INFO - Dependencies all met for dep_context=non-requeueable deps ti=<TaskInstance: motower_daily_prod.clean_trafic_task scheduled__2024-06-02T06:00:00+00:00 [queued]>
[2024-07-25T12:12:25.729+0000] {taskinstance.py:2076} INFO - Dependencies all met for dep_context=requeueable deps ti=<TaskInstance: motower_daily_prod.clean_trafic_task scheduled__2024-06-02T06:00:00+00:00 [queued]>
[2024-07-25T12:12:25.730+0000] {taskinstance.py:2306} INFO - Starting attempt 1 of 1
[2024-07-25T12:12:25.751+0000] {taskinstance.py:2330} INFO - Executing <Task(PythonOperator): clean_trafic_task> on 2024-06-02 06:00:00+00:00
[2024-07-25T12:12:25.768+0000] {warnings.py:112} WARNING - /home/***/.local/lib/python3.12/site-packages/***/task/task_runner/standard_task_runner.py:62: DeprecationWarning: This process (pid=8004) is multi-threaded, use of fork() may lead to deadlocks in the child.
  pid = os.fork()

[2024-07-25T12:12:25.770+0000] {standard_task_runner.py:64} INFO - Started process 8017 to run task
[2024-07-25T12:12:25.770+0000] {standard_task_runner.py:90} INFO - Running: ['***', 'tasks', 'run', 'motower_daily_prod', 'clean_trafic_task', 'scheduled__2024-06-02T06:00:00+00:00', '--job-id', '1755', '--raw', '--subdir', 'DAGS_FOLDER/gps/custom_dags/motower_daily.py', '--cfg-path', '/tmp/tmpsp9lb8u8']
[2024-07-25T12:12:25.773+0000] {standard_task_runner.py:91} INFO - Job 1755: Subtask clean_trafic_task
[2024-07-25T12:12:25.827+0000] {task_command.py:426} INFO - Running <TaskInstance: motower_daily_prod.clean_trafic_task scheduled__2024-06-02T06:00:00+00:00 [running]> on host b3845fb494d4
[2024-07-25T12:12:25.944+0000] {taskinstance.py:2648} INFO - Exporting env vars: AIRFLOW_CTX_DAG_EMAIL='richmond.kongo@orange.com,assane.diop@orange.com,cyrille1.danho@orange.com,mohamed2.sylla@orange.com,amadou.diomande@orange.com,Jonas.kouame@orange.com,armand.kablan@orange.com,anicet.azombade@orange.com,etienne.kouadio@orange.com,bertine.kouakou@orange.com,florentine.kouakou@orange.com,ange.phaceli@orange.com,soulegame.soro@orange.com,innocent.yengo@orange.com' AIRFLOW_CTX_DAG_OWNER='***' AIRFLOW_CTX_DAG_ID='motower_daily_prod' AIRFLOW_CTX_TASK_ID='clean_trafic_task' AIRFLOW_CTX_EXECUTION_DATE='2024-06-02T06:00:00+00:00' AIRFLOW_CTX_TRY_NUMBER='1' AIRFLOW_CTX_DAG_RUN_ID='scheduled__2024-06-02T06:00:00+00:00'
[2024-07-25T12:12:25.946+0000] {taskinstance.py:430} INFO - ::endgroup::
[2024-07-25T12:12:25.992+0000] {data_validation.py:11} INFO - START VALIDATION OF COLUMN trafic_data_go
[2024-07-25T12:12:25.993+0000] {data_validation.py:20} INFO - DATA OF COLUMN trafic_data_go ARE VALID
[2024-07-25T12:12:25.994+0000] {data_validation.py:11} INFO - START VALIDATION OF COLUMN trafic_voix_erl
[2024-07-25T12:12:25.995+0000] {data_validation.py:20} INFO - DATA OF COLUMN trafic_voix_erl ARE VALID
[2024-07-25T12:12:25.995+0000] {motower_daily.py:265} INFO - prepare final data
[2024-07-25T12:12:26.042+0000] {python.py:237} INFO - Done. Returned value was: None
[2024-07-25T12:12:26.043+0000] {taskinstance.py:441} INFO - ::group::Post task execution logs
[2024-07-25T12:12:26.057+0000] {taskinstance.py:1206} INFO - Marking task as SUCCESS. dag_id=motower_daily_prod, task_id=clean_trafic_task, run_id=scheduled__2024-06-02T06:00:00+00:00, execution_date=20240602T060000, start_date=20240725T121225, end_date=20240725T121226
[2024-07-25T12:12:26.108+0000] {local_task_job_runner.py:243} INFO - Task exited with return code 0
[2024-07-25T12:12:26.125+0000] {local_task_job_runner.py:222} INFO - ::endgroup::
[2024-07-25T12:43:44.319+0000] {local_task_job_runner.py:120} INFO - ::group::Pre task execution logs
[2024-07-25T12:43:44.357+0000] {taskinstance.py:2076} INFO - Dependencies all met for dep_context=non-requeueable deps ti=<TaskInstance: motower_daily_prod.clean_trafic_task scheduled__2024-06-02T06:00:00+00:00 [queued]>
[2024-07-25T12:43:44.370+0000] {taskinstance.py:2076} INFO - Dependencies all met for dep_context=requeueable deps ti=<TaskInstance: motower_daily_prod.clean_trafic_task scheduled__2024-06-02T06:00:00+00:00 [queued]>
[2024-07-25T12:43:44.370+0000] {taskinstance.py:2306} INFO - Starting attempt 1 of 1
[2024-07-25T12:43:44.396+0000] {taskinstance.py:2330} INFO - Executing <Task(PythonOperator): clean_trafic_task> on 2024-06-02 06:00:00+00:00
[2024-07-25T12:43:44.415+0000] {warnings.py:112} WARNING - /home/***/.local/lib/python3.12/site-packages/***/task/task_runner/standard_task_runner.py:62: DeprecationWarning: This process (pid=9390) is multi-threaded, use of fork() may lead to deadlocks in the child.
  pid = os.fork()

[2024-07-25T12:43:44.417+0000] {standard_task_runner.py:64} INFO - Started process 9405 to run task
[2024-07-25T12:43:44.417+0000] {standard_task_runner.py:90} INFO - Running: ['***', 'tasks', 'run', 'motower_daily_prod', 'clean_trafic_task', 'scheduled__2024-06-02T06:00:00+00:00', '--job-id', '2080', '--raw', '--subdir', 'DAGS_FOLDER/gps/custom_dags/motower_daily.py', '--cfg-path', '/tmp/tmpjyllhocp']
[2024-07-25T12:43:44.421+0000] {standard_task_runner.py:91} INFO - Job 2080: Subtask clean_trafic_task
[2024-07-25T12:43:44.523+0000] {task_command.py:426} INFO - Running <TaskInstance: motower_daily_prod.clean_trafic_task scheduled__2024-06-02T06:00:00+00:00 [running]> on host b3845fb494d4
[2024-07-25T12:43:44.709+0000] {taskinstance.py:2648} INFO - Exporting env vars: AIRFLOW_CTX_DAG_EMAIL='richmond.kongo@orange.com,assane.diop@orange.com,cyrille1.danho@orange.com,mohamed2.sylla@orange.com,amadou.diomande@orange.com,Jonas.kouame@orange.com,armand.kablan@orange.com,anicet.azombade@orange.com,etienne.kouadio@orange.com,bertine.kouakou@orange.com,florentine.kouakou@orange.com,ange.phaceli@orange.com,soulegame.soro@orange.com,innocent.yengo@orange.com' AIRFLOW_CTX_DAG_OWNER='***' AIRFLOW_CTX_DAG_ID='motower_daily_prod' AIRFLOW_CTX_TASK_ID='clean_trafic_task' AIRFLOW_CTX_EXECUTION_DATE='2024-06-02T06:00:00+00:00' AIRFLOW_CTX_TRY_NUMBER='1' AIRFLOW_CTX_DAG_RUN_ID='scheduled__2024-06-02T06:00:00+00:00'
[2024-07-25T12:43:44.710+0000] {taskinstance.py:430} INFO - ::endgroup::
[2024-07-25T12:43:44.751+0000] {data_validation.py:11} INFO - START VALIDATION OF COLUMN trafic_data_go
[2024-07-25T12:43:44.753+0000] {data_validation.py:20} INFO - DATA OF COLUMN trafic_data_go ARE VALID
[2024-07-25T12:43:44.753+0000] {data_validation.py:11} INFO - START VALIDATION OF COLUMN trafic_voix_erl
[2024-07-25T12:43:44.754+0000] {data_validation.py:20} INFO - DATA OF COLUMN trafic_voix_erl ARE VALID
[2024-07-25T12:43:44.754+0000] {motower_daily.py:265} INFO - prepare final data
[2024-07-25T12:43:44.801+0000] {python.py:237} INFO - Done. Returned value was: None
[2024-07-25T12:43:44.803+0000] {taskinstance.py:441} INFO - ::group::Post task execution logs
[2024-07-25T12:43:44.820+0000] {taskinstance.py:1206} INFO - Marking task as SUCCESS. dag_id=motower_daily_prod, task_id=clean_trafic_task, run_id=scheduled__2024-06-02T06:00:00+00:00, execution_date=20240602T060000, start_date=20240725T124344, end_date=20240725T124344
[2024-07-25T12:43:44.859+0000] {local_task_job_runner.py:243} INFO - Task exited with return code 0
[2024-07-25T12:43:44.893+0000] {taskinstance.py:3503} INFO - 0 downstream tasks scheduled from follow-on schedule check
[2024-07-25T12:43:44.895+0000] {local_task_job_runner.py:222} INFO - ::endgroup::
[2024-07-25T15:06:09.345+0000] {local_task_job_runner.py:120} INFO - ::group::Pre task execution logs
[2024-07-25T15:06:09.376+0000] {taskinstance.py:2076} INFO - Dependencies all met for dep_context=non-requeueable deps ti=<TaskInstance: motower_daily_prod.clean_trafic_task scheduled__2024-06-02T06:00:00+00:00 [queued]>
[2024-07-25T15:06:09.390+0000] {taskinstance.py:2076} INFO - Dependencies all met for dep_context=requeueable deps ti=<TaskInstance: motower_daily_prod.clean_trafic_task scheduled__2024-06-02T06:00:00+00:00 [queued]>
[2024-07-25T15:06:09.390+0000] {taskinstance.py:2306} INFO - Starting attempt 1 of 1
[2024-07-25T15:06:09.405+0000] {taskinstance.py:2330} INFO - Executing <Task(PythonOperator): clean_trafic_task> on 2024-06-02 06:00:00+00:00
[2024-07-25T15:06:09.420+0000] {warnings.py:112} WARNING - /home/***/.local/lib/python3.12/site-packages/***/task/task_runner/standard_task_runner.py:62: DeprecationWarning: This process (pid=14045) is multi-threaded, use of fork() may lead to deadlocks in the child.
  pid = os.fork()

[2024-07-25T15:06:09.421+0000] {standard_task_runner.py:64} INFO - Started process 14060 to run task
[2024-07-25T15:06:09.422+0000] {standard_task_runner.py:90} INFO - Running: ['***', 'tasks', 'run', 'motower_daily_prod', 'clean_trafic_task', 'scheduled__2024-06-02T06:00:00+00:00', '--job-id', '3021', '--raw', '--subdir', 'DAGS_FOLDER/gps/custom_dags/motower_daily.py', '--cfg-path', '/tmp/tmpvrbn8t1q']
[2024-07-25T15:06:09.424+0000] {standard_task_runner.py:91} INFO - Job 3021: Subtask clean_trafic_task
[2024-07-25T15:06:09.484+0000] {task_command.py:426} INFO - Running <TaskInstance: motower_daily_prod.clean_trafic_task scheduled__2024-06-02T06:00:00+00:00 [running]> on host b3845fb494d4
[2024-07-25T15:06:09.601+0000] {taskinstance.py:2648} INFO - Exporting env vars: AIRFLOW_CTX_DAG_EMAIL='richmond.kongo@orange.com,assane.diop@orange.com,cyrille1.danho@orange.com,mohamed2.sylla@orange.com,amadou.diomande@orange.com,Jonas.kouame@orange.com,armand.kablan@orange.com,anicet.azombade@orange.com,etienne.kouadio@orange.com,bertine.kouakou@orange.com,florentine.kouakou@orange.com,ange.phaceli@orange.com,soulegame.soro@orange.com,innocent.yengo@orange.com' AIRFLOW_CTX_DAG_OWNER='***' AIRFLOW_CTX_DAG_ID='motower_daily_prod' AIRFLOW_CTX_TASK_ID='clean_trafic_task' AIRFLOW_CTX_EXECUTION_DATE='2024-06-02T06:00:00+00:00' AIRFLOW_CTX_TRY_NUMBER='1' AIRFLOW_CTX_DAG_RUN_ID='scheduled__2024-06-02T06:00:00+00:00'
[2024-07-25T15:06:09.602+0000] {taskinstance.py:430} INFO - ::endgroup::
[2024-07-25T15:06:09.649+0000] {data_validation.py:11} INFO - START VALIDATION OF COLUMN trafic_data_go
[2024-07-25T15:06:09.650+0000] {data_validation.py:20} INFO - DATA OF COLUMN trafic_data_go ARE VALID
[2024-07-25T15:06:09.651+0000] {data_validation.py:11} INFO - START VALIDATION OF COLUMN trafic_voix_erl
[2024-07-25T15:06:09.652+0000] {data_validation.py:20} INFO - DATA OF COLUMN trafic_voix_erl ARE VALID
[2024-07-25T15:06:09.652+0000] {motower_daily.py:267} INFO - prepare final data
[2024-07-25T15:06:09.696+0000] {python.py:237} INFO - Done. Returned value was: None
[2024-07-25T15:06:09.697+0000] {taskinstance.py:441} INFO - ::group::Post task execution logs
[2024-07-25T15:06:09.710+0000] {taskinstance.py:1206} INFO - Marking task as SUCCESS. dag_id=motower_daily_prod, task_id=clean_trafic_task, run_id=scheduled__2024-06-02T06:00:00+00:00, execution_date=20240602T060000, start_date=20240725T150609, end_date=20240725T150609
[2024-07-25T15:06:09.757+0000] {local_task_job_runner.py:243} INFO - Task exited with return code 0
[2024-07-25T15:06:09.769+0000] {local_task_job_runner.py:222} INFO - ::endgroup::
[2024-07-26T11:25:15.592+0000] {local_task_job_runner.py:120} INFO - ::group::Pre task execution logs
[2024-07-26T11:25:15.932+0000] {taskinstance.py:2076} INFO - Dependencies all met for dep_context=non-requeueable deps ti=<TaskInstance: motower_daily_prod.clean_trafic_task scheduled__2024-06-02T06:00:00+00:00 [queued]>
[2024-07-26T11:25:15.956+0000] {taskinstance.py:2076} INFO - Dependencies all met for dep_context=requeueable deps ti=<TaskInstance: motower_daily_prod.clean_trafic_task scheduled__2024-06-02T06:00:00+00:00 [queued]>
[2024-07-26T11:25:15.957+0000] {taskinstance.py:2306} INFO - Starting attempt 1 of 1
[2024-07-26T11:25:16.409+0000] {taskinstance.py:2330} INFO - Executing <Task(PythonOperator): clean_trafic_task> on 2024-06-02 06:00:00+00:00
[2024-07-26T11:25:16.423+0000] {warnings.py:112} WARNING - /home/***/.local/lib/python3.12/site-packages/***/task/task_runner/standard_task_runner.py:62: DeprecationWarning: This process (pid=874) is multi-threaded, use of fork() may lead to deadlocks in the child.
  pid = os.fork()

[2024-07-26T11:25:16.425+0000] {standard_task_runner.py:64} INFO - Started process 893 to run task
[2024-07-26T11:25:16.425+0000] {standard_task_runner.py:90} INFO - Running: ['***', 'tasks', 'run', 'motower_daily_prod', 'clean_trafic_task', 'scheduled__2024-06-02T06:00:00+00:00', '--job-id', '3319', '--raw', '--subdir', 'DAGS_FOLDER/gps/custom_dags/motower_daily.py', '--cfg-path', '/tmp/tmp3905q5k7']
[2024-07-26T11:25:16.427+0000] {standard_task_runner.py:91} INFO - Job 3319: Subtask clean_trafic_task
[2024-07-26T11:25:16.475+0000] {task_command.py:426} INFO - Running <TaskInstance: motower_daily_prod.clean_trafic_task scheduled__2024-06-02T06:00:00+00:00 [running]> on host b3845fb494d4
[2024-07-26T11:25:16.567+0000] {taskinstance.py:2648} INFO - Exporting env vars: AIRFLOW_CTX_DAG_EMAIL='richmond.kongo@orange.com,assane.diop@orange.com,cyrille1.danho@orange.com,mohamed2.sylla@orange.com,amadou.diomande@orange.com,Jonas.kouame@orange.com,armand.kablan@orange.com,anicet.azombade@orange.com,etienne.kouadio@orange.com,bertine.kouakou@orange.com,florentine.kouakou@orange.com,ange.phaceli@orange.com,soulegame.soro@orange.com,innocent.yengo@orange.com' AIRFLOW_CTX_DAG_OWNER='***' AIRFLOW_CTX_DAG_ID='motower_daily_prod' AIRFLOW_CTX_TASK_ID='clean_trafic_task' AIRFLOW_CTX_EXECUTION_DATE='2024-06-02T06:00:00+00:00' AIRFLOW_CTX_TRY_NUMBER='1' AIRFLOW_CTX_DAG_RUN_ID='scheduled__2024-06-02T06:00:00+00:00'
[2024-07-26T11:25:16.568+0000] {taskinstance.py:430} INFO - ::endgroup::
[2024-07-26T11:25:16.608+0000] {data_validation.py:11} INFO - START VALIDATION OF COLUMN trafic_data_go
[2024-07-26T11:25:16.609+0000] {data_validation.py:20} INFO - DATA OF COLUMN trafic_data_go ARE VALID
[2024-07-26T11:25:16.609+0000] {data_validation.py:11} INFO - START VALIDATION OF COLUMN trafic_voix_erl
[2024-07-26T11:25:16.610+0000] {data_validation.py:20} INFO - DATA OF COLUMN trafic_voix_erl ARE VALID
[2024-07-26T11:25:16.610+0000] {motower_daily.py:267} INFO - prepare final data
[2024-07-26T11:25:16.646+0000] {python.py:237} INFO - Done. Returned value was: None
[2024-07-26T11:25:16.647+0000] {taskinstance.py:441} INFO - ::group::Post task execution logs
[2024-07-26T11:25:16.657+0000] {taskinstance.py:1206} INFO - Marking task as SUCCESS. dag_id=motower_daily_prod, task_id=clean_trafic_task, run_id=scheduled__2024-06-02T06:00:00+00:00, execution_date=20240602T060000, start_date=20240726T112515, end_date=20240726T112516
[2024-07-26T11:25:16.719+0000] {local_task_job_runner.py:243} INFO - Task exited with return code 0
[2024-07-26T11:25:16.735+0000] {taskinstance.py:3503} INFO - 0 downstream tasks scheduled from follow-on schedule check
[2024-07-26T11:25:16.736+0000] {local_task_job_runner.py:222} INFO - ::endgroup::
[2024-07-26T11:30:45.304+0000] {local_task_job_runner.py:120} INFO - ::group::Pre task execution logs
[2024-07-26T11:30:45.618+0000] {taskinstance.py:2076} INFO - Dependencies all met for dep_context=non-requeueable deps ti=<TaskInstance: motower_daily_prod.clean_trafic_task scheduled__2024-06-02T06:00:00+00:00 [queued]>
[2024-07-26T11:30:45.629+0000] {taskinstance.py:2076} INFO - Dependencies all met for dep_context=requeueable deps ti=<TaskInstance: motower_daily_prod.clean_trafic_task scheduled__2024-06-02T06:00:00+00:00 [queued]>
[2024-07-26T11:30:45.630+0000] {taskinstance.py:2306} INFO - Starting attempt 1 of 1
[2024-07-26T11:30:45.646+0000] {taskinstance.py:2330} INFO - Executing <Task(PythonOperator): clean_trafic_task> on 2024-06-02 06:00:00+00:00
[2024-07-26T11:30:45.665+0000] {warnings.py:112} WARNING - /home/***/.local/lib/python3.12/site-packages/***/task/task_runner/standard_task_runner.py:62: DeprecationWarning: This process (pid=1355) is multi-threaded, use of fork() may lead to deadlocks in the child.
  pid = os.fork()

[2024-07-26T11:30:45.667+0000] {standard_task_runner.py:64} INFO - Started process 1371 to run task
[2024-07-26T11:30:45.668+0000] {standard_task_runner.py:90} INFO - Running: ['***', 'tasks', 'run', 'motower_daily_prod', 'clean_trafic_task', 'scheduled__2024-06-02T06:00:00+00:00', '--job-id', '3456', '--raw', '--subdir', 'DAGS_FOLDER/gps/custom_dags/motower_daily.py', '--cfg-path', '/tmp/tmpxxz1yt7t']
[2024-07-26T11:30:45.671+0000] {standard_task_runner.py:91} INFO - Job 3456: Subtask clean_trafic_task
[2024-07-26T11:30:45.731+0000] {task_command.py:426} INFO - Running <TaskInstance: motower_daily_prod.clean_trafic_task scheduled__2024-06-02T06:00:00+00:00 [running]> on host b3845fb494d4
[2024-07-26T11:30:45.858+0000] {taskinstance.py:2648} INFO - Exporting env vars: AIRFLOW_CTX_DAG_EMAIL='richmond.kongo@orange.com,assane.diop@orange.com,cyrille1.danho@orange.com,mohamed2.sylla@orange.com,amadou.diomande@orange.com,Jonas.kouame@orange.com,armand.kablan@orange.com,anicet.azombade@orange.com,etienne.kouadio@orange.com,bertine.kouakou@orange.com,florentine.kouakou@orange.com,ange.phaceli@orange.com,soulegame.soro@orange.com,innocent.yengo@orange.com' AIRFLOW_CTX_DAG_OWNER='***' AIRFLOW_CTX_DAG_ID='motower_daily_prod' AIRFLOW_CTX_TASK_ID='clean_trafic_task' AIRFLOW_CTX_EXECUTION_DATE='2024-06-02T06:00:00+00:00' AIRFLOW_CTX_TRY_NUMBER='1' AIRFLOW_CTX_DAG_RUN_ID='scheduled__2024-06-02T06:00:00+00:00'
[2024-07-26T11:30:45.860+0000] {taskinstance.py:430} INFO - ::endgroup::
[2024-07-26T11:30:45.911+0000] {data_validation.py:11} INFO - START VALIDATION OF COLUMN trafic_data_go
[2024-07-26T11:30:45.913+0000] {data_validation.py:20} INFO - DATA OF COLUMN trafic_data_go ARE VALID
[2024-07-26T11:30:45.913+0000] {data_validation.py:11} INFO - START VALIDATION OF COLUMN trafic_voix_erl
[2024-07-26T11:30:45.916+0000] {data_validation.py:20} INFO - DATA OF COLUMN trafic_voix_erl ARE VALID
[2024-07-26T11:30:45.917+0000] {motower_daily.py:267} INFO - prepare final data
[2024-07-26T11:30:45.962+0000] {python.py:237} INFO - Done. Returned value was: None
[2024-07-26T11:30:45.964+0000] {taskinstance.py:441} INFO - ::group::Post task execution logs
[2024-07-26T11:30:45.977+0000] {taskinstance.py:1206} INFO - Marking task as SUCCESS. dag_id=motower_daily_prod, task_id=clean_trafic_task, run_id=scheduled__2024-06-02T06:00:00+00:00, execution_date=20240602T060000, start_date=20240726T113045, end_date=20240726T113045
[2024-07-26T11:30:46.010+0000] {local_task_job_runner.py:243} INFO - Task exited with return code 0
[2024-07-26T11:30:46.033+0000] {taskinstance.py:3503} INFO - 0 downstream tasks scheduled from follow-on schedule check
[2024-07-26T11:30:46.043+0000] {local_task_job_runner.py:222} INFO - ::endgroup::
[2024-07-26T11:39:07.857+0000] {local_task_job_runner.py:120} INFO - ::group::Pre task execution logs
[2024-07-26T11:39:07.893+0000] {taskinstance.py:2076} INFO - Dependencies all met for dep_context=non-requeueable deps ti=<TaskInstance: motower_daily_prod.clean_trafic_task scheduled__2024-06-02T06:00:00+00:00 [queued]>
[2024-07-26T11:39:07.906+0000] {taskinstance.py:2076} INFO - Dependencies all met for dep_context=requeueable deps ti=<TaskInstance: motower_daily_prod.clean_trafic_task scheduled__2024-06-02T06:00:00+00:00 [queued]>
[2024-07-26T11:39:07.907+0000] {taskinstance.py:2306} INFO - Starting attempt 1 of 1
[2024-07-26T11:39:07.925+0000] {taskinstance.py:2330} INFO - Executing <Task(PythonOperator): clean_trafic_task> on 2024-06-02 06:00:00+00:00
[2024-07-26T11:39:07.940+0000] {warnings.py:112} WARNING - /home/***/.local/lib/python3.12/site-packages/***/task/task_runner/standard_task_runner.py:62: DeprecationWarning: This process (pid=1874) is multi-threaded, use of fork() may lead to deadlocks in the child.
  pid = os.fork()

[2024-07-26T11:39:07.942+0000] {standard_task_runner.py:64} INFO - Started process 1891 to run task
[2024-07-26T11:39:07.943+0000] {standard_task_runner.py:90} INFO - Running: ['***', 'tasks', 'run', 'motower_daily_prod', 'clean_trafic_task', 'scheduled__2024-06-02T06:00:00+00:00', '--job-id', '3596', '--raw', '--subdir', 'DAGS_FOLDER/gps/custom_dags/motower_daily.py', '--cfg-path', '/tmp/tmpv2cdppu2']
[2024-07-26T11:39:07.946+0000] {standard_task_runner.py:91} INFO - Job 3596: Subtask clean_trafic_task
[2024-07-26T11:39:08.015+0000] {task_command.py:426} INFO - Running <TaskInstance: motower_daily_prod.clean_trafic_task scheduled__2024-06-02T06:00:00+00:00 [running]> on host b3845fb494d4
[2024-07-26T11:39:08.147+0000] {taskinstance.py:2648} INFO - Exporting env vars: AIRFLOW_CTX_DAG_EMAIL='richmond.kongo@orange.com,assane.diop@orange.com,cyrille1.danho@orange.com,mohamed2.sylla@orange.com,amadou.diomande@orange.com,Jonas.kouame@orange.com,armand.kablan@orange.com,anicet.azombade@orange.com,etienne.kouadio@orange.com,bertine.kouakou@orange.com,florentine.kouakou@orange.com,ange.phaceli@orange.com,soulegame.soro@orange.com,innocent.yengo@orange.com' AIRFLOW_CTX_DAG_OWNER='***' AIRFLOW_CTX_DAG_ID='motower_daily_prod' AIRFLOW_CTX_TASK_ID='clean_trafic_task' AIRFLOW_CTX_EXECUTION_DATE='2024-06-02T06:00:00+00:00' AIRFLOW_CTX_TRY_NUMBER='1' AIRFLOW_CTX_DAG_RUN_ID='scheduled__2024-06-02T06:00:00+00:00'
[2024-07-26T11:39:08.149+0000] {taskinstance.py:430} INFO - ::endgroup::
[2024-07-26T11:39:08.218+0000] {data_validation.py:11} INFO - START VALIDATION OF COLUMN trafic_data_go
[2024-07-26T11:39:08.221+0000] {data_validation.py:20} INFO - DATA OF COLUMN trafic_data_go ARE VALID
[2024-07-26T11:39:08.222+0000] {data_validation.py:11} INFO - START VALIDATION OF COLUMN trafic_voix_erl
[2024-07-26T11:39:08.223+0000] {data_validation.py:20} INFO - DATA OF COLUMN trafic_voix_erl ARE VALID
[2024-07-26T11:39:08.224+0000] {motower_daily.py:267} INFO - prepare final data
[2024-07-26T11:39:08.274+0000] {python.py:237} INFO - Done. Returned value was: None
[2024-07-26T11:39:08.275+0000] {taskinstance.py:441} INFO - ::group::Post task execution logs
[2024-07-26T11:39:08.291+0000] {taskinstance.py:1206} INFO - Marking task as SUCCESS. dag_id=motower_daily_prod, task_id=clean_trafic_task, run_id=scheduled__2024-06-02T06:00:00+00:00, execution_date=20240602T060000, start_date=20240726T113907, end_date=20240726T113908
[2024-07-26T11:39:08.341+0000] {local_task_job_runner.py:243} INFO - Task exited with return code 0
[2024-07-26T11:39:08.361+0000] {taskinstance.py:3503} INFO - 0 downstream tasks scheduled from follow-on schedule check
[2024-07-26T11:39:08.363+0000] {local_task_job_runner.py:222} INFO - ::endgroup::
[2024-07-26T11:42:16.423+0000] {local_task_job_runner.py:120} INFO - ::group::Pre task execution logs
[2024-07-26T11:42:16.455+0000] {taskinstance.py:2076} INFO - Dependencies all met for dep_context=non-requeueable deps ti=<TaskInstance: motower_daily_prod.clean_trafic_task scheduled__2024-06-02T06:00:00+00:00 [queued]>
[2024-07-26T11:42:16.467+0000] {taskinstance.py:2076} INFO - Dependencies all met for dep_context=requeueable deps ti=<TaskInstance: motower_daily_prod.clean_trafic_task scheduled__2024-06-02T06:00:00+00:00 [queued]>
[2024-07-26T11:42:16.467+0000] {taskinstance.py:2306} INFO - Starting attempt 1 of 1
[2024-07-26T11:42:16.488+0000] {taskinstance.py:2330} INFO - Executing <Task(PythonOperator): clean_trafic_task> on 2024-06-02 06:00:00+00:00
[2024-07-26T11:42:16.502+0000] {warnings.py:112} WARNING - /home/***/.local/lib/python3.12/site-packages/***/task/task_runner/standard_task_runner.py:62: DeprecationWarning: This process (pid=2132) is multi-threaded, use of fork() may lead to deadlocks in the child.
  pid = os.fork()

[2024-07-26T11:42:16.504+0000] {standard_task_runner.py:64} INFO - Started process 2151 to run task
[2024-07-26T11:42:16.505+0000] {standard_task_runner.py:90} INFO - Running: ['***', 'tasks', 'run', 'motower_daily_prod', 'clean_trafic_task', 'scheduled__2024-06-02T06:00:00+00:00', '--job-id', '3673', '--raw', '--subdir', 'DAGS_FOLDER/gps/custom_dags/motower_daily.py', '--cfg-path', '/tmp/tmpf8fjie2x']
[2024-07-26T11:42:16.508+0000] {standard_task_runner.py:91} INFO - Job 3673: Subtask clean_trafic_task
[2024-07-26T11:42:16.579+0000] {task_command.py:426} INFO - Running <TaskInstance: motower_daily_prod.clean_trafic_task scheduled__2024-06-02T06:00:00+00:00 [running]> on host b3845fb494d4
[2024-07-26T11:42:16.718+0000] {taskinstance.py:2648} INFO - Exporting env vars: AIRFLOW_CTX_DAG_EMAIL='richmond.kongo@orange.com,assane.diop@orange.com,cyrille1.danho@orange.com,mohamed2.sylla@orange.com,amadou.diomande@orange.com,Jonas.kouame@orange.com,armand.kablan@orange.com,anicet.azombade@orange.com,etienne.kouadio@orange.com,bertine.kouakou@orange.com,florentine.kouakou@orange.com,ange.phaceli@orange.com,soulegame.soro@orange.com,innocent.yengo@orange.com' AIRFLOW_CTX_DAG_OWNER='***' AIRFLOW_CTX_DAG_ID='motower_daily_prod' AIRFLOW_CTX_TASK_ID='clean_trafic_task' AIRFLOW_CTX_EXECUTION_DATE='2024-06-02T06:00:00+00:00' AIRFLOW_CTX_TRY_NUMBER='1' AIRFLOW_CTX_DAG_RUN_ID='scheduled__2024-06-02T06:00:00+00:00'
[2024-07-26T11:42:16.720+0000] {taskinstance.py:430} INFO - ::endgroup::
[2024-07-26T11:42:16.776+0000] {data_validation.py:11} INFO - START VALIDATION OF COLUMN trafic_data_go
[2024-07-26T11:42:16.778+0000] {data_validation.py:20} INFO - DATA OF COLUMN trafic_data_go ARE VALID
[2024-07-26T11:42:16.779+0000] {data_validation.py:11} INFO - START VALIDATION OF COLUMN trafic_voix_erl
[2024-07-26T11:42:16.780+0000] {data_validation.py:20} INFO - DATA OF COLUMN trafic_voix_erl ARE VALID
[2024-07-26T11:42:16.781+0000] {motower_daily.py:267} INFO - prepare final data
[2024-07-26T11:42:16.828+0000] {python.py:237} INFO - Done. Returned value was: None
[2024-07-26T11:42:16.829+0000] {taskinstance.py:441} INFO - ::group::Post task execution logs
[2024-07-26T11:42:16.843+0000] {taskinstance.py:1206} INFO - Marking task as SUCCESS. dag_id=motower_daily_prod, task_id=clean_trafic_task, run_id=scheduled__2024-06-02T06:00:00+00:00, execution_date=20240602T060000, start_date=20240726T114216, end_date=20240726T114216
[2024-07-26T11:42:16.896+0000] {local_task_job_runner.py:243} INFO - Task exited with return code 0
[2024-07-26T11:42:16.916+0000] {taskinstance.py:3503} INFO - 0 downstream tasks scheduled from follow-on schedule check
[2024-07-26T11:42:16.917+0000] {local_task_job_runner.py:222} INFO - ::endgroup::
[2024-07-26T12:09:21.667+0000] {local_task_job_runner.py:120} INFO - ::group::Pre task execution logs
[2024-07-26T12:09:21.701+0000] {taskinstance.py:2076} INFO - Dependencies all met for dep_context=non-requeueable deps ti=<TaskInstance: motower_daily_prod.clean_trafic_task scheduled__2024-06-02T06:00:00+00:00 [queued]>
[2024-07-26T12:09:21.714+0000] {taskinstance.py:2076} INFO - Dependencies all met for dep_context=requeueable deps ti=<TaskInstance: motower_daily_prod.clean_trafic_task scheduled__2024-06-02T06:00:00+00:00 [queued]>
[2024-07-26T12:09:21.715+0000] {taskinstance.py:2306} INFO - Starting attempt 1 of 1
[2024-07-26T12:09:21.734+0000] {taskinstance.py:2330} INFO - Executing <Task(PythonOperator): clean_trafic_task> on 2024-06-02 06:00:00+00:00
[2024-07-26T12:09:21.749+0000] {warnings.py:112} WARNING - /home/***/.local/lib/python3.12/site-packages/***/task/task_runner/standard_task_runner.py:62: DeprecationWarning: This process (pid=217) is multi-threaded, use of fork() may lead to deadlocks in the child.
  pid = os.fork()

[2024-07-26T12:09:21.751+0000] {standard_task_runner.py:64} INFO - Started process 238 to run task
[2024-07-26T12:09:21.753+0000] {standard_task_runner.py:90} INFO - Running: ['***', 'tasks', 'run', 'motower_daily_prod', 'clean_trafic_task', 'scheduled__2024-06-02T06:00:00+00:00', '--job-id', '20', '--raw', '--subdir', 'DAGS_FOLDER/gps/custom_dags/motower_daily.py', '--cfg-path', '/tmp/tmp6yvcaut6']
[2024-07-26T12:09:21.756+0000] {standard_task_runner.py:91} INFO - Job 20: Subtask clean_trafic_task
[2024-07-26T12:09:21.931+0000] {task_command.py:426} INFO - Running <TaskInstance: motower_daily_prod.clean_trafic_task scheduled__2024-06-02T06:00:00+00:00 [running]> on host 38513f9ed169
[2024-07-26T12:09:22.149+0000] {taskinstance.py:2648} INFO - Exporting env vars: AIRFLOW_CTX_DAG_EMAIL='richmond.kongo@orange.com,assane.diop@orange.com,cyrille1.danho@orange.com,mohamed2.sylla@orange.com,amadou.diomande@orange.com,Jonas.kouame@orange.com,armand.kablan@orange.com,anicet.azombade@orange.com,etienne.kouadio@orange.com,bertine.kouakou@orange.com,florentine.kouakou@orange.com,ange.phaceli@orange.com,soulegame.soro@orange.com,innocent.yengo@orange.com' AIRFLOW_CTX_DAG_OWNER='***' AIRFLOW_CTX_DAG_ID='motower_daily_prod' AIRFLOW_CTX_TASK_ID='clean_trafic_task' AIRFLOW_CTX_EXECUTION_DATE='2024-06-02T06:00:00+00:00' AIRFLOW_CTX_TRY_NUMBER='1' AIRFLOW_CTX_DAG_RUN_ID='scheduled__2024-06-02T06:00:00+00:00'
[2024-07-26T12:09:22.151+0000] {taskinstance.py:430} INFO - ::endgroup::
[2024-07-26T12:09:22.230+0000] {data_validation.py:11} INFO - START VALIDATION OF COLUMN trafic_data_go
[2024-07-26T12:09:22.232+0000] {data_validation.py:20} INFO - DATA OF COLUMN trafic_data_go ARE VALID
[2024-07-26T12:09:22.232+0000] {data_validation.py:11} INFO - START VALIDATION OF COLUMN trafic_voix_erl
[2024-07-26T12:09:22.233+0000] {data_validation.py:20} INFO - DATA OF COLUMN trafic_voix_erl ARE VALID
[2024-07-26T12:09:22.233+0000] {motower_daily.py:267} INFO - prepare final data
[2024-07-26T12:09:22.327+0000] {python.py:237} INFO - Done. Returned value was: None
[2024-07-26T12:09:22.328+0000] {taskinstance.py:441} INFO - ::group::Post task execution logs
[2024-07-26T12:09:22.364+0000] {taskinstance.py:1206} INFO - Marking task as SUCCESS. dag_id=motower_daily_prod, task_id=clean_trafic_task, run_id=scheduled__2024-06-02T06:00:00+00:00, execution_date=20240602T060000, start_date=20240726T120921, end_date=20240726T120922
[2024-07-26T12:09:22.462+0000] {local_task_job_runner.py:243} INFO - Task exited with return code 0
[2024-07-26T12:09:22.478+0000] {local_task_job_runner.py:222} INFO - ::endgroup::
[2024-07-26T12:11:57.687+0000] {local_task_job_runner.py:120} INFO - ::group::Pre task execution logs
[2024-07-26T12:11:57.754+0000] {taskinstance.py:2076} INFO - Dependencies all met for dep_context=non-requeueable deps ti=<TaskInstance: motower_daily_prod.clean_trafic_task scheduled__2024-06-02T06:00:00+00:00 [queued]>
[2024-07-26T12:11:57.765+0000] {taskinstance.py:2076} INFO - Dependencies all met for dep_context=requeueable deps ti=<TaskInstance: motower_daily_prod.clean_trafic_task scheduled__2024-06-02T06:00:00+00:00 [queued]>
[2024-07-26T12:11:57.766+0000] {taskinstance.py:2306} INFO - Starting attempt 1 of 1
[2024-07-26T12:11:57.784+0000] {taskinstance.py:2330} INFO - Executing <Task(PythonOperator): clean_trafic_task> on 2024-06-02 06:00:00+00:00
[2024-07-26T12:11:57.803+0000] {warnings.py:112} WARNING - /home/***/.local/lib/python3.12/site-packages/***/task/task_runner/standard_task_runner.py:62: DeprecationWarning: This process (pid=655) is multi-threaded, use of fork() may lead to deadlocks in the child.
  pid = os.fork()

[2024-07-26T12:11:57.805+0000] {standard_task_runner.py:64} INFO - Started process 672 to run task
[2024-07-26T12:11:57.818+0000] {standard_task_runner.py:90} INFO - Running: ['***', 'tasks', 'run', 'motower_daily_prod', 'clean_trafic_task', 'scheduled__2024-06-02T06:00:00+00:00', '--job-id', '155', '--raw', '--subdir', 'DAGS_FOLDER/gps/custom_dags/motower_daily.py', '--cfg-path', '/tmp/tmphu6i6xe0']
[2024-07-26T12:11:57.825+0000] {standard_task_runner.py:91} INFO - Job 155: Subtask clean_trafic_task
[2024-07-26T12:11:57.910+0000] {task_command.py:426} INFO - Running <TaskInstance: motower_daily_prod.clean_trafic_task scheduled__2024-06-02T06:00:00+00:00 [running]> on host 38513f9ed169
[2024-07-26T12:11:58.061+0000] {taskinstance.py:2648} INFO - Exporting env vars: AIRFLOW_CTX_DAG_EMAIL='richmond.kongo@orange.com,assane.diop@orange.com,cyrille1.danho@orange.com,mohamed2.sylla@orange.com,amadou.diomande@orange.com,Jonas.kouame@orange.com,armand.kablan@orange.com,anicet.azombade@orange.com,etienne.kouadio@orange.com,bertine.kouakou@orange.com,florentine.kouakou@orange.com,ange.phaceli@orange.com,soulegame.soro@orange.com,innocent.yengo@orange.com' AIRFLOW_CTX_DAG_OWNER='***' AIRFLOW_CTX_DAG_ID='motower_daily_prod' AIRFLOW_CTX_TASK_ID='clean_trafic_task' AIRFLOW_CTX_EXECUTION_DATE='2024-06-02T06:00:00+00:00' AIRFLOW_CTX_TRY_NUMBER='1' AIRFLOW_CTX_DAG_RUN_ID='scheduled__2024-06-02T06:00:00+00:00'
[2024-07-26T12:11:58.062+0000] {taskinstance.py:430} INFO - ::endgroup::
[2024-07-26T12:11:58.117+0000] {data_validation.py:11} INFO - START VALIDATION OF COLUMN trafic_data_go
[2024-07-26T12:11:58.118+0000] {data_validation.py:20} INFO - DATA OF COLUMN trafic_data_go ARE VALID
[2024-07-26T12:11:58.119+0000] {data_validation.py:11} INFO - START VALIDATION OF COLUMN trafic_voix_erl
[2024-07-26T12:11:58.121+0000] {data_validation.py:20} INFO - DATA OF COLUMN trafic_voix_erl ARE VALID
[2024-07-26T12:11:58.122+0000] {motower_daily.py:267} INFO - prepare final data
[2024-07-26T12:11:58.166+0000] {python.py:237} INFO - Done. Returned value was: None
[2024-07-26T12:11:58.168+0000] {taskinstance.py:441} INFO - ::group::Post task execution logs
[2024-07-26T12:11:58.179+0000] {taskinstance.py:1206} INFO - Marking task as SUCCESS. dag_id=motower_daily_prod, task_id=clean_trafic_task, run_id=scheduled__2024-06-02T06:00:00+00:00, execution_date=20240602T060000, start_date=20240726T121157, end_date=20240726T121158
[2024-07-26T12:11:58.228+0000] {local_task_job_runner.py:243} INFO - Task exited with return code 0
[2024-07-26T12:11:58.241+0000] {local_task_job_runner.py:222} INFO - ::endgroup::
[2024-07-26T12:17:50.613+0000] {local_task_job_runner.py:120} INFO - ::group::Pre task execution logs
[2024-07-26T12:17:50.949+0000] {taskinstance.py:2076} INFO - Dependencies all met for dep_context=non-requeueable deps ti=<TaskInstance: motower_daily_prod.clean_trafic_task scheduled__2024-06-02T06:00:00+00:00 [queued]>
[2024-07-26T12:17:50.961+0000] {taskinstance.py:2076} INFO - Dependencies all met for dep_context=requeueable deps ti=<TaskInstance: motower_daily_prod.clean_trafic_task scheduled__2024-06-02T06:00:00+00:00 [queued]>
[2024-07-26T12:17:50.962+0000] {taskinstance.py:2306} INFO - Starting attempt 1 of 1
[2024-07-26T12:17:50.976+0000] {taskinstance.py:2330} INFO - Executing <Task(PythonOperator): clean_trafic_task> on 2024-06-02 06:00:00+00:00
[2024-07-26T12:17:50.995+0000] {warnings.py:112} WARNING - /home/***/.local/lib/python3.12/site-packages/***/task/task_runner/standard_task_runner.py:62: DeprecationWarning: This process (pid=118) is multi-threaded, use of fork() may lead to deadlocks in the child.
  pid = os.fork()

[2024-07-26T12:17:50.996+0000] {standard_task_runner.py:64} INFO - Started process 135 to run task
[2024-07-26T12:17:50.998+0000] {standard_task_runner.py:90} INFO - Running: ['***', 'tasks', 'run', 'motower_daily_prod', 'clean_trafic_task', 'scheduled__2024-06-02T06:00:00+00:00', '--job-id', '12', '--raw', '--subdir', 'DAGS_FOLDER/gps/custom_dags/motower_daily.py', '--cfg-path', '/tmp/tmpukbz0f4q']
[2024-07-26T12:17:51.000+0000] {standard_task_runner.py:91} INFO - Job 12: Subtask clean_trafic_task
[2024-07-26T12:17:51.054+0000] {task_command.py:426} INFO - Running <TaskInstance: motower_daily_prod.clean_trafic_task scheduled__2024-06-02T06:00:00+00:00 [running]> on host 88c2b04746a4
[2024-07-26T12:17:51.157+0000] {taskinstance.py:2648} INFO - Exporting env vars: AIRFLOW_CTX_DAG_EMAIL='richmond.kongo@orange.com,assane.diop@orange.com,cyrille1.danho@orange.com,mohamed2.sylla@orange.com,amadou.diomande@orange.com,Jonas.kouame@orange.com,armand.kablan@orange.com,anicet.azombade@orange.com,etienne.kouadio@orange.com,bertine.kouakou@orange.com,florentine.kouakou@orange.com,ange.phaceli@orange.com,soulegame.soro@orange.com,innocent.yengo@orange.com' AIRFLOW_CTX_DAG_OWNER='***' AIRFLOW_CTX_DAG_ID='motower_daily_prod' AIRFLOW_CTX_TASK_ID='clean_trafic_task' AIRFLOW_CTX_EXECUTION_DATE='2024-06-02T06:00:00+00:00' AIRFLOW_CTX_TRY_NUMBER='1' AIRFLOW_CTX_DAG_RUN_ID='scheduled__2024-06-02T06:00:00+00:00'
[2024-07-26T12:17:51.159+0000] {taskinstance.py:430} INFO - ::endgroup::
[2024-07-26T12:17:51.206+0000] {data_validation.py:11} INFO - START VALIDATION OF COLUMN trafic_data_go
[2024-07-26T12:17:51.207+0000] {data_validation.py:20} INFO - DATA OF COLUMN trafic_data_go ARE VALID
[2024-07-26T12:17:51.208+0000] {data_validation.py:11} INFO - START VALIDATION OF COLUMN trafic_voix_erl
[2024-07-26T12:17:51.209+0000] {data_validation.py:20} INFO - DATA OF COLUMN trafic_voix_erl ARE VALID
[2024-07-26T12:17:51.209+0000] {motower_daily.py:267} INFO - prepare final data
[2024-07-26T12:17:51.259+0000] {python.py:237} INFO - Done. Returned value was: None
[2024-07-26T12:17:51.260+0000] {taskinstance.py:441} INFO - ::group::Post task execution logs
[2024-07-26T12:17:51.271+0000] {taskinstance.py:1206} INFO - Marking task as SUCCESS. dag_id=motower_daily_prod, task_id=clean_trafic_task, run_id=scheduled__2024-06-02T06:00:00+00:00, execution_date=20240602T060000, start_date=20240726T121750, end_date=20240726T121751
[2024-07-26T12:17:51.331+0000] {local_task_job_runner.py:243} INFO - Task exited with return code 0
[2024-07-26T12:17:51.347+0000] {local_task_job_runner.py:222} INFO - ::endgroup::
[2024-07-26T12:20:03.678+0000] {local_task_job_runner.py:120} INFO - ::group::Pre task execution logs
[2024-07-26T12:20:03.989+0000] {taskinstance.py:2076} INFO - Dependencies all met for dep_context=non-requeueable deps ti=<TaskInstance: motower_daily_prod.clean_trafic_task scheduled__2024-06-02T06:00:00+00:00 [queued]>
[2024-07-26T12:20:03.999+0000] {taskinstance.py:2076} INFO - Dependencies all met for dep_context=requeueable deps ti=<TaskInstance: motower_daily_prod.clean_trafic_task scheduled__2024-06-02T06:00:00+00:00 [queued]>
[2024-07-26T12:20:04.000+0000] {taskinstance.py:2306} INFO - Starting attempt 1 of 1
[2024-07-26T12:20:04.018+0000] {taskinstance.py:2330} INFO - Executing <Task(PythonOperator): clean_trafic_task> on 2024-06-02 06:00:00+00:00
[2024-07-26T12:20:04.032+0000] {warnings.py:112} WARNING - /home/***/.local/lib/python3.12/site-packages/***/task/task_runner/standard_task_runner.py:62: DeprecationWarning: This process (pid=477) is multi-threaded, use of fork() may lead to deadlocks in the child.
  pid = os.fork()

[2024-07-26T12:20:04.035+0000] {standard_task_runner.py:64} INFO - Started process 492 to run task
[2024-07-26T12:20:04.034+0000] {standard_task_runner.py:90} INFO - Running: ['***', 'tasks', 'run', 'motower_daily_prod', 'clean_trafic_task', 'scheduled__2024-06-02T06:00:00+00:00', '--job-id', '122', '--raw', '--subdir', 'DAGS_FOLDER/gps/custom_dags/motower_daily.py', '--cfg-path', '/tmp/tmplhn2bic6']
[2024-07-26T12:20:04.036+0000] {standard_task_runner.py:91} INFO - Job 122: Subtask clean_trafic_task
[2024-07-26T12:20:04.100+0000] {task_command.py:426} INFO - Running <TaskInstance: motower_daily_prod.clean_trafic_task scheduled__2024-06-02T06:00:00+00:00 [running]> on host 88c2b04746a4
[2024-07-26T12:20:04.221+0000] {taskinstance.py:2648} INFO - Exporting env vars: AIRFLOW_CTX_DAG_EMAIL='richmond.kongo@orange.com,assane.diop@orange.com,cyrille1.danho@orange.com,mohamed2.sylla@orange.com,amadou.diomande@orange.com,Jonas.kouame@orange.com,armand.kablan@orange.com,anicet.azombade@orange.com,etienne.kouadio@orange.com,bertine.kouakou@orange.com,florentine.kouakou@orange.com,ange.phaceli@orange.com,soulegame.soro@orange.com,innocent.yengo@orange.com' AIRFLOW_CTX_DAG_OWNER='***' AIRFLOW_CTX_DAG_ID='motower_daily_prod' AIRFLOW_CTX_TASK_ID='clean_trafic_task' AIRFLOW_CTX_EXECUTION_DATE='2024-06-02T06:00:00+00:00' AIRFLOW_CTX_TRY_NUMBER='1' AIRFLOW_CTX_DAG_RUN_ID='scheduled__2024-06-02T06:00:00+00:00'
[2024-07-26T12:20:04.224+0000] {taskinstance.py:430} INFO - ::endgroup::
[2024-07-26T12:20:04.272+0000] {data_validation.py:11} INFO - START VALIDATION OF COLUMN trafic_data_go
[2024-07-26T12:20:04.274+0000] {data_validation.py:20} INFO - DATA OF COLUMN trafic_data_go ARE VALID
[2024-07-26T12:20:04.275+0000] {data_validation.py:11} INFO - START VALIDATION OF COLUMN trafic_voix_erl
[2024-07-26T12:20:04.276+0000] {data_validation.py:20} INFO - DATA OF COLUMN trafic_voix_erl ARE VALID
[2024-07-26T12:20:04.277+0000] {motower_daily.py:267} INFO - prepare final data
[2024-07-26T12:20:04.321+0000] {python.py:237} INFO - Done. Returned value was: None
[2024-07-26T12:20:04.322+0000] {taskinstance.py:441} INFO - ::group::Post task execution logs
[2024-07-26T12:20:04.335+0000] {taskinstance.py:1206} INFO - Marking task as SUCCESS. dag_id=motower_daily_prod, task_id=clean_trafic_task, run_id=scheduled__2024-06-02T06:00:00+00:00, execution_date=20240602T060000, start_date=20240726T122003, end_date=20240726T122004
[2024-07-26T12:20:04.371+0000] {local_task_job_runner.py:243} INFO - Task exited with return code 0
[2024-07-26T12:20:04.392+0000] {taskinstance.py:3503} INFO - 0 downstream tasks scheduled from follow-on schedule check
[2024-07-26T12:20:04.394+0000] {local_task_job_runner.py:222} INFO - ::endgroup::
[2024-07-26T12:23:16.763+0000] {local_task_job_runner.py:120} INFO - ::group::Pre task execution logs
[2024-07-26T12:23:16.796+0000] {taskinstance.py:2076} INFO - Dependencies all met for dep_context=non-requeueable deps ti=<TaskInstance: motower_daily_prod.clean_trafic_task scheduled__2024-06-02T06:00:00+00:00 [queued]>
[2024-07-26T12:23:16.814+0000] {taskinstance.py:2076} INFO - Dependencies all met for dep_context=requeueable deps ti=<TaskInstance: motower_daily_prod.clean_trafic_task scheduled__2024-06-02T06:00:00+00:00 [queued]>
[2024-07-26T12:23:16.815+0000] {taskinstance.py:2306} INFO - Starting attempt 1 of 1
[2024-07-26T12:23:16.832+0000] {taskinstance.py:2330} INFO - Executing <Task(PythonOperator): clean_trafic_task> on 2024-06-02 06:00:00+00:00
[2024-07-26T12:23:16.849+0000] {warnings.py:112} WARNING - /home/***/.local/lib/python3.12/site-packages/***/task/task_runner/standard_task_runner.py:62: DeprecationWarning: This process (pid=1314) is multi-threaded, use of fork() may lead to deadlocks in the child.
  pid = os.fork()

[2024-07-26T12:23:16.852+0000] {standard_task_runner.py:64} INFO - Started process 1334 to run task
[2024-07-26T12:23:16.855+0000] {standard_task_runner.py:90} INFO - Running: ['***', 'tasks', 'run', 'motower_daily_prod', 'clean_trafic_task', 'scheduled__2024-06-02T06:00:00+00:00', '--job-id', '391', '--raw', '--subdir', 'DAGS_FOLDER/gps/custom_dags/motower_daily.py', '--cfg-path', '/tmp/tmpf84piky4']
[2024-07-26T12:23:16.858+0000] {standard_task_runner.py:91} INFO - Job 391: Subtask clean_trafic_task
[2024-07-26T12:23:16.924+0000] {task_command.py:426} INFO - Running <TaskInstance: motower_daily_prod.clean_trafic_task scheduled__2024-06-02T06:00:00+00:00 [running]> on host 88c2b04746a4
[2024-07-26T12:23:17.042+0000] {taskinstance.py:2648} INFO - Exporting env vars: AIRFLOW_CTX_DAG_EMAIL='richmond.kongo@orange.com,assane.diop@orange.com,cyrille1.danho@orange.com,mohamed2.sylla@orange.com,amadou.diomande@orange.com,Jonas.kouame@orange.com,armand.kablan@orange.com,anicet.azombade@orange.com,etienne.kouadio@orange.com,bertine.kouakou@orange.com,florentine.kouakou@orange.com,ange.phaceli@orange.com,soulegame.soro@orange.com,innocent.yengo@orange.com' AIRFLOW_CTX_DAG_OWNER='***' AIRFLOW_CTX_DAG_ID='motower_daily_prod' AIRFLOW_CTX_TASK_ID='clean_trafic_task' AIRFLOW_CTX_EXECUTION_DATE='2024-06-02T06:00:00+00:00' AIRFLOW_CTX_TRY_NUMBER='1' AIRFLOW_CTX_DAG_RUN_ID='scheduled__2024-06-02T06:00:00+00:00'
[2024-07-26T12:23:17.044+0000] {taskinstance.py:430} INFO - ::endgroup::
[2024-07-26T12:23:17.093+0000] {data_validation.py:11} INFO - START VALIDATION OF COLUMN trafic_data_go
[2024-07-26T12:23:17.094+0000] {data_validation.py:20} INFO - DATA OF COLUMN trafic_data_go ARE VALID
[2024-07-26T12:23:17.094+0000] {data_validation.py:11} INFO - START VALIDATION OF COLUMN trafic_voix_erl
[2024-07-26T12:23:17.095+0000] {data_validation.py:20} INFO - DATA OF COLUMN trafic_voix_erl ARE VALID
[2024-07-26T12:23:17.096+0000] {motower_daily.py:267} INFO - prepare final data
[2024-07-26T12:23:17.139+0000] {python.py:237} INFO - Done. Returned value was: None
[2024-07-26T12:23:17.140+0000] {taskinstance.py:441} INFO - ::group::Post task execution logs
[2024-07-26T12:23:17.156+0000] {taskinstance.py:1206} INFO - Marking task as SUCCESS. dag_id=motower_daily_prod, task_id=clean_trafic_task, run_id=scheduled__2024-06-02T06:00:00+00:00, execution_date=20240602T060000, start_date=20240726T122316, end_date=20240726T122317
[2024-07-26T12:23:17.230+0000] {local_task_job_runner.py:243} INFO - Task exited with return code 0
[2024-07-26T12:23:17.246+0000] {local_task_job_runner.py:222} INFO - ::endgroup::
[2024-07-26T12:29:00.618+0000] {local_task_job_runner.py:120} INFO - ::group::Pre task execution logs
[2024-07-26T12:29:00.917+0000] {taskinstance.py:2076} INFO - Dependencies all met for dep_context=non-requeueable deps ti=<TaskInstance: motower_daily_prod.clean_trafic_task scheduled__2024-06-02T06:00:00+00:00 [queued]>
[2024-07-26T12:29:00.928+0000] {taskinstance.py:2076} INFO - Dependencies all met for dep_context=requeueable deps ti=<TaskInstance: motower_daily_prod.clean_trafic_task scheduled__2024-06-02T06:00:00+00:00 [queued]>
[2024-07-26T12:29:00.929+0000] {taskinstance.py:2306} INFO - Starting attempt 1 of 1
[2024-07-26T12:29:00.948+0000] {taskinstance.py:2330} INFO - Executing <Task(PythonOperator): clean_trafic_task> on 2024-06-02 06:00:00+00:00
[2024-07-26T12:29:00.966+0000] {warnings.py:112} WARNING - /home/***/.local/lib/python3.12/site-packages/***/task/task_runner/standard_task_runner.py:62: DeprecationWarning: This process (pid=2262) is multi-threaded, use of fork() may lead to deadlocks in the child.
  pid = os.fork()

[2024-07-26T12:29:00.968+0000] {standard_task_runner.py:64} INFO - Started process 2286 to run task
[2024-07-26T12:29:00.971+0000] {standard_task_runner.py:90} INFO - Running: ['***', 'tasks', 'run', 'motower_daily_prod', 'clean_trafic_task', 'scheduled__2024-06-02T06:00:00+00:00', '--job-id', '680', '--raw', '--subdir', 'DAGS_FOLDER/gps/custom_dags/motower_daily.py', '--cfg-path', '/tmp/tmpuzfesp4p']
[2024-07-26T12:29:00.973+0000] {standard_task_runner.py:91} INFO - Job 680: Subtask clean_trafic_task
[2024-07-26T12:29:01.036+0000] {task_command.py:426} INFO - Running <TaskInstance: motower_daily_prod.clean_trafic_task scheduled__2024-06-02T06:00:00+00:00 [running]> on host 88c2b04746a4
[2024-07-26T12:29:01.178+0000] {taskinstance.py:2648} INFO - Exporting env vars: AIRFLOW_CTX_DAG_EMAIL='richmond.kongo@orange.com,assane.diop@orange.com,cyrille1.danho@orange.com,mohamed2.sylla@orange.com,amadou.diomande@orange.com,Jonas.kouame@orange.com,armand.kablan@orange.com,anicet.azombade@orange.com,etienne.kouadio@orange.com,bertine.kouakou@orange.com,florentine.kouakou@orange.com,ange.phaceli@orange.com,soulegame.soro@orange.com,innocent.yengo@orange.com' AIRFLOW_CTX_DAG_OWNER='***' AIRFLOW_CTX_DAG_ID='motower_daily_prod' AIRFLOW_CTX_TASK_ID='clean_trafic_task' AIRFLOW_CTX_EXECUTION_DATE='2024-06-02T06:00:00+00:00' AIRFLOW_CTX_TRY_NUMBER='1' AIRFLOW_CTX_DAG_RUN_ID='scheduled__2024-06-02T06:00:00+00:00'
[2024-07-26T12:29:01.179+0000] {taskinstance.py:430} INFO - ::endgroup::
[2024-07-26T12:29:01.238+0000] {data_validation.py:11} INFO - START VALIDATION OF COLUMN trafic_data_go
[2024-07-26T12:29:01.240+0000] {data_validation.py:20} INFO - DATA OF COLUMN trafic_data_go ARE VALID
[2024-07-26T12:29:01.240+0000] {data_validation.py:11} INFO - START VALIDATION OF COLUMN trafic_voix_erl
[2024-07-26T12:29:01.241+0000] {data_validation.py:20} INFO - DATA OF COLUMN trafic_voix_erl ARE VALID
[2024-07-26T12:29:01.241+0000] {motower_daily.py:267} INFO - prepare final data
[2024-07-26T12:29:01.293+0000] {python.py:237} INFO - Done. Returned value was: None
[2024-07-26T12:29:01.295+0000] {taskinstance.py:441} INFO - ::group::Post task execution logs
[2024-07-26T12:29:01.309+0000] {taskinstance.py:1206} INFO - Marking task as SUCCESS. dag_id=motower_daily_prod, task_id=clean_trafic_task, run_id=scheduled__2024-06-02T06:00:00+00:00, execution_date=20240602T060000, start_date=20240726T122900, end_date=20240726T122901
[2024-07-26T12:29:01.387+0000] {local_task_job_runner.py:243} INFO - Task exited with return code 0
[2024-07-26T12:29:01.399+0000] {local_task_job_runner.py:222} INFO - ::endgroup::
[2024-07-26T12:39:46.889+0000] {local_task_job_runner.py:120} INFO - ::group::Pre task execution logs
[2024-07-26T12:39:47.217+0000] {taskinstance.py:2076} INFO - Dependencies all met for dep_context=non-requeueable deps ti=<TaskInstance: motower_daily_prod.clean_trafic_task scheduled__2024-06-02T06:00:00+00:00 [queued]>
[2024-07-26T12:39:47.231+0000] {taskinstance.py:2076} INFO - Dependencies all met for dep_context=requeueable deps ti=<TaskInstance: motower_daily_prod.clean_trafic_task scheduled__2024-06-02T06:00:00+00:00 [queued]>
[2024-07-26T12:39:47.232+0000] {taskinstance.py:2306} INFO - Starting attempt 1 of 1
[2024-07-26T12:39:47.255+0000] {taskinstance.py:2330} INFO - Executing <Task(PythonOperator): clean_trafic_task> on 2024-06-02 06:00:00+00:00
[2024-07-26T12:39:47.272+0000] {warnings.py:112} WARNING - /home/***/.local/lib/python3.12/site-packages/***/task/task_runner/standard_task_runner.py:62: DeprecationWarning: This process (pid=116) is multi-threaded, use of fork() may lead to deadlocks in the child.
  pid = os.fork()

[2024-07-26T12:39:47.273+0000] {standard_task_runner.py:64} INFO - Started process 131 to run task
[2024-07-26T12:39:47.276+0000] {standard_task_runner.py:90} INFO - Running: ['***', 'tasks', 'run', 'motower_daily_prod', 'clean_trafic_task', 'scheduled__2024-06-02T06:00:00+00:00', '--job-id', '14', '--raw', '--subdir', 'DAGS_FOLDER/gps/custom_dags/motower_daily.py', '--cfg-path', '/tmp/tmp96l5zjro']
[2024-07-26T12:39:47.285+0000] {standard_task_runner.py:91} INFO - Job 14: Subtask clean_trafic_task
[2024-07-26T12:39:47.396+0000] {task_command.py:426} INFO - Running <TaskInstance: motower_daily_prod.clean_trafic_task scheduled__2024-06-02T06:00:00+00:00 [running]> on host e824106b656d
[2024-07-26T12:39:47.566+0000] {taskinstance.py:2648} INFO - Exporting env vars: AIRFLOW_CTX_DAG_EMAIL='richmond.kongo@orange.com,assane.diop@orange.com,cyrille1.danho@orange.com,mohamed2.sylla@orange.com,amadou.diomande@orange.com,Jonas.kouame@orange.com,armand.kablan@orange.com,anicet.azombade@orange.com,etienne.kouadio@orange.com,bertine.kouakou@orange.com,florentine.kouakou@orange.com,ange.phaceli@orange.com,soulegame.soro@orange.com,innocent.yengo@orange.com' AIRFLOW_CTX_DAG_OWNER='***' AIRFLOW_CTX_DAG_ID='motower_daily_prod' AIRFLOW_CTX_TASK_ID='clean_trafic_task' AIRFLOW_CTX_EXECUTION_DATE='2024-06-02T06:00:00+00:00' AIRFLOW_CTX_TRY_NUMBER='1' AIRFLOW_CTX_DAG_RUN_ID='scheduled__2024-06-02T06:00:00+00:00'
[2024-07-26T12:39:47.568+0000] {taskinstance.py:430} INFO - ::endgroup::
[2024-07-26T12:39:47.622+0000] {data_validation.py:11} INFO - START VALIDATION OF COLUMN trafic_data_go
[2024-07-26T12:39:47.624+0000] {data_validation.py:20} INFO - DATA OF COLUMN trafic_data_go ARE VALID
[2024-07-26T12:39:47.624+0000] {data_validation.py:11} INFO - START VALIDATION OF COLUMN trafic_voix_erl
[2024-07-26T12:39:47.625+0000] {data_validation.py:20} INFO - DATA OF COLUMN trafic_voix_erl ARE VALID
[2024-07-26T12:39:47.626+0000] {motower_daily.py:267} INFO - prepare final data
[2024-07-26T12:39:47.658+0000] {taskinstance.py:441} INFO - ::group::Post task execution logs
[2024-07-26T12:39:47.661+0000] {taskinstance.py:2905} ERROR - Task failed with exception
Traceback (most recent call last):
  File "/home/airflow/.local/lib/python3.12/site-packages/airflow/models/taskinstance.py", line 465, in _execute_task
    result = _execute_callable(context=context, **execute_callable_kwargs)
             ^^^^^^^^^^^^^^^^^^^^^^^^^^^^^^^^^^^^^^^^^^^^^^^^^^^^^^^^^^^^^
  File "/home/airflow/.local/lib/python3.12/site-packages/airflow/models/taskinstance.py", line 432, in _execute_callable
    return execute_callable(context=context, **execute_callable_kwargs)
           ^^^^^^^^^^^^^^^^^^^^^^^^^^^^^^^^^^^^^^^^^^^^^^^^^^^^^^^^^^^^
  File "/home/airflow/.local/lib/python3.12/site-packages/airflow/models/baseoperator.py", line 401, in wrapper
    return func(self, *args, **kwargs)
           ^^^^^^^^^^^^^^^^^^^^^^^^^^^
  File "/home/airflow/.local/lib/python3.12/site-packages/airflow/operators/python.py", line 235, in execute
    return_value = self.execute_callable()
                   ^^^^^^^^^^^^^^^^^^^^^^^
  File "/home/airflow/.local/lib/python3.12/site-packages/airflow/operators/python.py", line 252, in execute_callable
    return self.python_callable(*self.op_args, **self.op_kwargs)
           ^^^^^^^^^^^^^^^^^^^^^^^^^^^^^^^^^^^^^^^^^^^^^^^^^^^^^
  File "/opt/airflow/dags/gps/custom_dags/motower_daily.py", line 80, in clean_trafic
    data['mois'] = data["jour"].dt.month
                   ^^^^^^^^^^^^^^^
  File "/home/airflow/.local/lib/python3.12/site-packages/pandas/core/generic.py", line 6204, in __getattr__
    return object.__getattribute__(self, name)
           ^^^^^^^^^^^^^^^^^^^^^^^^^^^^^^^^^^^
  File "/home/airflow/.local/lib/python3.12/site-packages/pandas/core/accessor.py", line 224, in __get__
    accessor_obj = self._accessor(obj)
                   ^^^^^^^^^^^^^^^^^^^
  File "/home/airflow/.local/lib/python3.12/site-packages/pandas/core/indexes/accessors.py", line 608, in __new__
    raise AttributeError("Can only use .dt accessor with datetimelike values")
AttributeError: Can only use .dt accessor with datetimelike values
[2024-07-26T12:39:47.679+0000] {taskinstance.py:1206} INFO - Marking task as FAILED. dag_id=motower_daily_prod, task_id=clean_trafic_task, run_id=scheduled__2024-06-02T06:00:00+00:00, execution_date=20240602T060000, start_date=20240726T123947, end_date=20240726T123947
[2024-07-26T12:39:47.698+0000] {warnings.py:112} WARNING - /home/***/.local/lib/python3.12/site-packages/***/utils/email.py:154: RemovedInAirflow3Warning: Fetching SMTP credentials from configuration variables will be deprecated in a future release. Please set credentials using a connection instead.
  send_mime_email(e_from=mail_from, e_to=recipients, mime_msg=msg, conn_id=conn_id, dryrun=dryrun)

[2024-07-26T12:39:47.699+0000] {configuration.py:1053} WARNING - section/key [smtp/smtp_user] not found in config
[2024-07-26T12:39:47.699+0000] {email.py:271} INFO - Email alerting: attempt 1
[2024-07-26T12:39:47.713+0000] {configuration.py:1053} WARNING - section/key [smtp/smtp_user] not found in config
[2024-07-26T12:39:47.715+0000] {email.py:271} INFO - Email alerting: attempt 1
[2024-07-26T12:39:47.715+0000] {taskinstance.py:879} ERROR - Failed to send email to: ['richmond.kongo@orange.com', 'assane.diop@orange.com', 'cyrille1.danho@orange.com', 'mohamed2.sylla@orange.com', 'amadou.diomande@orange.com', 'Jonas.kouame@orange.com', 'armand.kablan@orange.com', 'anicet.azombade@orange.com', 'etienne.kouadio@orange.com', 'bertine.kouakou@orange.com', 'florentine.kouakou@orange.com', 'ange.phaceli@orange.com', 'soulegame.soro@orange.com', 'innocent.yengo@orange.com']
Traceback (most recent call last):
  File "/home/airflow/.local/lib/python3.12/site-packages/airflow/models/taskinstance.py", line 2479, in _run_raw_task
    self._execute_task_with_callbacks(context, test_mode, session=session)
  File "/home/airflow/.local/lib/python3.12/site-packages/airflow/models/taskinstance.py", line 2676, in _execute_task_with_callbacks
    result = self._execute_task(context, task_orig)
             ^^^^^^^^^^^^^^^^^^^^^^^^^^^^^^^^^^^^^^
  File "/home/airflow/.local/lib/python3.12/site-packages/airflow/models/taskinstance.py", line 2701, in _execute_task
    return _execute_task(self, context, task_orig)
           ^^^^^^^^^^^^^^^^^^^^^^^^^^^^^^^^^^^^^^^
  File "/home/airflow/.local/lib/python3.12/site-packages/airflow/models/taskinstance.py", line 465, in _execute_task
    result = _execute_callable(context=context, **execute_callable_kwargs)
             ^^^^^^^^^^^^^^^^^^^^^^^^^^^^^^^^^^^^^^^^^^^^^^^^^^^^^^^^^^^^^
  File "/home/airflow/.local/lib/python3.12/site-packages/airflow/models/taskinstance.py", line 432, in _execute_callable
    return execute_callable(context=context, **execute_callable_kwargs)
           ^^^^^^^^^^^^^^^^^^^^^^^^^^^^^^^^^^^^^^^^^^^^^^^^^^^^^^^^^^^^
  File "/home/airflow/.local/lib/python3.12/site-packages/airflow/models/baseoperator.py", line 401, in wrapper
    return func(self, *args, **kwargs)
           ^^^^^^^^^^^^^^^^^^^^^^^^^^^
  File "/home/airflow/.local/lib/python3.12/site-packages/airflow/operators/python.py", line 235, in execute
    return_value = self.execute_callable()
                   ^^^^^^^^^^^^^^^^^^^^^^^
  File "/home/airflow/.local/lib/python3.12/site-packages/airflow/operators/python.py", line 252, in execute_callable
    return self.python_callable(*self.op_args, **self.op_kwargs)
           ^^^^^^^^^^^^^^^^^^^^^^^^^^^^^^^^^^^^^^^^^^^^^^^^^^^^^
  File "/opt/airflow/dags/gps/custom_dags/motower_daily.py", line 80, in clean_trafic
    data['mois'] = data["jour"].dt.month
                   ^^^^^^^^^^^^^^^
  File "/home/airflow/.local/lib/python3.12/site-packages/pandas/core/generic.py", line 6204, in __getattr__
    return object.__getattribute__(self, name)
           ^^^^^^^^^^^^^^^^^^^^^^^^^^^^^^^^^^^
  File "/home/airflow/.local/lib/python3.12/site-packages/pandas/core/accessor.py", line 224, in __get__
    accessor_obj = self._accessor(obj)
                   ^^^^^^^^^^^^^^^^^^^
  File "/home/airflow/.local/lib/python3.12/site-packages/pandas/core/indexes/accessors.py", line 608, in __new__
    raise AttributeError("Can only use .dt accessor with datetimelike values")
AttributeError: Can only use .dt accessor with datetimelike values

During handling of the above exception, another exception occurred:

Traceback (most recent call last):
  File "/home/airflow/.local/lib/python3.12/site-packages/airflow/models/taskinstance.py", line 1063, in _email_alert
    send_email(task.email, subject, html_content)
  File "/home/airflow/.local/lib/python3.12/site-packages/airflow/utils/email.py", line 80, in send_email
    return backend(
           ^^^^^^^^
  File "/home/airflow/.local/lib/python3.12/site-packages/airflow/utils/email.py", line 154, in send_email_smtp
    send_mime_email(e_from=mail_from, e_to=recipients, mime_msg=msg, conn_id=conn_id, dryrun=dryrun)
  File "/home/airflow/.local/lib/python3.12/site-packages/airflow/utils/email.py", line 273, in send_mime_email
    smtp_conn = _get_smtp_connection(smtp_host, smtp_port, smtp_timeout, smtp_ssl)
                ^^^^^^^^^^^^^^^^^^^^^^^^^^^^^^^^^^^^^^^^^^^^^^^^^^^^^^^^^^^^^^^^^^
  File "/home/airflow/.local/lib/python3.12/site-packages/airflow/utils/email.py", line 317, in _get_smtp_connection
    return smtplib.SMTP(host=host, port=port, timeout=timeout)
           ^^^^^^^^^^^^^^^^^^^^^^^^^^^^^^^^^^^^^^^^^^^^^^^^^^^
  File "/usr/local/lib/python3.12/smtplib.py", line 255, in __init__
    (code, msg) = self.connect(host, port)
                  ^^^^^^^^^^^^^^^^^^^^^^^^
  File "/usr/local/lib/python3.12/smtplib.py", line 341, in connect
    self.sock = self._get_socket(host, port, self.timeout)
                ^^^^^^^^^^^^^^^^^^^^^^^^^^^^^^^^^^^^^^^^^^
  File "/usr/local/lib/python3.12/smtplib.py", line 312, in _get_socket
    return socket.create_connection((host, port), timeout,
           ^^^^^^^^^^^^^^^^^^^^^^^^^^^^^^^^^^^^^^^^^^^^^^^
  File "/usr/local/lib/python3.12/socket.py", line 853, in create_connection
    raise exceptions[0]
  File "/usr/local/lib/python3.12/socket.py", line 838, in create_connection
    sock.connect(sa)
ConnectionRefusedError: [Errno 111] Connection refused

During handling of the above exception, another exception occurred:

Traceback (most recent call last):
  File "/home/airflow/.local/lib/python3.12/site-packages/airflow/models/taskinstance.py", line 877, in _handle_failure
    task_instance.email_alert(error, failure_context["task"])
  File "/home/airflow/.local/lib/python3.12/site-packages/airflow/models/taskinstance.py", line 3163, in email_alert
    _email_alert(task_instance=self, exception=exception, task=task)
  File "/home/airflow/.local/lib/python3.12/site-packages/airflow/models/taskinstance.py", line 1065, in _email_alert
    send_email(task.email, subject, html_content_err)
  File "/home/airflow/.local/lib/python3.12/site-packages/airflow/utils/email.py", line 80, in send_email
    return backend(
           ^^^^^^^^
  File "/home/airflow/.local/lib/python3.12/site-packages/airflow/utils/email.py", line 154, in send_email_smtp
    send_mime_email(e_from=mail_from, e_to=recipients, mime_msg=msg, conn_id=conn_id, dryrun=dryrun)
  File "/home/airflow/.local/lib/python3.12/site-packages/airflow/utils/email.py", line 273, in send_mime_email
    smtp_conn = _get_smtp_connection(smtp_host, smtp_port, smtp_timeout, smtp_ssl)
                ^^^^^^^^^^^^^^^^^^^^^^^^^^^^^^^^^^^^^^^^^^^^^^^^^^^^^^^^^^^^^^^^^^
  File "/home/airflow/.local/lib/python3.12/site-packages/airflow/utils/email.py", line 317, in _get_smtp_connection
    return smtplib.SMTP(host=host, port=port, timeout=timeout)
           ^^^^^^^^^^^^^^^^^^^^^^^^^^^^^^^^^^^^^^^^^^^^^^^^^^^
  File "/usr/local/lib/python3.12/smtplib.py", line 255, in __init__
    (code, msg) = self.connect(host, port)
                  ^^^^^^^^^^^^^^^^^^^^^^^^
  File "/usr/local/lib/python3.12/smtplib.py", line 341, in connect
    self.sock = self._get_socket(host, port, self.timeout)
                ^^^^^^^^^^^^^^^^^^^^^^^^^^^^^^^^^^^^^^^^^^
  File "/usr/local/lib/python3.12/smtplib.py", line 312, in _get_socket
    return socket.create_connection((host, port), timeout,
           ^^^^^^^^^^^^^^^^^^^^^^^^^^^^^^^^^^^^^^^^^^^^^^^
  File "/usr/local/lib/python3.12/socket.py", line 853, in create_connection
    raise exceptions[0]
  File "/usr/local/lib/python3.12/socket.py", line 838, in create_connection
    sock.connect(sa)
ConnectionRefusedError: [Errno 111] Connection refused
[2024-07-26T12:39:47.723+0000] {alerting.py:71} INFO - send alert mail to richmond.kongo@orange.com, assane.diop@orange.com, cyrille1.danho@orange.com, mohamed2.sylla@orange.com, amadou.diomande@orange.com, Jonas.kouame@orange.com, armand.kablan@orange.com, anicet.azombade@orange.com, etienne.kouadio@orange.com, bertine.kouakou@orange.com, florentine.kouakou@orange.com, ange.phaceli@orange.com, soulegame.soro@orange.com, innocent.yengo@orange.com
[2024-07-26T12:39:47.724+0000] {alerting.py:30} INFO - Sending mail ... 
[2024-07-26T12:39:47.724+0000] {alerting.py:38} ERROR - Failed to send email: please run connect() first
[2024-07-26T12:39:47.755+0000] {standard_task_runner.py:110} ERROR - Failed to execute job 14 for task clean_trafic_task (Can only use .dt accessor with datetimelike values; 131)
[2024-07-26T12:39:47.813+0000] {local_task_job_runner.py:243} INFO - Task exited with return code 1
[2024-07-26T12:39:47.835+0000] {taskinstance.py:3503} INFO - 0 downstream tasks scheduled from follow-on schedule check
[2024-07-26T12:39:47.840+0000] {local_task_job_runner.py:222} INFO - ::endgroup::
[2024-07-26T12:45:59.683+0000] {local_task_job_runner.py:120} INFO - ::group::Pre task execution logs
[2024-07-26T12:45:59.955+0000] {taskinstance.py:2076} INFO - Dependencies all met for dep_context=non-requeueable deps ti=<TaskInstance: motower_daily_prod.clean_trafic_task scheduled__2024-06-02T06:00:00+00:00 [queued]>
[2024-07-26T12:45:59.965+0000] {taskinstance.py:2076} INFO - Dependencies all met for dep_context=requeueable deps ti=<TaskInstance: motower_daily_prod.clean_trafic_task scheduled__2024-06-02T06:00:00+00:00 [queued]>
[2024-07-26T12:45:59.966+0000] {taskinstance.py:2306} INFO - Starting attempt 1 of 1
[2024-07-26T12:45:59.979+0000] {taskinstance.py:2330} INFO - Executing <Task(PythonOperator): clean_trafic_task> on 2024-06-02 06:00:00+00:00
[2024-07-26T12:45:59.992+0000] {warnings.py:112} WARNING - /home/***/.local/lib/python3.12/site-packages/***/task/task_runner/standard_task_runner.py:62: DeprecationWarning: This process (pid=595) is multi-threaded, use of fork() may lead to deadlocks in the child.
  pid = os.fork()

[2024-07-26T12:45:59.993+0000] {standard_task_runner.py:64} INFO - Started process 608 to run task
[2024-07-26T12:45:59.993+0000] {standard_task_runner.py:90} INFO - Running: ['***', 'tasks', 'run', 'motower_daily_prod', 'clean_trafic_task', 'scheduled__2024-06-02T06:00:00+00:00', '--job-id', '150', '--raw', '--subdir', 'DAGS_FOLDER/gps/custom_dags/motower_daily.py', '--cfg-path', '/tmp/tmp8n048ukj']
[2024-07-26T12:45:59.996+0000] {standard_task_runner.py:91} INFO - Job 150: Subtask clean_trafic_task
[2024-07-26T12:46:00.042+0000] {task_command.py:426} INFO - Running <TaskInstance: motower_daily_prod.clean_trafic_task scheduled__2024-06-02T06:00:00+00:00 [running]> on host e824106b656d
[2024-07-26T12:46:00.130+0000] {taskinstance.py:2648} INFO - Exporting env vars: AIRFLOW_CTX_DAG_EMAIL='richmond.kongo@orange.com,assane.diop@orange.com,cyrille1.danho@orange.com,mohamed2.sylla@orange.com,amadou.diomande@orange.com,Jonas.kouame@orange.com,armand.kablan@orange.com,anicet.azombade@orange.com,etienne.kouadio@orange.com,bertine.kouakou@orange.com,florentine.kouakou@orange.com,ange.phaceli@orange.com,soulegame.soro@orange.com,innocent.yengo@orange.com' AIRFLOW_CTX_DAG_OWNER='***' AIRFLOW_CTX_DAG_ID='motower_daily_prod' AIRFLOW_CTX_TASK_ID='clean_trafic_task' AIRFLOW_CTX_EXECUTION_DATE='2024-06-02T06:00:00+00:00' AIRFLOW_CTX_TRY_NUMBER='1' AIRFLOW_CTX_DAG_RUN_ID='scheduled__2024-06-02T06:00:00+00:00'
[2024-07-26T12:46:00.132+0000] {taskinstance.py:430} INFO - ::endgroup::
[2024-07-26T12:46:00.167+0000] {data_validation.py:11} INFO - START VALIDATION OF COLUMN trafic_data_go
[2024-07-26T12:46:00.168+0000] {data_validation.py:20} INFO - DATA OF COLUMN trafic_data_go ARE VALID
[2024-07-26T12:46:00.169+0000] {data_validation.py:11} INFO - START VALIDATION OF COLUMN trafic_voix_erl
[2024-07-26T12:46:00.169+0000] {data_validation.py:20} INFO - DATA OF COLUMN trafic_voix_erl ARE VALID
[2024-07-26T12:46:00.170+0000] {motower_daily.py:267} INFO - prepare final data
[2024-07-26T12:46:00.177+0000] {logging_mixin.py:188} INFO - ================================
[2024-07-26T12:46:00.177+0000] {logging_mixin.py:188} INFO - object
[2024-07-26T12:46:00.205+0000] {python.py:237} INFO - Done. Returned value was: None
[2024-07-26T12:46:00.206+0000] {taskinstance.py:441} INFO - ::group::Post task execution logs
[2024-07-26T12:46:00.216+0000] {taskinstance.py:1206} INFO - Marking task as SUCCESS. dag_id=motower_daily_prod, task_id=clean_trafic_task, run_id=scheduled__2024-06-02T06:00:00+00:00, execution_date=20240602T060000, start_date=20240726T124559, end_date=20240726T124600
[2024-07-26T12:46:00.247+0000] {local_task_job_runner.py:243} INFO - Task exited with return code 0
[2024-07-26T12:46:00.257+0000] {local_task_job_runner.py:222} INFO - ::endgroup::
[2024-07-26T12:50:29.191+0000] {local_task_job_runner.py:120} INFO - ::group::Pre task execution logs
[2024-07-26T12:50:29.506+0000] {taskinstance.py:2076} INFO - Dependencies all met for dep_context=non-requeueable deps ti=<TaskInstance: motower_daily_prod.clean_trafic_task scheduled__2024-06-02T06:00:00+00:00 [queued]>
[2024-07-26T12:50:29.521+0000] {taskinstance.py:2076} INFO - Dependencies all met for dep_context=requeueable deps ti=<TaskInstance: motower_daily_prod.clean_trafic_task scheduled__2024-06-02T06:00:00+00:00 [queued]>
[2024-07-26T12:50:29.522+0000] {taskinstance.py:2306} INFO - Starting attempt 1 of 1
[2024-07-26T12:50:29.549+0000] {taskinstance.py:2330} INFO - Executing <Task(PythonOperator): clean_trafic_task> on 2024-06-02 06:00:00+00:00
[2024-07-26T12:50:29.564+0000] {warnings.py:112} WARNING - /home/***/.local/lib/python3.12/site-packages/***/task/task_runner/standard_task_runner.py:62: DeprecationWarning: This process (pid=1069) is multi-threaded, use of fork() may lead to deadlocks in the child.
  pid = os.fork()

[2024-07-26T12:50:29.566+0000] {standard_task_runner.py:64} INFO - Started process 1080 to run task
[2024-07-26T12:50:29.566+0000] {standard_task_runner.py:90} INFO - Running: ['***', 'tasks', 'run', 'motower_daily_prod', 'clean_trafic_task', 'scheduled__2024-06-02T06:00:00+00:00', '--job-id', '286', '--raw', '--subdir', 'DAGS_FOLDER/gps/custom_dags/motower_daily.py', '--cfg-path', '/tmp/tmpjut_59cm']
[2024-07-26T12:50:29.568+0000] {standard_task_runner.py:91} INFO - Job 286: Subtask clean_trafic_task
[2024-07-26T12:50:29.633+0000] {task_command.py:426} INFO - Running <TaskInstance: motower_daily_prod.clean_trafic_task scheduled__2024-06-02T06:00:00+00:00 [running]> on host e824106b656d
[2024-07-26T12:50:29.748+0000] {taskinstance.py:2648} INFO - Exporting env vars: AIRFLOW_CTX_DAG_EMAIL='richmond.kongo@orange.com,assane.diop@orange.com,cyrille1.danho@orange.com,mohamed2.sylla@orange.com,amadou.diomande@orange.com,Jonas.kouame@orange.com,armand.kablan@orange.com,anicet.azombade@orange.com,etienne.kouadio@orange.com,bertine.kouakou@orange.com,florentine.kouakou@orange.com,ange.phaceli@orange.com,soulegame.soro@orange.com,innocent.yengo@orange.com' AIRFLOW_CTX_DAG_OWNER='***' AIRFLOW_CTX_DAG_ID='motower_daily_prod' AIRFLOW_CTX_TASK_ID='clean_trafic_task' AIRFLOW_CTX_EXECUTION_DATE='2024-06-02T06:00:00+00:00' AIRFLOW_CTX_TRY_NUMBER='1' AIRFLOW_CTX_DAG_RUN_ID='scheduled__2024-06-02T06:00:00+00:00'
[2024-07-26T12:50:29.750+0000] {taskinstance.py:430} INFO - ::endgroup::
[2024-07-26T12:50:29.786+0000] {data_validation.py:11} INFO - START VALIDATION OF COLUMN trafic_data_go
[2024-07-26T12:50:29.787+0000] {data_validation.py:20} INFO - DATA OF COLUMN trafic_data_go ARE VALID
[2024-07-26T12:50:29.788+0000] {data_validation.py:11} INFO - START VALIDATION OF COLUMN trafic_voix_erl
[2024-07-26T12:50:29.788+0000] {data_validation.py:20} INFO - DATA OF COLUMN trafic_voix_erl ARE VALID
[2024-07-26T12:50:29.788+0000] {motower_daily.py:267} INFO - prepare final data
[2024-07-26T12:50:29.794+0000] {taskinstance.py:441} INFO - ::group::Post task execution logs
[2024-07-26T12:50:29.795+0000] {taskinstance.py:2905} ERROR - Task failed with exception
Traceback (most recent call last):
  File "/home/airflow/.local/lib/python3.12/site-packages/airflow/models/taskinstance.py", line 465, in _execute_task
    result = _execute_callable(context=context, **execute_callable_kwargs)
             ^^^^^^^^^^^^^^^^^^^^^^^^^^^^^^^^^^^^^^^^^^^^^^^^^^^^^^^^^^^^^
  File "/home/airflow/.local/lib/python3.12/site-packages/airflow/models/taskinstance.py", line 432, in _execute_callable
    return execute_callable(context=context, **execute_callable_kwargs)
           ^^^^^^^^^^^^^^^^^^^^^^^^^^^^^^^^^^^^^^^^^^^^^^^^^^^^^^^^^^^^
  File "/home/airflow/.local/lib/python3.12/site-packages/airflow/models/baseoperator.py", line 401, in wrapper
    return func(self, *args, **kwargs)
           ^^^^^^^^^^^^^^^^^^^^^^^^^^^
  File "/home/airflow/.local/lib/python3.12/site-packages/airflow/operators/python.py", line 235, in execute
    return_value = self.execute_callable()
                   ^^^^^^^^^^^^^^^^^^^^^^^
  File "/home/airflow/.local/lib/python3.12/site-packages/airflow/operators/python.py", line 252, in execute_callable
    return self.python_callable(*self.op_args, **self.op_kwargs)
           ^^^^^^^^^^^^^^^^^^^^^^^^^^^^^^^^^^^^^^^^^^^^^^^^^^^^^
  File "/opt/airflow/dags/gps/custom_dags/motower_daily.py", line 80, in clean_trafic
    data['mois'] = data["jour"].split("-")[1]
                   ^^^^^^^^^^^^^^^^^^
  File "/home/airflow/.local/lib/python3.12/site-packages/pandas/core/generic.py", line 6204, in __getattr__
    return object.__getattribute__(self, name)
           ^^^^^^^^^^^^^^^^^^^^^^^^^^^^^^^^^^^
AttributeError: 'Series' object has no attribute 'split'. Did you mean: 'plot'?
[2024-07-26T12:50:29.808+0000] {taskinstance.py:1206} INFO - Marking task as FAILED. dag_id=motower_daily_prod, task_id=clean_trafic_task, run_id=scheduled__2024-06-02T06:00:00+00:00, execution_date=20240602T060000, start_date=20240726T125029, end_date=20240726T125029
[2024-07-26T12:50:29.824+0000] {warnings.py:112} WARNING - /home/***/.local/lib/python3.12/site-packages/***/utils/email.py:154: RemovedInAirflow3Warning: Fetching SMTP credentials from configuration variables will be deprecated in a future release. Please set credentials using a connection instead.
  send_mime_email(e_from=mail_from, e_to=recipients, mime_msg=msg, conn_id=conn_id, dryrun=dryrun)

[2024-07-26T12:50:29.825+0000] {configuration.py:1053} WARNING - section/key [smtp/smtp_user] not found in config
[2024-07-26T12:50:29.825+0000] {email.py:271} INFO - Email alerting: attempt 1
[2024-07-26T12:50:29.833+0000] {configuration.py:1053} WARNING - section/key [smtp/smtp_user] not found in config
[2024-07-26T12:50:29.834+0000] {email.py:271} INFO - Email alerting: attempt 1
[2024-07-26T12:50:29.834+0000] {taskinstance.py:879} ERROR - Failed to send email to: ['richmond.kongo@orange.com', 'assane.diop@orange.com', 'cyrille1.danho@orange.com', 'mohamed2.sylla@orange.com', 'amadou.diomande@orange.com', 'Jonas.kouame@orange.com', 'armand.kablan@orange.com', 'anicet.azombade@orange.com', 'etienne.kouadio@orange.com', 'bertine.kouakou@orange.com', 'florentine.kouakou@orange.com', 'ange.phaceli@orange.com', 'soulegame.soro@orange.com', 'innocent.yengo@orange.com']
Traceback (most recent call last):
  File "/home/airflow/.local/lib/python3.12/site-packages/airflow/models/taskinstance.py", line 2479, in _run_raw_task
    self._execute_task_with_callbacks(context, test_mode, session=session)
  File "/home/airflow/.local/lib/python3.12/site-packages/airflow/models/taskinstance.py", line 2676, in _execute_task_with_callbacks
    result = self._execute_task(context, task_orig)
             ^^^^^^^^^^^^^^^^^^^^^^^^^^^^^^^^^^^^^^
  File "/home/airflow/.local/lib/python3.12/site-packages/airflow/models/taskinstance.py", line 2701, in _execute_task
    return _execute_task(self, context, task_orig)
           ^^^^^^^^^^^^^^^^^^^^^^^^^^^^^^^^^^^^^^^
  File "/home/airflow/.local/lib/python3.12/site-packages/airflow/models/taskinstance.py", line 465, in _execute_task
    result = _execute_callable(context=context, **execute_callable_kwargs)
             ^^^^^^^^^^^^^^^^^^^^^^^^^^^^^^^^^^^^^^^^^^^^^^^^^^^^^^^^^^^^^
  File "/home/airflow/.local/lib/python3.12/site-packages/airflow/models/taskinstance.py", line 432, in _execute_callable
    return execute_callable(context=context, **execute_callable_kwargs)
           ^^^^^^^^^^^^^^^^^^^^^^^^^^^^^^^^^^^^^^^^^^^^^^^^^^^^^^^^^^^^
  File "/home/airflow/.local/lib/python3.12/site-packages/airflow/models/baseoperator.py", line 401, in wrapper
    return func(self, *args, **kwargs)
           ^^^^^^^^^^^^^^^^^^^^^^^^^^^
  File "/home/airflow/.local/lib/python3.12/site-packages/airflow/operators/python.py", line 235, in execute
    return_value = self.execute_callable()
                   ^^^^^^^^^^^^^^^^^^^^^^^
  File "/home/airflow/.local/lib/python3.12/site-packages/airflow/operators/python.py", line 252, in execute_callable
    return self.python_callable(*self.op_args, **self.op_kwargs)
           ^^^^^^^^^^^^^^^^^^^^^^^^^^^^^^^^^^^^^^^^^^^^^^^^^^^^^
  File "/opt/airflow/dags/gps/custom_dags/motower_daily.py", line 80, in clean_trafic
    data['mois'] = data["jour"].split("-")[1]
                   ^^^^^^^^^^^^^^^^^^
  File "/home/airflow/.local/lib/python3.12/site-packages/pandas/core/generic.py", line 6204, in __getattr__
    return object.__getattribute__(self, name)
           ^^^^^^^^^^^^^^^^^^^^^^^^^^^^^^^^^^^
AttributeError: 'Series' object has no attribute 'split'. Did you mean: 'plot'?

During handling of the above exception, another exception occurred:

Traceback (most recent call last):
  File "/home/airflow/.local/lib/python3.12/site-packages/airflow/models/taskinstance.py", line 1063, in _email_alert
    send_email(task.email, subject, html_content)
  File "/home/airflow/.local/lib/python3.12/site-packages/airflow/utils/email.py", line 80, in send_email
    return backend(
           ^^^^^^^^
  File "/home/airflow/.local/lib/python3.12/site-packages/airflow/utils/email.py", line 154, in send_email_smtp
    send_mime_email(e_from=mail_from, e_to=recipients, mime_msg=msg, conn_id=conn_id, dryrun=dryrun)
  File "/home/airflow/.local/lib/python3.12/site-packages/airflow/utils/email.py", line 273, in send_mime_email
    smtp_conn = _get_smtp_connection(smtp_host, smtp_port, smtp_timeout, smtp_ssl)
                ^^^^^^^^^^^^^^^^^^^^^^^^^^^^^^^^^^^^^^^^^^^^^^^^^^^^^^^^^^^^^^^^^^
  File "/home/airflow/.local/lib/python3.12/site-packages/airflow/utils/email.py", line 317, in _get_smtp_connection
    return smtplib.SMTP(host=host, port=port, timeout=timeout)
           ^^^^^^^^^^^^^^^^^^^^^^^^^^^^^^^^^^^^^^^^^^^^^^^^^^^
  File "/usr/local/lib/python3.12/smtplib.py", line 255, in __init__
    (code, msg) = self.connect(host, port)
                  ^^^^^^^^^^^^^^^^^^^^^^^^
  File "/usr/local/lib/python3.12/smtplib.py", line 341, in connect
    self.sock = self._get_socket(host, port, self.timeout)
                ^^^^^^^^^^^^^^^^^^^^^^^^^^^^^^^^^^^^^^^^^^
  File "/usr/local/lib/python3.12/smtplib.py", line 312, in _get_socket
    return socket.create_connection((host, port), timeout,
           ^^^^^^^^^^^^^^^^^^^^^^^^^^^^^^^^^^^^^^^^^^^^^^^
  File "/usr/local/lib/python3.12/socket.py", line 853, in create_connection
    raise exceptions[0]
  File "/usr/local/lib/python3.12/socket.py", line 838, in create_connection
    sock.connect(sa)
ConnectionRefusedError: [Errno 111] Connection refused

During handling of the above exception, another exception occurred:

Traceback (most recent call last):
  File "/home/airflow/.local/lib/python3.12/site-packages/airflow/models/taskinstance.py", line 877, in _handle_failure
    task_instance.email_alert(error, failure_context["task"])
  File "/home/airflow/.local/lib/python3.12/site-packages/airflow/models/taskinstance.py", line 3163, in email_alert
    _email_alert(task_instance=self, exception=exception, task=task)
  File "/home/airflow/.local/lib/python3.12/site-packages/airflow/models/taskinstance.py", line 1065, in _email_alert
    send_email(task.email, subject, html_content_err)
  File "/home/airflow/.local/lib/python3.12/site-packages/airflow/utils/email.py", line 80, in send_email
    return backend(
           ^^^^^^^^
  File "/home/airflow/.local/lib/python3.12/site-packages/airflow/utils/email.py", line 154, in send_email_smtp
    send_mime_email(e_from=mail_from, e_to=recipients, mime_msg=msg, conn_id=conn_id, dryrun=dryrun)
  File "/home/airflow/.local/lib/python3.12/site-packages/airflow/utils/email.py", line 273, in send_mime_email
    smtp_conn = _get_smtp_connection(smtp_host, smtp_port, smtp_timeout, smtp_ssl)
                ^^^^^^^^^^^^^^^^^^^^^^^^^^^^^^^^^^^^^^^^^^^^^^^^^^^^^^^^^^^^^^^^^^
  File "/home/airflow/.local/lib/python3.12/site-packages/airflow/utils/email.py", line 317, in _get_smtp_connection
    return smtplib.SMTP(host=host, port=port, timeout=timeout)
           ^^^^^^^^^^^^^^^^^^^^^^^^^^^^^^^^^^^^^^^^^^^^^^^^^^^
  File "/usr/local/lib/python3.12/smtplib.py", line 255, in __init__
    (code, msg) = self.connect(host, port)
                  ^^^^^^^^^^^^^^^^^^^^^^^^
  File "/usr/local/lib/python3.12/smtplib.py", line 341, in connect
    self.sock = self._get_socket(host, port, self.timeout)
                ^^^^^^^^^^^^^^^^^^^^^^^^^^^^^^^^^^^^^^^^^^
  File "/usr/local/lib/python3.12/smtplib.py", line 312, in _get_socket
    return socket.create_connection((host, port), timeout,
           ^^^^^^^^^^^^^^^^^^^^^^^^^^^^^^^^^^^^^^^^^^^^^^^
  File "/usr/local/lib/python3.12/socket.py", line 853, in create_connection
    raise exceptions[0]
  File "/usr/local/lib/python3.12/socket.py", line 838, in create_connection
    sock.connect(sa)
ConnectionRefusedError: [Errno 111] Connection refused
[2024-07-26T12:50:29.844+0000] {alerting.py:71} INFO - send alert mail to richmond.kongo@orange.com, assane.diop@orange.com, cyrille1.danho@orange.com, mohamed2.sylla@orange.com, amadou.diomande@orange.com, Jonas.kouame@orange.com, armand.kablan@orange.com, anicet.azombade@orange.com, etienne.kouadio@orange.com, bertine.kouakou@orange.com, florentine.kouakou@orange.com, ange.phaceli@orange.com, soulegame.soro@orange.com, innocent.yengo@orange.com
[2024-07-26T12:50:29.845+0000] {alerting.py:30} INFO - Sending mail ... 
[2024-07-26T12:50:29.845+0000] {alerting.py:38} ERROR - Failed to send email: please run connect() first
[2024-07-26T12:50:29.858+0000] {standard_task_runner.py:110} ERROR - Failed to execute job 286 for task clean_trafic_task ('Series' object has no attribute 'split'; 1080)
[2024-07-26T12:50:29.910+0000] {local_task_job_runner.py:243} INFO - Task exited with return code 1
[2024-07-26T12:50:29.926+0000] {taskinstance.py:3503} INFO - 0 downstream tasks scheduled from follow-on schedule check
[2024-07-26T12:50:29.927+0000] {local_task_job_runner.py:222} INFO - ::endgroup::
[2024-07-26T12:53:32.620+0000] {local_task_job_runner.py:120} INFO - ::group::Pre task execution logs
[2024-07-26T12:53:32.906+0000] {taskinstance.py:2076} INFO - Dependencies all met for dep_context=non-requeueable deps ti=<TaskInstance: motower_daily_prod.clean_trafic_task scheduled__2024-06-02T06:00:00+00:00 [queued]>
[2024-07-26T12:53:32.918+0000] {taskinstance.py:2076} INFO - Dependencies all met for dep_context=requeueable deps ti=<TaskInstance: motower_daily_prod.clean_trafic_task scheduled__2024-06-02T06:00:00+00:00 [queued]>
[2024-07-26T12:53:32.918+0000] {taskinstance.py:2306} INFO - Starting attempt 1 of 1
[2024-07-26T12:53:32.936+0000] {taskinstance.py:2330} INFO - Executing <Task(PythonOperator): clean_trafic_task> on 2024-06-02 06:00:00+00:00
[2024-07-26T12:53:32.951+0000] {warnings.py:112} WARNING - /home/***/.local/lib/python3.12/site-packages/***/task/task_runner/standard_task_runner.py:62: DeprecationWarning: This process (pid=1527) is multi-threaded, use of fork() may lead to deadlocks in the child.
  pid = os.fork()

[2024-07-26T12:53:32.953+0000] {standard_task_runner.py:64} INFO - Started process 1547 to run task
[2024-07-26T12:53:32.953+0000] {standard_task_runner.py:90} INFO - Running: ['***', 'tasks', 'run', 'motower_daily_prod', 'clean_trafic_task', 'scheduled__2024-06-02T06:00:00+00:00', '--job-id', '426', '--raw', '--subdir', 'DAGS_FOLDER/gps/custom_dags/motower_daily.py', '--cfg-path', '/tmp/tmpd9p8q4hf']
[2024-07-26T12:53:32.957+0000] {standard_task_runner.py:91} INFO - Job 426: Subtask clean_trafic_task
[2024-07-26T12:53:33.016+0000] {task_command.py:426} INFO - Running <TaskInstance: motower_daily_prod.clean_trafic_task scheduled__2024-06-02T06:00:00+00:00 [running]> on host e824106b656d
[2024-07-26T12:53:33.135+0000] {taskinstance.py:2648} INFO - Exporting env vars: AIRFLOW_CTX_DAG_EMAIL='richmond.kongo@orange.com,assane.diop@orange.com,cyrille1.danho@orange.com,mohamed2.sylla@orange.com,amadou.diomande@orange.com,Jonas.kouame@orange.com,armand.kablan@orange.com,anicet.azombade@orange.com,etienne.kouadio@orange.com,bertine.kouakou@orange.com,florentine.kouakou@orange.com,ange.phaceli@orange.com,soulegame.soro@orange.com,innocent.yengo@orange.com' AIRFLOW_CTX_DAG_OWNER='***' AIRFLOW_CTX_DAG_ID='motower_daily_prod' AIRFLOW_CTX_TASK_ID='clean_trafic_task' AIRFLOW_CTX_EXECUTION_DATE='2024-06-02T06:00:00+00:00' AIRFLOW_CTX_TRY_NUMBER='1' AIRFLOW_CTX_DAG_RUN_ID='scheduled__2024-06-02T06:00:00+00:00'
[2024-07-26T12:53:33.136+0000] {taskinstance.py:430} INFO - ::endgroup::
[2024-07-26T12:53:33.183+0000] {data_validation.py:11} INFO - START VALIDATION OF COLUMN trafic_data_go
[2024-07-26T12:53:33.185+0000] {data_validation.py:20} INFO - DATA OF COLUMN trafic_data_go ARE VALID
[2024-07-26T12:53:33.186+0000] {data_validation.py:11} INFO - START VALIDATION OF COLUMN trafic_voix_erl
[2024-07-26T12:53:33.187+0000] {data_validation.py:20} INFO - DATA OF COLUMN trafic_voix_erl ARE VALID
[2024-07-26T12:53:33.188+0000] {motower_daily.py:267} INFO - prepare final data
[2024-07-26T12:53:33.199+0000] {logging_mixin.py:188} INFO - ================================
[2024-07-26T12:53:33.200+0000] {logging_mixin.py:188} INFO - object
[2024-07-26T12:53:33.231+0000] {python.py:237} INFO - Done. Returned value was: None
[2024-07-26T12:53:33.232+0000] {taskinstance.py:441} INFO - ::group::Post task execution logs
[2024-07-26T12:53:33.246+0000] {taskinstance.py:1206} INFO - Marking task as SUCCESS. dag_id=motower_daily_prod, task_id=clean_trafic_task, run_id=scheduled__2024-06-02T06:00:00+00:00, execution_date=20240602T060000, start_date=20240726T125332, end_date=20240726T125333
[2024-07-26T12:53:33.290+0000] {local_task_job_runner.py:243} INFO - Task exited with return code 0
[2024-07-26T12:53:33.311+0000] {taskinstance.py:3503} INFO - 0 downstream tasks scheduled from follow-on schedule check
[2024-07-26T12:53:33.313+0000] {local_task_job_runner.py:222} INFO - ::endgroup::
[2024-07-29T11:48:43.015+0000] {local_task_job_runner.py:120} INFO - ::group::Pre task execution logs
[2024-07-29T11:48:43.244+0000] {taskinstance.py:2076} INFO - Dependencies all met for dep_context=non-requeueable deps ti=<TaskInstance: motower_daily_prod.clean_trafic_task scheduled__2024-06-02T06:00:00+00:00 [queued]>
[2024-07-29T11:48:43.253+0000] {taskinstance.py:2076} INFO - Dependencies all met for dep_context=requeueable deps ti=<TaskInstance: motower_daily_prod.clean_trafic_task scheduled__2024-06-02T06:00:00+00:00 [queued]>
[2024-07-29T11:48:43.253+0000] {taskinstance.py:2306} INFO - Starting attempt 1 of 1
[2024-07-29T11:48:43.264+0000] {taskinstance.py:2330} INFO - Executing <Task(PythonOperator): clean_trafic_task> on 2024-06-02 06:00:00+00:00
[2024-07-29T11:48:43.273+0000] {warnings.py:112} WARNING - /home/***/.local/lib/python3.12/site-packages/***/task/task_runner/standard_task_runner.py:62: DeprecationWarning: This process (pid=2311) is multi-threaded, use of fork() may lead to deadlocks in the child.
  pid = os.fork()

[2024-07-29T11:48:43.275+0000] {standard_task_runner.py:64} INFO - Started process 2323 to run task
[2024-07-29T11:48:43.275+0000] {standard_task_runner.py:90} INFO - Running: ['***', 'tasks', 'run', 'motower_daily_prod', 'clean_trafic_task', 'scheduled__2024-06-02T06:00:00+00:00', '--job-id', '624', '--raw', '--subdir', 'DAGS_FOLDER/gps/custom_dags/motower_daily.py', '--cfg-path', '/tmp/tmpey_3m3oi']
[2024-07-29T11:48:43.278+0000] {standard_task_runner.py:91} INFO - Job 624: Subtask clean_trafic_task
[2024-07-29T11:48:43.317+0000] {task_command.py:426} INFO - Running <TaskInstance: motower_daily_prod.clean_trafic_task scheduled__2024-06-02T06:00:00+00:00 [running]> on host e824106b656d
[2024-07-29T11:48:43.396+0000] {taskinstance.py:2648} INFO - Exporting env vars: AIRFLOW_CTX_DAG_EMAIL='richmond.kongo@orange.com,assane.diop@orange.com,cyrille1.danho@orange.com,mohamed2.sylla@orange.com,amadou.diomande@orange.com,Jonas.kouame@orange.com,armand.kablan@orange.com,anicet.azombade@orange.com,etienne.kouadio@orange.com,bertine.kouakou@orange.com,florentine.kouakou@orange.com,ange.phaceli@orange.com,soulegame.soro@orange.com,innocent.yengo@orange.com' AIRFLOW_CTX_DAG_OWNER='***' AIRFLOW_CTX_DAG_ID='motower_daily_prod' AIRFLOW_CTX_TASK_ID='clean_trafic_task' AIRFLOW_CTX_EXECUTION_DATE='2024-06-02T06:00:00+00:00' AIRFLOW_CTX_TRY_NUMBER='1' AIRFLOW_CTX_DAG_RUN_ID='scheduled__2024-06-02T06:00:00+00:00'
[2024-07-29T11:48:43.397+0000] {taskinstance.py:430} INFO - ::endgroup::
[2024-07-29T11:48:43.427+0000] {data_validation.py:11} INFO - START VALIDATION OF COLUMN trafic_data_go
[2024-07-29T11:48:43.428+0000] {data_validation.py:20} INFO - DATA OF COLUMN trafic_data_go ARE VALID
[2024-07-29T11:48:43.428+0000] {data_validation.py:11} INFO - START VALIDATION OF COLUMN trafic_voix_erl
[2024-07-29T11:48:43.429+0000] {data_validation.py:20} INFO - DATA OF COLUMN trafic_voix_erl ARE VALID
[2024-07-29T11:48:43.429+0000] {motower_daily.py:267} INFO - prepare final data
[2024-07-29T11:48:43.437+0000] {logging_mixin.py:188} INFO - ================================
[2024-07-29T11:48:43.438+0000] {logging_mixin.py:188} INFO - object
[2024-07-29T11:48:43.461+0000] {taskinstance.py:441} INFO - ::group::Post task execution logs
[2024-07-29T11:48:43.462+0000] {taskinstance.py:2905} ERROR - Task failed with exception
Traceback (most recent call last):
  File "/home/airflow/.local/lib/python3.12/site-packages/sqlalchemy/engine/base.py", line 1890, in _execute_context
    self.dialect.do_executemany(
  File "/home/airflow/.local/lib/python3.12/site-packages/sqlalchemy/dialects/postgresql/psycopg2.py", line 982, in do_executemany
    context._psycopg2_fetched_rows = xtras.execute_values(
                                     ^^^^^^^^^^^^^^^^^^^^^
  File "/home/airflow/.local/lib/python3.12/site-packages/psycopg2/extras.py", line 1299, in execute_values
    cur.execute(b''.join(parts))
psycopg2.errors.UndefinedColumn: column "mois" of relation "motower_daily_trafic" does not exist
LINE 1: ...ic_voix_4g, trafic_voix_total, trafic_data_total, mois, anne...
                                                             ^


The above exception was the direct cause of the following exception:

Traceback (most recent call last):
  File "/home/airflow/.local/lib/python3.12/site-packages/airflow/models/taskinstance.py", line 465, in _execute_task
    result = _execute_callable(context=context, **execute_callable_kwargs)
             ^^^^^^^^^^^^^^^^^^^^^^^^^^^^^^^^^^^^^^^^^^^^^^^^^^^^^^^^^^^^^
  File "/home/airflow/.local/lib/python3.12/site-packages/airflow/models/taskinstance.py", line 432, in _execute_callable
    return execute_callable(context=context, **execute_callable_kwargs)
           ^^^^^^^^^^^^^^^^^^^^^^^^^^^^^^^^^^^^^^^^^^^^^^^^^^^^^^^^^^^^
  File "/home/airflow/.local/lib/python3.12/site-packages/airflow/models/baseoperator.py", line 401, in wrapper
    return func(self, *args, **kwargs)
           ^^^^^^^^^^^^^^^^^^^^^^^^^^^
  File "/home/airflow/.local/lib/python3.12/site-packages/airflow/operators/python.py", line 235, in execute
    return_value = self.execute_callable()
                   ^^^^^^^^^^^^^^^^^^^^^^^
  File "/home/airflow/.local/lib/python3.12/site-packages/airflow/operators/python.py", line 252, in execute_callable
    return self.python_callable(*self.op_args, **self.op_kwargs)
           ^^^^^^^^^^^^^^^^^^^^^^^^^^^^^^^^^^^^^^^^^^^^^^^^^^^^^
  File "/opt/airflow/dags/gps/custom_dags/motower_daily.py", line 84, in clean_trafic
    write_pg(PG_SAVE_HOST, PG_SAVE_DB, PG_SAVE_USER, PG_SAVE_PASSWORD, data, "motower_daily_trafic")
  File "/opt/airflow/dags/gps/common/rwpg.py", line 66, in write_pg
    data.to_sql(table, engine, index=False, if_exists = 'append')
  File "/home/airflow/.local/lib/python3.12/site-packages/pandas/util/_decorators.py", line 333, in wrapper
    return func(*args, **kwargs)
           ^^^^^^^^^^^^^^^^^^^^^
  File "/home/airflow/.local/lib/python3.12/site-packages/pandas/core/generic.py", line 3008, in to_sql
    return sql.to_sql(
           ^^^^^^^^^^^
  File "/home/airflow/.local/lib/python3.12/site-packages/pandas/io/sql.py", line 788, in to_sql
    return pandas_sql.to_sql(
           ^^^^^^^^^^^^^^^^^^
  File "/home/airflow/.local/lib/python3.12/site-packages/pandas/io/sql.py", line 1958, in to_sql
    total_inserted = sql_engine.insert_records(
                     ^^^^^^^^^^^^^^^^^^^^^^^^^^
  File "/home/airflow/.local/lib/python3.12/site-packages/pandas/io/sql.py", line 1507, in insert_records
    raise err
  File "/home/airflow/.local/lib/python3.12/site-packages/pandas/io/sql.py", line 1498, in insert_records
    return table.insert(chunksize=chunksize, method=method)
           ^^^^^^^^^^^^^^^^^^^^^^^^^^^^^^^^^^^^^^^^^^^^^^^^
  File "/home/airflow/.local/lib/python3.12/site-packages/pandas/io/sql.py", line 1059, in insert
    num_inserted = exec_insert(conn, keys, chunk_iter)
                   ^^^^^^^^^^^^^^^^^^^^^^^^^^^^^^^^^^^
  File "/home/airflow/.local/lib/python3.12/site-packages/pandas/io/sql.py", line 951, in _execute_insert
    result = conn.execute(self.table.insert(), data)
             ^^^^^^^^^^^^^^^^^^^^^^^^^^^^^^^^^^^^^^^
  File "/home/airflow/.local/lib/python3.12/site-packages/sqlalchemy/engine/base.py", line 1385, in execute
    return meth(self, multiparams, params, _EMPTY_EXECUTION_OPTS)
           ^^^^^^^^^^^^^^^^^^^^^^^^^^^^^^^^^^^^^^^^^^^^^^^^^^^^^^
  File "/home/airflow/.local/lib/python3.12/site-packages/sqlalchemy/sql/elements.py", line 334, in _execute_on_connection
    return connection._execute_clauseelement(
           ^^^^^^^^^^^^^^^^^^^^^^^^^^^^^^^^^^
  File "/home/airflow/.local/lib/python3.12/site-packages/sqlalchemy/engine/base.py", line 1577, in _execute_clauseelement
    ret = self._execute_context(
          ^^^^^^^^^^^^^^^^^^^^^^
  File "/home/airflow/.local/lib/python3.12/site-packages/sqlalchemy/engine/base.py", line 1953, in _execute_context
    self._handle_dbapi_exception(
  File "/home/airflow/.local/lib/python3.12/site-packages/sqlalchemy/engine/base.py", line 2134, in _handle_dbapi_exception
    util.raise_(
  File "/home/airflow/.local/lib/python3.12/site-packages/sqlalchemy/util/compat.py", line 211, in raise_
    raise exception
  File "/home/airflow/.local/lib/python3.12/site-packages/sqlalchemy/engine/base.py", line 1890, in _execute_context
    self.dialect.do_executemany(
  File "/home/airflow/.local/lib/python3.12/site-packages/sqlalchemy/dialects/postgresql/psycopg2.py", line 982, in do_executemany
    context._psycopg2_fetched_rows = xtras.execute_values(
                                     ^^^^^^^^^^^^^^^^^^^^^
  File "/home/airflow/.local/lib/python3.12/site-packages/psycopg2/extras.py", line 1299, in execute_values
    cur.execute(b''.join(parts))
sqlalchemy.exc.ProgrammingError: (psycopg2.errors.UndefinedColumn) column "mois" of relation "motower_daily_trafic" does not exist
LINE 1: ...ic_voix_4g, trafic_voix_total, trafic_data_total, mois, anne...
                                                             ^

[SQL: INSERT INTO motower_daily_trafic (jour, id_site, trafic_data_2g, trafic_data_3g, trafic_data_4g, trafic_voix_2g, trafic_voix_3g, trafic_voix_4g, trafic_voix_total, trafic_data_total, mois, annee) VALUES (%(jour)s, %(id_site)s, %(trafic_data_2g)s, %(trafic_data_3g)s, %(trafic_data_4g)s, %(trafic_voix_2g)s, %(trafic_voix_3g)s, %(trafic_voix_4g)s, %(trafic_voix_total)s, %(trafic_data_total)s, %(mois)s, %(annee)s)]
[parameters: ({'jour': '2024-06-01', 'id_site': 46.0, 'trafic_data_2g': None, 'trafic_data_3g': 2.4787667, 'trafic_data_4g': None, 'trafic_voix_2g': None, 'trafic_voix_3g': 698.35, 'trafic_voix_4g': None, 'trafic_voix_total': None, 'trafic_data_total': None, 'mois': '06', 'annee': '2024'}, {'jour': '2024-06-01', 'id_site': 226.0, 'trafic_data_2g': None, 'trafic_data_3g': None, 'trafic_data_4g': 9.422021, 'trafic_voix_2g': None, 'trafic_voix_3g': None, 'trafic_voix_4g': 745.78, 'trafic_voix_total': None, 'trafic_data_total': None, 'mois': '06', 'annee': '2024'}, {'jour': '2024-06-01', 'id_site': 505.0, 'trafic_data_2g': None, 'trafic_data_3g': 3.7328753, 'trafic_data_4g': None, 'trafic_voix_2g': None, 'trafic_voix_3g': 849.32, 'trafic_voix_4g': None, 'trafic_voix_total': None, 'trafic_data_total': None, 'mois': '06', 'annee': '2024'}, {'jour': '2024-06-01', 'id_site': 593.0, 'trafic_data_2g': None, 'trafic_data_3g': 7.0053353, 'trafic_data_4g': None, 'trafic_voix_2g': None, 'trafic_voix_3g': 426.93, 'trafic_voix_4g': None, 'trafic_voix_total': None, 'trafic_data_total': None, 'mois': '06', 'annee': '2024'}, {'jour': '2024-06-01', 'id_site': 628.0, 'trafic_data_2g': None, 'trafic_data_3g': None, 'trafic_data_4g': 5.1922545, 'trafic_voix_2g': None, 'trafic_voix_3g': None, 'trafic_voix_4g': 769.22, 'trafic_voix_total': None, 'trafic_data_total': None, 'mois': '06', 'annee': '2024'}, {'jour': '2024-06-01', 'id_site': 888.0, 'trafic_data_2g': None, 'trafic_data_3g': 1.7528384, 'trafic_data_4g': None, 'trafic_voix_2g': None, 'trafic_voix_3g': 408.95, 'trafic_voix_4g': None, 'trafic_voix_total': None, 'trafic_data_total': None, 'mois': '06', 'annee': '2024'}, {'jour': '2024-06-01', 'id_site': 1645.0, 'trafic_data_2g': None, 'trafic_data_3g': None, 'trafic_data_4g': 3.6717072, 'trafic_voix_2g': None, 'trafic_voix_3g': None, 'trafic_voix_4g': 722.28, 'trafic_voix_total': None, 'trafic_data_total': None, 'mois': '06', 'annee': '2024'}, {'jour': '2024-06-01', 'id_site': 2183.0, 'trafic_data_2g': None, 'trafic_data_3g': 8.053013, 'trafic_data_4g': None, 'trafic_voix_2g': None, 'trafic_voix_3g': 508.4, 'trafic_voix_4g': None, 'trafic_voix_total': None, 'trafic_data_total': None, 'mois': '06', 'annee': '2024'}  ... displaying 10 of 15 total bound parameter sets ...  {'jour': '2024-06-01', 'id_site': 4328.0, 'trafic_data_2g': None, 'trafic_data_3g': 6.3414674, 'trafic_data_4g': None, 'trafic_voix_2g': None, 'trafic_voix_3g': 805.77, 'trafic_voix_4g': None, 'trafic_voix_total': None, 'trafic_data_total': None, 'mois': '06', 'annee': '2024'}, {'jour': '2024-06-01', 'id_site': 4757.0, 'trafic_data_2g': None, 'trafic_data_3g': None, 'trafic_data_4g': 6.4613957, 'trafic_voix_2g': None, 'trafic_voix_3g': None, 'trafic_voix_4g': 109.0, 'trafic_voix_total': None, 'trafic_data_total': None, 'mois': '06', 'annee': '2024'})]
(Background on this error at: https://sqlalche.me/e/14/f405)
[2024-07-29T11:48:43.475+0000] {taskinstance.py:1206} INFO - Marking task as FAILED. dag_id=motower_daily_prod, task_id=clean_trafic_task, run_id=scheduled__2024-06-02T06:00:00+00:00, execution_date=20240602T060000, start_date=20240729T114843, end_date=20240729T114843
[2024-07-29T11:48:43.488+0000] {warnings.py:112} WARNING - /home/***/.local/lib/python3.12/site-packages/***/utils/email.py:154: RemovedInAirflow3Warning: Fetching SMTP credentials from configuration variables will be deprecated in a future release. Please set credentials using a connection instead.
  send_mime_email(e_from=mail_from, e_to=recipients, mime_msg=msg, conn_id=conn_id, dryrun=dryrun)

[2024-07-29T11:48:43.489+0000] {configuration.py:1053} WARNING - section/key [smtp/smtp_user] not found in config
[2024-07-29T11:48:43.489+0000] {email.py:271} INFO - Email alerting: attempt 1
[2024-07-29T11:48:43.495+0000] {configuration.py:1053} WARNING - section/key [smtp/smtp_user] not found in config
[2024-07-29T11:48:43.495+0000] {email.py:271} INFO - Email alerting: attempt 1
[2024-07-29T11:48:43.496+0000] {taskinstance.py:879} ERROR - Failed to send email to: ['richmond.kongo@orange.com', 'assane.diop@orange.com', 'cyrille1.danho@orange.com', 'mohamed2.sylla@orange.com', 'amadou.diomande@orange.com', 'Jonas.kouame@orange.com', 'armand.kablan@orange.com', 'anicet.azombade@orange.com', 'etienne.kouadio@orange.com', 'bertine.kouakou@orange.com', 'florentine.kouakou@orange.com', 'ange.phaceli@orange.com', 'soulegame.soro@orange.com', 'innocent.yengo@orange.com']
Traceback (most recent call last):
  File "/home/airflow/.local/lib/python3.12/site-packages/sqlalchemy/engine/base.py", line 1890, in _execute_context
    self.dialect.do_executemany(
  File "/home/airflow/.local/lib/python3.12/site-packages/sqlalchemy/dialects/postgresql/psycopg2.py", line 982, in do_executemany
    context._psycopg2_fetched_rows = xtras.execute_values(
                                     ^^^^^^^^^^^^^^^^^^^^^
  File "/home/airflow/.local/lib/python3.12/site-packages/psycopg2/extras.py", line 1299, in execute_values
    cur.execute(b''.join(parts))
psycopg2.errors.UndefinedColumn: column "mois" of relation "motower_daily_trafic" does not exist
LINE 1: ...ic_voix_4g, trafic_voix_total, trafic_data_total, mois, anne...
                                                             ^


The above exception was the direct cause of the following exception:

Traceback (most recent call last):
  File "/home/airflow/.local/lib/python3.12/site-packages/airflow/models/taskinstance.py", line 2479, in _run_raw_task
    self._execute_task_with_callbacks(context, test_mode, session=session)
  File "/home/airflow/.local/lib/python3.12/site-packages/airflow/models/taskinstance.py", line 2676, in _execute_task_with_callbacks
    result = self._execute_task(context, task_orig)
             ^^^^^^^^^^^^^^^^^^^^^^^^^^^^^^^^^^^^^^
  File "/home/airflow/.local/lib/python3.12/site-packages/airflow/models/taskinstance.py", line 2701, in _execute_task
    return _execute_task(self, context, task_orig)
           ^^^^^^^^^^^^^^^^^^^^^^^^^^^^^^^^^^^^^^^
  File "/home/airflow/.local/lib/python3.12/site-packages/airflow/models/taskinstance.py", line 465, in _execute_task
    result = _execute_callable(context=context, **execute_callable_kwargs)
             ^^^^^^^^^^^^^^^^^^^^^^^^^^^^^^^^^^^^^^^^^^^^^^^^^^^^^^^^^^^^^
  File "/home/airflow/.local/lib/python3.12/site-packages/airflow/models/taskinstance.py", line 432, in _execute_callable
    return execute_callable(context=context, **execute_callable_kwargs)
           ^^^^^^^^^^^^^^^^^^^^^^^^^^^^^^^^^^^^^^^^^^^^^^^^^^^^^^^^^^^^
  File "/home/airflow/.local/lib/python3.12/site-packages/airflow/models/baseoperator.py", line 401, in wrapper
    return func(self, *args, **kwargs)
           ^^^^^^^^^^^^^^^^^^^^^^^^^^^
  File "/home/airflow/.local/lib/python3.12/site-packages/airflow/operators/python.py", line 235, in execute
    return_value = self.execute_callable()
                   ^^^^^^^^^^^^^^^^^^^^^^^
  File "/home/airflow/.local/lib/python3.12/site-packages/airflow/operators/python.py", line 252, in execute_callable
    return self.python_callable(*self.op_args, **self.op_kwargs)
           ^^^^^^^^^^^^^^^^^^^^^^^^^^^^^^^^^^^^^^^^^^^^^^^^^^^^^
  File "/opt/airflow/dags/gps/custom_dags/motower_daily.py", line 84, in clean_trafic
    write_pg(PG_SAVE_HOST, PG_SAVE_DB, PG_SAVE_USER, PG_SAVE_PASSWORD, data, "motower_daily_trafic")
  File "/opt/airflow/dags/gps/common/rwpg.py", line 66, in write_pg
    data.to_sql(table, engine, index=False, if_exists = 'append')
  File "/home/airflow/.local/lib/python3.12/site-packages/pandas/util/_decorators.py", line 333, in wrapper
    return func(*args, **kwargs)
           ^^^^^^^^^^^^^^^^^^^^^
  File "/home/airflow/.local/lib/python3.12/site-packages/pandas/core/generic.py", line 3008, in to_sql
    return sql.to_sql(
           ^^^^^^^^^^^
  File "/home/airflow/.local/lib/python3.12/site-packages/pandas/io/sql.py", line 788, in to_sql
    return pandas_sql.to_sql(
           ^^^^^^^^^^^^^^^^^^
  File "/home/airflow/.local/lib/python3.12/site-packages/pandas/io/sql.py", line 1958, in to_sql
    total_inserted = sql_engine.insert_records(
                     ^^^^^^^^^^^^^^^^^^^^^^^^^^
  File "/home/airflow/.local/lib/python3.12/site-packages/pandas/io/sql.py", line 1507, in insert_records
    raise err
  File "/home/airflow/.local/lib/python3.12/site-packages/pandas/io/sql.py", line 1498, in insert_records
    return table.insert(chunksize=chunksize, method=method)
           ^^^^^^^^^^^^^^^^^^^^^^^^^^^^^^^^^^^^^^^^^^^^^^^^
  File "/home/airflow/.local/lib/python3.12/site-packages/pandas/io/sql.py", line 1059, in insert
    num_inserted = exec_insert(conn, keys, chunk_iter)
                   ^^^^^^^^^^^^^^^^^^^^^^^^^^^^^^^^^^^
  File "/home/airflow/.local/lib/python3.12/site-packages/pandas/io/sql.py", line 951, in _execute_insert
    result = conn.execute(self.table.insert(), data)
             ^^^^^^^^^^^^^^^^^^^^^^^^^^^^^^^^^^^^^^^
  File "/home/airflow/.local/lib/python3.12/site-packages/sqlalchemy/engine/base.py", line 1385, in execute
    return meth(self, multiparams, params, _EMPTY_EXECUTION_OPTS)
           ^^^^^^^^^^^^^^^^^^^^^^^^^^^^^^^^^^^^^^^^^^^^^^^^^^^^^^
  File "/home/airflow/.local/lib/python3.12/site-packages/sqlalchemy/sql/elements.py", line 334, in _execute_on_connection
    return connection._execute_clauseelement(
           ^^^^^^^^^^^^^^^^^^^^^^^^^^^^^^^^^^
  File "/home/airflow/.local/lib/python3.12/site-packages/sqlalchemy/engine/base.py", line 1577, in _execute_clauseelement
    ret = self._execute_context(
          ^^^^^^^^^^^^^^^^^^^^^^
  File "/home/airflow/.local/lib/python3.12/site-packages/sqlalchemy/engine/base.py", line 1953, in _execute_context
    self._handle_dbapi_exception(
  File "/home/airflow/.local/lib/python3.12/site-packages/sqlalchemy/engine/base.py", line 2134, in _handle_dbapi_exception
    util.raise_(
  File "/home/airflow/.local/lib/python3.12/site-packages/sqlalchemy/util/compat.py", line 211, in raise_
    raise exception
  File "/home/airflow/.local/lib/python3.12/site-packages/sqlalchemy/engine/base.py", line 1890, in _execute_context
    self.dialect.do_executemany(
  File "/home/airflow/.local/lib/python3.12/site-packages/sqlalchemy/dialects/postgresql/psycopg2.py", line 982, in do_executemany
    context._psycopg2_fetched_rows = xtras.execute_values(
                                     ^^^^^^^^^^^^^^^^^^^^^
  File "/home/airflow/.local/lib/python3.12/site-packages/psycopg2/extras.py", line 1299, in execute_values
    cur.execute(b''.join(parts))
sqlalchemy.exc.ProgrammingError: (psycopg2.errors.UndefinedColumn) column "mois" of relation "motower_daily_trafic" does not exist
LINE 1: ...ic_voix_4g, trafic_voix_total, trafic_data_total, mois, anne...
                                                             ^

[SQL: INSERT INTO motower_daily_trafic (jour, id_site, trafic_data_2g, trafic_data_3g, trafic_data_4g, trafic_voix_2g, trafic_voix_3g, trafic_voix_4g, trafic_voix_total, trafic_data_total, mois, annee) VALUES (%(jour)s, %(id_site)s, %(trafic_data_2g)s, %(trafic_data_3g)s, %(trafic_data_4g)s, %(trafic_voix_2g)s, %(trafic_voix_3g)s, %(trafic_voix_4g)s, %(trafic_voix_total)s, %(trafic_data_total)s, %(mois)s, %(annee)s)]
[parameters: ({'jour': '2024-06-01', 'id_site': 46.0, 'trafic_data_2g': None, 'trafic_data_3g': 2.4787667, 'trafic_data_4g': None, 'trafic_voix_2g': None, 'trafic_voix_3g': 698.35, 'trafic_voix_4g': None, 'trafic_voix_total': None, 'trafic_data_total': None, 'mois': '06', 'annee': '2024'}, {'jour': '2024-06-01', 'id_site': 226.0, 'trafic_data_2g': None, 'trafic_data_3g': None, 'trafic_data_4g': 9.422021, 'trafic_voix_2g': None, 'trafic_voix_3g': None, 'trafic_voix_4g': 745.78, 'trafic_voix_total': None, 'trafic_data_total': None, 'mois': '06', 'annee': '2024'}, {'jour': '2024-06-01', 'id_site': 505.0, 'trafic_data_2g': None, 'trafic_data_3g': 3.7328753, 'trafic_data_4g': None, 'trafic_voix_2g': None, 'trafic_voix_3g': 849.32, 'trafic_voix_4g': None, 'trafic_voix_total': None, 'trafic_data_total': None, 'mois': '06', 'annee': '2024'}, {'jour': '2024-06-01', 'id_site': 593.0, 'trafic_data_2g': None, 'trafic_data_3g': 7.0053353, 'trafic_data_4g': None, 'trafic_voix_2g': None, 'trafic_voix_3g': 426.93, 'trafic_voix_4g': None, 'trafic_voix_total': None, 'trafic_data_total': None, 'mois': '06', 'annee': '2024'}, {'jour': '2024-06-01', 'id_site': 628.0, 'trafic_data_2g': None, 'trafic_data_3g': None, 'trafic_data_4g': 5.1922545, 'trafic_voix_2g': None, 'trafic_voix_3g': None, 'trafic_voix_4g': 769.22, 'trafic_voix_total': None, 'trafic_data_total': None, 'mois': '06', 'annee': '2024'}, {'jour': '2024-06-01', 'id_site': 888.0, 'trafic_data_2g': None, 'trafic_data_3g': 1.7528384, 'trafic_data_4g': None, 'trafic_voix_2g': None, 'trafic_voix_3g': 408.95, 'trafic_voix_4g': None, 'trafic_voix_total': None, 'trafic_data_total': None, 'mois': '06', 'annee': '2024'}, {'jour': '2024-06-01', 'id_site': 1645.0, 'trafic_data_2g': None, 'trafic_data_3g': None, 'trafic_data_4g': 3.6717072, 'trafic_voix_2g': None, 'trafic_voix_3g': None, 'trafic_voix_4g': 722.28, 'trafic_voix_total': None, 'trafic_data_total': None, 'mois': '06', 'annee': '2024'}, {'jour': '2024-06-01', 'id_site': 2183.0, 'trafic_data_2g': None, 'trafic_data_3g': 8.053013, 'trafic_data_4g': None, 'trafic_voix_2g': None, 'trafic_voix_3g': 508.4, 'trafic_voix_4g': None, 'trafic_voix_total': None, 'trafic_data_total': None, 'mois': '06', 'annee': '2024'}  ... displaying 10 of 15 total bound parameter sets ...  {'jour': '2024-06-01', 'id_site': 4328.0, 'trafic_data_2g': None, 'trafic_data_3g': 6.3414674, 'trafic_data_4g': None, 'trafic_voix_2g': None, 'trafic_voix_3g': 805.77, 'trafic_voix_4g': None, 'trafic_voix_total': None, 'trafic_data_total': None, 'mois': '06', 'annee': '2024'}, {'jour': '2024-06-01', 'id_site': 4757.0, 'trafic_data_2g': None, 'trafic_data_3g': None, 'trafic_data_4g': 6.4613957, 'trafic_voix_2g': None, 'trafic_voix_3g': None, 'trafic_voix_4g': 109.0, 'trafic_voix_total': None, 'trafic_data_total': None, 'mois': '06', 'annee': '2024'})]
(Background on this error at: https://sqlalche.me/e/14/f405)

During handling of the above exception, another exception occurred:

Traceback (most recent call last):
  File "/home/airflow/.local/lib/python3.12/site-packages/airflow/models/taskinstance.py", line 1063, in _email_alert
    send_email(task.email, subject, html_content)
  File "/home/airflow/.local/lib/python3.12/site-packages/airflow/utils/email.py", line 80, in send_email
    return backend(
           ^^^^^^^^
  File "/home/airflow/.local/lib/python3.12/site-packages/airflow/utils/email.py", line 154, in send_email_smtp
    send_mime_email(e_from=mail_from, e_to=recipients, mime_msg=msg, conn_id=conn_id, dryrun=dryrun)
  File "/home/airflow/.local/lib/python3.12/site-packages/airflow/utils/email.py", line 273, in send_mime_email
    smtp_conn = _get_smtp_connection(smtp_host, smtp_port, smtp_timeout, smtp_ssl)
                ^^^^^^^^^^^^^^^^^^^^^^^^^^^^^^^^^^^^^^^^^^^^^^^^^^^^^^^^^^^^^^^^^^
  File "/home/airflow/.local/lib/python3.12/site-packages/airflow/utils/email.py", line 317, in _get_smtp_connection
    return smtplib.SMTP(host=host, port=port, timeout=timeout)
           ^^^^^^^^^^^^^^^^^^^^^^^^^^^^^^^^^^^^^^^^^^^^^^^^^^^
  File "/usr/local/lib/python3.12/smtplib.py", line 255, in __init__
    (code, msg) = self.connect(host, port)
                  ^^^^^^^^^^^^^^^^^^^^^^^^
  File "/usr/local/lib/python3.12/smtplib.py", line 341, in connect
    self.sock = self._get_socket(host, port, self.timeout)
                ^^^^^^^^^^^^^^^^^^^^^^^^^^^^^^^^^^^^^^^^^^
  File "/usr/local/lib/python3.12/smtplib.py", line 312, in _get_socket
    return socket.create_connection((host, port), timeout,
           ^^^^^^^^^^^^^^^^^^^^^^^^^^^^^^^^^^^^^^^^^^^^^^^
  File "/usr/local/lib/python3.12/socket.py", line 853, in create_connection
    raise exceptions[0]
  File "/usr/local/lib/python3.12/socket.py", line 838, in create_connection
    sock.connect(sa)
ConnectionRefusedError: [Errno 111] Connection refused

During handling of the above exception, another exception occurred:

Traceback (most recent call last):
  File "/home/airflow/.local/lib/python3.12/site-packages/airflow/models/taskinstance.py", line 877, in _handle_failure
    task_instance.email_alert(error, failure_context["task"])
  File "/home/airflow/.local/lib/python3.12/site-packages/airflow/models/taskinstance.py", line 3163, in email_alert
    _email_alert(task_instance=self, exception=exception, task=task)
  File "/home/airflow/.local/lib/python3.12/site-packages/airflow/models/taskinstance.py", line 1065, in _email_alert
    send_email(task.email, subject, html_content_err)
  File "/home/airflow/.local/lib/python3.12/site-packages/airflow/utils/email.py", line 80, in send_email
    return backend(
           ^^^^^^^^
  File "/home/airflow/.local/lib/python3.12/site-packages/airflow/utils/email.py", line 154, in send_email_smtp
    send_mime_email(e_from=mail_from, e_to=recipients, mime_msg=msg, conn_id=conn_id, dryrun=dryrun)
  File "/home/airflow/.local/lib/python3.12/site-packages/airflow/utils/email.py", line 273, in send_mime_email
    smtp_conn = _get_smtp_connection(smtp_host, smtp_port, smtp_timeout, smtp_ssl)
                ^^^^^^^^^^^^^^^^^^^^^^^^^^^^^^^^^^^^^^^^^^^^^^^^^^^^^^^^^^^^^^^^^^
  File "/home/airflow/.local/lib/python3.12/site-packages/airflow/utils/email.py", line 317, in _get_smtp_connection
    return smtplib.SMTP(host=host, port=port, timeout=timeout)
           ^^^^^^^^^^^^^^^^^^^^^^^^^^^^^^^^^^^^^^^^^^^^^^^^^^^
  File "/usr/local/lib/python3.12/smtplib.py", line 255, in __init__
    (code, msg) = self.connect(host, port)
                  ^^^^^^^^^^^^^^^^^^^^^^^^
  File "/usr/local/lib/python3.12/smtplib.py", line 341, in connect
    self.sock = self._get_socket(host, port, self.timeout)
                ^^^^^^^^^^^^^^^^^^^^^^^^^^^^^^^^^^^^^^^^^^
  File "/usr/local/lib/python3.12/smtplib.py", line 312, in _get_socket
    return socket.create_connection((host, port), timeout,
           ^^^^^^^^^^^^^^^^^^^^^^^^^^^^^^^^^^^^^^^^^^^^^^^
  File "/usr/local/lib/python3.12/socket.py", line 853, in create_connection
    raise exceptions[0]
  File "/usr/local/lib/python3.12/socket.py", line 838, in create_connection
    sock.connect(sa)
ConnectionRefusedError: [Errno 111] Connection refused
[2024-07-29T11:48:43.502+0000] {alerting.py:71} INFO - send alert mail to richmond.kongo@orange.com, assane.diop@orange.com, cyrille1.danho@orange.com, mohamed2.sylla@orange.com, amadou.diomande@orange.com, Jonas.kouame@orange.com, armand.kablan@orange.com, anicet.azombade@orange.com, etienne.kouadio@orange.com, bertine.kouakou@orange.com, florentine.kouakou@orange.com, ange.phaceli@orange.com, soulegame.soro@orange.com, innocent.yengo@orange.com
[2024-07-29T11:48:43.502+0000] {alerting.py:30} INFO - Sending mail ... 
[2024-07-29T11:48:43.502+0000] {alerting.py:38} ERROR - Failed to send email: please run connect() first
[2024-07-29T11:48:43.513+0000] {standard_task_runner.py:110} ERROR - Failed to execute job 624 for task clean_trafic_task ((psycopg2.errors.UndefinedColumn) column "mois" of relation "motower_daily_trafic" does not exist
LINE 1: ...ic_voix_4g, trafic_voix_total, trafic_data_total, mois, anne...
                                                             ^

[SQL: INSERT INTO motower_daily_trafic (jour, id_site, trafic_data_2g, trafic_data_3g, trafic_data_4g, trafic_voix_2g, trafic_voix_3g, trafic_voix_4g, trafic_voix_total, trafic_data_total, mois, annee) VALUES (%(jour)s, %(id_site)s, %(trafic_data_2g)s, %(trafic_data_3g)s, %(trafic_data_4g)s, %(trafic_voix_2g)s, %(trafic_voix_3g)s, %(trafic_voix_4g)s, %(trafic_voix_total)s, %(trafic_data_total)s, %(mois)s, %(annee)s)]
[parameters: ({'jour': '2024-06-01', 'id_site': 46.0, 'trafic_data_2g': None, 'trafic_data_3g': 2.4787667, 'trafic_data_4g': None, 'trafic_voix_2g': None, 'trafic_voix_3g': 698.35, 'trafic_voix_4g': None, 'trafic_voix_total': None, 'trafic_data_total': None, 'mois': '06', 'annee': '2024'}, {'jour': '2024-06-01', 'id_site': 226.0, 'trafic_data_2g': None, 'trafic_data_3g': None, 'trafic_data_4g': 9.422021, 'trafic_voix_2g': None, 'trafic_voix_3g': None, 'trafic_voix_4g': 745.78, 'trafic_voix_total': None, 'trafic_data_total': None, 'mois': '06', 'annee': '2024'}, {'jour': '2024-06-01', 'id_site': 505.0, 'trafic_data_2g': None, 'trafic_data_3g': 3.7328753, 'trafic_data_4g': None, 'trafic_voix_2g': None, 'trafic_voix_3g': 849.32, 'trafic_voix_4g': None, 'trafic_voix_total': None, 'trafic_data_total': None, 'mois': '06', 'annee': '2024'}, {'jour': '2024-06-01', 'id_site': 593.0, 'trafic_data_2g': None, 'trafic_data_3g': 7.0053353, 'trafic_data_4g': None, 'trafic_voix_2g': None, 'trafic_voix_3g': 426.93, 'trafic_voix_4g': None, 'trafic_voix_total': None, 'trafic_data_total': None, 'mois': '06', 'annee': '2024'}, {'jour': '2024-06-01', 'id_site': 628.0, 'trafic_data_2g': None, 'trafic_data_3g': None, 'trafic_data_4g': 5.1922545, 'trafic_voix_2g': None, 'trafic_voix_3g': None, 'trafic_voix_4g': 769.22, 'trafic_voix_total': None, 'trafic_data_total': None, 'mois': '06', 'annee': '2024'}, {'jour': '2024-06-01', 'id_site': 888.0, 'trafic_data_2g': None, 'trafic_data_3g': 1.7528384, 'trafic_data_4g': None, 'trafic_voix_2g': None, 'trafic_voix_3g': 408.95, 'trafic_voix_4g': None, 'trafic_voix_total': None, 'trafic_data_total': None, 'mois': '06', 'annee': '2024'}, {'jour': '2024-06-01', 'id_site': 1645.0, 'trafic_data_2g': None, 'trafic_data_3g': None, 'trafic_data_4g': 3.6717072, 'trafic_voix_2g': None, 'trafic_voix_3g': None, 'trafic_voix_4g': 722.28, 'trafic_voix_total': None, 'trafic_data_total': None, 'mois': '06', 'annee': '2024'}, {'jour': '2024-06-01', 'id_site': 2183.0, 'trafic_data_2g': None, 'trafic_data_3g': 8.053013, 'trafic_data_4g': None, 'trafic_voix_2g': None, 'trafic_voix_3g': 508.4, 'trafic_voix_4g': None, 'trafic_voix_total': None, 'trafic_data_total': None, 'mois': '06', 'annee': '2024'}  ... displaying 10 of 15 total bound parameter sets ...  {'jour': '2024-06-01', 'id_site': 4328.0, 'trafic_data_2g': None, 'trafic_data_3g': 6.3414674, 'trafic_data_4g': None, 'trafic_voix_2g': None, 'trafic_voix_3g': 805.77, 'trafic_voix_4g': None, 'trafic_voix_total': None, 'trafic_data_total': None, 'mois': '06', 'annee': '2024'}, {'jour': '2024-06-01', 'id_site': 4757.0, 'trafic_data_2g': None, 'trafic_data_3g': None, 'trafic_data_4g': 6.4613957, 'trafic_voix_2g': None, 'trafic_voix_3g': None, 'trafic_voix_4g': 109.0, 'trafic_voix_total': None, 'trafic_data_total': None, 'mois': '06', 'annee': '2024'})]
(Background on this error at: https://sqlalche.me/e/14/f405); 2323)
[2024-07-29T11:48:43.568+0000] {local_task_job_runner.py:243} INFO - Task exited with return code 1
[2024-07-29T11:48:43.585+0000] {taskinstance.py:3503} INFO - 0 downstream tasks scheduled from follow-on schedule check
[2024-07-29T11:48:43.586+0000] {local_task_job_runner.py:222} INFO - ::endgroup::
[2024-07-29T11:58:42.553+0000] {local_task_job_runner.py:120} INFO - ::group::Pre task execution logs
[2024-07-29T11:58:42.831+0000] {taskinstance.py:2076} INFO - Dependencies all met for dep_context=non-requeueable deps ti=<TaskInstance: motower_daily_prod.clean_trafic_task scheduled__2024-06-02T06:00:00+00:00 [queued]>
[2024-07-29T11:58:42.840+0000] {taskinstance.py:2076} INFO - Dependencies all met for dep_context=requeueable deps ti=<TaskInstance: motower_daily_prod.clean_trafic_task scheduled__2024-06-02T06:00:00+00:00 [queued]>
[2024-07-29T11:58:42.841+0000] {taskinstance.py:2306} INFO - Starting attempt 1 of 1
[2024-07-29T11:58:42.859+0000] {taskinstance.py:2330} INFO - Executing <Task(PythonOperator): clean_trafic_task> on 2024-06-02 06:00:00+00:00
[2024-07-29T11:58:42.870+0000] {warnings.py:112} WARNING - /home/***/.local/lib/python3.12/site-packages/***/task/task_runner/standard_task_runner.py:62: DeprecationWarning: This process (pid=2724) is multi-threaded, use of fork() may lead to deadlocks in the child.
  pid = os.fork()

[2024-07-29T11:58:42.873+0000] {standard_task_runner.py:64} INFO - Started process 2737 to run task
[2024-07-29T11:58:42.872+0000] {standard_task_runner.py:90} INFO - Running: ['***', 'tasks', 'run', 'motower_daily_prod', 'clean_trafic_task', 'scheduled__2024-06-02T06:00:00+00:00', '--job-id', '715', '--raw', '--subdir', 'DAGS_FOLDER/gps/custom_dags/motower_daily.py', '--cfg-path', '/tmp/tmplwwzqnq8']
[2024-07-29T11:58:42.874+0000] {standard_task_runner.py:91} INFO - Job 715: Subtask clean_trafic_task
[2024-07-29T11:58:42.929+0000] {task_command.py:426} INFO - Running <TaskInstance: motower_daily_prod.clean_trafic_task scheduled__2024-06-02T06:00:00+00:00 [running]> on host e824106b656d
[2024-07-29T11:58:43.035+0000] {taskinstance.py:2648} INFO - Exporting env vars: AIRFLOW_CTX_DAG_EMAIL='richmond.kongo@orange.com,assane.diop@orange.com,cyrille1.danho@orange.com,mohamed2.sylla@orange.com,amadou.diomande@orange.com,Jonas.kouame@orange.com,armand.kablan@orange.com,anicet.azombade@orange.com,etienne.kouadio@orange.com,bertine.kouakou@orange.com,florentine.kouakou@orange.com,ange.phaceli@orange.com,soulegame.soro@orange.com,innocent.yengo@orange.com' AIRFLOW_CTX_DAG_OWNER='***' AIRFLOW_CTX_DAG_ID='motower_daily_prod' AIRFLOW_CTX_TASK_ID='clean_trafic_task' AIRFLOW_CTX_EXECUTION_DATE='2024-06-02T06:00:00+00:00' AIRFLOW_CTX_TRY_NUMBER='1' AIRFLOW_CTX_DAG_RUN_ID='scheduled__2024-06-02T06:00:00+00:00'
[2024-07-29T11:58:43.037+0000] {taskinstance.py:430} INFO - ::endgroup::
[2024-07-29T11:58:43.078+0000] {data_validation.py:11} INFO - START VALIDATION OF COLUMN trafic_data_go
[2024-07-29T11:58:43.079+0000] {data_validation.py:20} INFO - DATA OF COLUMN trafic_data_go ARE VALID
[2024-07-29T11:58:43.079+0000] {data_validation.py:11} INFO - START VALIDATION OF COLUMN trafic_voix_erl
[2024-07-29T11:58:43.080+0000] {data_validation.py:20} INFO - DATA OF COLUMN trafic_voix_erl ARE VALID
[2024-07-29T11:58:43.081+0000] {motower_daily.py:267} INFO - prepare final data
[2024-07-29T11:58:43.091+0000] {logging_mixin.py:188} INFO - ================================
[2024-07-29T11:58:43.092+0000] {logging_mixin.py:188} INFO - object
[2024-07-29T11:58:43.120+0000] {python.py:237} INFO - Done. Returned value was: None
[2024-07-29T11:58:43.121+0000] {taskinstance.py:441} INFO - ::group::Post task execution logs
[2024-07-29T11:58:43.133+0000] {taskinstance.py:1206} INFO - Marking task as SUCCESS. dag_id=motower_daily_prod, task_id=clean_trafic_task, run_id=scheduled__2024-06-02T06:00:00+00:00, execution_date=20240602T060000, start_date=20240729T115842, end_date=20240729T115843
[2024-07-29T11:58:43.168+0000] {local_task_job_runner.py:243} INFO - Task exited with return code 0
[2024-07-29T11:58:43.187+0000] {taskinstance.py:3503} INFO - 0 downstream tasks scheduled from follow-on schedule check
[2024-07-29T11:58:43.190+0000] {local_task_job_runner.py:222} INFO - ::endgroup::
[2024-07-29T14:24:44.224+0000] {local_task_job_runner.py:120} INFO - ::group::Pre task execution logs
[2024-07-29T14:24:44.503+0000] {taskinstance.py:2076} INFO - Dependencies all met for dep_context=non-requeueable deps ti=<TaskInstance: motower_daily_prod.clean_trafic_task scheduled__2024-06-02T06:00:00+00:00 [queued]>
[2024-07-29T14:24:44.516+0000] {taskinstance.py:2076} INFO - Dependencies all met for dep_context=requeueable deps ti=<TaskInstance: motower_daily_prod.clean_trafic_task scheduled__2024-06-02T06:00:00+00:00 [queued]>
[2024-07-29T14:24:44.517+0000] {taskinstance.py:2306} INFO - Starting attempt 1 of 1
[2024-07-29T14:24:44.531+0000] {taskinstance.py:2330} INFO - Executing <Task(PythonOperator): clean_trafic_task> on 2024-06-02 06:00:00+00:00
[2024-07-29T14:24:44.545+0000] {warnings.py:112} WARNING - /home/***/.local/lib/python3.12/site-packages/***/task/task_runner/standard_task_runner.py:62: DeprecationWarning: This process (pid=391) is multi-threaded, use of fork() may lead to deadlocks in the child.
  pid = os.fork()

[2024-07-29T14:24:44.547+0000] {standard_task_runner.py:64} INFO - Started process 409 to run task
[2024-07-29T14:24:44.548+0000] {standard_task_runner.py:90} INFO - Running: ['***', 'tasks', 'run', 'motower_daily_prod', 'clean_trafic_task', 'scheduled__2024-06-02T06:00:00+00:00', '--job-id', '1025', '--raw', '--subdir', 'DAGS_FOLDER/gps/custom_dags/motower_daily.py', '--cfg-path', '/tmp/tmpvfjoh3w1']
[2024-07-29T14:24:44.551+0000] {standard_task_runner.py:91} INFO - Job 1025: Subtask clean_trafic_task
[2024-07-29T14:24:44.602+0000] {task_command.py:426} INFO - Running <TaskInstance: motower_daily_prod.clean_trafic_task scheduled__2024-06-02T06:00:00+00:00 [running]> on host e824106b656d
[2024-07-29T14:24:44.702+0000] {taskinstance.py:2648} INFO - Exporting env vars: AIRFLOW_CTX_DAG_EMAIL='richmond.kongo@orange.com,assane.diop@orange.com,cyrille1.danho@orange.com,mohamed2.sylla@orange.com,amadou.diomande@orange.com,Jonas.kouame@orange.com,armand.kablan@orange.com,anicet.azombade@orange.com,etienne.kouadio@orange.com,bertine.kouakou@orange.com,florentine.kouakou@orange.com,ange.phaceli@orange.com,soulegame.soro@orange.com,innocent.yengo@orange.com' AIRFLOW_CTX_DAG_OWNER='***' AIRFLOW_CTX_DAG_ID='motower_daily_prod' AIRFLOW_CTX_TASK_ID='clean_trafic_task' AIRFLOW_CTX_EXECUTION_DATE='2024-06-02T06:00:00+00:00' AIRFLOW_CTX_TRY_NUMBER='1' AIRFLOW_CTX_DAG_RUN_ID='scheduled__2024-06-02T06:00:00+00:00'
[2024-07-29T14:24:44.704+0000] {taskinstance.py:430} INFO - ::endgroup::
[2024-07-29T14:24:44.738+0000] {data_validation.py:11} INFO - START VALIDATION OF COLUMN trafic_data_go
[2024-07-29T14:24:44.740+0000] {data_validation.py:20} INFO - DATA OF COLUMN trafic_data_go ARE VALID
[2024-07-29T14:24:44.740+0000] {data_validation.py:11} INFO - START VALIDATION OF COLUMN trafic_voix_erl
[2024-07-29T14:24:44.741+0000] {data_validation.py:20} INFO - DATA OF COLUMN trafic_voix_erl ARE VALID
[2024-07-29T14:24:44.741+0000] {motower_daily.py:267} INFO - prepare final data
[2024-07-29T14:24:44.750+0000] {logging_mixin.py:188} INFO - ================================
[2024-07-29T14:24:44.750+0000] {logging_mixin.py:188} INFO - object
[2024-07-29T14:24:44.778+0000] {python.py:237} INFO - Done. Returned value was: None
[2024-07-29T14:24:44.779+0000] {taskinstance.py:441} INFO - ::group::Post task execution logs
[2024-07-29T14:24:44.787+0000] {taskinstance.py:1206} INFO - Marking task as SUCCESS. dag_id=motower_daily_prod, task_id=clean_trafic_task, run_id=scheduled__2024-06-02T06:00:00+00:00, execution_date=20240602T060000, start_date=20240729T142444, end_date=20240729T142444
[2024-07-29T14:24:44.842+0000] {local_task_job_runner.py:243} INFO - Task exited with return code 0
[2024-07-29T14:24:44.850+0000] {local_task_job_runner.py:222} INFO - ::endgroup::
[2024-07-29T14:31:46.759+0000] {local_task_job_runner.py:120} INFO - ::group::Pre task execution logs
[2024-07-29T14:31:46.793+0000] {taskinstance.py:2076} INFO - Dependencies all met for dep_context=non-requeueable deps ti=<TaskInstance: motower_daily_prod.clean_trafic_task scheduled__2024-06-02T06:00:00+00:00 [queued]>
[2024-07-29T14:31:46.805+0000] {taskinstance.py:2076} INFO - Dependencies all met for dep_context=requeueable deps ti=<TaskInstance: motower_daily_prod.clean_trafic_task scheduled__2024-06-02T06:00:00+00:00 [queued]>
[2024-07-29T14:31:46.805+0000] {taskinstance.py:2306} INFO - Starting attempt 1 of 1
[2024-07-29T14:31:46.824+0000] {taskinstance.py:2330} INFO - Executing <Task(PythonOperator): clean_trafic_task> on 2024-06-02 06:00:00+00:00
[2024-07-29T14:31:46.835+0000] {warnings.py:112} WARNING - /home/***/.local/lib/python3.12/site-packages/***/task/task_runner/standard_task_runner.py:62: DeprecationWarning: This process (pid=728) is multi-threaded, use of fork() may lead to deadlocks in the child.
  pid = os.fork()

[2024-07-29T14:31:46.837+0000] {standard_task_runner.py:64} INFO - Started process 747 to run task
[2024-07-29T14:31:46.837+0000] {standard_task_runner.py:90} INFO - Running: ['***', 'tasks', 'run', 'motower_daily_prod', 'clean_trafic_task', 'scheduled__2024-06-02T06:00:00+00:00', '--job-id', '1109', '--raw', '--subdir', 'DAGS_FOLDER/gps/custom_dags/motower_daily.py', '--cfg-path', '/tmp/tmpgb8ve7xk']
[2024-07-29T14:31:46.839+0000] {standard_task_runner.py:91} INFO - Job 1109: Subtask clean_trafic_task
[2024-07-29T14:31:46.888+0000] {task_command.py:426} INFO - Running <TaskInstance: motower_daily_prod.clean_trafic_task scheduled__2024-06-02T06:00:00+00:00 [running]> on host e824106b656d
[2024-07-29T14:31:46.999+0000] {taskinstance.py:2648} INFO - Exporting env vars: AIRFLOW_CTX_DAG_EMAIL='richmond.kongo@orange.com,assane.diop@orange.com,cyrille1.danho@orange.com,mohamed2.sylla@orange.com,amadou.diomande@orange.com,Jonas.kouame@orange.com,armand.kablan@orange.com,anicet.azombade@orange.com,etienne.kouadio@orange.com,bertine.kouakou@orange.com,florentine.kouakou@orange.com,ange.phaceli@orange.com,soulegame.soro@orange.com,innocent.yengo@orange.com' AIRFLOW_CTX_DAG_OWNER='***' AIRFLOW_CTX_DAG_ID='motower_daily_prod' AIRFLOW_CTX_TASK_ID='clean_trafic_task' AIRFLOW_CTX_EXECUTION_DATE='2024-06-02T06:00:00+00:00' AIRFLOW_CTX_TRY_NUMBER='1' AIRFLOW_CTX_DAG_RUN_ID='scheduled__2024-06-02T06:00:00+00:00'
[2024-07-29T14:31:47.001+0000] {taskinstance.py:430} INFO - ::endgroup::
[2024-07-29T14:31:47.041+0000] {data_validation.py:11} INFO - START VALIDATION OF COLUMN trafic_data_go
[2024-07-29T14:31:47.043+0000] {data_validation.py:20} INFO - DATA OF COLUMN trafic_data_go ARE VALID
[2024-07-29T14:31:47.043+0000] {data_validation.py:11} INFO - START VALIDATION OF COLUMN trafic_voix_erl
[2024-07-29T14:31:47.044+0000] {data_validation.py:20} INFO - DATA OF COLUMN trafic_voix_erl ARE VALID
[2024-07-29T14:31:47.044+0000] {motower_daily.py:267} INFO - prepare final data
[2024-07-29T14:31:47.055+0000] {logging_mixin.py:188} INFO - ================================
[2024-07-29T14:31:47.055+0000] {logging_mixin.py:188} INFO - object
[2024-07-29T14:31:47.085+0000] {python.py:237} INFO - Done. Returned value was: None
[2024-07-29T14:31:47.086+0000] {taskinstance.py:441} INFO - ::group::Post task execution logs
[2024-07-29T14:31:47.095+0000] {taskinstance.py:1206} INFO - Marking task as SUCCESS. dag_id=motower_daily_prod, task_id=clean_trafic_task, run_id=scheduled__2024-06-02T06:00:00+00:00, execution_date=20240602T060000, start_date=20240729T143146, end_date=20240729T143147
[2024-07-29T14:31:47.132+0000] {local_task_job_runner.py:243} INFO - Task exited with return code 0
[2024-07-29T14:31:47.143+0000] {local_task_job_runner.py:222} INFO - ::endgroup::
[2024-07-29T16:02:58.228+0000] {local_task_job_runner.py:120} INFO - ::group::Pre task execution logs
[2024-07-29T16:02:58.734+0000] {taskinstance.py:2076} INFO - Dependencies all met for dep_context=non-requeueable deps ti=<TaskInstance: motower_daily_prod.clean_trafic_task scheduled__2024-06-02T06:00:00+00:00 [queued]>
[2024-07-29T16:02:58.773+0000] {taskinstance.py:2076} INFO - Dependencies all met for dep_context=requeueable deps ti=<TaskInstance: motower_daily_prod.clean_trafic_task scheduled__2024-06-02T06:00:00+00:00 [queued]>
[2024-07-29T16:02:58.774+0000] {taskinstance.py:2306} INFO - Starting attempt 1 of 1
[2024-07-29T16:02:58.809+0000] {taskinstance.py:2330} INFO - Executing <Task(PythonOperator): clean_trafic_task> on 2024-06-02 06:00:00+00:00
[2024-07-29T16:02:58.828+0000] {warnings.py:112} WARNING - /home/***/.local/lib/python3.12/site-packages/***/task/task_runner/standard_task_runner.py:62: DeprecationWarning: This process (pid=507) is multi-threaded, use of fork() may lead to deadlocks in the child.
  pid = os.fork()

[2024-07-29T16:02:58.831+0000] {standard_task_runner.py:64} INFO - Started process 534 to run task
[2024-07-29T16:02:58.845+0000] {standard_task_runner.py:90} INFO - Running: ['***', 'tasks', 'run', 'motower_daily_prod', 'clean_trafic_task', 'scheduled__2024-06-02T06:00:00+00:00', '--job-id', '14', '--raw', '--subdir', 'DAGS_FOLDER/gps/custom_dags/motower_daily.py', '--cfg-path', '/tmp/tmpakbmzsfn']
[2024-07-29T16:02:58.855+0000] {standard_task_runner.py:91} INFO - Job 14: Subtask clean_trafic_task
[2024-07-29T16:02:59.026+0000] {task_command.py:426} INFO - Running <TaskInstance: motower_daily_prod.clean_trafic_task scheduled__2024-06-02T06:00:00+00:00 [running]> on host 7d7c82e77e1e
[2024-07-29T16:02:59.558+0000] {taskinstance.py:2648} INFO - Exporting env vars: AIRFLOW_CTX_DAG_EMAIL='richmond.kongo@orange.com,assane.diop@orange.com,cyrille1.danho@orange.com,mohamed2.sylla@orange.com,amadou.diomande@orange.com,Jonas.kouame@orange.com,armand.kablan@orange.com,anicet.azombade@orange.com,etienne.kouadio@orange.com,bertine.kouakou@orange.com,florentine.kouakou@orange.com,ange.phaceli@orange.com,soulegame.soro@orange.com,innocent.yengo@orange.com' AIRFLOW_CTX_DAG_OWNER='***' AIRFLOW_CTX_DAG_ID='motower_daily_prod' AIRFLOW_CTX_TASK_ID='clean_trafic_task' AIRFLOW_CTX_EXECUTION_DATE='2024-06-02T06:00:00+00:00' AIRFLOW_CTX_TRY_NUMBER='1' AIRFLOW_CTX_DAG_RUN_ID='scheduled__2024-06-02T06:00:00+00:00'
[2024-07-29T16:02:59.560+0000] {taskinstance.py:430} INFO - ::endgroup::
[2024-07-29T16:02:59.747+0000] {data_validation.py:11} INFO - START VALIDATION OF COLUMN trafic_data_go
[2024-07-29T16:02:59.753+0000] {data_validation.py:20} INFO - DATA OF COLUMN trafic_data_go ARE VALID
[2024-07-29T16:02:59.754+0000] {data_validation.py:11} INFO - START VALIDATION OF COLUMN trafic_voix_erl
[2024-07-29T16:02:59.762+0000] {data_validation.py:20} INFO - DATA OF COLUMN trafic_voix_erl ARE VALID
[2024-07-29T16:02:59.763+0000] {motower_daily.py:267} INFO - prepare final data
[2024-07-29T16:02:59.843+0000] {logging_mixin.py:188} INFO - ================================
[2024-07-29T16:02:59.844+0000] {logging_mixin.py:188} INFO - object
[2024-07-29T16:02:59.951+0000] {python.py:237} INFO - Done. Returned value was: None
[2024-07-29T16:02:59.953+0000] {taskinstance.py:441} INFO - ::group::Post task execution logs
[2024-07-29T16:02:59.973+0000] {taskinstance.py:1206} INFO - Marking task as SUCCESS. dag_id=motower_daily_prod, task_id=clean_trafic_task, run_id=scheduled__2024-06-02T06:00:00+00:00, execution_date=20240602T060000, start_date=20240729T160258, end_date=20240729T160259
[2024-07-29T16:03:00.046+0000] {local_task_job_runner.py:243} INFO - Task exited with return code 0
[2024-07-29T16:03:00.071+0000] {local_task_job_runner.py:222} INFO - ::endgroup::
[2024-07-29T16:17:09.427+0000] {local_task_job_runner.py:120} INFO - ::group::Pre task execution logs
[2024-07-29T16:17:09.960+0000] {taskinstance.py:2076} INFO - Dependencies all met for dep_context=non-requeueable deps ti=<TaskInstance: motower_daily_prod.clean_trafic_task scheduled__2024-06-02T06:00:00+00:00 [queued]>
[2024-07-29T16:17:09.980+0000] {taskinstance.py:2076} INFO - Dependencies all met for dep_context=requeueable deps ti=<TaskInstance: motower_daily_prod.clean_trafic_task scheduled__2024-06-02T06:00:00+00:00 [queued]>
[2024-07-29T16:17:09.981+0000] {taskinstance.py:2306} INFO - Starting attempt 1 of 1
[2024-07-29T16:17:10.016+0000] {taskinstance.py:2330} INFO - Executing <Task(PythonOperator): clean_trafic_task> on 2024-06-02 06:00:00+00:00
[2024-07-29T16:17:10.031+0000] {warnings.py:112} WARNING - /home/***/.local/lib/python3.12/site-packages/***/task/task_runner/standard_task_runner.py:62: DeprecationWarning: This process (pid=809) is multi-threaded, use of fork() may lead to deadlocks in the child.
  pid = os.fork()

[2024-07-29T16:17:10.034+0000] {standard_task_runner.py:64} INFO - Started process 826 to run task
[2024-07-29T16:17:10.035+0000] {standard_task_runner.py:90} INFO - Running: ['***', 'tasks', 'run', 'motower_daily_prod', 'clean_trafic_task', 'scheduled__2024-06-02T06:00:00+00:00', '--job-id', '54', '--raw', '--subdir', 'DAGS_FOLDER/gps/custom_dags/motower_daily.py', '--cfg-path', '/tmp/tmp_3f1rhks']
[2024-07-29T16:17:10.039+0000] {standard_task_runner.py:91} INFO - Job 54: Subtask clean_trafic_task
[2024-07-29T16:17:10.183+0000] {task_command.py:426} INFO - Running <TaskInstance: motower_daily_prod.clean_trafic_task scheduled__2024-06-02T06:00:00+00:00 [running]> on host 7d7c82e77e1e
[2024-07-29T16:17:10.451+0000] {taskinstance.py:2648} INFO - Exporting env vars: AIRFLOW_CTX_DAG_EMAIL='richmond.kongo@orange.com,assane.diop@orange.com,cyrille1.danho@orange.com,mohamed2.sylla@orange.com,amadou.diomande@orange.com,Jonas.kouame@orange.com,armand.kablan@orange.com,anicet.azombade@orange.com,etienne.kouadio@orange.com,bertine.kouakou@orange.com,florentine.kouakou@orange.com,ange.phaceli@orange.com,soulegame.soro@orange.com,innocent.yengo@orange.com' AIRFLOW_CTX_DAG_OWNER='***' AIRFLOW_CTX_DAG_ID='motower_daily_prod' AIRFLOW_CTX_TASK_ID='clean_trafic_task' AIRFLOW_CTX_EXECUTION_DATE='2024-06-02T06:00:00+00:00' AIRFLOW_CTX_TRY_NUMBER='1' AIRFLOW_CTX_DAG_RUN_ID='scheduled__2024-06-02T06:00:00+00:00'
[2024-07-29T16:17:10.459+0000] {taskinstance.py:430} INFO - ::endgroup::
[2024-07-29T16:17:10.599+0000] {data_validation.py:11} INFO - START VALIDATION OF COLUMN trafic_data_go
[2024-07-29T16:17:10.601+0000] {data_validation.py:20} INFO - DATA OF COLUMN trafic_data_go ARE VALID
[2024-07-29T16:17:10.602+0000] {data_validation.py:11} INFO - START VALIDATION OF COLUMN trafic_voix_erl
[2024-07-29T16:17:10.604+0000] {data_validation.py:20} INFO - DATA OF COLUMN trafic_voix_erl ARE VALID
[2024-07-29T16:17:10.605+0000] {motower_daily.py:267} INFO - prepare final data
[2024-07-29T16:17:10.626+0000] {logging_mixin.py:188} INFO - ================================
[2024-07-29T16:17:10.626+0000] {logging_mixin.py:188} INFO - object
[2024-07-29T16:17:10.693+0000] {python.py:237} INFO - Done. Returned value was: None
[2024-07-29T16:17:10.695+0000] {taskinstance.py:441} INFO - ::group::Post task execution logs
[2024-07-29T16:17:10.730+0000] {taskinstance.py:1206} INFO - Marking task as SUCCESS. dag_id=motower_daily_prod, task_id=clean_trafic_task, run_id=scheduled__2024-06-02T06:00:00+00:00, execution_date=20240602T060000, start_date=20240729T161709, end_date=20240729T161710
[2024-07-29T16:17:10.847+0000] {local_task_job_runner.py:243} INFO - Task exited with return code 0
[2024-07-29T16:17:10.890+0000] {taskinstance.py:3503} INFO - 0 downstream tasks scheduled from follow-on schedule check
[2024-07-29T16:17:10.895+0000] {local_task_job_runner.py:222} INFO - ::endgroup::
[2024-07-30T09:11:55.154+0000] {local_task_job_runner.py:120} INFO - ::group::Pre task execution logs
[2024-07-30T09:11:55.536+0000] {taskinstance.py:2076} INFO - Dependencies all met for dep_context=non-requeueable deps ti=<TaskInstance: motower_daily_prod.clean_trafic_task scheduled__2024-06-02T06:00:00+00:00 [queued]>
[2024-07-30T09:11:55.558+0000] {taskinstance.py:2076} INFO - Dependencies all met for dep_context=requeueable deps ti=<TaskInstance: motower_daily_prod.clean_trafic_task scheduled__2024-06-02T06:00:00+00:00 [queued]>
[2024-07-30T09:11:55.558+0000] {taskinstance.py:2306} INFO - Starting attempt 1 of 1
[2024-07-30T09:11:55.592+0000] {taskinstance.py:2330} INFO - Executing <Task(PythonOperator): clean_trafic_task> on 2024-06-02 06:00:00+00:00
[2024-07-30T09:11:55.605+0000] {warnings.py:112} WARNING - /home/***/.local/lib/python3.12/site-packages/***/task/task_runner/standard_task_runner.py:62: DeprecationWarning: This process (pid=813) is multi-threaded, use of fork() may lead to deadlocks in the child.
  pid = os.fork()

[2024-07-30T09:11:55.607+0000] {standard_task_runner.py:64} INFO - Started process 825 to run task
[2024-07-30T09:11:55.611+0000] {standard_task_runner.py:90} INFO - Running: ['***', 'tasks', 'run', 'motower_daily_prod', 'clean_trafic_task', 'scheduled__2024-06-02T06:00:00+00:00', '--job-id', '236', '--raw', '--subdir', 'DAGS_FOLDER/gps/custom_dags/motower_daily.py', '--cfg-path', '/tmp/tmpcmdz2u36']
[2024-07-30T09:11:55.614+0000] {standard_task_runner.py:91} INFO - Job 236: Subtask clean_trafic_task
[2024-07-30T09:11:55.714+0000] {task_command.py:426} INFO - Running <TaskInstance: motower_daily_prod.clean_trafic_task scheduled__2024-06-02T06:00:00+00:00 [running]> on host 7d7c82e77e1e
[2024-07-30T09:11:55.932+0000] {taskinstance.py:2648} INFO - Exporting env vars: AIRFLOW_CTX_DAG_EMAIL='richmond.kongo@orange.com,assane.diop@orange.com,cyrille1.danho@orange.com,mohamed2.sylla@orange.com,amadou.diomande@orange.com,Jonas.kouame@orange.com,armand.kablan@orange.com,anicet.azombade@orange.com,etienne.kouadio@orange.com,bertine.kouakou@orange.com,florentine.kouakou@orange.com,ange.phaceli@orange.com,soulegame.soro@orange.com,innocent.yengo@orange.com' AIRFLOW_CTX_DAG_OWNER='***' AIRFLOW_CTX_DAG_ID='motower_daily_prod' AIRFLOW_CTX_TASK_ID='clean_trafic_task' AIRFLOW_CTX_EXECUTION_DATE='2024-06-02T06:00:00+00:00' AIRFLOW_CTX_TRY_NUMBER='1' AIRFLOW_CTX_DAG_RUN_ID='scheduled__2024-06-02T06:00:00+00:00'
[2024-07-30T09:11:55.936+0000] {taskinstance.py:430} INFO - ::endgroup::
[2024-07-30T09:11:56.012+0000] {data_validation.py:11} INFO - START VALIDATION OF COLUMN trafic_data_go
[2024-07-30T09:11:56.014+0000] {data_validation.py:20} INFO - DATA OF COLUMN trafic_data_go ARE VALID
[2024-07-30T09:11:56.015+0000] {data_validation.py:11} INFO - START VALIDATION OF COLUMN trafic_voix_erl
[2024-07-30T09:11:56.017+0000] {data_validation.py:20} INFO - DATA OF COLUMN trafic_voix_erl ARE VALID
[2024-07-30T09:11:56.018+0000] {motower_daily.py:267} INFO - prepare final data
[2024-07-30T09:11:56.037+0000] {logging_mixin.py:188} INFO - ================================
[2024-07-30T09:11:56.038+0000] {logging_mixin.py:188} INFO - object
[2024-07-30T09:11:56.094+0000] {python.py:237} INFO - Done. Returned value was: None
[2024-07-30T09:11:56.095+0000] {taskinstance.py:441} INFO - ::group::Post task execution logs
[2024-07-30T09:11:56.112+0000] {taskinstance.py:1206} INFO - Marking task as SUCCESS. dag_id=motower_daily_prod, task_id=clean_trafic_task, run_id=scheduled__2024-06-02T06:00:00+00:00, execution_date=20240602T060000, start_date=20240730T091155, end_date=20240730T091156
[2024-07-30T09:11:56.150+0000] {local_task_job_runner.py:243} INFO - Task exited with return code 0
[2024-07-30T09:11:56.168+0000] {local_task_job_runner.py:222} INFO - ::endgroup::
[2024-08-02T12:22:26.291+0000] {local_task_job_runner.py:120} INFO - ::group::Pre task execution logs
[2024-08-02T12:22:26.748+0000] {taskinstance.py:2076} INFO - Dependencies all met for dep_context=non-requeueable deps ti=<TaskInstance: motower_daily_prod.clean_trafic_task scheduled__2024-06-02T06:00:00+00:00 [queued]>
[2024-08-02T12:22:26.774+0000] {taskinstance.py:2076} INFO - Dependencies all met for dep_context=requeueable deps ti=<TaskInstance: motower_daily_prod.clean_trafic_task scheduled__2024-06-02T06:00:00+00:00 [queued]>
[2024-08-02T12:22:26.774+0000] {taskinstance.py:2306} INFO - Starting attempt 1 of 1
[2024-08-02T12:22:26.815+0000] {taskinstance.py:2330} INFO - Executing <Task(PythonOperator): clean_trafic_task> on 2024-06-02 06:00:00+00:00
[2024-08-02T12:22:26.831+0000] {warnings.py:112} WARNING - /home/***/.local/lib/python3.12/site-packages/***/task/task_runner/standard_task_runner.py:62: DeprecationWarning: This process (pid=640) is multi-threaded, use of fork() may lead to deadlocks in the child.
  pid = os.fork()

[2024-08-02T12:22:26.833+0000] {standard_task_runner.py:64} INFO - Started process 658 to run task
[2024-08-02T12:22:26.854+0000] {standard_task_runner.py:90} INFO - Running: ['***', 'tasks', 'run', 'motower_daily_prod', 'clean_trafic_task', 'scheduled__2024-06-02T06:00:00+00:00', '--job-id', '801', '--raw', '--subdir', 'DAGS_FOLDER/gps/custom_dags/motower_daily.py', '--cfg-path', '/tmp/tmpb95fvo36']
[2024-08-02T12:22:26.858+0000] {standard_task_runner.py:91} INFO - Job 801: Subtask clean_trafic_task
[2024-08-02T12:22:27.022+0000] {task_command.py:426} INFO - Running <TaskInstance: motower_daily_prod.clean_trafic_task scheduled__2024-06-02T06:00:00+00:00 [running]> on host 0ed00079025b
[2024-08-02T12:22:27.297+0000] {taskinstance.py:2648} INFO - Exporting env vars: AIRFLOW_CTX_DAG_EMAIL='richmond.kongo@orange.com,assane.diop@orange.com,cyrille1.danho@orange.com,mohamed2.sylla@orange.com,amadou.diomande@orange.com,Jonas.kouame@orange.com,armand.kablan@orange.com,anicet.azombade@orange.com,etienne.kouadio@orange.com,bertine.kouakou@orange.com,florentine.kouakou@orange.com,ange.phaceli@orange.com,soulegame.soro@orange.com,innocent.yengo@orange.com' AIRFLOW_CTX_DAG_OWNER='***' AIRFLOW_CTX_DAG_ID='motower_daily_prod' AIRFLOW_CTX_TASK_ID='clean_trafic_task' AIRFLOW_CTX_EXECUTION_DATE='2024-06-02T06:00:00+00:00' AIRFLOW_CTX_TRY_NUMBER='1' AIRFLOW_CTX_DAG_RUN_ID='scheduled__2024-06-02T06:00:00+00:00'
[2024-08-02T12:22:27.299+0000] {taskinstance.py:430} INFO - ::endgroup::
[2024-08-02T12:22:27.447+0000] {data_validation.py:11} INFO - START VALIDATION OF COLUMN trafic_data_go
[2024-08-02T12:22:27.453+0000] {data_validation.py:20} INFO - DATA OF COLUMN trafic_data_go ARE VALID
[2024-08-02T12:22:27.454+0000] {data_validation.py:11} INFO - START VALIDATION OF COLUMN trafic_voix_erl
[2024-08-02T12:22:27.459+0000] {data_validation.py:20} INFO - DATA OF COLUMN trafic_voix_erl ARE VALID
[2024-08-02T12:22:27.460+0000] {motower_daily.py:267} INFO - prepare final data
[2024-08-02T12:22:27.539+0000] {logging_mixin.py:188} INFO - ================================
[2024-08-02T12:22:27.549+0000] {logging_mixin.py:188} INFO - object
[2024-08-02T12:22:27.705+0000] {python.py:237} INFO - Done. Returned value was: None
[2024-08-02T12:22:27.707+0000] {taskinstance.py:441} INFO - ::group::Post task execution logs
[2024-08-02T12:22:27.741+0000] {taskinstance.py:1206} INFO - Marking task as SUCCESS. dag_id=motower_daily_prod, task_id=clean_trafic_task, run_id=scheduled__2024-06-02T06:00:00+00:00, execution_date=20240602T060000, start_date=20240802T122226, end_date=20240802T122227
[2024-08-02T12:22:27.828+0000] {local_task_job_runner.py:243} INFO - Task exited with return code 0
[2024-08-02T12:22:27.852+0000] {local_task_job_runner.py:222} INFO - ::endgroup::
