[2024-08-05T08:14:54.460+0000] {processor.py:161} INFO - Started process (PID=55) to work on /opt/airflow/dags/gps/custom_dags/enrich.py
[2024-08-05T08:14:54.461+0000] {processor.py:830} INFO - Processing file /opt/airflow/dags/gps/custom_dags/enrich.py for tasks to queue
[2024-08-05T08:14:54.463+0000] {logging_mixin.py:188} INFO - [2024-08-05T08:14:54.463+0000] {dagbag.py:545} INFO - Filling up the DagBag from /opt/airflow/dags/gps/custom_dags/enrich.py
[2024-08-05T08:14:55.636+0000] {processor.py:840} INFO - DAG(s) 'enrich_prod' retrieved from /opt/airflow/dags/gps/custom_dags/enrich.py
[2024-08-05T08:14:55.847+0000] {logging_mixin.py:188} INFO - [2024-08-05T08:14:55.846+0000] {dag.py:3089} INFO - Sync 1 DAGs
[2024-08-05T08:14:55.889+0000] {logging_mixin.py:188} INFO - [2024-08-05T08:14:55.889+0000] {dag.py:3947} INFO - Setting next_dagrun for enrich_prod to 2024-08-02 00:00:00+00:00, run_after=2024-09-02 00:00:00+00:00
[2024-08-05T08:14:55.925+0000] {processor.py:183} INFO - Processing /opt/airflow/dags/gps/custom_dags/enrich.py took 1.474 seconds
[2024-08-05T08:15:05.134+0000] {processor.py:161} INFO - Started process (PID=59) to work on /opt/airflow/dags/gps/custom_dags/enrich.py
[2024-08-05T08:15:05.134+0000] {processor.py:830} INFO - Processing file /opt/airflow/dags/gps/custom_dags/enrich.py for tasks to queue
[2024-08-05T08:15:05.136+0000] {logging_mixin.py:188} INFO - [2024-08-05T08:15:05.135+0000] {dagbag.py:545} INFO - Filling up the DagBag from /opt/airflow/dags/gps/custom_dags/enrich.py
[2024-08-05T08:15:05.815+0000] {processor.py:840} INFO - DAG(s) 'enrich_prod' retrieved from /opt/airflow/dags/gps/custom_dags/enrich.py
[2024-08-05T08:15:05.828+0000] {logging_mixin.py:188} INFO - [2024-08-05T08:15:05.828+0000] {taskinstance.py:2907} ERROR - {'DAG Id': 'enrich_prod', 'Task Id': 'cleaning.check_esco_annexe_sensor', 'Run Id': 'manual__2024-08-02T12:09:11.478070+00:00', 'Hostname': '0ed00079025b', 'External Executor Id': 'a9c4022a-8be8-4b87-a9a9-4914c8758d1f'}
[2024-08-05T08:15:05.840+0000] {logging_mixin.py:188} INFO - [2024-08-05T08:15:05.839+0000] {taskinstance.py:1206} INFO - Marking task as FAILED. dag_id=enrich_prod, task_id=cleaning.check_esco_annexe_sensor, run_id=manual__2024-08-02T12:09:11.478070+00:00, execution_date=20240802T120911, start_date=20240802T120913, end_date=20240805T081505
[2024-08-05T08:15:05.854+0000] {logging_mixin.py:188} WARNING - /home/airflow/.local/lib/python3.12/site-packages/airflow/utils/email.py:154 RemovedInAirflow3Warning: Fetching SMTP credentials from configuration variables will be deprecated in a future release. Please set credentials using a connection instead.
[2024-08-05T08:15:05.855+0000] {logging_mixin.py:188} INFO - [2024-08-05T08:15:05.855+0000] {configuration.py:1053} WARNING - section/key [smtp/smtp_user] not found in config
[2024-08-05T08:15:05.855+0000] {logging_mixin.py:188} INFO - [2024-08-05T08:15:05.855+0000] {email.py:271} INFO - Email alerting: attempt 1
[2024-08-05T08:15:05.858+0000] {logging_mixin.py:188} INFO - [2024-08-05T08:15:05.858+0000] {configuration.py:1053} WARNING - section/key [smtp/smtp_user] not found in config
[2024-08-05T08:15:05.858+0000] {logging_mixin.py:188} INFO - [2024-08-05T08:15:05.858+0000] {email.py:271} INFO - Email alerting: attempt 1
[2024-08-05T08:15:05.862+0000] {logging_mixin.py:188} INFO - [2024-08-05T08:15:05.859+0000] {taskinstance.py:879} ERROR - Failed to send email to: ['richmond.kongo@orange.com', 'assane.diop@orange.com', 'cyrille1.danho@orange.com', 'mohamed2.sylla@orange.com', 'amadou.diomande@orange.com', 'Jonas.kouame@orange.com', 'armand.kablan@orange.com', 'anicet.azombade@orange.com', 'etienne.kouadio@orange.com', 'bertine.kouakou@orange.com', 'florentine.kouakou@orange.com', 'ange.phaceli@orange.com', 'soulegame.soro@orange.com', 'innocent.yengo@orange.com']
Traceback (most recent call last):
  File "/home/airflow/.local/lib/python3.12/site-packages/airflow/models/taskinstance.py", line 1063, in _email_alert
    send_email(task.email, subject, html_content)
  File "/home/airflow/.local/lib/python3.12/site-packages/airflow/utils/email.py", line 80, in send_email
    return backend(
           ^^^^^^^^
  File "/home/airflow/.local/lib/python3.12/site-packages/airflow/utils/email.py", line 154, in send_email_smtp
    send_mime_email(e_from=mail_from, e_to=recipients, mime_msg=msg, conn_id=conn_id, dryrun=dryrun)
  File "/home/airflow/.local/lib/python3.12/site-packages/airflow/utils/email.py", line 273, in send_mime_email
    smtp_conn = _get_smtp_connection(smtp_host, smtp_port, smtp_timeout, smtp_ssl)
                ^^^^^^^^^^^^^^^^^^^^^^^^^^^^^^^^^^^^^^^^^^^^^^^^^^^^^^^^^^^^^^^^^^
  File "/home/airflow/.local/lib/python3.12/site-packages/airflow/utils/email.py", line 317, in _get_smtp_connection
    return smtplib.SMTP(host=host, port=port, timeout=timeout)
           ^^^^^^^^^^^^^^^^^^^^^^^^^^^^^^^^^^^^^^^^^^^^^^^^^^^
  File "/usr/local/lib/python3.12/smtplib.py", line 255, in __init__
    (code, msg) = self.connect(host, port)
                  ^^^^^^^^^^^^^^^^^^^^^^^^
  File "/usr/local/lib/python3.12/smtplib.py", line 341, in connect
    self.sock = self._get_socket(host, port, self.timeout)
                ^^^^^^^^^^^^^^^^^^^^^^^^^^^^^^^^^^^^^^^^^^
  File "/usr/local/lib/python3.12/smtplib.py", line 312, in _get_socket
    return socket.create_connection((host, port), timeout,
           ^^^^^^^^^^^^^^^^^^^^^^^^^^^^^^^^^^^^^^^^^^^^^^^
  File "/usr/local/lib/python3.12/socket.py", line 853, in create_connection
    raise exceptions[0]
  File "/usr/local/lib/python3.12/socket.py", line 838, in create_connection
    sock.connect(sa)
ConnectionRefusedError: [Errno 111] Connection refused

During handling of the above exception, another exception occurred:

Traceback (most recent call last):
  File "/home/airflow/.local/lib/python3.12/site-packages/airflow/models/taskinstance.py", line 877, in _handle_failure
    task_instance.email_alert(error, failure_context["task"])
  File "/home/airflow/.local/lib/python3.12/site-packages/airflow/models/taskinstance.py", line 3163, in email_alert
    _email_alert(task_instance=self, exception=exception, task=task)
  File "/home/airflow/.local/lib/python3.12/site-packages/airflow/models/taskinstance.py", line 1065, in _email_alert
    send_email(task.email, subject, html_content_err)
  File "/home/airflow/.local/lib/python3.12/site-packages/airflow/utils/email.py", line 80, in send_email
    return backend(
           ^^^^^^^^
  File "/home/airflow/.local/lib/python3.12/site-packages/airflow/utils/email.py", line 154, in send_email_smtp
    send_mime_email(e_from=mail_from, e_to=recipients, mime_msg=msg, conn_id=conn_id, dryrun=dryrun)
  File "/home/airflow/.local/lib/python3.12/site-packages/airflow/utils/email.py", line 273, in send_mime_email
    smtp_conn = _get_smtp_connection(smtp_host, smtp_port, smtp_timeout, smtp_ssl)
                ^^^^^^^^^^^^^^^^^^^^^^^^^^^^^^^^^^^^^^^^^^^^^^^^^^^^^^^^^^^^^^^^^^
  File "/home/airflow/.local/lib/python3.12/site-packages/airflow/utils/email.py", line 317, in _get_smtp_connection
    return smtplib.SMTP(host=host, port=port, timeout=timeout)
           ^^^^^^^^^^^^^^^^^^^^^^^^^^^^^^^^^^^^^^^^^^^^^^^^^^^
  File "/usr/local/lib/python3.12/smtplib.py", line 255, in __init__
    (code, msg) = self.connect(host, port)
                  ^^^^^^^^^^^^^^^^^^^^^^^^
  File "/usr/local/lib/python3.12/smtplib.py", line 341, in connect
    self.sock = self._get_socket(host, port, self.timeout)
                ^^^^^^^^^^^^^^^^^^^^^^^^^^^^^^^^^^^^^^^^^^
  File "/usr/local/lib/python3.12/smtplib.py", line 312, in _get_socket
    return socket.create_connection((host, port), timeout,
           ^^^^^^^^^^^^^^^^^^^^^^^^^^^^^^^^^^^^^^^^^^^^^^^
  File "/usr/local/lib/python3.12/socket.py", line 853, in create_connection
    raise exceptions[0]
  File "/usr/local/lib/python3.12/socket.py", line 838, in create_connection
    sock.connect(sa)
ConnectionRefusedError: [Errno 111] Connection refused
[2024-08-05T08:15:05.871+0000] {processor.py:791} INFO - Executed failure callback for <TaskInstance: enrich_prod.cleaning.check_esco_annexe_sensor manual__2024-08-02T12:09:11.478070+00:00 [failed]> in state failed
[2024-08-05T08:15:05.876+0000] {logging_mixin.py:188} INFO - [2024-08-05T08:15:05.875+0000] {dag.py:3089} INFO - Sync 1 DAGs
[2024-08-05T08:15:05.896+0000] {logging_mixin.py:188} INFO - [2024-08-05T08:15:05.895+0000] {dag.py:3947} INFO - Setting next_dagrun for enrich_prod to 2024-08-02 00:00:00+00:00, run_after=2024-09-02 00:00:00+00:00
[2024-08-05T08:15:05.911+0000] {processor.py:183} INFO - Processing /opt/airflow/dags/gps/custom_dags/enrich.py took 0.782 seconds
[2024-08-05T08:15:05.944+0000] {processor.py:161} INFO - Started process (PID=62) to work on /opt/airflow/dags/gps/custom_dags/enrich.py
[2024-08-05T08:15:05.945+0000] {processor.py:830} INFO - Processing file /opt/airflow/dags/gps/custom_dags/enrich.py for tasks to queue
[2024-08-05T08:15:05.947+0000] {logging_mixin.py:188} INFO - [2024-08-05T08:15:05.946+0000] {dagbag.py:545} INFO - Filling up the DagBag from /opt/airflow/dags/gps/custom_dags/enrich.py
[2024-08-05T08:15:06.599+0000] {processor.py:840} INFO - DAG(s) 'enrich_prod' retrieved from /opt/airflow/dags/gps/custom_dags/enrich.py
[2024-08-05T08:15:06.612+0000] {logging_mixin.py:188} INFO - [2024-08-05T08:15:06.612+0000] {taskinstance.py:2907} ERROR - {'DAG Id': 'enrich_prod', 'Task Id': 'cleaning.check_ihs_sensor', 'Run Id': 'manual__2024-08-02T12:09:11.478070+00:00', 'Hostname': '0ed00079025b', 'External Executor Id': 'b94ce19d-27b7-4406-a8ac-43c35063a1c9'}
[2024-08-05T08:15:06.626+0000] {logging_mixin.py:188} INFO - [2024-08-05T08:15:06.626+0000] {taskinstance.py:1206} INFO - Marking task as FAILED. dag_id=enrich_prod, task_id=cleaning.check_ihs_sensor, run_id=manual__2024-08-02T12:09:11.478070+00:00, execution_date=20240802T120911, start_date=20240802T120913, end_date=20240805T081506
[2024-08-05T08:15:06.643+0000] {logging_mixin.py:188} WARNING - /home/airflow/.local/lib/python3.12/site-packages/airflow/utils/email.py:154 RemovedInAirflow3Warning: Fetching SMTP credentials from configuration variables will be deprecated in a future release. Please set credentials using a connection instead.
[2024-08-05T08:15:06.644+0000] {logging_mixin.py:188} INFO - [2024-08-05T08:15:06.644+0000] {configuration.py:1053} WARNING - section/key [smtp/smtp_user] not found in config
[2024-08-05T08:15:06.644+0000] {logging_mixin.py:188} INFO - [2024-08-05T08:15:06.644+0000] {email.py:271} INFO - Email alerting: attempt 1
[2024-08-05T08:15:06.647+0000] {logging_mixin.py:188} INFO - [2024-08-05T08:15:06.647+0000] {configuration.py:1053} WARNING - section/key [smtp/smtp_user] not found in config
[2024-08-05T08:15:06.647+0000] {logging_mixin.py:188} INFO - [2024-08-05T08:15:06.647+0000] {email.py:271} INFO - Email alerting: attempt 1
[2024-08-05T08:15:06.651+0000] {logging_mixin.py:188} INFO - [2024-08-05T08:15:06.648+0000] {taskinstance.py:879} ERROR - Failed to send email to: ['richmond.kongo@orange.com', 'assane.diop@orange.com', 'cyrille1.danho@orange.com', 'mohamed2.sylla@orange.com', 'amadou.diomande@orange.com', 'Jonas.kouame@orange.com', 'armand.kablan@orange.com', 'anicet.azombade@orange.com', 'etienne.kouadio@orange.com', 'bertine.kouakou@orange.com', 'florentine.kouakou@orange.com', 'ange.phaceli@orange.com', 'soulegame.soro@orange.com', 'innocent.yengo@orange.com']
Traceback (most recent call last):
  File "/home/airflow/.local/lib/python3.12/site-packages/airflow/models/taskinstance.py", line 1063, in _email_alert
    send_email(task.email, subject, html_content)
  File "/home/airflow/.local/lib/python3.12/site-packages/airflow/utils/email.py", line 80, in send_email
    return backend(
           ^^^^^^^^
  File "/home/airflow/.local/lib/python3.12/site-packages/airflow/utils/email.py", line 154, in send_email_smtp
    send_mime_email(e_from=mail_from, e_to=recipients, mime_msg=msg, conn_id=conn_id, dryrun=dryrun)
  File "/home/airflow/.local/lib/python3.12/site-packages/airflow/utils/email.py", line 273, in send_mime_email
    smtp_conn = _get_smtp_connection(smtp_host, smtp_port, smtp_timeout, smtp_ssl)
                ^^^^^^^^^^^^^^^^^^^^^^^^^^^^^^^^^^^^^^^^^^^^^^^^^^^^^^^^^^^^^^^^^^
  File "/home/airflow/.local/lib/python3.12/site-packages/airflow/utils/email.py", line 317, in _get_smtp_connection
    return smtplib.SMTP(host=host, port=port, timeout=timeout)
           ^^^^^^^^^^^^^^^^^^^^^^^^^^^^^^^^^^^^^^^^^^^^^^^^^^^
  File "/usr/local/lib/python3.12/smtplib.py", line 255, in __init__
    (code, msg) = self.connect(host, port)
                  ^^^^^^^^^^^^^^^^^^^^^^^^
  File "/usr/local/lib/python3.12/smtplib.py", line 341, in connect
    self.sock = self._get_socket(host, port, self.timeout)
                ^^^^^^^^^^^^^^^^^^^^^^^^^^^^^^^^^^^^^^^^^^
  File "/usr/local/lib/python3.12/smtplib.py", line 312, in _get_socket
    return socket.create_connection((host, port), timeout,
           ^^^^^^^^^^^^^^^^^^^^^^^^^^^^^^^^^^^^^^^^^^^^^^^
  File "/usr/local/lib/python3.12/socket.py", line 853, in create_connection
    raise exceptions[0]
  File "/usr/local/lib/python3.12/socket.py", line 838, in create_connection
    sock.connect(sa)
ConnectionRefusedError: [Errno 111] Connection refused

During handling of the above exception, another exception occurred:

Traceback (most recent call last):
  File "/home/airflow/.local/lib/python3.12/site-packages/airflow/models/taskinstance.py", line 877, in _handle_failure
    task_instance.email_alert(error, failure_context["task"])
  File "/home/airflow/.local/lib/python3.12/site-packages/airflow/models/taskinstance.py", line 3163, in email_alert
    _email_alert(task_instance=self, exception=exception, task=task)
  File "/home/airflow/.local/lib/python3.12/site-packages/airflow/models/taskinstance.py", line 1065, in _email_alert
    send_email(task.email, subject, html_content_err)
  File "/home/airflow/.local/lib/python3.12/site-packages/airflow/utils/email.py", line 80, in send_email
    return backend(
           ^^^^^^^^
  File "/home/airflow/.local/lib/python3.12/site-packages/airflow/utils/email.py", line 154, in send_email_smtp
    send_mime_email(e_from=mail_from, e_to=recipients, mime_msg=msg, conn_id=conn_id, dryrun=dryrun)
  File "/home/airflow/.local/lib/python3.12/site-packages/airflow/utils/email.py", line 273, in send_mime_email
    smtp_conn = _get_smtp_connection(smtp_host, smtp_port, smtp_timeout, smtp_ssl)
                ^^^^^^^^^^^^^^^^^^^^^^^^^^^^^^^^^^^^^^^^^^^^^^^^^^^^^^^^^^^^^^^^^^
  File "/home/airflow/.local/lib/python3.12/site-packages/airflow/utils/email.py", line 317, in _get_smtp_connection
    return smtplib.SMTP(host=host, port=port, timeout=timeout)
           ^^^^^^^^^^^^^^^^^^^^^^^^^^^^^^^^^^^^^^^^^^^^^^^^^^^
  File "/usr/local/lib/python3.12/smtplib.py", line 255, in __init__
    (code, msg) = self.connect(host, port)
                  ^^^^^^^^^^^^^^^^^^^^^^^^
  File "/usr/local/lib/python3.12/smtplib.py", line 341, in connect
    self.sock = self._get_socket(host, port, self.timeout)
                ^^^^^^^^^^^^^^^^^^^^^^^^^^^^^^^^^^^^^^^^^^
  File "/usr/local/lib/python3.12/smtplib.py", line 312, in _get_socket
    return socket.create_connection((host, port), timeout,
           ^^^^^^^^^^^^^^^^^^^^^^^^^^^^^^^^^^^^^^^^^^^^^^^
  File "/usr/local/lib/python3.12/socket.py", line 853, in create_connection
    raise exceptions[0]
  File "/usr/local/lib/python3.12/socket.py", line 838, in create_connection
    sock.connect(sa)
ConnectionRefusedError: [Errno 111] Connection refused
[2024-08-05T08:15:06.661+0000] {processor.py:791} INFO - Executed failure callback for <TaskInstance: enrich_prod.cleaning.check_ihs_sensor manual__2024-08-02T12:09:11.478070+00:00 [failed]> in state failed
[2024-08-05T08:15:06.663+0000] {logging_mixin.py:188} INFO - [2024-08-05T08:15:06.663+0000] {taskinstance.py:2907} ERROR - {'DAG Id': 'enrich_prod', 'Task Id': 'cleaning.check_esco_sensor', 'Run Id': 'manual__2024-08-02T12:09:11.478070+00:00', 'Hostname': '0ed00079025b', 'External Executor Id': '20c7f16b-bcb2-4e25-a308-a31042e0e3d2'}
[2024-08-05T08:15:06.670+0000] {logging_mixin.py:188} INFO - [2024-08-05T08:15:06.670+0000] {taskinstance.py:1206} INFO - Marking task as FAILED. dag_id=enrich_prod, task_id=cleaning.check_esco_sensor, run_id=manual__2024-08-02T12:09:11.478070+00:00, execution_date=20240802T120911, start_date=20240802T120913, end_date=20240805T081506
[2024-08-05T08:15:06.681+0000] {logging_mixin.py:188} INFO - [2024-08-05T08:15:06.681+0000] {configuration.py:1053} WARNING - section/key [smtp/smtp_user] not found in config
[2024-08-05T08:15:06.682+0000] {logging_mixin.py:188} INFO - [2024-08-05T08:15:06.682+0000] {email.py:271} INFO - Email alerting: attempt 1
[2024-08-05T08:15:06.685+0000] {logging_mixin.py:188} INFO - [2024-08-05T08:15:06.685+0000] {configuration.py:1053} WARNING - section/key [smtp/smtp_user] not found in config
[2024-08-05T08:15:06.685+0000] {logging_mixin.py:188} INFO - [2024-08-05T08:15:06.685+0000] {email.py:271} INFO - Email alerting: attempt 1
[2024-08-05T08:15:06.687+0000] {logging_mixin.py:188} INFO - [2024-08-05T08:15:06.686+0000] {taskinstance.py:879} ERROR - Failed to send email to: ['richmond.kongo@orange.com', 'assane.diop@orange.com', 'cyrille1.danho@orange.com', 'mohamed2.sylla@orange.com', 'amadou.diomande@orange.com', 'Jonas.kouame@orange.com', 'armand.kablan@orange.com', 'anicet.azombade@orange.com', 'etienne.kouadio@orange.com', 'bertine.kouakou@orange.com', 'florentine.kouakou@orange.com', 'ange.phaceli@orange.com', 'soulegame.soro@orange.com', 'innocent.yengo@orange.com']
Traceback (most recent call last):
  File "/home/airflow/.local/lib/python3.12/site-packages/airflow/models/taskinstance.py", line 1063, in _email_alert
    send_email(task.email, subject, html_content)
  File "/home/airflow/.local/lib/python3.12/site-packages/airflow/utils/email.py", line 80, in send_email
    return backend(
           ^^^^^^^^
  File "/home/airflow/.local/lib/python3.12/site-packages/airflow/utils/email.py", line 154, in send_email_smtp
    send_mime_email(e_from=mail_from, e_to=recipients, mime_msg=msg, conn_id=conn_id, dryrun=dryrun)
  File "/home/airflow/.local/lib/python3.12/site-packages/airflow/utils/email.py", line 273, in send_mime_email
    smtp_conn = _get_smtp_connection(smtp_host, smtp_port, smtp_timeout, smtp_ssl)
                ^^^^^^^^^^^^^^^^^^^^^^^^^^^^^^^^^^^^^^^^^^^^^^^^^^^^^^^^^^^^^^^^^^
  File "/home/airflow/.local/lib/python3.12/site-packages/airflow/utils/email.py", line 317, in _get_smtp_connection
    return smtplib.SMTP(host=host, port=port, timeout=timeout)
           ^^^^^^^^^^^^^^^^^^^^^^^^^^^^^^^^^^^^^^^^^^^^^^^^^^^
  File "/usr/local/lib/python3.12/smtplib.py", line 255, in __init__
    (code, msg) = self.connect(host, port)
                  ^^^^^^^^^^^^^^^^^^^^^^^^
  File "/usr/local/lib/python3.12/smtplib.py", line 341, in connect
    self.sock = self._get_socket(host, port, self.timeout)
                ^^^^^^^^^^^^^^^^^^^^^^^^^^^^^^^^^^^^^^^^^^
  File "/usr/local/lib/python3.12/smtplib.py", line 312, in _get_socket
    return socket.create_connection((host, port), timeout,
           ^^^^^^^^^^^^^^^^^^^^^^^^^^^^^^^^^^^^^^^^^^^^^^^
  File "/usr/local/lib/python3.12/socket.py", line 853, in create_connection
    raise exceptions[0]
  File "/usr/local/lib/python3.12/socket.py", line 838, in create_connection
    sock.connect(sa)
ConnectionRefusedError: [Errno 111] Connection refused

During handling of the above exception, another exception occurred:

Traceback (most recent call last):
  File "/home/airflow/.local/lib/python3.12/site-packages/airflow/models/taskinstance.py", line 877, in _handle_failure
    task_instance.email_alert(error, failure_context["task"])
  File "/home/airflow/.local/lib/python3.12/site-packages/airflow/models/taskinstance.py", line 3163, in email_alert
    _email_alert(task_instance=self, exception=exception, task=task)
  File "/home/airflow/.local/lib/python3.12/site-packages/airflow/models/taskinstance.py", line 1065, in _email_alert
    send_email(task.email, subject, html_content_err)
  File "/home/airflow/.local/lib/python3.12/site-packages/airflow/utils/email.py", line 80, in send_email
    return backend(
           ^^^^^^^^
  File "/home/airflow/.local/lib/python3.12/site-packages/airflow/utils/email.py", line 154, in send_email_smtp
    send_mime_email(e_from=mail_from, e_to=recipients, mime_msg=msg, conn_id=conn_id, dryrun=dryrun)
  File "/home/airflow/.local/lib/python3.12/site-packages/airflow/utils/email.py", line 273, in send_mime_email
    smtp_conn = _get_smtp_connection(smtp_host, smtp_port, smtp_timeout, smtp_ssl)
                ^^^^^^^^^^^^^^^^^^^^^^^^^^^^^^^^^^^^^^^^^^^^^^^^^^^^^^^^^^^^^^^^^^
  File "/home/airflow/.local/lib/python3.12/site-packages/airflow/utils/email.py", line 317, in _get_smtp_connection
    return smtplib.SMTP(host=host, port=port, timeout=timeout)
           ^^^^^^^^^^^^^^^^^^^^^^^^^^^^^^^^^^^^^^^^^^^^^^^^^^^
  File "/usr/local/lib/python3.12/smtplib.py", line 255, in __init__
    (code, msg) = self.connect(host, port)
                  ^^^^^^^^^^^^^^^^^^^^^^^^
  File "/usr/local/lib/python3.12/smtplib.py", line 341, in connect
    self.sock = self._get_socket(host, port, self.timeout)
                ^^^^^^^^^^^^^^^^^^^^^^^^^^^^^^^^^^^^^^^^^^
  File "/usr/local/lib/python3.12/smtplib.py", line 312, in _get_socket
    return socket.create_connection((host, port), timeout,
           ^^^^^^^^^^^^^^^^^^^^^^^^^^^^^^^^^^^^^^^^^^^^^^^
  File "/usr/local/lib/python3.12/socket.py", line 853, in create_connection
    raise exceptions[0]
  File "/usr/local/lib/python3.12/socket.py", line 838, in create_connection
    sock.connect(sa)
ConnectionRefusedError: [Errno 111] Connection refused
[2024-08-05T08:15:06.692+0000] {processor.py:791} INFO - Executed failure callback for <TaskInstance: enrich_prod.cleaning.check_esco_sensor manual__2024-08-02T12:09:11.478070+00:00 [failed]> in state failed
[2024-08-05T08:15:06.696+0000] {logging_mixin.py:188} INFO - [2024-08-05T08:15:06.695+0000] {dag.py:3089} INFO - Sync 1 DAGs
[2024-08-05T08:15:06.714+0000] {logging_mixin.py:188} INFO - [2024-08-05T08:15:06.714+0000] {dag.py:3947} INFO - Setting next_dagrun for enrich_prod to 2024-08-02 00:00:00+00:00, run_after=2024-09-02 00:00:00+00:00
[2024-08-05T08:15:06.728+0000] {processor.py:183} INFO - Processing /opt/airflow/dags/gps/custom_dags/enrich.py took 0.789 seconds
[2024-08-05T08:15:36.896+0000] {processor.py:161} INFO - Started process (PID=74) to work on /opt/airflow/dags/gps/custom_dags/enrich.py
[2024-08-05T08:15:36.897+0000] {processor.py:830} INFO - Processing file /opt/airflow/dags/gps/custom_dags/enrich.py for tasks to queue
[2024-08-05T08:15:36.900+0000] {logging_mixin.py:188} INFO - [2024-08-05T08:15:36.899+0000] {dagbag.py:545} INFO - Filling up the DagBag from /opt/airflow/dags/gps/custom_dags/enrich.py
[2024-08-05T08:15:37.863+0000] {processor.py:840} INFO - DAG(s) 'enrich_prod' retrieved from /opt/airflow/dags/gps/custom_dags/enrich.py
[2024-08-05T08:15:38.030+0000] {logging_mixin.py:188} INFO - [2024-08-05T08:15:38.030+0000] {dag.py:3089} INFO - Sync 1 DAGs
[2024-08-05T08:15:38.053+0000] {logging_mixin.py:188} INFO - [2024-08-05T08:15:38.053+0000] {dag.py:3947} INFO - Setting next_dagrun for enrich_prod to 2024-08-02 00:00:00+00:00, run_after=2024-09-02 00:00:00+00:00
[2024-08-05T08:15:38.078+0000] {processor.py:183} INFO - Processing /opt/airflow/dags/gps/custom_dags/enrich.py took 1.190 seconds
[2024-08-05T08:16:08.262+0000] {processor.py:161} INFO - Started process (PID=84) to work on /opt/airflow/dags/gps/custom_dags/enrich.py
[2024-08-05T08:16:08.263+0000] {processor.py:830} INFO - Processing file /opt/airflow/dags/gps/custom_dags/enrich.py for tasks to queue
[2024-08-05T08:16:08.265+0000] {logging_mixin.py:188} INFO - [2024-08-05T08:16:08.264+0000] {dagbag.py:545} INFO - Filling up the DagBag from /opt/airflow/dags/gps/custom_dags/enrich.py
[2024-08-05T08:16:08.868+0000] {processor.py:840} INFO - DAG(s) 'enrich_prod' retrieved from /opt/airflow/dags/gps/custom_dags/enrich.py
[2024-08-05T08:16:08.954+0000] {logging_mixin.py:188} INFO - [2024-08-05T08:16:08.953+0000] {dag.py:3089} INFO - Sync 1 DAGs
[2024-08-05T08:16:08.969+0000] {logging_mixin.py:188} INFO - [2024-08-05T08:16:08.969+0000] {dag.py:3947} INFO - Setting next_dagrun for enrich_prod to 2024-08-02 00:00:00+00:00, run_after=2024-09-02 00:00:00+00:00
[2024-08-05T08:16:08.985+0000] {processor.py:183} INFO - Processing /opt/airflow/dags/gps/custom_dags/enrich.py took 0.729 seconds
[2024-08-05T08:16:39.193+0000] {processor.py:161} INFO - Started process (PID=93) to work on /opt/airflow/dags/gps/custom_dags/enrich.py
[2024-08-05T08:16:39.196+0000] {processor.py:830} INFO - Processing file /opt/airflow/dags/gps/custom_dags/enrich.py for tasks to queue
[2024-08-05T08:16:39.198+0000] {logging_mixin.py:188} INFO - [2024-08-05T08:16:39.197+0000] {dagbag.py:545} INFO - Filling up the DagBag from /opt/airflow/dags/gps/custom_dags/enrich.py
[2024-08-05T08:16:39.782+0000] {processor.py:840} INFO - DAG(s) 'enrich_prod' retrieved from /opt/airflow/dags/gps/custom_dags/enrich.py
[2024-08-05T08:16:39.879+0000] {logging_mixin.py:188} INFO - [2024-08-05T08:16:39.878+0000] {dag.py:3089} INFO - Sync 1 DAGs
[2024-08-05T08:16:39.899+0000] {logging_mixin.py:188} INFO - [2024-08-05T08:16:39.899+0000] {dag.py:3947} INFO - Setting next_dagrun for enrich_prod to 2024-08-02 00:00:00+00:00, run_after=2024-09-02 00:00:00+00:00
[2024-08-05T08:16:39.984+0000] {processor.py:183} INFO - Processing /opt/airflow/dags/gps/custom_dags/enrich.py took 0.797 seconds
[2024-08-05T08:17:10.189+0000] {processor.py:161} INFO - Started process (PID=104) to work on /opt/airflow/dags/gps/custom_dags/enrich.py
[2024-08-05T08:17:10.191+0000] {processor.py:830} INFO - Processing file /opt/airflow/dags/gps/custom_dags/enrich.py for tasks to queue
[2024-08-05T08:17:10.193+0000] {logging_mixin.py:188} INFO - [2024-08-05T08:17:10.192+0000] {dagbag.py:545} INFO - Filling up the DagBag from /opt/airflow/dags/gps/custom_dags/enrich.py
[2024-08-05T08:17:10.787+0000] {processor.py:840} INFO - DAG(s) 'enrich_prod' retrieved from /opt/airflow/dags/gps/custom_dags/enrich.py
[2024-08-05T08:17:10.882+0000] {logging_mixin.py:188} INFO - [2024-08-05T08:17:10.882+0000] {dag.py:3089} INFO - Sync 1 DAGs
[2024-08-05T08:17:10.898+0000] {logging_mixin.py:188} INFO - [2024-08-05T08:17:10.898+0000] {dag.py:3947} INFO - Setting next_dagrun for enrich_prod to 2024-08-02 00:00:00+00:00, run_after=2024-09-02 00:00:00+00:00
[2024-08-05T08:17:10.916+0000] {processor.py:183} INFO - Processing /opt/airflow/dags/gps/custom_dags/enrich.py took 0.734 seconds
[2024-08-05T08:17:41.126+0000] {processor.py:161} INFO - Started process (PID=114) to work on /opt/airflow/dags/gps/custom_dags/enrich.py
[2024-08-05T08:17:41.127+0000] {processor.py:830} INFO - Processing file /opt/airflow/dags/gps/custom_dags/enrich.py for tasks to queue
[2024-08-05T08:17:41.128+0000] {logging_mixin.py:188} INFO - [2024-08-05T08:17:41.128+0000] {dagbag.py:545} INFO - Filling up the DagBag from /opt/airflow/dags/gps/custom_dags/enrich.py
[2024-08-05T08:17:41.765+0000] {processor.py:840} INFO - DAG(s) 'enrich_prod' retrieved from /opt/airflow/dags/gps/custom_dags/enrich.py
[2024-08-05T08:17:41.852+0000] {logging_mixin.py:188} INFO - [2024-08-05T08:17:41.851+0000] {dag.py:3089} INFO - Sync 1 DAGs
[2024-08-05T08:17:41.871+0000] {logging_mixin.py:188} INFO - [2024-08-05T08:17:41.871+0000] {dag.py:3947} INFO - Setting next_dagrun for enrich_prod to 2024-08-02 00:00:00+00:00, run_after=2024-09-02 00:00:00+00:00
[2024-08-05T08:17:41.892+0000] {processor.py:183} INFO - Processing /opt/airflow/dags/gps/custom_dags/enrich.py took 0.770 seconds
