[2024-08-05T08:14:54.443+0000] {processor.py:161} INFO - Started process (PID=54) to work on /opt/airflow/dags/gps/custom_dags/motower_daily.py
[2024-08-05T08:14:54.444+0000] {processor.py:830} INFO - Processing file /opt/airflow/dags/gps/custom_dags/motower_daily.py for tasks to queue
[2024-08-05T08:14:54.445+0000] {logging_mixin.py:188} INFO - [2024-08-05T08:14:54.445+0000] {dagbag.py:545} INFO - Filling up the DagBag from /opt/airflow/dags/gps/custom_dags/motower_daily.py
[2024-08-05T08:14:55.613+0000] {processor.py:840} INFO - DAG(s) 'motower_daily_prod' retrieved from /opt/airflow/dags/gps/custom_dags/motower_daily.py
[2024-08-05T08:14:55.857+0000] {logging_mixin.py:188} INFO - [2024-08-05T08:14:55.856+0000] {dag.py:3089} INFO - Sync 1 DAGs
[2024-08-05T08:14:55.929+0000] {processor.py:183} INFO - Processing /opt/airflow/dags/gps/custom_dags/motower_daily.py took 1.496 seconds
[2024-08-05T08:15:05.117+0000] {processor.py:161} INFO - Started process (PID=58) to work on /opt/airflow/dags/gps/custom_dags/motower_daily.py
[2024-08-05T08:15:05.118+0000] {processor.py:830} INFO - Processing file /opt/airflow/dags/gps/custom_dags/motower_daily.py for tasks to queue
[2024-08-05T08:15:05.119+0000] {logging_mixin.py:188} INFO - [2024-08-05T08:15:05.119+0000] {dagbag.py:545} INFO - Filling up the DagBag from /opt/airflow/dags/gps/custom_dags/motower_daily.py
[2024-08-05T08:15:05.789+0000] {processor.py:840} INFO - DAG(s) 'motower_daily_prod' retrieved from /opt/airflow/dags/gps/custom_dags/motower_daily.py
[2024-08-05T08:15:05.804+0000] {logging_mixin.py:188} INFO - [2024-08-05T08:15:05.803+0000] {taskinstance.py:2907} ERROR - {'DAG Id': 'motower_daily_prod', 'Task Id': 'checkataa', 'Run Id': 'scheduled__2024-07-02T06:00:00+00:00', 'Hostname': '0ed00079025b', 'External Executor Id': 'ac8ab07d-1dd0-4fcb-a7a7-6f005cce3b36'}
[2024-08-05T08:15:05.827+0000] {logging_mixin.py:188} INFO - [2024-08-05T08:15:05.827+0000] {taskinstance.py:1206} INFO - Marking task as FAILED. dag_id=motower_daily_prod, task_id=checkataa, run_id=scheduled__2024-07-02T06:00:00+00:00, execution_date=20240702T060000, start_date=20240802T122620, end_date=20240805T081505
[2024-08-05T08:15:05.860+0000] {logging_mixin.py:188} WARNING - /home/airflow/.local/lib/python3.12/site-packages/airflow/utils/email.py:154 RemovedInAirflow3Warning: Fetching SMTP credentials from configuration variables will be deprecated in a future release. Please set credentials using a connection instead.
[2024-08-05T08:15:05.860+0000] {logging_mixin.py:188} INFO - [2024-08-05T08:15:05.860+0000] {configuration.py:1053} WARNING - section/key [smtp/smtp_user] not found in config
[2024-08-05T08:15:05.860+0000] {logging_mixin.py:188} INFO - [2024-08-05T08:15:05.860+0000] {email.py:271} INFO - Email alerting: attempt 1
[2024-08-05T08:15:05.864+0000] {logging_mixin.py:188} INFO - [2024-08-05T08:15:05.863+0000] {configuration.py:1053} WARNING - section/key [smtp/smtp_user] not found in config
[2024-08-05T08:15:05.864+0000] {logging_mixin.py:188} INFO - [2024-08-05T08:15:05.864+0000] {email.py:271} INFO - Email alerting: attempt 1
[2024-08-05T08:15:05.868+0000] {logging_mixin.py:188} INFO - [2024-08-05T08:15:05.865+0000] {taskinstance.py:879} ERROR - Failed to send email to: ['richmond.kongo@orange.com', 'assane.diop@orange.com', 'cyrille1.danho@orange.com', 'mohamed2.sylla@orange.com', 'amadou.diomande@orange.com', 'Jonas.kouame@orange.com', 'armand.kablan@orange.com', 'anicet.azombade@orange.com', 'etienne.kouadio@orange.com', 'bertine.kouakou@orange.com', 'florentine.kouakou@orange.com', 'ange.phaceli@orange.com', 'soulegame.soro@orange.com', 'innocent.yengo@orange.com']
Traceback (most recent call last):
  File "/home/airflow/.local/lib/python3.12/site-packages/airflow/models/taskinstance.py", line 1063, in _email_alert
    send_email(task.email, subject, html_content)
  File "/home/airflow/.local/lib/python3.12/site-packages/airflow/utils/email.py", line 80, in send_email
    return backend(
           ^^^^^^^^
  File "/home/airflow/.local/lib/python3.12/site-packages/airflow/utils/email.py", line 154, in send_email_smtp
    send_mime_email(e_from=mail_from, e_to=recipients, mime_msg=msg, conn_id=conn_id, dryrun=dryrun)
  File "/home/airflow/.local/lib/python3.12/site-packages/airflow/utils/email.py", line 273, in send_mime_email
    smtp_conn = _get_smtp_connection(smtp_host, smtp_port, smtp_timeout, smtp_ssl)
                ^^^^^^^^^^^^^^^^^^^^^^^^^^^^^^^^^^^^^^^^^^^^^^^^^^^^^^^^^^^^^^^^^^
  File "/home/airflow/.local/lib/python3.12/site-packages/airflow/utils/email.py", line 317, in _get_smtp_connection
    return smtplib.SMTP(host=host, port=port, timeout=timeout)
           ^^^^^^^^^^^^^^^^^^^^^^^^^^^^^^^^^^^^^^^^^^^^^^^^^^^
  File "/usr/local/lib/python3.12/smtplib.py", line 255, in __init__
    (code, msg) = self.connect(host, port)
                  ^^^^^^^^^^^^^^^^^^^^^^^^
  File "/usr/local/lib/python3.12/smtplib.py", line 341, in connect
    self.sock = self._get_socket(host, port, self.timeout)
                ^^^^^^^^^^^^^^^^^^^^^^^^^^^^^^^^^^^^^^^^^^
  File "/usr/local/lib/python3.12/smtplib.py", line 312, in _get_socket
    return socket.create_connection((host, port), timeout,
           ^^^^^^^^^^^^^^^^^^^^^^^^^^^^^^^^^^^^^^^^^^^^^^^
  File "/usr/local/lib/python3.12/socket.py", line 853, in create_connection
    raise exceptions[0]
  File "/usr/local/lib/python3.12/socket.py", line 838, in create_connection
    sock.connect(sa)
ConnectionRefusedError: [Errno 111] Connection refused

During handling of the above exception, another exception occurred:

Traceback (most recent call last):
  File "/home/airflow/.local/lib/python3.12/site-packages/airflow/models/taskinstance.py", line 877, in _handle_failure
    task_instance.email_alert(error, failure_context["task"])
  File "/home/airflow/.local/lib/python3.12/site-packages/airflow/models/taskinstance.py", line 3163, in email_alert
    _email_alert(task_instance=self, exception=exception, task=task)
  File "/home/airflow/.local/lib/python3.12/site-packages/airflow/models/taskinstance.py", line 1065, in _email_alert
    send_email(task.email, subject, html_content_err)
  File "/home/airflow/.local/lib/python3.12/site-packages/airflow/utils/email.py", line 80, in send_email
    return backend(
           ^^^^^^^^
  File "/home/airflow/.local/lib/python3.12/site-packages/airflow/utils/email.py", line 154, in send_email_smtp
    send_mime_email(e_from=mail_from, e_to=recipients, mime_msg=msg, conn_id=conn_id, dryrun=dryrun)
  File "/home/airflow/.local/lib/python3.12/site-packages/airflow/utils/email.py", line 273, in send_mime_email
    smtp_conn = _get_smtp_connection(smtp_host, smtp_port, smtp_timeout, smtp_ssl)
                ^^^^^^^^^^^^^^^^^^^^^^^^^^^^^^^^^^^^^^^^^^^^^^^^^^^^^^^^^^^^^^^^^^
  File "/home/airflow/.local/lib/python3.12/site-packages/airflow/utils/email.py", line 317, in _get_smtp_connection
    return smtplib.SMTP(host=host, port=port, timeout=timeout)
           ^^^^^^^^^^^^^^^^^^^^^^^^^^^^^^^^^^^^^^^^^^^^^^^^^^^
  File "/usr/local/lib/python3.12/smtplib.py", line 255, in __init__
    (code, msg) = self.connect(host, port)
                  ^^^^^^^^^^^^^^^^^^^^^^^^
  File "/usr/local/lib/python3.12/smtplib.py", line 341, in connect
    self.sock = self._get_socket(host, port, self.timeout)
                ^^^^^^^^^^^^^^^^^^^^^^^^^^^^^^^^^^^^^^^^^^
  File "/usr/local/lib/python3.12/smtplib.py", line 312, in _get_socket
    return socket.create_connection((host, port), timeout,
           ^^^^^^^^^^^^^^^^^^^^^^^^^^^^^^^^^^^^^^^^^^^^^^^
  File "/usr/local/lib/python3.12/socket.py", line 853, in create_connection
    raise exceptions[0]
  File "/usr/local/lib/python3.12/socket.py", line 838, in create_connection
    sock.connect(sa)
ConnectionRefusedError: [Errno 111] Connection refused
[2024-08-05T08:15:05.871+0000] {logging_mixin.py:188} INFO - [2024-08-05T08:15:05.868+0000] {taskinstance.py:1182} ERROR - Error when executing on_failure callback
Traceback (most recent call last):
  File "/home/airflow/.local/lib/python3.12/site-packages/airflow/models/taskinstance.py", line 1179, in _run_finished_callback
    callback(context)
  File "/opt/airflow/dags/gps/custom_dags/motower_daily.py", line 161, in on_failure
    alert_failure(**params)
  File "/opt/airflow/dags/gps/common/alerting.py", line 54, in alert_failure
    tb=exception.__traceback__)).strip()
       ^^^^^^^^^^^^^^^^^^^^^^^
AttributeError: 'str' object has no attribute '__traceback__'
[2024-08-05T08:15:05.884+0000] {processor.py:791} INFO - Executed failure callback for <TaskInstance: motower_daily_prod.checkataa scheduled__2024-07-02T06:00:00+00:00 [failed]> in state failed
[2024-08-05T08:15:05.889+0000] {logging_mixin.py:188} INFO - [2024-08-05T08:15:05.888+0000] {dag.py:3089} INFO - Sync 1 DAGs
[2024-08-05T08:15:05.926+0000] {processor.py:183} INFO - Processing /opt/airflow/dags/gps/custom_dags/motower_daily.py took 0.813 seconds
[2024-08-05T08:15:05.965+0000] {processor.py:161} INFO - Started process (PID=63) to work on /opt/airflow/dags/gps/custom_dags/motower_daily.py
[2024-08-05T08:15:05.966+0000] {processor.py:830} INFO - Processing file /opt/airflow/dags/gps/custom_dags/motower_daily.py for tasks to queue
[2024-08-05T08:15:05.968+0000] {logging_mixin.py:188} INFO - [2024-08-05T08:15:05.967+0000] {dagbag.py:545} INFO - Filling up the DagBag from /opt/airflow/dags/gps/custom_dags/motower_daily.py
[2024-08-05T08:15:06.657+0000] {processor.py:840} INFO - DAG(s) 'motower_daily_prod' retrieved from /opt/airflow/dags/gps/custom_dags/motower_daily.py
[2024-08-05T08:15:06.673+0000] {logging_mixin.py:188} INFO - [2024-08-05T08:15:06.673+0000] {taskinstance.py:2907} ERROR - {'DAG Id': 'motower_daily_prod', 'Task Id': 'sensor_trafic', 'Run Id': 'scheduled__2024-07-02T06:00:00+00:00', 'Hostname': '0ed00079025b', 'External Executor Id': '1b77ea35-8e37-44ea-84a6-dda7ee7723bc'}
[2024-08-05T08:15:06.693+0000] {logging_mixin.py:188} INFO - [2024-08-05T08:15:06.693+0000] {taskinstance.py:1206} INFO - Marking task as FAILED. dag_id=motower_daily_prod, task_id=sensor_trafic, run_id=scheduled__2024-07-02T06:00:00+00:00, execution_date=20240702T060000, start_date=20240802T122620, end_date=20240805T081506
[2024-08-05T08:15:06.711+0000] {logging_mixin.py:188} WARNING - /home/airflow/.local/lib/python3.12/site-packages/airflow/utils/email.py:154 RemovedInAirflow3Warning: Fetching SMTP credentials from configuration variables will be deprecated in a future release. Please set credentials using a connection instead.
[2024-08-05T08:15:06.712+0000] {logging_mixin.py:188} INFO - [2024-08-05T08:15:06.712+0000] {configuration.py:1053} WARNING - section/key [smtp/smtp_user] not found in config
[2024-08-05T08:15:06.712+0000] {logging_mixin.py:188} INFO - [2024-08-05T08:15:06.712+0000] {email.py:271} INFO - Email alerting: attempt 1
[2024-08-05T08:15:06.715+0000] {logging_mixin.py:188} INFO - [2024-08-05T08:15:06.715+0000] {configuration.py:1053} WARNING - section/key [smtp/smtp_user] not found in config
[2024-08-05T08:15:06.715+0000] {logging_mixin.py:188} INFO - [2024-08-05T08:15:06.715+0000] {email.py:271} INFO - Email alerting: attempt 1
[2024-08-05T08:15:06.718+0000] {logging_mixin.py:188} INFO - [2024-08-05T08:15:06.715+0000] {taskinstance.py:879} ERROR - Failed to send email to: ['richmond.kongo@orange.com', 'assane.diop@orange.com', 'cyrille1.danho@orange.com', 'mohamed2.sylla@orange.com', 'amadou.diomande@orange.com', 'Jonas.kouame@orange.com', 'armand.kablan@orange.com', 'anicet.azombade@orange.com', 'etienne.kouadio@orange.com', 'bertine.kouakou@orange.com', 'florentine.kouakou@orange.com', 'ange.phaceli@orange.com', 'soulegame.soro@orange.com', 'innocent.yengo@orange.com']
Traceback (most recent call last):
  File "/home/airflow/.local/lib/python3.12/site-packages/airflow/models/taskinstance.py", line 1063, in _email_alert
    send_email(task.email, subject, html_content)
  File "/home/airflow/.local/lib/python3.12/site-packages/airflow/utils/email.py", line 80, in send_email
    return backend(
           ^^^^^^^^
  File "/home/airflow/.local/lib/python3.12/site-packages/airflow/utils/email.py", line 154, in send_email_smtp
    send_mime_email(e_from=mail_from, e_to=recipients, mime_msg=msg, conn_id=conn_id, dryrun=dryrun)
  File "/home/airflow/.local/lib/python3.12/site-packages/airflow/utils/email.py", line 273, in send_mime_email
    smtp_conn = _get_smtp_connection(smtp_host, smtp_port, smtp_timeout, smtp_ssl)
                ^^^^^^^^^^^^^^^^^^^^^^^^^^^^^^^^^^^^^^^^^^^^^^^^^^^^^^^^^^^^^^^^^^
  File "/home/airflow/.local/lib/python3.12/site-packages/airflow/utils/email.py", line 317, in _get_smtp_connection
    return smtplib.SMTP(host=host, port=port, timeout=timeout)
           ^^^^^^^^^^^^^^^^^^^^^^^^^^^^^^^^^^^^^^^^^^^^^^^^^^^
  File "/usr/local/lib/python3.12/smtplib.py", line 255, in __init__
    (code, msg) = self.connect(host, port)
                  ^^^^^^^^^^^^^^^^^^^^^^^^
  File "/usr/local/lib/python3.12/smtplib.py", line 341, in connect
    self.sock = self._get_socket(host, port, self.timeout)
                ^^^^^^^^^^^^^^^^^^^^^^^^^^^^^^^^^^^^^^^^^^
  File "/usr/local/lib/python3.12/smtplib.py", line 312, in _get_socket
    return socket.create_connection((host, port), timeout,
           ^^^^^^^^^^^^^^^^^^^^^^^^^^^^^^^^^^^^^^^^^^^^^^^
  File "/usr/local/lib/python3.12/socket.py", line 853, in create_connection
    raise exceptions[0]
  File "/usr/local/lib/python3.12/socket.py", line 838, in create_connection
    sock.connect(sa)
ConnectionRefusedError: [Errno 111] Connection refused

During handling of the above exception, another exception occurred:

Traceback (most recent call last):
  File "/home/airflow/.local/lib/python3.12/site-packages/airflow/models/taskinstance.py", line 877, in _handle_failure
    task_instance.email_alert(error, failure_context["task"])
  File "/home/airflow/.local/lib/python3.12/site-packages/airflow/models/taskinstance.py", line 3163, in email_alert
    _email_alert(task_instance=self, exception=exception, task=task)
  File "/home/airflow/.local/lib/python3.12/site-packages/airflow/models/taskinstance.py", line 1065, in _email_alert
    send_email(task.email, subject, html_content_err)
  File "/home/airflow/.local/lib/python3.12/site-packages/airflow/utils/email.py", line 80, in send_email
    return backend(
           ^^^^^^^^
  File "/home/airflow/.local/lib/python3.12/site-packages/airflow/utils/email.py", line 154, in send_email_smtp
    send_mime_email(e_from=mail_from, e_to=recipients, mime_msg=msg, conn_id=conn_id, dryrun=dryrun)
  File "/home/airflow/.local/lib/python3.12/site-packages/airflow/utils/email.py", line 273, in send_mime_email
    smtp_conn = _get_smtp_connection(smtp_host, smtp_port, smtp_timeout, smtp_ssl)
                ^^^^^^^^^^^^^^^^^^^^^^^^^^^^^^^^^^^^^^^^^^^^^^^^^^^^^^^^^^^^^^^^^^
  File "/home/airflow/.local/lib/python3.12/site-packages/airflow/utils/email.py", line 317, in _get_smtp_connection
    return smtplib.SMTP(host=host, port=port, timeout=timeout)
           ^^^^^^^^^^^^^^^^^^^^^^^^^^^^^^^^^^^^^^^^^^^^^^^^^^^
  File "/usr/local/lib/python3.12/smtplib.py", line 255, in __init__
    (code, msg) = self.connect(host, port)
                  ^^^^^^^^^^^^^^^^^^^^^^^^
  File "/usr/local/lib/python3.12/smtplib.py", line 341, in connect
    self.sock = self._get_socket(host, port, self.timeout)
                ^^^^^^^^^^^^^^^^^^^^^^^^^^^^^^^^^^^^^^^^^^
  File "/usr/local/lib/python3.12/smtplib.py", line 312, in _get_socket
    return socket.create_connection((host, port), timeout,
           ^^^^^^^^^^^^^^^^^^^^^^^^^^^^^^^^^^^^^^^^^^^^^^^
  File "/usr/local/lib/python3.12/socket.py", line 853, in create_connection
    raise exceptions[0]
  File "/usr/local/lib/python3.12/socket.py", line 838, in create_connection
    sock.connect(sa)
ConnectionRefusedError: [Errno 111] Connection refused
[2024-08-05T08:15:06.720+0000] {logging_mixin.py:188} INFO - [2024-08-05T08:15:06.718+0000] {taskinstance.py:1182} ERROR - Error when executing on_failure callback
Traceback (most recent call last):
  File "/home/airflow/.local/lib/python3.12/site-packages/airflow/models/taskinstance.py", line 1179, in _run_finished_callback
    callback(context)
  File "/opt/airflow/dags/gps/custom_dags/motower_daily.py", line 161, in on_failure
    alert_failure(**params)
  File "/opt/airflow/dags/gps/common/alerting.py", line 54, in alert_failure
    tb=exception.__traceback__)).strip()
       ^^^^^^^^^^^^^^^^^^^^^^^
AttributeError: 'str' object has no attribute '__traceback__'
[2024-08-05T08:15:06.730+0000] {processor.py:791} INFO - Executed failure callback for <TaskInstance: motower_daily_prod.sensor_trafic scheduled__2024-07-02T06:00:00+00:00 [failed]> in state failed
[2024-08-05T08:15:06.733+0000] {logging_mixin.py:188} INFO - [2024-08-05T08:15:06.732+0000] {taskinstance.py:2907} ERROR - {'DAG Id': 'motower_daily_prod', 'Task Id': 'sensor_congestion', 'Run Id': 'scheduled__2024-07-09T06:00:00+00:00', 'Hostname': '0ed00079025b', 'External Executor Id': '51bcd662-4c36-4f4a-8538-b4007afe5412'}
[2024-08-05T08:15:06.741+0000] {logging_mixin.py:188} INFO - [2024-08-05T08:15:06.741+0000] {taskinstance.py:1206} INFO - Marking task as FAILED. dag_id=motower_daily_prod, task_id=sensor_congestion, run_id=scheduled__2024-07-09T06:00:00+00:00, execution_date=20240709T060000, start_date=20240802T122800, end_date=20240805T081506
[2024-08-05T08:15:06.753+0000] {logging_mixin.py:188} WARNING - /home/airflow/.local/lib/python3.12/site-packages/airflow/utils/email.py:154 RemovedInAirflow3Warning: Fetching SMTP credentials from configuration variables will be deprecated in a future release. Please set credentials using a connection instead.
[2024-08-05T08:15:06.753+0000] {logging_mixin.py:188} INFO - [2024-08-05T08:15:06.753+0000] {configuration.py:1053} WARNING - section/key [smtp/smtp_user] not found in config
[2024-08-05T08:15:06.754+0000] {logging_mixin.py:188} INFO - [2024-08-05T08:15:06.754+0000] {email.py:271} INFO - Email alerting: attempt 1
[2024-08-05T08:15:06.756+0000] {logging_mixin.py:188} INFO - [2024-08-05T08:15:06.756+0000] {configuration.py:1053} WARNING - section/key [smtp/smtp_user] not found in config
[2024-08-05T08:15:06.756+0000] {logging_mixin.py:188} INFO - [2024-08-05T08:15:06.756+0000] {email.py:271} INFO - Email alerting: attempt 1
[2024-08-05T08:15:06.759+0000] {logging_mixin.py:188} INFO - [2024-08-05T08:15:06.757+0000] {taskinstance.py:879} ERROR - Failed to send email to: ['richmond.kongo@orange.com', 'assane.diop@orange.com', 'cyrille1.danho@orange.com', 'mohamed2.sylla@orange.com', 'amadou.diomande@orange.com', 'Jonas.kouame@orange.com', 'armand.kablan@orange.com', 'anicet.azombade@orange.com', 'etienne.kouadio@orange.com', 'bertine.kouakou@orange.com', 'florentine.kouakou@orange.com', 'ange.phaceli@orange.com', 'soulegame.soro@orange.com', 'innocent.yengo@orange.com']
Traceback (most recent call last):
  File "/home/airflow/.local/lib/python3.12/site-packages/airflow/models/taskinstance.py", line 1063, in _email_alert
    send_email(task.email, subject, html_content)
  File "/home/airflow/.local/lib/python3.12/site-packages/airflow/utils/email.py", line 80, in send_email
    return backend(
           ^^^^^^^^
  File "/home/airflow/.local/lib/python3.12/site-packages/airflow/utils/email.py", line 154, in send_email_smtp
    send_mime_email(e_from=mail_from, e_to=recipients, mime_msg=msg, conn_id=conn_id, dryrun=dryrun)
  File "/home/airflow/.local/lib/python3.12/site-packages/airflow/utils/email.py", line 273, in send_mime_email
    smtp_conn = _get_smtp_connection(smtp_host, smtp_port, smtp_timeout, smtp_ssl)
                ^^^^^^^^^^^^^^^^^^^^^^^^^^^^^^^^^^^^^^^^^^^^^^^^^^^^^^^^^^^^^^^^^^
  File "/home/airflow/.local/lib/python3.12/site-packages/airflow/utils/email.py", line 317, in _get_smtp_connection
    return smtplib.SMTP(host=host, port=port, timeout=timeout)
           ^^^^^^^^^^^^^^^^^^^^^^^^^^^^^^^^^^^^^^^^^^^^^^^^^^^
  File "/usr/local/lib/python3.12/smtplib.py", line 255, in __init__
    (code, msg) = self.connect(host, port)
                  ^^^^^^^^^^^^^^^^^^^^^^^^
  File "/usr/local/lib/python3.12/smtplib.py", line 341, in connect
    self.sock = self._get_socket(host, port, self.timeout)
                ^^^^^^^^^^^^^^^^^^^^^^^^^^^^^^^^^^^^^^^^^^
  File "/usr/local/lib/python3.12/smtplib.py", line 312, in _get_socket
    return socket.create_connection((host, port), timeout,
           ^^^^^^^^^^^^^^^^^^^^^^^^^^^^^^^^^^^^^^^^^^^^^^^
  File "/usr/local/lib/python3.12/socket.py", line 853, in create_connection
    raise exceptions[0]
  File "/usr/local/lib/python3.12/socket.py", line 838, in create_connection
    sock.connect(sa)
ConnectionRefusedError: [Errno 111] Connection refused

During handling of the above exception, another exception occurred:

Traceback (most recent call last):
  File "/home/airflow/.local/lib/python3.12/site-packages/airflow/models/taskinstance.py", line 877, in _handle_failure
    task_instance.email_alert(error, failure_context["task"])
  File "/home/airflow/.local/lib/python3.12/site-packages/airflow/models/taskinstance.py", line 3163, in email_alert
    _email_alert(task_instance=self, exception=exception, task=task)
  File "/home/airflow/.local/lib/python3.12/site-packages/airflow/models/taskinstance.py", line 1065, in _email_alert
    send_email(task.email, subject, html_content_err)
  File "/home/airflow/.local/lib/python3.12/site-packages/airflow/utils/email.py", line 80, in send_email
    return backend(
           ^^^^^^^^
  File "/home/airflow/.local/lib/python3.12/site-packages/airflow/utils/email.py", line 154, in send_email_smtp
    send_mime_email(e_from=mail_from, e_to=recipients, mime_msg=msg, conn_id=conn_id, dryrun=dryrun)
  File "/home/airflow/.local/lib/python3.12/site-packages/airflow/utils/email.py", line 273, in send_mime_email
    smtp_conn = _get_smtp_connection(smtp_host, smtp_port, smtp_timeout, smtp_ssl)
                ^^^^^^^^^^^^^^^^^^^^^^^^^^^^^^^^^^^^^^^^^^^^^^^^^^^^^^^^^^^^^^^^^^
  File "/home/airflow/.local/lib/python3.12/site-packages/airflow/utils/email.py", line 317, in _get_smtp_connection
    return smtplib.SMTP(host=host, port=port, timeout=timeout)
           ^^^^^^^^^^^^^^^^^^^^^^^^^^^^^^^^^^^^^^^^^^^^^^^^^^^
  File "/usr/local/lib/python3.12/smtplib.py", line 255, in __init__
    (code, msg) = self.connect(host, port)
                  ^^^^^^^^^^^^^^^^^^^^^^^^
  File "/usr/local/lib/python3.12/smtplib.py", line 341, in connect
    self.sock = self._get_socket(host, port, self.timeout)
                ^^^^^^^^^^^^^^^^^^^^^^^^^^^^^^^^^^^^^^^^^^
  File "/usr/local/lib/python3.12/smtplib.py", line 312, in _get_socket
    return socket.create_connection((host, port), timeout,
           ^^^^^^^^^^^^^^^^^^^^^^^^^^^^^^^^^^^^^^^^^^^^^^^
  File "/usr/local/lib/python3.12/socket.py", line 853, in create_connection
    raise exceptions[0]
  File "/usr/local/lib/python3.12/socket.py", line 838, in create_connection
    sock.connect(sa)
ConnectionRefusedError: [Errno 111] Connection refused
[2024-08-05T08:15:06.761+0000] {logging_mixin.py:188} INFO - [2024-08-05T08:15:06.759+0000] {taskinstance.py:1182} ERROR - Error when executing on_failure callback
Traceback (most recent call last):
  File "/home/airflow/.local/lib/python3.12/site-packages/airflow/models/taskinstance.py", line 1179, in _run_finished_callback
    callback(context)
  File "/opt/airflow/dags/gps/custom_dags/motower_daily.py", line 161, in on_failure
    alert_failure(**params)
  File "/opt/airflow/dags/gps/common/alerting.py", line 54, in alert_failure
    tb=exception.__traceback__)).strip()
       ^^^^^^^^^^^^^^^^^^^^^^^
AttributeError: 'str' object has no attribute '__traceback__'
[2024-08-05T08:15:06.765+0000] {processor.py:791} INFO - Executed failure callback for <TaskInstance: motower_daily_prod.sensor_congestion scheduled__2024-07-09T06:00:00+00:00 [failed]> in state failed
[2024-08-05T08:15:06.768+0000] {logging_mixin.py:188} INFO - [2024-08-05T08:15:06.768+0000] {dag.py:3089} INFO - Sync 1 DAGs
[2024-08-05T08:15:06.799+0000] {processor.py:183} INFO - Processing /opt/airflow/dags/gps/custom_dags/motower_daily.py took 0.840 seconds
[2024-08-05T08:15:36.882+0000] {processor.py:161} INFO - Started process (PID=73) to work on /opt/airflow/dags/gps/custom_dags/motower_daily.py
[2024-08-05T08:15:36.885+0000] {processor.py:830} INFO - Processing file /opt/airflow/dags/gps/custom_dags/motower_daily.py for tasks to queue
[2024-08-05T08:15:36.887+0000] {logging_mixin.py:188} INFO - [2024-08-05T08:15:36.887+0000] {dagbag.py:545} INFO - Filling up the DagBag from /opt/airflow/dags/gps/custom_dags/motower_daily.py
[2024-08-05T08:15:37.921+0000] {processor.py:840} INFO - DAG(s) 'motower_daily_prod' retrieved from /opt/airflow/dags/gps/custom_dags/motower_daily.py
[2024-08-05T08:15:38.069+0000] {logging_mixin.py:188} INFO - [2024-08-05T08:15:38.069+0000] {dag.py:3089} INFO - Sync 1 DAGs
[2024-08-05T08:15:38.114+0000] {processor.py:183} INFO - Processing /opt/airflow/dags/gps/custom_dags/motower_daily.py took 1.241 seconds
[2024-08-05T08:16:08.251+0000] {processor.py:161} INFO - Started process (PID=83) to work on /opt/airflow/dags/gps/custom_dags/motower_daily.py
[2024-08-05T08:16:08.254+0000] {processor.py:830} INFO - Processing file /opt/airflow/dags/gps/custom_dags/motower_daily.py for tasks to queue
[2024-08-05T08:16:08.256+0000] {logging_mixin.py:188} INFO - [2024-08-05T08:16:08.256+0000] {dagbag.py:545} INFO - Filling up the DagBag from /opt/airflow/dags/gps/custom_dags/motower_daily.py
[2024-08-05T08:16:08.862+0000] {processor.py:840} INFO - DAG(s) 'motower_daily_prod' retrieved from /opt/airflow/dags/gps/custom_dags/motower_daily.py
[2024-08-05T08:16:08.948+0000] {logging_mixin.py:188} INFO - [2024-08-05T08:16:08.948+0000] {dag.py:3089} INFO - Sync 1 DAGs
[2024-08-05T08:16:08.985+0000] {processor.py:183} INFO - Processing /opt/airflow/dags/gps/custom_dags/motower_daily.py took 0.739 seconds
[2024-08-05T08:16:39.184+0000] {processor.py:161} INFO - Started process (PID=92) to work on /opt/airflow/dags/gps/custom_dags/motower_daily.py
[2024-08-05T08:16:39.185+0000] {processor.py:830} INFO - Processing file /opt/airflow/dags/gps/custom_dags/motower_daily.py for tasks to queue
[2024-08-05T08:16:39.187+0000] {logging_mixin.py:188} INFO - [2024-08-05T08:16:39.187+0000] {dagbag.py:545} INFO - Filling up the DagBag from /opt/airflow/dags/gps/custom_dags/motower_daily.py
[2024-08-05T08:16:39.776+0000] {processor.py:840} INFO - DAG(s) 'motower_daily_prod' retrieved from /opt/airflow/dags/gps/custom_dags/motower_daily.py
[2024-08-05T08:16:39.878+0000] {logging_mixin.py:188} INFO - [2024-08-05T08:16:39.877+0000] {dag.py:3089} INFO - Sync 1 DAGs
[2024-08-05T08:16:39.983+0000] {processor.py:183} INFO - Processing /opt/airflow/dags/gps/custom_dags/motower_daily.py took 0.805 seconds
[2024-08-05T08:17:10.178+0000] {processor.py:161} INFO - Started process (PID=103) to work on /opt/airflow/dags/gps/custom_dags/motower_daily.py
[2024-08-05T08:17:10.191+0000] {processor.py:830} INFO - Processing file /opt/airflow/dags/gps/custom_dags/motower_daily.py for tasks to queue
[2024-08-05T08:17:10.193+0000] {logging_mixin.py:188} INFO - [2024-08-05T08:17:10.192+0000] {dagbag.py:545} INFO - Filling up the DagBag from /opt/airflow/dags/gps/custom_dags/motower_daily.py
[2024-08-05T08:17:10.817+0000] {processor.py:840} INFO - DAG(s) 'motower_daily_prod' retrieved from /opt/airflow/dags/gps/custom_dags/motower_daily.py
[2024-08-05T08:17:10.934+0000] {logging_mixin.py:188} INFO - [2024-08-05T08:17:10.933+0000] {dag.py:3089} INFO - Sync 1 DAGs
[2024-08-05T08:17:10.964+0000] {processor.py:183} INFO - Processing /opt/airflow/dags/gps/custom_dags/motower_daily.py took 0.797 seconds
[2024-08-05T08:17:41.118+0000] {processor.py:161} INFO - Started process (PID=113) to work on /opt/airflow/dags/gps/custom_dags/motower_daily.py
[2024-08-05T08:17:41.122+0000] {processor.py:830} INFO - Processing file /opt/airflow/dags/gps/custom_dags/motower_daily.py for tasks to queue
[2024-08-05T08:17:41.123+0000] {logging_mixin.py:188} INFO - [2024-08-05T08:17:41.123+0000] {dagbag.py:545} INFO - Filling up the DagBag from /opt/airflow/dags/gps/custom_dags/motower_daily.py
[2024-08-05T08:17:41.724+0000] {processor.py:840} INFO - DAG(s) 'motower_daily_prod' retrieved from /opt/airflow/dags/gps/custom_dags/motower_daily.py
[2024-08-05T08:17:41.811+0000] {logging_mixin.py:188} INFO - [2024-08-05T08:17:41.810+0000] {dag.py:3089} INFO - Sync 1 DAGs
[2024-08-05T08:17:41.843+0000] {processor.py:183} INFO - Processing /opt/airflow/dags/gps/custom_dags/motower_daily.py took 0.730 seconds
