[2024-07-25T13:11:26.386+0000] {local_task_job_runner.py:120} INFO - ::group::Pre task execution logs
[2024-07-25T13:11:26.412+0000] {taskinstance.py:2076} INFO - Dependencies all met for dep_context=non-requeueable deps ti=<TaskInstance: motower_daily_prod.motower_dcaparc scheduled__2024-06-04T06:00:00+00:00 [queued]>
[2024-07-25T13:11:26.419+0000] {taskinstance.py:2076} INFO - Dependencies all met for dep_context=requeueable deps ti=<TaskInstance: motower_daily_prod.motower_dcaparc scheduled__2024-06-04T06:00:00+00:00 [queued]>
[2024-07-25T13:11:26.420+0000] {taskinstance.py:2306} INFO - Starting attempt 3 of 3
[2024-07-25T13:11:26.432+0000] {taskinstance.py:2330} INFO - Executing <Task(PythonOperator): motower_dcaparc> on 2024-06-04 06:00:00+00:00
[2024-07-25T13:11:26.442+0000] {warnings.py:112} WARNING - /home/***/.local/lib/python3.12/site-packages/***/task/task_runner/standard_task_runner.py:62: DeprecationWarning: This process (pid=10557) is multi-threaded, use of fork() may lead to deadlocks in the child.
  pid = os.fork()

[2024-07-25T13:11:26.443+0000] {standard_task_runner.py:64} INFO - Started process 10559 to run task
[2024-07-25T13:11:26.444+0000] {standard_task_runner.py:90} INFO - Running: ['***', 'tasks', 'run', 'motower_daily_prod', 'motower_dcaparc', 'scheduled__2024-06-04T06:00:00+00:00', '--job-id', '2353', '--raw', '--subdir', 'DAGS_FOLDER/gps/custom_dags/motower_daily.py', '--cfg-path', '/tmp/tmpcmnc_2jg']
[2024-07-25T13:11:26.445+0000] {standard_task_runner.py:91} INFO - Job 2353: Subtask motower_dcaparc
[2024-07-25T13:11:26.483+0000] {task_command.py:426} INFO - Running <TaskInstance: motower_daily_prod.motower_dcaparc scheduled__2024-06-04T06:00:00+00:00 [running]> on host b3845fb494d4
[2024-07-25T13:11:26.564+0000] {taskinstance.py:2648} INFO - Exporting env vars: AIRFLOW_CTX_DAG_EMAIL='richmond.kongo@orange.com,assane.diop@orange.com,cyrille1.danho@orange.com,mohamed2.sylla@orange.com,amadou.diomande@orange.com,Jonas.kouame@orange.com,armand.kablan@orange.com,anicet.azombade@orange.com,etienne.kouadio@orange.com,bertine.kouakou@orange.com,florentine.kouakou@orange.com,ange.phaceli@orange.com,soulegame.soro@orange.com,innocent.yengo@orange.com' AIRFLOW_CTX_DAG_OWNER='***' AIRFLOW_CTX_DAG_ID='motower_daily_prod' AIRFLOW_CTX_TASK_ID='motower_dcaparc' AIRFLOW_CTX_EXECUTION_DATE='2024-06-04T06:00:00+00:00' AIRFLOW_CTX_TRY_NUMBER='3' AIRFLOW_CTX_DAG_RUN_ID='scheduled__2024-06-04T06:00:00+00:00'
[2024-07-25T13:11:26.565+0000] {taskinstance.py:430} INFO - ::endgroup::
[2024-07-25T13:11:26.579+0000] {motower_daily.py:106} INFO - get last modified bdd sites cleaned
[2024-07-25T13:11:26.588+0000] {motower_daily.py:117} INFO - READING BASE_SITES-cleaned/2024/06/02.csv
[2024-07-25T13:11:26.627+0000] {data_validation.py:28} INFO - START VALIDATION 
[2024-07-25T13:11:26.629+0000] {data_validation.py:40} INFO - VALID ACTIFS SITES 3107
[2024-07-25T13:11:26.629+0000] {motower_daily.py:127} INFO - GET CA PARC FILE OF THE DAY 2024-06-03
[2024-07-25T13:11:26.629+0000] {motower_daily.py:131} INFO - READING ca-parc/2024/06/03.csv
[2024-07-25T13:11:26.647+0000] {motower_daily.py:136} INFO - DAILY KPI -      day_id       ca_voix       ca_data      parc  parc_data   parc_2g  parc_3g  parc_4g  parc_5g  parc_other      ca_total
0  20240603  5.767417e+08  7.912384e+08  16699131    9186215  12010574   873099  5756054   283564     1374011  1.416856e+09
[2024-07-25T13:11:26.648+0000] {data_validation.py:11} INFO - START VALIDATION OF COLUMN ca_total
[2024-07-25T13:11:26.648+0000] {data_validation.py:20} INFO - DATA OF COLUMN ca_total ARE VALID
[2024-07-25T13:11:26.649+0000] {data_validation.py:11} INFO - START VALIDATION OF COLUMN ca_voix
[2024-07-25T13:11:26.649+0000] {data_validation.py:20} INFO - DATA OF COLUMN ca_voix ARE VALID
[2024-07-25T13:11:26.649+0000] {data_validation.py:11} INFO - START VALIDATION OF COLUMN ca_data
[2024-07-25T13:11:26.650+0000] {data_validation.py:20} INFO - DATA OF COLUMN ca_data ARE VALID
[2024-07-25T13:11:26.650+0000] {data_validation.py:11} INFO - START VALIDATION OF COLUMN parc
[2024-07-25T13:11:26.650+0000] {data_validation.py:20} INFO - DATA OF COLUMN parc ARE VALID
[2024-07-25T13:11:26.651+0000] {data_validation.py:11} INFO - START VALIDATION OF COLUMN parc_data
[2024-07-25T13:11:26.651+0000] {data_validation.py:20} INFO - DATA OF COLUMN parc_data ARE VALID
[2024-07-25T13:11:26.652+0000] {motower_daily.py:139} INFO - MERGING BDD AND CA
[2024-07-25T13:11:26.655+0000] {motower_daily.py:141} INFO - prepare final daily data
[2024-07-25T13:11:26.656+0000] {logging_mixin.py:188} INFO - Index(['site', 'site bts', 'site physique', 'code oci', 'gestionnaire',
       'proprietaire', 'autre code', 'code esco', 'code ihs', 'longitude',
       'latitude', 'type du site', 'statut', 'couche en service',
       'technologie sans tdd', 'technologie', 'date mes 2g', 'date mes',
       'date mes 3g', 'date mes 4g', 'annee construction pylone',
       'statut sharing', 'statut proprietaire', 'statut partage',
       'geo localite', 'commune', 'departement', 'region', 'district',
       'partenaires', 'localisation', 'equipementier telecom', 'ville',
       'quartier', 'type baie', 'hauteur batiment', 'tower type',
       'tower location', 'type geolocalite', 'tower height', 'type site ihs',
       'type energie', 'projet', 'id quartier', 'id geolocalite', 'clutter',
       'position site', 'type indoor', 'decoupage', 'sous coloc', 'tenant',
       'type de cable', 'mois', 'code oci id', 'day_id', 'id_site', 'ca_voix',
       'ca_data', 'ca_total', 'trafic_voix_in', 'trafic_data_in', 'parc',
       'parc_data', 'parc_2g', 'parc_3g', 'parc_4g', 'parc_5g', 'parc_other',
       'jour'],
      dtype='object')
[2024-07-25T13:11:26.657+0000] {warnings.py:112} WARNING - /opt/***/dags/gps/common/motower_daily.py:148: SettingWithCopyWarning: 
A value is trying to be set on a copy of a slice from a DataFrame

See the caveats in the documentation: https://pandas.pydata.org/pandas-docs/stable/user_guide/indexing.html#returning-a-view-versus-a-copy
  df_final.rename(columns=DAILY_CAPARC_COL, inplace=True)

[2024-07-25T13:11:26.658+0000] {warnings.py:112} WARNING - /opt/***/dags/gps/common/motower_daily.py:149: SettingWithCopyWarning: 
A value is trying to be set on a copy of a slice from a DataFrame.
Try using .loc[row_indexer,col_indexer] = value instead

See the caveats in the documentation: https://pandas.pydata.org/pandas-docs/stable/user_guide/indexing.html#returning-a-view-versus-a-copy
  df_final["trafic_data_in_mo"] = df_final["trafic_data_in"] / 1000

[2024-07-25T13:11:26.658+0000] {warnings.py:112} WARNING - /opt/***/dags/gps/common/motower_daily.py:150: SettingWithCopyWarning: 
A value is trying to be set on a copy of a slice from a DataFrame.
Try using .loc[row_indexer,col_indexer] = value instead

See the caveats in the documentation: https://pandas.pydata.org/pandas-docs/stable/user_guide/indexing.html#returning-a-view-versus-a-copy
  df_final["ca_norm"] = None

[2024-07-25T13:11:26.659+0000] {warnings.py:112} WARNING - /opt/***/dags/gps/common/motower_daily.py:151: SettingWithCopyWarning: 
A value is trying to be set on a copy of a slice from a DataFrame.
Try using .loc[row_indexer,col_indexer] = value instead

See the caveats in the documentation: https://pandas.pydata.org/pandas-docs/stable/user_guide/indexing.html#returning-a-view-versus-a-copy
  df_final["ca_mtd"] = None

[2024-07-25T13:11:26.659+0000] {warnings.py:112} WARNING - /opt/***/dags/gps/common/motower_daily.py:152: SettingWithCopyWarning: 
A value is trying to be set on a copy of a slice from a DataFrame.
Try using .loc[row_indexer,col_indexer] = value instead

See the caveats in the documentation: https://pandas.pydata.org/pandas-docs/stable/user_guide/indexing.html#returning-a-view-versus-a-copy
  df_final["segment"] = None

[2024-07-25T13:11:26.660+0000] {warnings.py:112} WARNING - /opt/***/dags/gps/common/motower_daily.py:153: SettingWithCopyWarning: 
A value is trying to be set on a copy of a slice from a DataFrame.
Try using .loc[row_indexer,col_indexer] = value instead

See the caveats in the documentation: https://pandas.pydata.org/pandas-docs/stable/user_guide/indexing.html#returning-a-view-versus-a-copy
  df_final["previous_segment"] = None

[2024-07-25T13:11:26.660+0000] {warnings.py:112} WARNING - /opt/***/dags/gps/common/motower_daily.py:154: SettingWithCopyWarning: 
A value is trying to be set on a copy of a slice from a DataFrame.
Try using .loc[row_indexer,col_indexer] = value instead

See the caveats in the documentation: https://pandas.pydata.org/pandas-docs/stable/user_guide/indexing.html#returning-a-view-versus-a-copy
  df_final["evolution_segment"] = None

[2024-07-25T13:11:26.661+0000] {logging_mixin.py:188} INFO - 6
[2024-07-25T13:11:26.661+0000] {logging_mixin.py:188} INFO - 2024-06-03 00:00:00
[2024-07-25T13:11:26.661+0000] {logging_mixin.py:188} INFO - Start date<exec_date
[2024-07-25T13:11:26.665+0000] {warnings.py:112} WARNING - /opt/***/dags/gps/common/motower_daily.py:164: UserWarning: pandas only supports SQLAlchemy connectable (engine/connection) or database string URI or sqlite3 DBAPI2 connection. Other DBAPI2 objects are not tested. Please consider using SQLAlchemy.
  daily_month_df = pd.read_sql_query(sql_query, CONN, params=(mois, date))

[2024-07-25T13:11:26.754+0000] {warnings.py:112} WARNING - /opt/***/dags/gps/common/motower_daily.py:165: FutureWarning: The behavior of DataFrame concatenation with empty or all-NA entries is deprecated. In a future version, this will no longer exclude empty or all-NA columns when determining the result dtypes. To retain the old behavior, exclude the relevant entries before the concat operation.
  month_data = pd.concat([daily_month_df, df_final])

[2024-07-25T13:11:26.767+0000] {warnings.py:112} WARNING - /opt/***/dags/gps/common/motower_daily.py:169: UserWarning: pandas only supports SQLAlchemy connectable (engine/connection) or database string URI or sqlite3 DBAPI2 connection. Other DBAPI2 objects are not tested. Please consider using SQLAlchemy.
  last_month = pd.read_sql_query(sql_query, CONN, params=(lmonth.month,exec_date.day))

[2024-07-25T13:11:26.821+0000] {logging_mixin.py:188} INFO - (3107, 39)
[2024-07-25T13:11:26.829+0000] {motower_daily.py:175} INFO - ADD  SEGMENT
[2024-07-25T13:11:27.424+0000] {logging_mixin.py:188} INFO - hello
[2024-07-25T13:11:27.424+0000] {motower_daily.py:182} INFO - ADD PREVIOUS SEGMENT
[2024-07-25T13:11:27.433+0000] {logging_mixin.py:188} INFO - ########################################################################
[2024-07-25T13:11:27.434+0000] {taskinstance.py:441} INFO - ::group::Post task execution logs
[2024-07-25T13:11:27.434+0000] {taskinstance.py:2905} ERROR - Task failed with exception
Traceback (most recent call last):
  File "/home/airflow/.local/lib/python3.12/site-packages/airflow/models/taskinstance.py", line 465, in _execute_task
    result = _execute_callable(context=context, **execute_callable_kwargs)
             ^^^^^^^^^^^^^^^^^^^^^^^^^^^^^^^^^^^^^^^^^^^^^^^^^^^^^^^^^^^^^
  File "/home/airflow/.local/lib/python3.12/site-packages/airflow/models/taskinstance.py", line 432, in _execute_callable
    return execute_callable(context=context, **execute_callable_kwargs)
           ^^^^^^^^^^^^^^^^^^^^^^^^^^^^^^^^^^^^^^^^^^^^^^^^^^^^^^^^^^^^
  File "/home/airflow/.local/lib/python3.12/site-packages/airflow/models/baseoperator.py", line 401, in wrapper
    return func(self, *args, **kwargs)
           ^^^^^^^^^^^^^^^^^^^^^^^^^^^
  File "/home/airflow/.local/lib/python3.12/site-packages/airflow/operators/python.py", line 235, in execute
    return_value = self.execute_callable()
                   ^^^^^^^^^^^^^^^^^^^^^^^
  File "/home/airflow/.local/lib/python3.12/site-packages/airflow/operators/python.py", line 252, in execute_callable
    return self.python_callable(*self.op_args, **self.op_kwargs)
           ^^^^^^^^^^^^^^^^^^^^^^^^^^^^^^^^^^^^^^^^^^^^^^^^^^^^^
  File "/opt/airflow/dags/gps/custom_dags/motower_daily.py", line 113, in gen_motower_daily
    data = generate_daily_caparc(
       ^^^^^^^^^^^^^^^^^^^^^^
  File "/opt/airflow/dags/gps/common/motower_daily.py", line 186, in generate_daily_caparc
    print(df_final.loc[df_final["code_oci"]=='OCI3190'].tostring())
          ^^^^^^^^^^^^^^^^^^^^^^^^^^^^^^^^^^^^^^^^^^^^^^^^^^^^^^
  File "/home/airflow/.local/lib/python3.12/site-packages/pandas/core/generic.py", line 6204, in __getattr__
    return object.__getattribute__(self, name)
           ^^^^^^^^^^^^^^^^^^^^^^^^^^^^^^^^^^^
AttributeError: 'DataFrame' object has no attribute 'tostring'. Did you mean: 'to_string'?
[2024-07-25T13:11:27.447+0000] {taskinstance.py:1206} INFO - Marking task as FAILED. dag_id=motower_daily_prod, task_id=motower_dcaparc, run_id=scheduled__2024-06-04T06:00:00+00:00, execution_date=20240604T060000, start_date=20240725T131126, end_date=20240725T131127
[2024-07-25T13:11:27.460+0000] {warnings.py:112} WARNING - /home/***/.local/lib/python3.12/site-packages/***/utils/email.py:154: RemovedInAirflow3Warning: Fetching SMTP credentials from configuration variables will be deprecated in a future release. Please set credentials using a connection instead.
  send_mime_email(e_from=mail_from, e_to=recipients, mime_msg=msg, conn_id=conn_id, dryrun=dryrun)

[2024-07-25T13:11:27.460+0000] {configuration.py:1053} WARNING - section/key [smtp/smtp_user] not found in config
[2024-07-25T13:11:27.460+0000] {email.py:271} INFO - Email alerting: attempt 1
[2024-07-25T13:11:27.466+0000] {configuration.py:1053} WARNING - section/key [smtp/smtp_user] not found in config
[2024-07-25T13:11:27.467+0000] {email.py:271} INFO - Email alerting: attempt 1
[2024-07-25T13:11:27.467+0000] {taskinstance.py:879} ERROR - Failed to send email to: ['richmond.kongo@orange.com', 'assane.diop@orange.com', 'cyrille1.danho@orange.com', 'mohamed2.sylla@orange.com', 'amadou.diomande@orange.com', 'Jonas.kouame@orange.com', 'armand.kablan@orange.com', 'anicet.azombade@orange.com', 'etienne.kouadio@orange.com', 'bertine.kouakou@orange.com', 'florentine.kouakou@orange.com', 'ange.phaceli@orange.com', 'soulegame.soro@orange.com', 'innocent.yengo@orange.com']
Traceback (most recent call last):
  File "/home/airflow/.local/lib/python3.12/site-packages/airflow/models/taskinstance.py", line 2479, in _run_raw_task
    self._execute_task_with_callbacks(context, test_mode, session=session)
  File "/home/airflow/.local/lib/python3.12/site-packages/airflow/models/taskinstance.py", line 2676, in _execute_task_with_callbacks
    result = self._execute_task(context, task_orig)
             ^^^^^^^^^^^^^^^^^^^^^^^^^^^^^^^^^^^^^^
  File "/home/airflow/.local/lib/python3.12/site-packages/airflow/models/taskinstance.py", line 2701, in _execute_task
    return _execute_task(self, context, task_orig)
           ^^^^^^^^^^^^^^^^^^^^^^^^^^^^^^^^^^^^^^^
  File "/home/airflow/.local/lib/python3.12/site-packages/airflow/models/taskinstance.py", line 465, in _execute_task
    result = _execute_callable(context=context, **execute_callable_kwargs)
             ^^^^^^^^^^^^^^^^^^^^^^^^^^^^^^^^^^^^^^^^^^^^^^^^^^^^^^^^^^^^^
  File "/home/airflow/.local/lib/python3.12/site-packages/airflow/models/taskinstance.py", line 432, in _execute_callable
    return execute_callable(context=context, **execute_callable_kwargs)
           ^^^^^^^^^^^^^^^^^^^^^^^^^^^^^^^^^^^^^^^^^^^^^^^^^^^^^^^^^^^^
  File "/home/airflow/.local/lib/python3.12/site-packages/airflow/models/baseoperator.py", line 401, in wrapper
    return func(self, *args, **kwargs)
           ^^^^^^^^^^^^^^^^^^^^^^^^^^^
  File "/home/airflow/.local/lib/python3.12/site-packages/airflow/operators/python.py", line 235, in execute
    return_value = self.execute_callable()
                   ^^^^^^^^^^^^^^^^^^^^^^^
  File "/home/airflow/.local/lib/python3.12/site-packages/airflow/operators/python.py", line 252, in execute_callable
    return self.python_callable(*self.op_args, **self.op_kwargs)
           ^^^^^^^^^^^^^^^^^^^^^^^^^^^^^^^^^^^^^^^^^^^^^^^^^^^^^
  File "/opt/airflow/dags/gps/custom_dags/motower_daily.py", line 113, in gen_motower_daily
    data = generate_daily_caparc(
       ^^^^^^^^^^^^^^^^^^^^^^
  File "/opt/airflow/dags/gps/common/motower_daily.py", line 186, in generate_daily_caparc
    print(df_final.loc[df_final["code_oci"]=='OCI3190'].tostring())
          ^^^^^^^^^^^^^^^^^^^^^^^^^^^^^^^^^^^^^^^^^^^^^^^^^^^^^^
  File "/home/airflow/.local/lib/python3.12/site-packages/pandas/core/generic.py", line 6204, in __getattr__
    return object.__getattribute__(self, name)
           ^^^^^^^^^^^^^^^^^^^^^^^^^^^^^^^^^^^
AttributeError: 'DataFrame' object has no attribute 'tostring'. Did you mean: 'to_string'?

During handling of the above exception, another exception occurred:

Traceback (most recent call last):
  File "/home/airflow/.local/lib/python3.12/site-packages/airflow/models/taskinstance.py", line 1063, in _email_alert
    send_email(task.email, subject, html_content)
  File "/home/airflow/.local/lib/python3.12/site-packages/airflow/utils/email.py", line 80, in send_email
    return backend(
           ^^^^^^^^
  File "/home/airflow/.local/lib/python3.12/site-packages/airflow/utils/email.py", line 154, in send_email_smtp
    send_mime_email(e_from=mail_from, e_to=recipients, mime_msg=msg, conn_id=conn_id, dryrun=dryrun)
  File "/home/airflow/.local/lib/python3.12/site-packages/airflow/utils/email.py", line 273, in send_mime_email
    smtp_conn = _get_smtp_connection(smtp_host, smtp_port, smtp_timeout, smtp_ssl)
                ^^^^^^^^^^^^^^^^^^^^^^^^^^^^^^^^^^^^^^^^^^^^^^^^^^^^^^^^^^^^^^^^^^
  File "/home/airflow/.local/lib/python3.12/site-packages/airflow/utils/email.py", line 317, in _get_smtp_connection
    return smtplib.SMTP(host=host, port=port, timeout=timeout)
           ^^^^^^^^^^^^^^^^^^^^^^^^^^^^^^^^^^^^^^^^^^^^^^^^^^^
  File "/usr/local/lib/python3.12/smtplib.py", line 255, in __init__
    (code, msg) = self.connect(host, port)
                  ^^^^^^^^^^^^^^^^^^^^^^^^
  File "/usr/local/lib/python3.12/smtplib.py", line 341, in connect
    self.sock = self._get_socket(host, port, self.timeout)
                ^^^^^^^^^^^^^^^^^^^^^^^^^^^^^^^^^^^^^^^^^^
  File "/usr/local/lib/python3.12/smtplib.py", line 312, in _get_socket
    return socket.create_connection((host, port), timeout,
           ^^^^^^^^^^^^^^^^^^^^^^^^^^^^^^^^^^^^^^^^^^^^^^^
  File "/usr/local/lib/python3.12/socket.py", line 853, in create_connection
    raise exceptions[0]
  File "/usr/local/lib/python3.12/socket.py", line 838, in create_connection
    sock.connect(sa)
ConnectionRefusedError: [Errno 111] Connection refused

During handling of the above exception, another exception occurred:

Traceback (most recent call last):
  File "/home/airflow/.local/lib/python3.12/site-packages/airflow/models/taskinstance.py", line 877, in _handle_failure
    task_instance.email_alert(error, failure_context["task"])
  File "/home/airflow/.local/lib/python3.12/site-packages/airflow/models/taskinstance.py", line 3163, in email_alert
    _email_alert(task_instance=self, exception=exception, task=task)
  File "/home/airflow/.local/lib/python3.12/site-packages/airflow/models/taskinstance.py", line 1065, in _email_alert
    send_email(task.email, subject, html_content_err)
  File "/home/airflow/.local/lib/python3.12/site-packages/airflow/utils/email.py", line 80, in send_email
    return backend(
           ^^^^^^^^
  File "/home/airflow/.local/lib/python3.12/site-packages/airflow/utils/email.py", line 154, in send_email_smtp
    send_mime_email(e_from=mail_from, e_to=recipients, mime_msg=msg, conn_id=conn_id, dryrun=dryrun)
  File "/home/airflow/.local/lib/python3.12/site-packages/airflow/utils/email.py", line 273, in send_mime_email
    smtp_conn = _get_smtp_connection(smtp_host, smtp_port, smtp_timeout, smtp_ssl)
                ^^^^^^^^^^^^^^^^^^^^^^^^^^^^^^^^^^^^^^^^^^^^^^^^^^^^^^^^^^^^^^^^^^
  File "/home/airflow/.local/lib/python3.12/site-packages/airflow/utils/email.py", line 317, in _get_smtp_connection
    return smtplib.SMTP(host=host, port=port, timeout=timeout)
           ^^^^^^^^^^^^^^^^^^^^^^^^^^^^^^^^^^^^^^^^^^^^^^^^^^^
  File "/usr/local/lib/python3.12/smtplib.py", line 255, in __init__
    (code, msg) = self.connect(host, port)
                  ^^^^^^^^^^^^^^^^^^^^^^^^
  File "/usr/local/lib/python3.12/smtplib.py", line 341, in connect
    self.sock = self._get_socket(host, port, self.timeout)
                ^^^^^^^^^^^^^^^^^^^^^^^^^^^^^^^^^^^^^^^^^^
  File "/usr/local/lib/python3.12/smtplib.py", line 312, in _get_socket
    return socket.create_connection((host, port), timeout,
           ^^^^^^^^^^^^^^^^^^^^^^^^^^^^^^^^^^^^^^^^^^^^^^^
  File "/usr/local/lib/python3.12/socket.py", line 853, in create_connection
    raise exceptions[0]
  File "/usr/local/lib/python3.12/socket.py", line 838, in create_connection
    sock.connect(sa)
ConnectionRefusedError: [Errno 111] Connection refused
[2024-07-25T13:11:27.477+0000] {alerting.py:71} INFO - send alert mail to richmond.kongo@orange.com, assane.diop@orange.com, cyrille1.danho@orange.com, mohamed2.sylla@orange.com, amadou.diomande@orange.com, Jonas.kouame@orange.com, armand.kablan@orange.com, anicet.azombade@orange.com, etienne.kouadio@orange.com, bertine.kouakou@orange.com, florentine.kouakou@orange.com, ange.phaceli@orange.com, soulegame.soro@orange.com, innocent.yengo@orange.com
[2024-07-25T13:11:27.477+0000] {alerting.py:30} INFO - Sending mail ... 
[2024-07-25T13:11:27.477+0000] {alerting.py:38} ERROR - Failed to send email: please run connect() first
[2024-07-25T13:11:27.489+0000] {standard_task_runner.py:110} ERROR - Failed to execute job 2353 for task motower_dcaparc ('DataFrame' object has no attribute 'tostring'; 10559)
[2024-07-25T13:11:27.539+0000] {local_task_job_runner.py:243} INFO - Task exited with return code 1
[2024-07-25T13:11:27.553+0000] {taskinstance.py:3503} INFO - 0 downstream tasks scheduled from follow-on schedule check
[2024-07-25T13:11:27.555+0000] {local_task_job_runner.py:222} INFO - ::endgroup::
