[2024-07-22T16:56:44.787+0000] {local_task_job_runner.py:120} INFO - ::group::Pre task execution logs
[2024-07-22T16:56:44.811+0000] {taskinstance.py:2076} INFO - Dependencies all met for dep_context=non-requeueable deps ti=<TaskInstance: motower_daily_prod.sensor_trafic scheduled__2024-06-25T06:00:00+00:00 [queued]>
[2024-07-22T16:56:44.818+0000] {taskinstance.py:2076} INFO - Dependencies all met for dep_context=requeueable deps ti=<TaskInstance: motower_daily_prod.sensor_trafic scheduled__2024-06-25T06:00:00+00:00 [queued]>
[2024-07-22T16:56:44.818+0000] {taskinstance.py:2306} INFO - Starting attempt 1 of 1
[2024-07-22T16:56:44.832+0000] {taskinstance.py:2330} INFO - Executing <Task(PythonSensor): sensor_trafic> on 2024-06-25 06:00:00+00:00
[2024-07-22T16:56:44.842+0000] {warnings.py:112} WARNING - /home/***/.local/lib/python3.12/site-packages/***/task/task_runner/standard_task_runner.py:62: DeprecationWarning: This process (pid=798) is multi-threaded, use of fork() may lead to deadlocks in the child.
  pid = os.fork()

[2024-07-22T16:56:44.844+0000] {standard_task_runner.py:64} INFO - Started process 805 to run task
[2024-07-22T16:56:44.844+0000] {standard_task_runner.py:90} INFO - Running: ['***', 'tasks', 'run', 'motower_daily_prod', 'sensor_trafic', 'scheduled__2024-06-25T06:00:00+00:00', '--job-id', '40', '--raw', '--subdir', 'DAGS_FOLDER/gps/custom_dags/motower_daily.py', '--cfg-path', '/tmp/tmpw2xbotut']
[2024-07-22T16:56:44.846+0000] {standard_task_runner.py:91} INFO - Job 40: Subtask sensor_trafic
[2024-07-22T16:56:44.886+0000] {task_command.py:426} INFO - Running <TaskInstance: motower_daily_prod.sensor_trafic scheduled__2024-06-25T06:00:00+00:00 [running]> on host 5e959f2258db
[2024-07-22T16:56:44.958+0000] {taskinstance.py:2648} INFO - Exporting env vars: AIRFLOW_CTX_DAG_EMAIL='richmond.kongo@orange.com,assane.diop@orange.com,cyrille1.danho@orange.com,mohamed2.sylla@orange.com,amadou.diomande@orange.com,Jonas.kouame@orange.com,armand.kablan@orange.com,anicet.azombade@orange.com,etienne.kouadio@orange.com,bertine.kouakou@orange.com,florentine.kouakou@orange.com,ange.phaceli@orange.com,soulegame.soro@orange.com,innocent.yengo@orange.com' AIRFLOW_CTX_DAG_OWNER='***' AIRFLOW_CTX_DAG_ID='motower_daily_prod' AIRFLOW_CTX_TASK_ID='sensor_trafic' AIRFLOW_CTX_EXECUTION_DATE='2024-06-25T06:00:00+00:00' AIRFLOW_CTX_TRY_NUMBER='1' AIRFLOW_CTX_DAG_RUN_ID='scheduled__2024-06-25T06:00:00+00:00'
[2024-07-22T16:56:44.959+0000] {taskinstance.py:430} INFO - ::endgroup::
[2024-07-22T16:56:44.969+0000] {python.py:75} INFO - Poking callable: <function check_data_in_table at 0x72864f56da80>
[2024-07-22T16:56:44.973+0000] {extract.py:127} INFO - Getting data of the table ks_daily_tdb_radio_drsi 
[2024-07-22T16:56:44.974+0000] {extract.py:128} INFO - where date is 2024-06-24
[2024-07-22T16:56:44.974+0000] {extract.py:103} INFO - get data to date 2024-06-24
[2024-07-22T16:56:44.981+0000] {warnings.py:112} WARNING - /opt/***/dags/gps/common/extract.py:104: UserWarning: pandas only supports SQLAlchemy connectable (engine/connection) or database string URI or sqlite3 DBAPI2 connection. Other DBAPI2 objects are not tested. Please consider using SQLAlchemy.
  df_ = pd.read_sql_query(sql_query, conn, params=params)

[2024-07-22T16:56:45.019+0000] {base.py:294} INFO - Success criteria met. Exiting.
[2024-07-22T16:56:45.020+0000] {taskinstance.py:441} INFO - ::group::Post task execution logs
[2024-07-22T16:56:45.029+0000] {taskinstance.py:1206} INFO - Marking task as SUCCESS. dag_id=motower_daily_prod, task_id=sensor_trafic, run_id=scheduled__2024-06-25T06:00:00+00:00, execution_date=20240625T060000, start_date=20240722T165644, end_date=20240722T165645
[2024-07-22T16:56:45.057+0000] {local_task_job_runner.py:243} INFO - Task exited with return code 0
[2024-07-22T16:56:45.067+0000] {local_task_job_runner.py:222} INFO - ::endgroup::
[2024-07-22T17:15:59.293+0000] {local_task_job_runner.py:120} INFO - ::group::Pre task execution logs
[2024-07-22T17:15:59.519+0000] {taskinstance.py:2076} INFO - Dependencies all met for dep_context=non-requeueable deps ti=<TaskInstance: motower_daily_prod.sensor_trafic scheduled__2024-06-25T06:00:00+00:00 [queued]>
[2024-07-22T17:15:59.525+0000] {taskinstance.py:2076} INFO - Dependencies all met for dep_context=requeueable deps ti=<TaskInstance: motower_daily_prod.sensor_trafic scheduled__2024-06-25T06:00:00+00:00 [queued]>
[2024-07-22T17:15:59.525+0000] {taskinstance.py:2306} INFO - Starting attempt 1 of 1
[2024-07-22T17:15:59.534+0000] {taskinstance.py:2330} INFO - Executing <Task(PythonSensor): sensor_trafic> on 2024-06-25 06:00:00+00:00
[2024-07-22T17:15:59.541+0000] {warnings.py:112} WARNING - /home/***/.local/lib/python3.12/site-packages/***/task/task_runner/standard_task_runner.py:62: DeprecationWarning: This process (pid=1194) is multi-threaded, use of fork() may lead to deadlocks in the child.
  pid = os.fork()

[2024-07-22T17:15:59.543+0000] {standard_task_runner.py:64} INFO - Started process 1201 to run task
[2024-07-22T17:15:59.544+0000] {standard_task_runner.py:90} INFO - Running: ['***', 'tasks', 'run', 'motower_daily_prod', 'sensor_trafic', 'scheduled__2024-06-25T06:00:00+00:00', '--job-id', '86', '--raw', '--subdir', 'DAGS_FOLDER/gps/custom_dags/motower_daily.py', '--cfg-path', '/tmp/tmpsvzc2szq']
[2024-07-22T17:15:59.545+0000] {standard_task_runner.py:91} INFO - Job 86: Subtask sensor_trafic
[2024-07-22T17:15:59.582+0000] {task_command.py:426} INFO - Running <TaskInstance: motower_daily_prod.sensor_trafic scheduled__2024-06-25T06:00:00+00:00 [running]> on host 5e959f2258db
[2024-07-22T17:15:59.652+0000] {taskinstance.py:2648} INFO - Exporting env vars: AIRFLOW_CTX_DAG_EMAIL='richmond.kongo@orange.com,assane.diop@orange.com,cyrille1.danho@orange.com,mohamed2.sylla@orange.com,amadou.diomande@orange.com,Jonas.kouame@orange.com,armand.kablan@orange.com,anicet.azombade@orange.com,etienne.kouadio@orange.com,bertine.kouakou@orange.com,florentine.kouakou@orange.com,ange.phaceli@orange.com,soulegame.soro@orange.com,innocent.yengo@orange.com' AIRFLOW_CTX_DAG_OWNER='***' AIRFLOW_CTX_DAG_ID='motower_daily_prod' AIRFLOW_CTX_TASK_ID='sensor_trafic' AIRFLOW_CTX_EXECUTION_DATE='2024-06-25T06:00:00+00:00' AIRFLOW_CTX_TRY_NUMBER='1' AIRFLOW_CTX_DAG_RUN_ID='scheduled__2024-06-25T06:00:00+00:00'
[2024-07-22T17:15:59.653+0000] {taskinstance.py:430} INFO - ::endgroup::
[2024-07-22T17:15:59.661+0000] {python.py:75} INFO - Poking callable: <function check_data_in_table at 0x72864ff78860>
[2024-07-22T17:15:59.665+0000] {extract.py:127} INFO - Getting data of the table ks_daily_tdb_radio_drsi 
[2024-07-22T17:15:59.665+0000] {extract.py:128} INFO - where date is 2024-06-24
[2024-07-22T17:15:59.665+0000] {extract.py:103} INFO - get data to date 2024-06-24
[2024-07-22T17:15:59.669+0000] {warnings.py:112} WARNING - /opt/***/dags/gps/common/extract.py:104: UserWarning: pandas only supports SQLAlchemy connectable (engine/connection) or database string URI or sqlite3 DBAPI2 connection. Other DBAPI2 objects are not tested. Please consider using SQLAlchemy.
  df_ = pd.read_sql_query(sql_query, conn, params=params)

[2024-07-22T17:15:59.709+0000] {base.py:294} INFO - Success criteria met. Exiting.
[2024-07-22T17:15:59.709+0000] {taskinstance.py:441} INFO - ::group::Post task execution logs
[2024-07-22T17:15:59.718+0000] {taskinstance.py:1206} INFO - Marking task as SUCCESS. dag_id=motower_daily_prod, task_id=sensor_trafic, run_id=scheduled__2024-06-25T06:00:00+00:00, execution_date=20240625T060000, start_date=20240722T171559, end_date=20240722T171559
[2024-07-22T17:15:59.756+0000] {local_task_job_runner.py:243} INFO - Task exited with return code 0
[2024-07-22T17:15:59.764+0000] {local_task_job_runner.py:222} INFO - ::endgroup::
[2024-07-22T17:43:18.511+0000] {local_task_job_runner.py:120} INFO - ::group::Pre task execution logs
[2024-07-22T17:43:18.733+0000] {taskinstance.py:2076} INFO - Dependencies all met for dep_context=non-requeueable deps ti=<TaskInstance: motower_daily_prod.sensor_trafic scheduled__2024-06-25T06:00:00+00:00 [queued]>
[2024-07-22T17:43:18.741+0000] {taskinstance.py:2076} INFO - Dependencies all met for dep_context=requeueable deps ti=<TaskInstance: motower_daily_prod.sensor_trafic scheduled__2024-06-25T06:00:00+00:00 [queued]>
[2024-07-22T17:43:18.742+0000] {taskinstance.py:2306} INFO - Starting attempt 1 of 1
[2024-07-22T17:43:18.753+0000] {taskinstance.py:2330} INFO - Executing <Task(PythonSensor): sensor_trafic> on 2024-06-25 06:00:00+00:00
[2024-07-22T17:43:18.764+0000] {warnings.py:112} WARNING - /home/***/.local/lib/python3.12/site-packages/***/task/task_runner/standard_task_runner.py:62: DeprecationWarning: This process (pid=1686) is multi-threaded, use of fork() may lead to deadlocks in the child.
  pid = os.fork()

[2024-07-22T17:43:18.765+0000] {standard_task_runner.py:64} INFO - Started process 1693 to run task
[2024-07-22T17:43:18.765+0000] {standard_task_runner.py:90} INFO - Running: ['***', 'tasks', 'run', 'motower_daily_prod', 'sensor_trafic', 'scheduled__2024-06-25T06:00:00+00:00', '--job-id', '136', '--raw', '--subdir', 'DAGS_FOLDER/gps/custom_dags/motower_daily.py', '--cfg-path', '/tmp/tmpijrgh7vi']
[2024-07-22T17:43:18.767+0000] {standard_task_runner.py:91} INFO - Job 136: Subtask sensor_trafic
[2024-07-22T17:43:18.808+0000] {task_command.py:426} INFO - Running <TaskInstance: motower_daily_prod.sensor_trafic scheduled__2024-06-25T06:00:00+00:00 [running]> on host 5e959f2258db
[2024-07-22T17:43:18.892+0000] {taskinstance.py:2648} INFO - Exporting env vars: AIRFLOW_CTX_DAG_EMAIL='richmond.kongo@orange.com,assane.diop@orange.com,cyrille1.danho@orange.com,mohamed2.sylla@orange.com,amadou.diomande@orange.com,Jonas.kouame@orange.com,armand.kablan@orange.com,anicet.azombade@orange.com,etienne.kouadio@orange.com,bertine.kouakou@orange.com,florentine.kouakou@orange.com,ange.phaceli@orange.com,soulegame.soro@orange.com,innocent.yengo@orange.com' AIRFLOW_CTX_DAG_OWNER='***' AIRFLOW_CTX_DAG_ID='motower_daily_prod' AIRFLOW_CTX_TASK_ID='sensor_trafic' AIRFLOW_CTX_EXECUTION_DATE='2024-06-25T06:00:00+00:00' AIRFLOW_CTX_TRY_NUMBER='1' AIRFLOW_CTX_DAG_RUN_ID='scheduled__2024-06-25T06:00:00+00:00'
[2024-07-22T17:43:18.893+0000] {taskinstance.py:430} INFO - ::endgroup::
[2024-07-22T17:43:18.902+0000] {python.py:75} INFO - Poking callable: <function check_data_in_table at 0x72864ff6d9e0>
[2024-07-22T17:43:18.906+0000] {extract.py:127} INFO - Getting data of the table ks_daily_tdb_radio_drsi 
[2024-07-22T17:43:18.907+0000] {extract.py:128} INFO - where date is 2024-06-24
[2024-07-22T17:43:18.907+0000] {extract.py:103} INFO - get data to date 2024-06-24
[2024-07-22T17:43:18.911+0000] {warnings.py:112} WARNING - /opt/***/dags/gps/common/extract.py:104: UserWarning: pandas only supports SQLAlchemy connectable (engine/connection) or database string URI or sqlite3 DBAPI2 connection. Other DBAPI2 objects are not tested. Please consider using SQLAlchemy.
  df_ = pd.read_sql_query(sql_query, conn, params=params)

[2024-07-22T17:43:18.957+0000] {base.py:294} INFO - Success criteria met. Exiting.
[2024-07-22T17:43:18.958+0000] {taskinstance.py:441} INFO - ::group::Post task execution logs
[2024-07-22T17:43:18.968+0000] {taskinstance.py:1206} INFO - Marking task as SUCCESS. dag_id=motower_daily_prod, task_id=sensor_trafic, run_id=scheduled__2024-06-25T06:00:00+00:00, execution_date=20240625T060000, start_date=20240722T174318, end_date=20240722T174318
[2024-07-22T17:43:19.018+0000] {local_task_job_runner.py:243} INFO - Task exited with return code 0
[2024-07-22T17:43:19.028+0000] {local_task_job_runner.py:222} INFO - ::endgroup::
[2024-07-23T14:25:41.994+0000] {local_task_job_runner.py:120} INFO - ::group::Pre task execution logs
[2024-07-23T14:25:42.020+0000] {taskinstance.py:2076} INFO - Dependencies all met for dep_context=non-requeueable deps ti=<TaskInstance: motower_daily_prod.sensor_trafic scheduled__2024-06-25T06:00:00+00:00 [queued]>
[2024-07-23T14:25:42.027+0000] {taskinstance.py:2076} INFO - Dependencies all met for dep_context=requeueable deps ti=<TaskInstance: motower_daily_prod.sensor_trafic scheduled__2024-06-25T06:00:00+00:00 [queued]>
[2024-07-23T14:25:42.028+0000] {taskinstance.py:2306} INFO - Starting attempt 1 of 1
[2024-07-23T14:25:42.047+0000] {taskinstance.py:2330} INFO - Executing <Task(PythonSensor): sensor_trafic> on 2024-06-25 06:00:00+00:00
[2024-07-23T14:25:42.059+0000] {warnings.py:112} WARNING - /home/***/.local/lib/python3.12/site-packages/***/task/task_runner/standard_task_runner.py:62: DeprecationWarning: This process (pid=448) is multi-threaded, use of fork() may lead to deadlocks in the child.
  pid = os.fork()

[2024-07-23T14:25:42.060+0000] {standard_task_runner.py:64} INFO - Started process 454 to run task
[2024-07-23T14:25:42.060+0000] {standard_task_runner.py:90} INFO - Running: ['***', 'tasks', 'run', 'motower_daily_prod', 'sensor_trafic', 'scheduled__2024-06-25T06:00:00+00:00', '--job-id', '4', '--raw', '--subdir', 'DAGS_FOLDER/gps/custom_dags/motower_daily.py', '--cfg-path', '/tmp/tmpnh2ubqws']
[2024-07-23T14:25:42.062+0000] {standard_task_runner.py:91} INFO - Job 4: Subtask sensor_trafic
[2024-07-23T14:25:42.095+0000] {task_command.py:426} INFO - Running <TaskInstance: motower_daily_prod.sensor_trafic scheduled__2024-06-25T06:00:00+00:00 [running]> on host 3d085dd8085f
[2024-07-23T14:25:42.174+0000] {taskinstance.py:2648} INFO - Exporting env vars: AIRFLOW_CTX_DAG_EMAIL='richmond.kongo@orange.com,assane.diop@orange.com,cyrille1.danho@orange.com,mohamed2.sylla@orange.com,amadou.diomande@orange.com,Jonas.kouame@orange.com,armand.kablan@orange.com,anicet.azombade@orange.com,etienne.kouadio@orange.com,bertine.kouakou@orange.com,florentine.kouakou@orange.com,ange.phaceli@orange.com,soulegame.soro@orange.com,innocent.yengo@orange.com' AIRFLOW_CTX_DAG_OWNER='***' AIRFLOW_CTX_DAG_ID='motower_daily_prod' AIRFLOW_CTX_TASK_ID='sensor_trafic' AIRFLOW_CTX_EXECUTION_DATE='2024-06-25T06:00:00+00:00' AIRFLOW_CTX_TRY_NUMBER='1' AIRFLOW_CTX_DAG_RUN_ID='scheduled__2024-06-25T06:00:00+00:00'
[2024-07-23T14:25:42.175+0000] {taskinstance.py:430} INFO - ::endgroup::
[2024-07-23T14:25:42.187+0000] {python.py:75} INFO - Poking callable: <function check_data_in_table at 0x7beef8c56ca0>
[2024-07-23T14:25:42.192+0000] {extract.py:127} INFO - Getting data of the table ks_daily_tdb_radio_drsi 
[2024-07-23T14:25:42.192+0000] {extract.py:128} INFO - where date is 2024-06-24
[2024-07-23T14:25:42.192+0000] {extract.py:103} INFO - get data to date 2024-06-24
[2024-07-23T14:25:42.196+0000] {warnings.py:112} WARNING - /opt/***/dags/gps/common/extract.py:104: UserWarning: pandas only supports SQLAlchemy connectable (engine/connection) or database string URI or sqlite3 DBAPI2 connection. Other DBAPI2 objects are not tested. Please consider using SQLAlchemy.
  df_ = pd.read_sql_query(sql_query, conn, params=params)

[2024-07-23T14:25:42.197+0000] {taskinstance.py:441} INFO - ::group::Post task execution logs
[2024-07-23T14:25:42.198+0000] {taskinstance.py:2905} ERROR - Task failed with exception
Traceback (most recent call last):
  File "/home/airflow/.local/lib/python3.12/site-packages/pandas/io/sql.py", line 2262, in execute
    cur.execute(sql, *args)
psycopg2.errors.UndefinedTable: relation "DDIR.ks_daily_tdb_radio_drsi" does not exist
LINE 1:  select * from "DDIR".ks_daily_tdb_radio_drsi where date_id ...
                       ^


The above exception was the direct cause of the following exception:

Traceback (most recent call last):
  File "/home/airflow/.local/lib/python3.12/site-packages/airflow/models/taskinstance.py", line 465, in _execute_task
    result = _execute_callable(context=context, **execute_callable_kwargs)
             ^^^^^^^^^^^^^^^^^^^^^^^^^^^^^^^^^^^^^^^^^^^^^^^^^^^^^^^^^^^^^
  File "/home/airflow/.local/lib/python3.12/site-packages/airflow/models/taskinstance.py", line 432, in _execute_callable
    return execute_callable(context=context, **execute_callable_kwargs)
           ^^^^^^^^^^^^^^^^^^^^^^^^^^^^^^^^^^^^^^^^^^^^^^^^^^^^^^^^^^^^
  File "/home/airflow/.local/lib/python3.12/site-packages/airflow/models/baseoperator.py", line 401, in wrapper
    return func(self, *args, **kwargs)
           ^^^^^^^^^^^^^^^^^^^^^^^^^^^
  File "/home/airflow/.local/lib/python3.12/site-packages/airflow/sensors/base.py", line 264, in execute
    raise e
  File "/home/airflow/.local/lib/python3.12/site-packages/airflow/sensors/base.py", line 246, in execute
    poke_return = self.poke(context)
                  ^^^^^^^^^^^^^^^^^^
  File "/home/airflow/.local/lib/python3.12/site-packages/airflow/sensors/python.py", line 76, in poke
    return_value = self.python_callable(*self.op_args, **self.op_kwargs)
                   ^^^^^^^^^^^^^^^^^^^^^^^^^^^^^^^^^^^^^^^^^^^^^^^^^^^^^
  File "/opt/airflow/dags/gps/custom_dags/motower_daily.py", line 56, in check_data_in_table
    data = extract_pg(host = PG_HOST, database= PG_V2_DB, user= PG_V2_USER,
          ^^^^^^^^^^^^^^^^^^^^^^^^^^^^^^^^^^^^^^^^^^^^^^^^^^^^^^^^^^^^^^^^
  File "/opt/airflow/dags/gps/common/extract.py", line 153, in extract_pg
    return execute_query(query_params)
           ^^^^^^^^^^^^^^^^^^^^^^^^^^^
  File "/opt/airflow/dags/gps/common/extract.py", line 104, in execute_query
    df_ = pd.read_sql_query(sql_query, conn, params=params)
          ^^^^^^^^^^^^^^^^^^^^^^^^^^^^^^^^^^^^^^^^^^^^^^^^^
  File "/home/airflow/.local/lib/python3.12/site-packages/pandas/io/sql.py", line 486, in read_sql_query
    return pandas_sql.read_query(
           ^^^^^^^^^^^^^^^^^^^^^^
  File "/home/airflow/.local/lib/python3.12/site-packages/pandas/io/sql.py", line 2326, in read_query
    cursor = self.execute(sql, params)
             ^^^^^^^^^^^^^^^^^^^^^^^^^
  File "/home/airflow/.local/lib/python3.12/site-packages/pandas/io/sql.py", line 2274, in execute
    raise ex from exc
pandas.errors.DatabaseError: Execution failed on sql ' select * from "DDIR".ks_daily_tdb_radio_drsi where date_id = %s ': relation "DDIR.ks_daily_tdb_radio_drsi" does not exist
LINE 1:  select * from "DDIR".ks_daily_tdb_radio_drsi where date_id ...
                       ^

[2024-07-23T14:25:42.205+0000] {taskinstance.py:1206} INFO - Marking task as FAILED. dag_id=motower_daily_prod, task_id=sensor_trafic, run_id=scheduled__2024-06-25T06:00:00+00:00, execution_date=20240625T060000, start_date=20240723T142542, end_date=20240723T142542
[2024-07-23T14:25:42.219+0000] {warnings.py:112} WARNING - /home/***/.local/lib/python3.12/site-packages/***/utils/email.py:154: RemovedInAirflow3Warning: Fetching SMTP credentials from configuration variables will be deprecated in a future release. Please set credentials using a connection instead.
  send_mime_email(e_from=mail_from, e_to=recipients, mime_msg=msg, conn_id=conn_id, dryrun=dryrun)

[2024-07-23T14:25:42.220+0000] {configuration.py:1053} WARNING - section/key [smtp/smtp_user] not found in config
[2024-07-23T14:25:42.220+0000] {email.py:271} INFO - Email alerting: attempt 1
[2024-07-23T14:25:42.226+0000] {configuration.py:1053} WARNING - section/key [smtp/smtp_user] not found in config
[2024-07-23T14:25:42.226+0000] {email.py:271} INFO - Email alerting: attempt 1
[2024-07-23T14:25:42.227+0000] {taskinstance.py:879} ERROR - Failed to send email to: ['richmond.kongo@orange.com', 'assane.diop@orange.com', 'cyrille1.danho@orange.com', 'mohamed2.sylla@orange.com', 'amadou.diomande@orange.com', 'Jonas.kouame@orange.com', 'armand.kablan@orange.com', 'anicet.azombade@orange.com', 'etienne.kouadio@orange.com', 'bertine.kouakou@orange.com', 'florentine.kouakou@orange.com', 'ange.phaceli@orange.com', 'soulegame.soro@orange.com', 'innocent.yengo@orange.com']
Traceback (most recent call last):
  File "/home/airflow/.local/lib/python3.12/site-packages/pandas/io/sql.py", line 2262, in execute
    cur.execute(sql, *args)
psycopg2.errors.UndefinedTable: relation "DDIR.ks_daily_tdb_radio_drsi" does not exist
LINE 1:  select * from "DDIR".ks_daily_tdb_radio_drsi where date_id ...
                       ^


The above exception was the direct cause of the following exception:

Traceback (most recent call last):
  File "/home/airflow/.local/lib/python3.12/site-packages/airflow/models/taskinstance.py", line 2479, in _run_raw_task
    self._execute_task_with_callbacks(context, test_mode, session=session)
  File "/home/airflow/.local/lib/python3.12/site-packages/airflow/models/taskinstance.py", line 2676, in _execute_task_with_callbacks
    result = self._execute_task(context, task_orig)
             ^^^^^^^^^^^^^^^^^^^^^^^^^^^^^^^^^^^^^^
  File "/home/airflow/.local/lib/python3.12/site-packages/airflow/models/taskinstance.py", line 2701, in _execute_task
    return _execute_task(self, context, task_orig)
           ^^^^^^^^^^^^^^^^^^^^^^^^^^^^^^^^^^^^^^^
  File "/home/airflow/.local/lib/python3.12/site-packages/airflow/models/taskinstance.py", line 465, in _execute_task
    result = _execute_callable(context=context, **execute_callable_kwargs)
             ^^^^^^^^^^^^^^^^^^^^^^^^^^^^^^^^^^^^^^^^^^^^^^^^^^^^^^^^^^^^^
  File "/home/airflow/.local/lib/python3.12/site-packages/airflow/models/taskinstance.py", line 432, in _execute_callable
    return execute_callable(context=context, **execute_callable_kwargs)
           ^^^^^^^^^^^^^^^^^^^^^^^^^^^^^^^^^^^^^^^^^^^^^^^^^^^^^^^^^^^^
  File "/home/airflow/.local/lib/python3.12/site-packages/airflow/models/baseoperator.py", line 401, in wrapper
    return func(self, *args, **kwargs)
           ^^^^^^^^^^^^^^^^^^^^^^^^^^^
  File "/home/airflow/.local/lib/python3.12/site-packages/airflow/sensors/base.py", line 264, in execute
    raise e
  File "/home/airflow/.local/lib/python3.12/site-packages/airflow/sensors/base.py", line 246, in execute
    poke_return = self.poke(context)
                  ^^^^^^^^^^^^^^^^^^
  File "/home/airflow/.local/lib/python3.12/site-packages/airflow/sensors/python.py", line 76, in poke
    return_value = self.python_callable(*self.op_args, **self.op_kwargs)
                   ^^^^^^^^^^^^^^^^^^^^^^^^^^^^^^^^^^^^^^^^^^^^^^^^^^^^^
  File "/opt/airflow/dags/gps/custom_dags/motower_daily.py", line 56, in check_data_in_table
    data = extract_pg(host = PG_HOST, database= PG_V2_DB, user= PG_V2_USER,
          ^^^^^^^^^^^^^^^^^^^^^^^^^^^^^^^^^^^^^^^^^^^^^^^^^^^^^^^^^^^^^^^^
  File "/opt/airflow/dags/gps/common/extract.py", line 153, in extract_pg
    return execute_query(query_params)
           ^^^^^^^^^^^^^^^^^^^^^^^^^^^
  File "/opt/airflow/dags/gps/common/extract.py", line 104, in execute_query
    df_ = pd.read_sql_query(sql_query, conn, params=params)
          ^^^^^^^^^^^^^^^^^^^^^^^^^^^^^^^^^^^^^^^^^^^^^^^^^
  File "/home/airflow/.local/lib/python3.12/site-packages/pandas/io/sql.py", line 486, in read_sql_query
    return pandas_sql.read_query(
           ^^^^^^^^^^^^^^^^^^^^^^
  File "/home/airflow/.local/lib/python3.12/site-packages/pandas/io/sql.py", line 2326, in read_query
    cursor = self.execute(sql, params)
             ^^^^^^^^^^^^^^^^^^^^^^^^^
  File "/home/airflow/.local/lib/python3.12/site-packages/pandas/io/sql.py", line 2274, in execute
    raise ex from exc
pandas.errors.DatabaseError: Execution failed on sql ' select * from "DDIR".ks_daily_tdb_radio_drsi where date_id = %s ': relation "DDIR.ks_daily_tdb_radio_drsi" does not exist
LINE 1:  select * from "DDIR".ks_daily_tdb_radio_drsi where date_id ...
                       ^


During handling of the above exception, another exception occurred:

Traceback (most recent call last):
  File "/home/airflow/.local/lib/python3.12/site-packages/airflow/models/taskinstance.py", line 1063, in _email_alert
    send_email(task.email, subject, html_content)
  File "/home/airflow/.local/lib/python3.12/site-packages/airflow/utils/email.py", line 80, in send_email
    return backend(
           ^^^^^^^^
  File "/home/airflow/.local/lib/python3.12/site-packages/airflow/utils/email.py", line 154, in send_email_smtp
    send_mime_email(e_from=mail_from, e_to=recipients, mime_msg=msg, conn_id=conn_id, dryrun=dryrun)
  File "/home/airflow/.local/lib/python3.12/site-packages/airflow/utils/email.py", line 273, in send_mime_email
    smtp_conn = _get_smtp_connection(smtp_host, smtp_port, smtp_timeout, smtp_ssl)
                ^^^^^^^^^^^^^^^^^^^^^^^^^^^^^^^^^^^^^^^^^^^^^^^^^^^^^^^^^^^^^^^^^^
  File "/home/airflow/.local/lib/python3.12/site-packages/airflow/utils/email.py", line 317, in _get_smtp_connection
    return smtplib.SMTP(host=host, port=port, timeout=timeout)
           ^^^^^^^^^^^^^^^^^^^^^^^^^^^^^^^^^^^^^^^^^^^^^^^^^^^
  File "/usr/local/lib/python3.12/smtplib.py", line 255, in __init__
    (code, msg) = self.connect(host, port)
                  ^^^^^^^^^^^^^^^^^^^^^^^^
  File "/usr/local/lib/python3.12/smtplib.py", line 341, in connect
    self.sock = self._get_socket(host, port, self.timeout)
                ^^^^^^^^^^^^^^^^^^^^^^^^^^^^^^^^^^^^^^^^^^
  File "/usr/local/lib/python3.12/smtplib.py", line 312, in _get_socket
    return socket.create_connection((host, port), timeout,
           ^^^^^^^^^^^^^^^^^^^^^^^^^^^^^^^^^^^^^^^^^^^^^^^
  File "/usr/local/lib/python3.12/socket.py", line 853, in create_connection
    raise exceptions[0]
  File "/usr/local/lib/python3.12/socket.py", line 838, in create_connection
    sock.connect(sa)
ConnectionRefusedError: [Errno 111] Connection refused

During handling of the above exception, another exception occurred:

Traceback (most recent call last):
  File "/home/airflow/.local/lib/python3.12/site-packages/airflow/models/taskinstance.py", line 877, in _handle_failure
    task_instance.email_alert(error, failure_context["task"])
  File "/home/airflow/.local/lib/python3.12/site-packages/airflow/models/taskinstance.py", line 3163, in email_alert
    _email_alert(task_instance=self, exception=exception, task=task)
  File "/home/airflow/.local/lib/python3.12/site-packages/airflow/models/taskinstance.py", line 1065, in _email_alert
    send_email(task.email, subject, html_content_err)
  File "/home/airflow/.local/lib/python3.12/site-packages/airflow/utils/email.py", line 80, in send_email
    return backend(
           ^^^^^^^^
  File "/home/airflow/.local/lib/python3.12/site-packages/airflow/utils/email.py", line 154, in send_email_smtp
    send_mime_email(e_from=mail_from, e_to=recipients, mime_msg=msg, conn_id=conn_id, dryrun=dryrun)
  File "/home/airflow/.local/lib/python3.12/site-packages/airflow/utils/email.py", line 273, in send_mime_email
    smtp_conn = _get_smtp_connection(smtp_host, smtp_port, smtp_timeout, smtp_ssl)
                ^^^^^^^^^^^^^^^^^^^^^^^^^^^^^^^^^^^^^^^^^^^^^^^^^^^^^^^^^^^^^^^^^^
  File "/home/airflow/.local/lib/python3.12/site-packages/airflow/utils/email.py", line 317, in _get_smtp_connection
    return smtplib.SMTP(host=host, port=port, timeout=timeout)
           ^^^^^^^^^^^^^^^^^^^^^^^^^^^^^^^^^^^^^^^^^^^^^^^^^^^
  File "/usr/local/lib/python3.12/smtplib.py", line 255, in __init__
    (code, msg) = self.connect(host, port)
                  ^^^^^^^^^^^^^^^^^^^^^^^^
  File "/usr/local/lib/python3.12/smtplib.py", line 341, in connect
    self.sock = self._get_socket(host, port, self.timeout)
                ^^^^^^^^^^^^^^^^^^^^^^^^^^^^^^^^^^^^^^^^^^
  File "/usr/local/lib/python3.12/smtplib.py", line 312, in _get_socket
    return socket.create_connection((host, port), timeout,
           ^^^^^^^^^^^^^^^^^^^^^^^^^^^^^^^^^^^^^^^^^^^^^^^
  File "/usr/local/lib/python3.12/socket.py", line 853, in create_connection
    raise exceptions[0]
  File "/usr/local/lib/python3.12/socket.py", line 838, in create_connection
    sock.connect(sa)
ConnectionRefusedError: [Errno 111] Connection refused
[2024-07-23T14:25:42.231+0000] {alerting.py:71} INFO - send alert mail to richmond.kongo@orange.com, assane.diop@orange.com, cyrille1.danho@orange.com, mohamed2.sylla@orange.com, amadou.diomande@orange.com, Jonas.kouame@orange.com, armand.kablan@orange.com, anicet.azombade@orange.com, etienne.kouadio@orange.com, bertine.kouakou@orange.com, florentine.kouakou@orange.com, ange.phaceli@orange.com, soulegame.soro@orange.com, innocent.yengo@orange.com
[2024-07-23T14:25:42.231+0000] {alerting.py:30} INFO - Sending mail ... 
[2024-07-23T14:25:42.232+0000] {alerting.py:38} ERROR - Failed to send email: please run connect() first
[2024-07-23T14:25:42.243+0000] {standard_task_runner.py:110} ERROR - Failed to execute job 4 for task sensor_trafic (Execution failed on sql ' select * from "DDIR".ks_daily_tdb_radio_drsi where date_id = %s ': relation "DDIR.ks_daily_tdb_radio_drsi" does not exist
LINE 1:  select * from "DDIR".ks_daily_tdb_radio_drsi where date_id ...
                       ^
; 454)
[2024-07-23T14:25:42.274+0000] {local_task_job_runner.py:243} INFO - Task exited with return code 1
[2024-07-23T14:25:42.282+0000] {local_task_job_runner.py:222} INFO - ::endgroup::
[2024-07-23T14:31:12.566+0000] {local_task_job_runner.py:120} INFO - ::group::Pre task execution logs
[2024-07-23T14:31:12.588+0000] {taskinstance.py:2076} INFO - Dependencies all met for dep_context=non-requeueable deps ti=<TaskInstance: motower_daily_prod.sensor_trafic scheduled__2024-06-25T06:00:00+00:00 [queued]>
[2024-07-23T14:31:12.595+0000] {taskinstance.py:2076} INFO - Dependencies all met for dep_context=requeueable deps ti=<TaskInstance: motower_daily_prod.sensor_trafic scheduled__2024-06-25T06:00:00+00:00 [queued]>
[2024-07-23T14:31:12.595+0000] {taskinstance.py:2306} INFO - Starting attempt 1 of 1
[2024-07-23T14:31:12.605+0000] {taskinstance.py:2330} INFO - Executing <Task(PythonSensor): sensor_trafic> on 2024-06-25 06:00:00+00:00
[2024-07-23T14:31:12.614+0000] {warnings.py:112} WARNING - /home/***/.local/lib/python3.12/site-packages/***/task/task_runner/standard_task_runner.py:62: DeprecationWarning: This process (pid=83) is multi-threaded, use of fork() may lead to deadlocks in the child.
  pid = os.fork()

[2024-07-23T14:31:12.615+0000] {standard_task_runner.py:64} INFO - Started process 90 to run task
[2024-07-23T14:31:12.616+0000] {standard_task_runner.py:90} INFO - Running: ['***', 'tasks', 'run', 'motower_daily_prod', 'sensor_trafic', 'scheduled__2024-06-25T06:00:00+00:00', '--job-id', '5', '--raw', '--subdir', 'DAGS_FOLDER/gps/custom_dags/motower_daily.py', '--cfg-path', '/tmp/tmp7gets250']
[2024-07-23T14:31:12.618+0000] {standard_task_runner.py:91} INFO - Job 5: Subtask sensor_trafic
[2024-07-23T14:31:12.656+0000] {task_command.py:426} INFO - Running <TaskInstance: motower_daily_prod.sensor_trafic scheduled__2024-06-25T06:00:00+00:00 [running]> on host 1437ca0d1cc4
[2024-07-23T14:31:12.734+0000] {taskinstance.py:2648} INFO - Exporting env vars: AIRFLOW_CTX_DAG_EMAIL='richmond.kongo@orange.com,assane.diop@orange.com,cyrille1.danho@orange.com,mohamed2.sylla@orange.com,amadou.diomande@orange.com,Jonas.kouame@orange.com,armand.kablan@orange.com,anicet.azombade@orange.com,etienne.kouadio@orange.com,bertine.kouakou@orange.com,florentine.kouakou@orange.com,ange.phaceli@orange.com,soulegame.soro@orange.com,innocent.yengo@orange.com' AIRFLOW_CTX_DAG_OWNER='***' AIRFLOW_CTX_DAG_ID='motower_daily_prod' AIRFLOW_CTX_TASK_ID='sensor_trafic' AIRFLOW_CTX_EXECUTION_DATE='2024-06-25T06:00:00+00:00' AIRFLOW_CTX_TRY_NUMBER='1' AIRFLOW_CTX_DAG_RUN_ID='scheduled__2024-06-25T06:00:00+00:00'
[2024-07-23T14:31:12.735+0000] {taskinstance.py:430} INFO - ::endgroup::
[2024-07-23T14:31:12.747+0000] {python.py:75} INFO - Poking callable: <function check_data_in_table at 0x730b05402ca0>
[2024-07-23T14:31:12.750+0000] {extract.py:127} INFO - Getting data of the table ks_daily_tdb_radio_drsi 
[2024-07-23T14:31:12.751+0000] {extract.py:128} INFO - where date is 2024-06-24
[2024-07-23T14:31:12.751+0000] {extract.py:103} INFO - get data to date 2024-06-24
[2024-07-23T14:31:12.756+0000] {warnings.py:112} WARNING - /opt/***/dags/gps/common/extract.py:104: UserWarning: pandas only supports SQLAlchemy connectable (engine/connection) or database string URI or sqlite3 DBAPI2 connection. Other DBAPI2 objects are not tested. Please consider using SQLAlchemy.
  df_ = pd.read_sql_query(sql_query, conn, params=params)

[2024-07-23T14:31:12.757+0000] {taskinstance.py:441} INFO - ::group::Post task execution logs
[2024-07-23T14:31:12.757+0000] {taskinstance.py:2905} ERROR - Task failed with exception
Traceback (most recent call last):
  File "/home/airflow/.local/lib/python3.12/site-packages/pandas/io/sql.py", line 2262, in execute
    cur.execute(sql, *args)
psycopg2.errors.UndefinedTable: relation "DDIR.ks_daily_tdb_radio_drsi" does not exist
LINE 1:  select * from "DDIR".ks_daily_tdb_radio_drsi where date_id ...
                       ^


The above exception was the direct cause of the following exception:

Traceback (most recent call last):
  File "/home/airflow/.local/lib/python3.12/site-packages/airflow/models/taskinstance.py", line 465, in _execute_task
    result = _execute_callable(context=context, **execute_callable_kwargs)
             ^^^^^^^^^^^^^^^^^^^^^^^^^^^^^^^^^^^^^^^^^^^^^^^^^^^^^^^^^^^^^
  File "/home/airflow/.local/lib/python3.12/site-packages/airflow/models/taskinstance.py", line 432, in _execute_callable
    return execute_callable(context=context, **execute_callable_kwargs)
           ^^^^^^^^^^^^^^^^^^^^^^^^^^^^^^^^^^^^^^^^^^^^^^^^^^^^^^^^^^^^
  File "/home/airflow/.local/lib/python3.12/site-packages/airflow/models/baseoperator.py", line 401, in wrapper
    return func(self, *args, **kwargs)
           ^^^^^^^^^^^^^^^^^^^^^^^^^^^
  File "/home/airflow/.local/lib/python3.12/site-packages/airflow/sensors/base.py", line 264, in execute
    raise e
  File "/home/airflow/.local/lib/python3.12/site-packages/airflow/sensors/base.py", line 246, in execute
    poke_return = self.poke(context)
                  ^^^^^^^^^^^^^^^^^^
  File "/home/airflow/.local/lib/python3.12/site-packages/airflow/sensors/python.py", line 76, in poke
    return_value = self.python_callable(*self.op_args, **self.op_kwargs)
                   ^^^^^^^^^^^^^^^^^^^^^^^^^^^^^^^^^^^^^^^^^^^^^^^^^^^^^
  File "/opt/airflow/dags/gps/custom_dags/motower_daily.py", line 56, in check_data_in_table
    data = extract_pg(host = PG_HOST, database= PG_V2_DB, user= PG_V2_USER,
          ^^^^^^^^^^^^^^^^^^^^^^^^^^^^^^^^^^^^^^^^^^^^^^^^^^^^^^^^^^^^^^^^
  File "/opt/airflow/dags/gps/common/extract.py", line 153, in extract_pg
    return execute_query(query_params)
           ^^^^^^^^^^^^^^^^^^^^^^^^^^^
  File "/opt/airflow/dags/gps/common/extract.py", line 104, in execute_query
    df_ = pd.read_sql_query(sql_query, conn, params=params)
          ^^^^^^^^^^^^^^^^^^^^^^^^^^^^^^^^^^^^^^^^^^^^^^^^^
  File "/home/airflow/.local/lib/python3.12/site-packages/pandas/io/sql.py", line 486, in read_sql_query
    return pandas_sql.read_query(
           ^^^^^^^^^^^^^^^^^^^^^^
  File "/home/airflow/.local/lib/python3.12/site-packages/pandas/io/sql.py", line 2326, in read_query
    cursor = self.execute(sql, params)
             ^^^^^^^^^^^^^^^^^^^^^^^^^
  File "/home/airflow/.local/lib/python3.12/site-packages/pandas/io/sql.py", line 2274, in execute
    raise ex from exc
pandas.errors.DatabaseError: Execution failed on sql ' select * from "DDIR".ks_daily_tdb_radio_drsi where date_id = %s ': relation "DDIR.ks_daily_tdb_radio_drsi" does not exist
LINE 1:  select * from "DDIR".ks_daily_tdb_radio_drsi where date_id ...
                       ^

[2024-07-23T14:31:12.767+0000] {taskinstance.py:1206} INFO - Marking task as FAILED. dag_id=motower_daily_prod, task_id=sensor_trafic, run_id=scheduled__2024-06-25T06:00:00+00:00, execution_date=20240625T060000, start_date=20240723T143112, end_date=20240723T143112
[2024-07-23T14:31:12.780+0000] {warnings.py:112} WARNING - /home/***/.local/lib/python3.12/site-packages/***/utils/email.py:154: RemovedInAirflow3Warning: Fetching SMTP credentials from configuration variables will be deprecated in a future release. Please set credentials using a connection instead.
  send_mime_email(e_from=mail_from, e_to=recipients, mime_msg=msg, conn_id=conn_id, dryrun=dryrun)

[2024-07-23T14:31:12.780+0000] {configuration.py:1053} WARNING - section/key [smtp/smtp_user] not found in config
[2024-07-23T14:31:12.781+0000] {email.py:271} INFO - Email alerting: attempt 1
[2024-07-23T14:31:12.787+0000] {configuration.py:1053} WARNING - section/key [smtp/smtp_user] not found in config
[2024-07-23T14:31:12.787+0000] {email.py:271} INFO - Email alerting: attempt 1
[2024-07-23T14:31:12.787+0000] {taskinstance.py:879} ERROR - Failed to send email to: ['richmond.kongo@orange.com', 'assane.diop@orange.com', 'cyrille1.danho@orange.com', 'mohamed2.sylla@orange.com', 'amadou.diomande@orange.com', 'Jonas.kouame@orange.com', 'armand.kablan@orange.com', 'anicet.azombade@orange.com', 'etienne.kouadio@orange.com', 'bertine.kouakou@orange.com', 'florentine.kouakou@orange.com', 'ange.phaceli@orange.com', 'soulegame.soro@orange.com', 'innocent.yengo@orange.com']
Traceback (most recent call last):
  File "/home/airflow/.local/lib/python3.12/site-packages/pandas/io/sql.py", line 2262, in execute
    cur.execute(sql, *args)
psycopg2.errors.UndefinedTable: relation "DDIR.ks_daily_tdb_radio_drsi" does not exist
LINE 1:  select * from "DDIR".ks_daily_tdb_radio_drsi where date_id ...
                       ^


The above exception was the direct cause of the following exception:

Traceback (most recent call last):
  File "/home/airflow/.local/lib/python3.12/site-packages/airflow/models/taskinstance.py", line 2479, in _run_raw_task
    self._execute_task_with_callbacks(context, test_mode, session=session)
  File "/home/airflow/.local/lib/python3.12/site-packages/airflow/models/taskinstance.py", line 2676, in _execute_task_with_callbacks
    result = self._execute_task(context, task_orig)
             ^^^^^^^^^^^^^^^^^^^^^^^^^^^^^^^^^^^^^^
  File "/home/airflow/.local/lib/python3.12/site-packages/airflow/models/taskinstance.py", line 2701, in _execute_task
    return _execute_task(self, context, task_orig)
           ^^^^^^^^^^^^^^^^^^^^^^^^^^^^^^^^^^^^^^^
  File "/home/airflow/.local/lib/python3.12/site-packages/airflow/models/taskinstance.py", line 465, in _execute_task
    result = _execute_callable(context=context, **execute_callable_kwargs)
             ^^^^^^^^^^^^^^^^^^^^^^^^^^^^^^^^^^^^^^^^^^^^^^^^^^^^^^^^^^^^^
  File "/home/airflow/.local/lib/python3.12/site-packages/airflow/models/taskinstance.py", line 432, in _execute_callable
    return execute_callable(context=context, **execute_callable_kwargs)
           ^^^^^^^^^^^^^^^^^^^^^^^^^^^^^^^^^^^^^^^^^^^^^^^^^^^^^^^^^^^^
  File "/home/airflow/.local/lib/python3.12/site-packages/airflow/models/baseoperator.py", line 401, in wrapper
    return func(self, *args, **kwargs)
           ^^^^^^^^^^^^^^^^^^^^^^^^^^^
  File "/home/airflow/.local/lib/python3.12/site-packages/airflow/sensors/base.py", line 264, in execute
    raise e
  File "/home/airflow/.local/lib/python3.12/site-packages/airflow/sensors/base.py", line 246, in execute
    poke_return = self.poke(context)
                  ^^^^^^^^^^^^^^^^^^
  File "/home/airflow/.local/lib/python3.12/site-packages/airflow/sensors/python.py", line 76, in poke
    return_value = self.python_callable(*self.op_args, **self.op_kwargs)
                   ^^^^^^^^^^^^^^^^^^^^^^^^^^^^^^^^^^^^^^^^^^^^^^^^^^^^^
  File "/opt/airflow/dags/gps/custom_dags/motower_daily.py", line 56, in check_data_in_table
    data = extract_pg(host = PG_HOST, database= PG_V2_DB, user= PG_V2_USER,
          ^^^^^^^^^^^^^^^^^^^^^^^^^^^^^^^^^^^^^^^^^^^^^^^^^^^^^^^^^^^^^^^^
  File "/opt/airflow/dags/gps/common/extract.py", line 153, in extract_pg
    return execute_query(query_params)
           ^^^^^^^^^^^^^^^^^^^^^^^^^^^
  File "/opt/airflow/dags/gps/common/extract.py", line 104, in execute_query
    df_ = pd.read_sql_query(sql_query, conn, params=params)
          ^^^^^^^^^^^^^^^^^^^^^^^^^^^^^^^^^^^^^^^^^^^^^^^^^
  File "/home/airflow/.local/lib/python3.12/site-packages/pandas/io/sql.py", line 486, in read_sql_query
    return pandas_sql.read_query(
           ^^^^^^^^^^^^^^^^^^^^^^
  File "/home/airflow/.local/lib/python3.12/site-packages/pandas/io/sql.py", line 2326, in read_query
    cursor = self.execute(sql, params)
             ^^^^^^^^^^^^^^^^^^^^^^^^^
  File "/home/airflow/.local/lib/python3.12/site-packages/pandas/io/sql.py", line 2274, in execute
    raise ex from exc
pandas.errors.DatabaseError: Execution failed on sql ' select * from "DDIR".ks_daily_tdb_radio_drsi where date_id = %s ': relation "DDIR.ks_daily_tdb_radio_drsi" does not exist
LINE 1:  select * from "DDIR".ks_daily_tdb_radio_drsi where date_id ...
                       ^


During handling of the above exception, another exception occurred:

Traceback (most recent call last):
  File "/home/airflow/.local/lib/python3.12/site-packages/airflow/models/taskinstance.py", line 1063, in _email_alert
    send_email(task.email, subject, html_content)
  File "/home/airflow/.local/lib/python3.12/site-packages/airflow/utils/email.py", line 80, in send_email
    return backend(
           ^^^^^^^^
  File "/home/airflow/.local/lib/python3.12/site-packages/airflow/utils/email.py", line 154, in send_email_smtp
    send_mime_email(e_from=mail_from, e_to=recipients, mime_msg=msg, conn_id=conn_id, dryrun=dryrun)
  File "/home/airflow/.local/lib/python3.12/site-packages/airflow/utils/email.py", line 273, in send_mime_email
    smtp_conn = _get_smtp_connection(smtp_host, smtp_port, smtp_timeout, smtp_ssl)
                ^^^^^^^^^^^^^^^^^^^^^^^^^^^^^^^^^^^^^^^^^^^^^^^^^^^^^^^^^^^^^^^^^^
  File "/home/airflow/.local/lib/python3.12/site-packages/airflow/utils/email.py", line 317, in _get_smtp_connection
    return smtplib.SMTP(host=host, port=port, timeout=timeout)
           ^^^^^^^^^^^^^^^^^^^^^^^^^^^^^^^^^^^^^^^^^^^^^^^^^^^
  File "/usr/local/lib/python3.12/smtplib.py", line 255, in __init__
    (code, msg) = self.connect(host, port)
                  ^^^^^^^^^^^^^^^^^^^^^^^^
  File "/usr/local/lib/python3.12/smtplib.py", line 341, in connect
    self.sock = self._get_socket(host, port, self.timeout)
                ^^^^^^^^^^^^^^^^^^^^^^^^^^^^^^^^^^^^^^^^^^
  File "/usr/local/lib/python3.12/smtplib.py", line 312, in _get_socket
    return socket.create_connection((host, port), timeout,
           ^^^^^^^^^^^^^^^^^^^^^^^^^^^^^^^^^^^^^^^^^^^^^^^
  File "/usr/local/lib/python3.12/socket.py", line 853, in create_connection
    raise exceptions[0]
  File "/usr/local/lib/python3.12/socket.py", line 838, in create_connection
    sock.connect(sa)
ConnectionRefusedError: [Errno 111] Connection refused

During handling of the above exception, another exception occurred:

Traceback (most recent call last):
  File "/home/airflow/.local/lib/python3.12/site-packages/airflow/models/taskinstance.py", line 877, in _handle_failure
    task_instance.email_alert(error, failure_context["task"])
  File "/home/airflow/.local/lib/python3.12/site-packages/airflow/models/taskinstance.py", line 3163, in email_alert
    _email_alert(task_instance=self, exception=exception, task=task)
  File "/home/airflow/.local/lib/python3.12/site-packages/airflow/models/taskinstance.py", line 1065, in _email_alert
    send_email(task.email, subject, html_content_err)
  File "/home/airflow/.local/lib/python3.12/site-packages/airflow/utils/email.py", line 80, in send_email
    return backend(
           ^^^^^^^^
  File "/home/airflow/.local/lib/python3.12/site-packages/airflow/utils/email.py", line 154, in send_email_smtp
    send_mime_email(e_from=mail_from, e_to=recipients, mime_msg=msg, conn_id=conn_id, dryrun=dryrun)
  File "/home/airflow/.local/lib/python3.12/site-packages/airflow/utils/email.py", line 273, in send_mime_email
    smtp_conn = _get_smtp_connection(smtp_host, smtp_port, smtp_timeout, smtp_ssl)
                ^^^^^^^^^^^^^^^^^^^^^^^^^^^^^^^^^^^^^^^^^^^^^^^^^^^^^^^^^^^^^^^^^^
  File "/home/airflow/.local/lib/python3.12/site-packages/airflow/utils/email.py", line 317, in _get_smtp_connection
    return smtplib.SMTP(host=host, port=port, timeout=timeout)
           ^^^^^^^^^^^^^^^^^^^^^^^^^^^^^^^^^^^^^^^^^^^^^^^^^^^
  File "/usr/local/lib/python3.12/smtplib.py", line 255, in __init__
    (code, msg) = self.connect(host, port)
                  ^^^^^^^^^^^^^^^^^^^^^^^^
  File "/usr/local/lib/python3.12/smtplib.py", line 341, in connect
    self.sock = self._get_socket(host, port, self.timeout)
                ^^^^^^^^^^^^^^^^^^^^^^^^^^^^^^^^^^^^^^^^^^
  File "/usr/local/lib/python3.12/smtplib.py", line 312, in _get_socket
    return socket.create_connection((host, port), timeout,
           ^^^^^^^^^^^^^^^^^^^^^^^^^^^^^^^^^^^^^^^^^^^^^^^
  File "/usr/local/lib/python3.12/socket.py", line 853, in create_connection
    raise exceptions[0]
  File "/usr/local/lib/python3.12/socket.py", line 838, in create_connection
    sock.connect(sa)
ConnectionRefusedError: [Errno 111] Connection refused
[2024-07-23T14:31:12.791+0000] {alerting.py:71} INFO - send alert mail to richmond.kongo@orange.com, assane.diop@orange.com, cyrille1.danho@orange.com, mohamed2.sylla@orange.com, amadou.diomande@orange.com, Jonas.kouame@orange.com, armand.kablan@orange.com, anicet.azombade@orange.com, etienne.kouadio@orange.com, bertine.kouakou@orange.com, florentine.kouakou@orange.com, ange.phaceli@orange.com, soulegame.soro@orange.com, innocent.yengo@orange.com
[2024-07-23T14:31:12.791+0000] {alerting.py:30} INFO - Sending mail ... 
[2024-07-23T14:31:12.791+0000] {alerting.py:38} ERROR - Failed to send email: please run connect() first
[2024-07-23T14:31:12.801+0000] {standard_task_runner.py:110} ERROR - Failed to execute job 5 for task sensor_trafic (Execution failed on sql ' select * from "DDIR".ks_daily_tdb_radio_drsi where date_id = %s ': relation "DDIR.ks_daily_tdb_radio_drsi" does not exist
LINE 1:  select * from "DDIR".ks_daily_tdb_radio_drsi where date_id ...
                       ^
; 90)
[2024-07-23T14:31:12.829+0000] {local_task_job_runner.py:243} INFO - Task exited with return code 1
[2024-07-23T14:31:12.837+0000] {local_task_job_runner.py:222} INFO - ::endgroup::
[2024-07-23T14:35:08.530+0000] {local_task_job_runner.py:120} INFO - ::group::Pre task execution logs
[2024-07-23T14:35:08.754+0000] {taskinstance.py:2076} INFO - Dependencies all met for dep_context=non-requeueable deps ti=<TaskInstance: motower_daily_prod.sensor_trafic scheduled__2024-06-25T06:00:00+00:00 [queued]>
[2024-07-23T14:35:08.763+0000] {taskinstance.py:2076} INFO - Dependencies all met for dep_context=requeueable deps ti=<TaskInstance: motower_daily_prod.sensor_trafic scheduled__2024-06-25T06:00:00+00:00 [queued]>
[2024-07-23T14:35:08.763+0000] {taskinstance.py:2306} INFO - Starting attempt 1 of 1
[2024-07-23T14:35:08.775+0000] {taskinstance.py:2330} INFO - Executing <Task(PythonSensor): sensor_trafic> on 2024-06-25 06:00:00+00:00
[2024-07-23T14:35:08.784+0000] {warnings.py:112} WARNING - /home/***/.local/lib/python3.12/site-packages/***/task/task_runner/standard_task_runner.py:62: DeprecationWarning: This process (pid=148) is multi-threaded, use of fork() may lead to deadlocks in the child.
  pid = os.fork()

[2024-07-23T14:35:08.786+0000] {standard_task_runner.py:64} INFO - Started process 154 to run task
[2024-07-23T14:35:08.786+0000] {standard_task_runner.py:90} INFO - Running: ['***', 'tasks', 'run', 'motower_daily_prod', 'sensor_trafic', 'scheduled__2024-06-25T06:00:00+00:00', '--job-id', '8', '--raw', '--subdir', 'DAGS_FOLDER/gps/custom_dags/motower_daily.py', '--cfg-path', '/tmp/tmpzg_sr_uj']
[2024-07-23T14:35:08.788+0000] {standard_task_runner.py:91} INFO - Job 8: Subtask sensor_trafic
[2024-07-23T14:35:08.833+0000] {task_command.py:426} INFO - Running <TaskInstance: motower_daily_prod.sensor_trafic scheduled__2024-06-25T06:00:00+00:00 [running]> on host 1437ca0d1cc4
[2024-07-23T14:35:08.909+0000] {taskinstance.py:2648} INFO - Exporting env vars: AIRFLOW_CTX_DAG_EMAIL='richmond.kongo@orange.com,assane.diop@orange.com,cyrille1.danho@orange.com,mohamed2.sylla@orange.com,amadou.diomande@orange.com,Jonas.kouame@orange.com,armand.kablan@orange.com,anicet.azombade@orange.com,etienne.kouadio@orange.com,bertine.kouakou@orange.com,florentine.kouakou@orange.com,ange.phaceli@orange.com,soulegame.soro@orange.com,innocent.yengo@orange.com' AIRFLOW_CTX_DAG_OWNER='***' AIRFLOW_CTX_DAG_ID='motower_daily_prod' AIRFLOW_CTX_TASK_ID='sensor_trafic' AIRFLOW_CTX_EXECUTION_DATE='2024-06-25T06:00:00+00:00' AIRFLOW_CTX_TRY_NUMBER='1' AIRFLOW_CTX_DAG_RUN_ID='scheduled__2024-06-25T06:00:00+00:00'
[2024-07-23T14:35:08.910+0000] {taskinstance.py:430} INFO - ::endgroup::
[2024-07-23T14:35:08.920+0000] {python.py:75} INFO - Poking callable: <function check_data_in_table at 0x730b0191e840>
[2024-07-23T14:35:08.924+0000] {extract.py:127} INFO - Getting data of the table ks_daily_tdb_radio_drsi 
[2024-07-23T14:35:08.924+0000] {extract.py:128} INFO - where date is 2024-06-24
[2024-07-23T14:35:08.924+0000] {extract.py:103} INFO - get data to date 2024-06-24
[2024-07-23T14:35:08.929+0000] {warnings.py:112} WARNING - /opt/***/dags/gps/common/extract.py:104: UserWarning: pandas only supports SQLAlchemy connectable (engine/connection) or database string URI or sqlite3 DBAPI2 connection. Other DBAPI2 objects are not tested. Please consider using SQLAlchemy.
  df_ = pd.read_sql_query(sql_query, conn, params=params)

[2024-07-23T14:35:08.930+0000] {taskinstance.py:441} INFO - ::group::Post task execution logs
[2024-07-23T14:35:08.930+0000] {taskinstance.py:2905} ERROR - Task failed with exception
Traceback (most recent call last):
  File "/home/airflow/.local/lib/python3.12/site-packages/pandas/io/sql.py", line 2262, in execute
    cur.execute(sql, *args)
psycopg2.errors.UndefinedTable: relation "DDIR.ks_daily_tdb_radio_drsi" does not exist
LINE 1:  select * from "DDIR".ks_daily_tdb_radio_drsi where date_id ...
                       ^


The above exception was the direct cause of the following exception:

Traceback (most recent call last):
  File "/home/airflow/.local/lib/python3.12/site-packages/airflow/models/taskinstance.py", line 465, in _execute_task
    result = _execute_callable(context=context, **execute_callable_kwargs)
             ^^^^^^^^^^^^^^^^^^^^^^^^^^^^^^^^^^^^^^^^^^^^^^^^^^^^^^^^^^^^^
  File "/home/airflow/.local/lib/python3.12/site-packages/airflow/models/taskinstance.py", line 432, in _execute_callable
    return execute_callable(context=context, **execute_callable_kwargs)
           ^^^^^^^^^^^^^^^^^^^^^^^^^^^^^^^^^^^^^^^^^^^^^^^^^^^^^^^^^^^^
  File "/home/airflow/.local/lib/python3.12/site-packages/airflow/models/baseoperator.py", line 401, in wrapper
    return func(self, *args, **kwargs)
           ^^^^^^^^^^^^^^^^^^^^^^^^^^^
  File "/home/airflow/.local/lib/python3.12/site-packages/airflow/sensors/base.py", line 264, in execute
    raise e
  File "/home/airflow/.local/lib/python3.12/site-packages/airflow/sensors/base.py", line 246, in execute
    poke_return = self.poke(context)
                  ^^^^^^^^^^^^^^^^^^
  File "/home/airflow/.local/lib/python3.12/site-packages/airflow/sensors/python.py", line 76, in poke
    return_value = self.python_callable(*self.op_args, **self.op_kwargs)
                   ^^^^^^^^^^^^^^^^^^^^^^^^^^^^^^^^^^^^^^^^^^^^^^^^^^^^^
  File "/opt/airflow/dags/gps/custom_dags/motower_daily.py", line 56, in check_data_in_table
    data = extract_pg(host = PG_HOST, database= PG_V2_DB, user= PG_V2_USER,
          ^^^^^^^^^^^^^^^^^^^^^^^^^^^^^^^^^^^^^^^^^^^^^^^^^^^^^^^^^^^^^^^^
  File "/opt/airflow/dags/gps/common/extract.py", line 153, in extract_pg
    return execute_query(query_params)
           ^^^^^^^^^^^^^^^^^^^^^^^^^^^
  File "/opt/airflow/dags/gps/common/extract.py", line 104, in execute_query
    df_ = pd.read_sql_query(sql_query, conn, params=params)
          ^^^^^^^^^^^^^^^^^^^^^^^^^^^^^^^^^^^^^^^^^^^^^^^^^
  File "/home/airflow/.local/lib/python3.12/site-packages/pandas/io/sql.py", line 486, in read_sql_query
    return pandas_sql.read_query(
           ^^^^^^^^^^^^^^^^^^^^^^
  File "/home/airflow/.local/lib/python3.12/site-packages/pandas/io/sql.py", line 2326, in read_query
    cursor = self.execute(sql, params)
             ^^^^^^^^^^^^^^^^^^^^^^^^^
  File "/home/airflow/.local/lib/python3.12/site-packages/pandas/io/sql.py", line 2274, in execute
    raise ex from exc
pandas.errors.DatabaseError: Execution failed on sql ' select * from "DDIR".ks_daily_tdb_radio_drsi where date_id = %s ': relation "DDIR.ks_daily_tdb_radio_drsi" does not exist
LINE 1:  select * from "DDIR".ks_daily_tdb_radio_drsi where date_id ...
                       ^

[2024-07-23T14:35:08.938+0000] {taskinstance.py:1206} INFO - Marking task as FAILED. dag_id=motower_daily_prod, task_id=sensor_trafic, run_id=scheduled__2024-06-25T06:00:00+00:00, execution_date=20240625T060000, start_date=20240723T143508, end_date=20240723T143508
[2024-07-23T14:35:08.948+0000] {warnings.py:112} WARNING - /home/***/.local/lib/python3.12/site-packages/***/utils/email.py:154: RemovedInAirflow3Warning: Fetching SMTP credentials from configuration variables will be deprecated in a future release. Please set credentials using a connection instead.
  send_mime_email(e_from=mail_from, e_to=recipients, mime_msg=msg, conn_id=conn_id, dryrun=dryrun)

[2024-07-23T14:35:08.948+0000] {configuration.py:1053} WARNING - section/key [smtp/smtp_user] not found in config
[2024-07-23T14:35:08.948+0000] {email.py:271} INFO - Email alerting: attempt 1
[2024-07-23T14:35:08.955+0000] {configuration.py:1053} WARNING - section/key [smtp/smtp_user] not found in config
[2024-07-23T14:35:08.955+0000] {email.py:271} INFO - Email alerting: attempt 1
[2024-07-23T14:35:08.955+0000] {taskinstance.py:879} ERROR - Failed to send email to: ['richmond.kongo@orange.com', 'assane.diop@orange.com', 'cyrille1.danho@orange.com', 'mohamed2.sylla@orange.com', 'amadou.diomande@orange.com', 'Jonas.kouame@orange.com', 'armand.kablan@orange.com', 'anicet.azombade@orange.com', 'etienne.kouadio@orange.com', 'bertine.kouakou@orange.com', 'florentine.kouakou@orange.com', 'ange.phaceli@orange.com', 'soulegame.soro@orange.com', 'innocent.yengo@orange.com']
Traceback (most recent call last):
  File "/home/airflow/.local/lib/python3.12/site-packages/pandas/io/sql.py", line 2262, in execute
    cur.execute(sql, *args)
psycopg2.errors.UndefinedTable: relation "DDIR.ks_daily_tdb_radio_drsi" does not exist
LINE 1:  select * from "DDIR".ks_daily_tdb_radio_drsi where date_id ...
                       ^


The above exception was the direct cause of the following exception:

Traceback (most recent call last):
  File "/home/airflow/.local/lib/python3.12/site-packages/airflow/models/taskinstance.py", line 2479, in _run_raw_task
    self._execute_task_with_callbacks(context, test_mode, session=session)
  File "/home/airflow/.local/lib/python3.12/site-packages/airflow/models/taskinstance.py", line 2676, in _execute_task_with_callbacks
    result = self._execute_task(context, task_orig)
             ^^^^^^^^^^^^^^^^^^^^^^^^^^^^^^^^^^^^^^
  File "/home/airflow/.local/lib/python3.12/site-packages/airflow/models/taskinstance.py", line 2701, in _execute_task
    return _execute_task(self, context, task_orig)
           ^^^^^^^^^^^^^^^^^^^^^^^^^^^^^^^^^^^^^^^
  File "/home/airflow/.local/lib/python3.12/site-packages/airflow/models/taskinstance.py", line 465, in _execute_task
    result = _execute_callable(context=context, **execute_callable_kwargs)
             ^^^^^^^^^^^^^^^^^^^^^^^^^^^^^^^^^^^^^^^^^^^^^^^^^^^^^^^^^^^^^
  File "/home/airflow/.local/lib/python3.12/site-packages/airflow/models/taskinstance.py", line 432, in _execute_callable
    return execute_callable(context=context, **execute_callable_kwargs)
           ^^^^^^^^^^^^^^^^^^^^^^^^^^^^^^^^^^^^^^^^^^^^^^^^^^^^^^^^^^^^
  File "/home/airflow/.local/lib/python3.12/site-packages/airflow/models/baseoperator.py", line 401, in wrapper
    return func(self, *args, **kwargs)
           ^^^^^^^^^^^^^^^^^^^^^^^^^^^
  File "/home/airflow/.local/lib/python3.12/site-packages/airflow/sensors/base.py", line 264, in execute
    raise e
  File "/home/airflow/.local/lib/python3.12/site-packages/airflow/sensors/base.py", line 246, in execute
    poke_return = self.poke(context)
                  ^^^^^^^^^^^^^^^^^^
  File "/home/airflow/.local/lib/python3.12/site-packages/airflow/sensors/python.py", line 76, in poke
    return_value = self.python_callable(*self.op_args, **self.op_kwargs)
                   ^^^^^^^^^^^^^^^^^^^^^^^^^^^^^^^^^^^^^^^^^^^^^^^^^^^^^
  File "/opt/airflow/dags/gps/custom_dags/motower_daily.py", line 56, in check_data_in_table
    data = extract_pg(host = PG_HOST, database= PG_V2_DB, user= PG_V2_USER,
          ^^^^^^^^^^^^^^^^^^^^^^^^^^^^^^^^^^^^^^^^^^^^^^^^^^^^^^^^^^^^^^^^
  File "/opt/airflow/dags/gps/common/extract.py", line 153, in extract_pg
    return execute_query(query_params)
           ^^^^^^^^^^^^^^^^^^^^^^^^^^^
  File "/opt/airflow/dags/gps/common/extract.py", line 104, in execute_query
    df_ = pd.read_sql_query(sql_query, conn, params=params)
          ^^^^^^^^^^^^^^^^^^^^^^^^^^^^^^^^^^^^^^^^^^^^^^^^^
  File "/home/airflow/.local/lib/python3.12/site-packages/pandas/io/sql.py", line 486, in read_sql_query
    return pandas_sql.read_query(
           ^^^^^^^^^^^^^^^^^^^^^^
  File "/home/airflow/.local/lib/python3.12/site-packages/pandas/io/sql.py", line 2326, in read_query
    cursor = self.execute(sql, params)
             ^^^^^^^^^^^^^^^^^^^^^^^^^
  File "/home/airflow/.local/lib/python3.12/site-packages/pandas/io/sql.py", line 2274, in execute
    raise ex from exc
pandas.errors.DatabaseError: Execution failed on sql ' select * from "DDIR".ks_daily_tdb_radio_drsi where date_id = %s ': relation "DDIR.ks_daily_tdb_radio_drsi" does not exist
LINE 1:  select * from "DDIR".ks_daily_tdb_radio_drsi where date_id ...
                       ^


During handling of the above exception, another exception occurred:

Traceback (most recent call last):
  File "/home/airflow/.local/lib/python3.12/site-packages/airflow/models/taskinstance.py", line 1063, in _email_alert
    send_email(task.email, subject, html_content)
  File "/home/airflow/.local/lib/python3.12/site-packages/airflow/utils/email.py", line 80, in send_email
    return backend(
           ^^^^^^^^
  File "/home/airflow/.local/lib/python3.12/site-packages/airflow/utils/email.py", line 154, in send_email_smtp
    send_mime_email(e_from=mail_from, e_to=recipients, mime_msg=msg, conn_id=conn_id, dryrun=dryrun)
  File "/home/airflow/.local/lib/python3.12/site-packages/airflow/utils/email.py", line 273, in send_mime_email
    smtp_conn = _get_smtp_connection(smtp_host, smtp_port, smtp_timeout, smtp_ssl)
                ^^^^^^^^^^^^^^^^^^^^^^^^^^^^^^^^^^^^^^^^^^^^^^^^^^^^^^^^^^^^^^^^^^
  File "/home/airflow/.local/lib/python3.12/site-packages/airflow/utils/email.py", line 317, in _get_smtp_connection
    return smtplib.SMTP(host=host, port=port, timeout=timeout)
           ^^^^^^^^^^^^^^^^^^^^^^^^^^^^^^^^^^^^^^^^^^^^^^^^^^^
  File "/usr/local/lib/python3.12/smtplib.py", line 255, in __init__
    (code, msg) = self.connect(host, port)
                  ^^^^^^^^^^^^^^^^^^^^^^^^
  File "/usr/local/lib/python3.12/smtplib.py", line 341, in connect
    self.sock = self._get_socket(host, port, self.timeout)
                ^^^^^^^^^^^^^^^^^^^^^^^^^^^^^^^^^^^^^^^^^^
  File "/usr/local/lib/python3.12/smtplib.py", line 312, in _get_socket
    return socket.create_connection((host, port), timeout,
           ^^^^^^^^^^^^^^^^^^^^^^^^^^^^^^^^^^^^^^^^^^^^^^^
  File "/usr/local/lib/python3.12/socket.py", line 853, in create_connection
    raise exceptions[0]
  File "/usr/local/lib/python3.12/socket.py", line 838, in create_connection
    sock.connect(sa)
ConnectionRefusedError: [Errno 111] Connection refused

During handling of the above exception, another exception occurred:

Traceback (most recent call last):
  File "/home/airflow/.local/lib/python3.12/site-packages/airflow/models/taskinstance.py", line 877, in _handle_failure
    task_instance.email_alert(error, failure_context["task"])
  File "/home/airflow/.local/lib/python3.12/site-packages/airflow/models/taskinstance.py", line 3163, in email_alert
    _email_alert(task_instance=self, exception=exception, task=task)
  File "/home/airflow/.local/lib/python3.12/site-packages/airflow/models/taskinstance.py", line 1065, in _email_alert
    send_email(task.email, subject, html_content_err)
  File "/home/airflow/.local/lib/python3.12/site-packages/airflow/utils/email.py", line 80, in send_email
    return backend(
           ^^^^^^^^
  File "/home/airflow/.local/lib/python3.12/site-packages/airflow/utils/email.py", line 154, in send_email_smtp
    send_mime_email(e_from=mail_from, e_to=recipients, mime_msg=msg, conn_id=conn_id, dryrun=dryrun)
  File "/home/airflow/.local/lib/python3.12/site-packages/airflow/utils/email.py", line 273, in send_mime_email
    smtp_conn = _get_smtp_connection(smtp_host, smtp_port, smtp_timeout, smtp_ssl)
                ^^^^^^^^^^^^^^^^^^^^^^^^^^^^^^^^^^^^^^^^^^^^^^^^^^^^^^^^^^^^^^^^^^
  File "/home/airflow/.local/lib/python3.12/site-packages/airflow/utils/email.py", line 317, in _get_smtp_connection
    return smtplib.SMTP(host=host, port=port, timeout=timeout)
           ^^^^^^^^^^^^^^^^^^^^^^^^^^^^^^^^^^^^^^^^^^^^^^^^^^^
  File "/usr/local/lib/python3.12/smtplib.py", line 255, in __init__
    (code, msg) = self.connect(host, port)
                  ^^^^^^^^^^^^^^^^^^^^^^^^
  File "/usr/local/lib/python3.12/smtplib.py", line 341, in connect
    self.sock = self._get_socket(host, port, self.timeout)
                ^^^^^^^^^^^^^^^^^^^^^^^^^^^^^^^^^^^^^^^^^^
  File "/usr/local/lib/python3.12/smtplib.py", line 312, in _get_socket
    return socket.create_connection((host, port), timeout,
           ^^^^^^^^^^^^^^^^^^^^^^^^^^^^^^^^^^^^^^^^^^^^^^^
  File "/usr/local/lib/python3.12/socket.py", line 853, in create_connection
    raise exceptions[0]
  File "/usr/local/lib/python3.12/socket.py", line 838, in create_connection
    sock.connect(sa)
ConnectionRefusedError: [Errno 111] Connection refused
[2024-07-23T14:35:08.959+0000] {alerting.py:71} INFO - send alert mail to richmond.kongo@orange.com, assane.diop@orange.com, cyrille1.danho@orange.com, mohamed2.sylla@orange.com, amadou.diomande@orange.com, Jonas.kouame@orange.com, armand.kablan@orange.com, anicet.azombade@orange.com, etienne.kouadio@orange.com, bertine.kouakou@orange.com, florentine.kouakou@orange.com, ange.phaceli@orange.com, soulegame.soro@orange.com, innocent.yengo@orange.com
[2024-07-23T14:35:08.959+0000] {alerting.py:30} INFO - Sending mail ... 
[2024-07-23T14:35:08.959+0000] {alerting.py:38} ERROR - Failed to send email: please run connect() first
[2024-07-23T14:35:08.969+0000] {standard_task_runner.py:110} ERROR - Failed to execute job 8 for task sensor_trafic (Execution failed on sql ' select * from "DDIR".ks_daily_tdb_radio_drsi where date_id = %s ': relation "DDIR.ks_daily_tdb_radio_drsi" does not exist
LINE 1:  select * from "DDIR".ks_daily_tdb_radio_drsi where date_id ...
                       ^
; 154)
[2024-07-23T14:35:08.999+0000] {local_task_job_runner.py:243} INFO - Task exited with return code 1
[2024-07-23T14:35:09.009+0000] {local_task_job_runner.py:222} INFO - ::endgroup::
[2024-07-23T14:47:00.648+0000] {local_task_job_runner.py:120} INFO - ::group::Pre task execution logs
[2024-07-23T14:47:00.675+0000] {taskinstance.py:2076} INFO - Dependencies all met for dep_context=non-requeueable deps ti=<TaskInstance: motower_daily_prod.sensor_trafic scheduled__2024-06-25T06:00:00+00:00 [queued]>
[2024-07-23T14:47:00.681+0000] {taskinstance.py:2076} INFO - Dependencies all met for dep_context=requeueable deps ti=<TaskInstance: motower_daily_prod.sensor_trafic scheduled__2024-06-25T06:00:00+00:00 [queued]>
[2024-07-23T14:47:00.681+0000] {taskinstance.py:2306} INFO - Starting attempt 1 of 1
[2024-07-23T14:47:00.690+0000] {taskinstance.py:2330} INFO - Executing <Task(PythonSensor): sensor_trafic> on 2024-06-25 06:00:00+00:00
[2024-07-23T14:47:00.698+0000] {warnings.py:112} WARNING - /home/***/.local/lib/python3.12/site-packages/***/task/task_runner/standard_task_runner.py:62: DeprecationWarning: This process (pid=432) is multi-threaded, use of fork() may lead to deadlocks in the child.
  pid = os.fork()

[2024-07-23T14:47:00.699+0000] {standard_task_runner.py:64} INFO - Started process 437 to run task
[2024-07-23T14:47:00.700+0000] {standard_task_runner.py:90} INFO - Running: ['***', 'tasks', 'run', 'motower_daily_prod', 'sensor_trafic', 'scheduled__2024-06-25T06:00:00+00:00', '--job-id', '52', '--raw', '--subdir', 'DAGS_FOLDER/gps/custom_dags/motower_daily.py', '--cfg-path', '/tmp/tmpu4sytyf0']
[2024-07-23T14:47:00.702+0000] {standard_task_runner.py:91} INFO - Job 52: Subtask sensor_trafic
[2024-07-23T14:47:00.737+0000] {task_command.py:426} INFO - Running <TaskInstance: motower_daily_prod.sensor_trafic scheduled__2024-06-25T06:00:00+00:00 [running]> on host 1437ca0d1cc4
[2024-07-23T14:47:00.815+0000] {taskinstance.py:2648} INFO - Exporting env vars: AIRFLOW_CTX_DAG_EMAIL='richmond.kongo@orange.com,assane.diop@orange.com,cyrille1.danho@orange.com,mohamed2.sylla@orange.com,amadou.diomande@orange.com,Jonas.kouame@orange.com,armand.kablan@orange.com,anicet.azombade@orange.com,etienne.kouadio@orange.com,bertine.kouakou@orange.com,florentine.kouakou@orange.com,ange.phaceli@orange.com,soulegame.soro@orange.com,innocent.yengo@orange.com' AIRFLOW_CTX_DAG_OWNER='***' AIRFLOW_CTX_DAG_ID='motower_daily_prod' AIRFLOW_CTX_TASK_ID='sensor_trafic' AIRFLOW_CTX_EXECUTION_DATE='2024-06-25T06:00:00+00:00' AIRFLOW_CTX_TRY_NUMBER='1' AIRFLOW_CTX_DAG_RUN_ID='scheduled__2024-06-25T06:00:00+00:00'
[2024-07-23T14:47:00.816+0000] {taskinstance.py:430} INFO - ::endgroup::
[2024-07-23T14:47:00.826+0000] {python.py:75} INFO - Poking callable: <function check_data_in_table at 0x730ae212c540>
[2024-07-23T14:47:00.830+0000] {extract.py:127} INFO - Getting data of the table ks_daily_tdb_radio_drsi 
[2024-07-23T14:47:00.831+0000] {extract.py:128} INFO - where date is 2024-06-24
[2024-07-23T14:47:00.831+0000] {extract.py:103} INFO - get data to date 2024-06-24
[2024-07-23T14:47:00.835+0000] {warnings.py:112} WARNING - /opt/***/dags/gps/common/extract.py:104: UserWarning: pandas only supports SQLAlchemy connectable (engine/connection) or database string URI or sqlite3 DBAPI2 connection. Other DBAPI2 objects are not tested. Please consider using SQLAlchemy.
  df_ = pd.read_sql_query(sql_query, conn, params=params)

[2024-07-23T14:47:00.881+0000] {base.py:294} INFO - Success criteria met. Exiting.
[2024-07-23T14:47:00.881+0000] {taskinstance.py:441} INFO - ::group::Post task execution logs
[2024-07-23T14:47:00.890+0000] {taskinstance.py:1206} INFO - Marking task as SUCCESS. dag_id=motower_daily_prod, task_id=sensor_trafic, run_id=scheduled__2024-06-25T06:00:00+00:00, execution_date=20240625T060000, start_date=20240723T144700, end_date=20240723T144700
[2024-07-23T14:47:00.913+0000] {local_task_job_runner.py:243} INFO - Task exited with return code 0
[2024-07-23T14:47:00.923+0000] {local_task_job_runner.py:222} INFO - ::endgroup::
[2024-07-23T14:51:17.604+0000] {local_task_job_runner.py:120} INFO - ::group::Pre task execution logs
[2024-07-23T14:51:17.627+0000] {taskinstance.py:2076} INFO - Dependencies all met for dep_context=non-requeueable deps ti=<TaskInstance: motower_daily_prod.sensor_trafic scheduled__2024-06-25T06:00:00+00:00 [queued]>
[2024-07-23T14:51:17.633+0000] {taskinstance.py:2076} INFO - Dependencies all met for dep_context=requeueable deps ti=<TaskInstance: motower_daily_prod.sensor_trafic scheduled__2024-06-25T06:00:00+00:00 [queued]>
[2024-07-23T14:51:17.633+0000] {taskinstance.py:2306} INFO - Starting attempt 1 of 1
[2024-07-23T14:51:17.641+0000] {taskinstance.py:2330} INFO - Executing <Task(PythonSensor): sensor_trafic> on 2024-06-25 06:00:00+00:00
[2024-07-23T14:51:17.650+0000] {warnings.py:112} WARNING - /home/***/.local/lib/python3.12/site-packages/***/task/task_runner/standard_task_runner.py:62: DeprecationWarning: This process (pid=81) is multi-threaded, use of fork() may lead to deadlocks in the child.
  pid = os.fork()

[2024-07-23T14:51:17.651+0000] {standard_task_runner.py:64} INFO - Started process 87 to run task
[2024-07-23T14:51:17.651+0000] {standard_task_runner.py:90} INFO - Running: ['***', 'tasks', 'run', 'motower_daily_prod', 'sensor_trafic', 'scheduled__2024-06-25T06:00:00+00:00', '--job-id', '3', '--raw', '--subdir', 'DAGS_FOLDER/gps/custom_dags/motower_daily.py', '--cfg-path', '/tmp/tmp187o7o9q']
[2024-07-23T14:51:17.653+0000] {standard_task_runner.py:91} INFO - Job 3: Subtask sensor_trafic
[2024-07-23T14:51:17.691+0000] {task_command.py:426} INFO - Running <TaskInstance: motower_daily_prod.sensor_trafic scheduled__2024-06-25T06:00:00+00:00 [running]> on host 4dd3fd89b847
[2024-07-23T14:51:17.765+0000] {taskinstance.py:2648} INFO - Exporting env vars: AIRFLOW_CTX_DAG_EMAIL='richmond.kongo@orange.com,assane.diop@orange.com,cyrille1.danho@orange.com,mohamed2.sylla@orange.com,amadou.diomande@orange.com,Jonas.kouame@orange.com,armand.kablan@orange.com,anicet.azombade@orange.com,etienne.kouadio@orange.com,bertine.kouakou@orange.com,florentine.kouakou@orange.com,ange.phaceli@orange.com,soulegame.soro@orange.com,innocent.yengo@orange.com' AIRFLOW_CTX_DAG_OWNER='***' AIRFLOW_CTX_DAG_ID='motower_daily_prod' AIRFLOW_CTX_TASK_ID='sensor_trafic' AIRFLOW_CTX_EXECUTION_DATE='2024-06-25T06:00:00+00:00' AIRFLOW_CTX_TRY_NUMBER='1' AIRFLOW_CTX_DAG_RUN_ID='scheduled__2024-06-25T06:00:00+00:00'
[2024-07-23T14:51:17.766+0000] {taskinstance.py:430} INFO - ::endgroup::
[2024-07-23T14:51:17.788+0000] {python.py:75} INFO - Poking callable: <function check_data_in_table at 0x77c4bc15aca0>
[2024-07-23T14:51:17.792+0000] {extract.py:127} INFO - Getting data of the table ks_daily_tdb_radio_drsi 
[2024-07-23T14:51:17.793+0000] {extract.py:128} INFO - where date is 2024-06-24
[2024-07-23T14:51:17.793+0000] {extract.py:103} INFO - get data to date 2024-06-24
[2024-07-23T14:51:17.796+0000] {warnings.py:112} WARNING - /opt/***/dags/gps/common/extract.py:104: UserWarning: pandas only supports SQLAlchemy connectable (engine/connection) or database string URI or sqlite3 DBAPI2 connection. Other DBAPI2 objects are not tested. Please consider using SQLAlchemy.
  df_ = pd.read_sql_query(sql_query, conn, params=params)

[2024-07-23T14:51:17.835+0000] {base.py:294} INFO - Success criteria met. Exiting.
[2024-07-23T14:51:17.835+0000] {taskinstance.py:441} INFO - ::group::Post task execution logs
[2024-07-23T14:51:17.844+0000] {taskinstance.py:1206} INFO - Marking task as SUCCESS. dag_id=motower_daily_prod, task_id=sensor_trafic, run_id=scheduled__2024-06-25T06:00:00+00:00, execution_date=20240625T060000, start_date=20240723T145117, end_date=20240723T145117
[2024-07-23T14:51:17.864+0000] {local_task_job_runner.py:243} INFO - Task exited with return code 0
[2024-07-23T14:51:17.875+0000] {local_task_job_runner.py:222} INFO - ::endgroup::
[2024-07-23T14:54:14.087+0000] {local_task_job_runner.py:120} INFO - ::group::Pre task execution logs
[2024-07-23T14:54:14.115+0000] {taskinstance.py:2076} INFO - Dependencies all met for dep_context=non-requeueable deps ti=<TaskInstance: motower_daily_prod.sensor_trafic scheduled__2024-06-25T06:00:00+00:00 [queued]>
[2024-07-23T14:54:14.125+0000] {taskinstance.py:2076} INFO - Dependencies all met for dep_context=requeueable deps ti=<TaskInstance: motower_daily_prod.sensor_trafic scheduled__2024-06-25T06:00:00+00:00 [queued]>
[2024-07-23T14:54:14.125+0000] {taskinstance.py:2306} INFO - Starting attempt 1 of 1
[2024-07-23T14:54:14.138+0000] {taskinstance.py:2330} INFO - Executing <Task(PythonSensor): sensor_trafic> on 2024-06-25 06:00:00+00:00
[2024-07-23T14:54:14.149+0000] {warnings.py:112} WARNING - /home/***/.local/lib/python3.12/site-packages/***/task/task_runner/standard_task_runner.py:62: DeprecationWarning: This process (pid=170) is multi-threaded, use of fork() may lead to deadlocks in the child.
  pid = os.fork()

[2024-07-23T14:54:14.151+0000] {standard_task_runner.py:64} INFO - Started process 177 to run task
[2024-07-23T14:54:14.151+0000] {standard_task_runner.py:90} INFO - Running: ['***', 'tasks', 'run', 'motower_daily_prod', 'sensor_trafic', 'scheduled__2024-06-25T06:00:00+00:00', '--job-id', '23', '--raw', '--subdir', 'DAGS_FOLDER/gps/custom_dags/motower_daily.py', '--cfg-path', '/tmp/tmpcsggaeot']
[2024-07-23T14:54:14.153+0000] {standard_task_runner.py:91} INFO - Job 23: Subtask sensor_trafic
[2024-07-23T14:54:14.200+0000] {task_command.py:426} INFO - Running <TaskInstance: motower_daily_prod.sensor_trafic scheduled__2024-06-25T06:00:00+00:00 [running]> on host 4dd3fd89b847
[2024-07-23T14:54:14.282+0000] {taskinstance.py:2648} INFO - Exporting env vars: AIRFLOW_CTX_DAG_EMAIL='richmond.kongo@orange.com,assane.diop@orange.com,cyrille1.danho@orange.com,mohamed2.sylla@orange.com,amadou.diomande@orange.com,Jonas.kouame@orange.com,armand.kablan@orange.com,anicet.azombade@orange.com,etienne.kouadio@orange.com,bertine.kouakou@orange.com,florentine.kouakou@orange.com,ange.phaceli@orange.com,soulegame.soro@orange.com,innocent.yengo@orange.com' AIRFLOW_CTX_DAG_OWNER='***' AIRFLOW_CTX_DAG_ID='motower_daily_prod' AIRFLOW_CTX_TASK_ID='sensor_trafic' AIRFLOW_CTX_EXECUTION_DATE='2024-06-25T06:00:00+00:00' AIRFLOW_CTX_TRY_NUMBER='1' AIRFLOW_CTX_DAG_RUN_ID='scheduled__2024-06-25T06:00:00+00:00'
[2024-07-23T14:54:14.284+0000] {taskinstance.py:430} INFO - ::endgroup::
[2024-07-23T14:54:14.293+0000] {python.py:75} INFO - Poking callable: <function check_data_in_table at 0x77c4b7eb3ce0>
[2024-07-23T14:54:14.297+0000] {extract.py:127} INFO - Getting data of the table ks_daily_tdb_radio_drsi 
[2024-07-23T14:54:14.298+0000] {extract.py:128} INFO - where date is 2024-06-24
[2024-07-23T14:54:14.298+0000] {extract.py:103} INFO - get data to date 2024-06-24
[2024-07-23T14:54:14.303+0000] {warnings.py:112} WARNING - /opt/***/dags/gps/common/extract.py:104: UserWarning: pandas only supports SQLAlchemy connectable (engine/connection) or database string URI or sqlite3 DBAPI2 connection. Other DBAPI2 objects are not tested. Please consider using SQLAlchemy.
  df_ = pd.read_sql_query(sql_query, conn, params=params)

[2024-07-23T14:54:14.354+0000] {base.py:294} INFO - Success criteria met. Exiting.
[2024-07-23T14:54:14.354+0000] {taskinstance.py:441} INFO - ::group::Post task execution logs
[2024-07-23T14:54:14.364+0000] {taskinstance.py:1206} INFO - Marking task as SUCCESS. dag_id=motower_daily_prod, task_id=sensor_trafic, run_id=scheduled__2024-06-25T06:00:00+00:00, execution_date=20240625T060000, start_date=20240723T145414, end_date=20240723T145414
[2024-07-23T14:54:14.404+0000] {local_task_job_runner.py:243} INFO - Task exited with return code 0
[2024-07-23T14:54:14.416+0000] {local_task_job_runner.py:222} INFO - ::endgroup::
[2024-07-23T15:01:46.945+0000] {local_task_job_runner.py:120} INFO - ::group::Pre task execution logs
[2024-07-23T15:01:46.969+0000] {taskinstance.py:2076} INFO - Dependencies all met for dep_context=non-requeueable deps ti=<TaskInstance: motower_daily_prod.sensor_trafic scheduled__2024-06-25T06:00:00+00:00 [queued]>
[2024-07-23T15:01:46.975+0000] {taskinstance.py:2076} INFO - Dependencies all met for dep_context=requeueable deps ti=<TaskInstance: motower_daily_prod.sensor_trafic scheduled__2024-06-25T06:00:00+00:00 [queued]>
[2024-07-23T15:01:46.976+0000] {taskinstance.py:2306} INFO - Starting attempt 1 of 1
[2024-07-23T15:01:46.986+0000] {taskinstance.py:2330} INFO - Executing <Task(PythonSensor): sensor_trafic> on 2024-06-25 06:00:00+00:00
[2024-07-23T15:01:46.995+0000] {warnings.py:112} WARNING - /home/***/.local/lib/python3.12/site-packages/***/task/task_runner/standard_task_runner.py:62: DeprecationWarning: This process (pid=386) is multi-threaded, use of fork() may lead to deadlocks in the child.
  pid = os.fork()

[2024-07-23T15:01:46.997+0000] {standard_task_runner.py:64} INFO - Started process 391 to run task
[2024-07-23T15:01:46.997+0000] {standard_task_runner.py:90} INFO - Running: ['***', 'tasks', 'run', 'motower_daily_prod', 'sensor_trafic', 'scheduled__2024-06-25T06:00:00+00:00', '--job-id', '59', '--raw', '--subdir', 'DAGS_FOLDER/gps/custom_dags/motower_daily.py', '--cfg-path', '/tmp/tmpgq2mahus']
[2024-07-23T15:01:47.000+0000] {standard_task_runner.py:91} INFO - Job 59: Subtask sensor_trafic
[2024-07-23T15:01:47.042+0000] {task_command.py:426} INFO - Running <TaskInstance: motower_daily_prod.sensor_trafic scheduled__2024-06-25T06:00:00+00:00 [running]> on host 4dd3fd89b847
[2024-07-23T15:01:47.119+0000] {taskinstance.py:2648} INFO - Exporting env vars: AIRFLOW_CTX_DAG_EMAIL='richmond.kongo@orange.com,assane.diop@orange.com,cyrille1.danho@orange.com,mohamed2.sylla@orange.com,amadou.diomande@orange.com,Jonas.kouame@orange.com,armand.kablan@orange.com,anicet.azombade@orange.com,etienne.kouadio@orange.com,bertine.kouakou@orange.com,florentine.kouakou@orange.com,ange.phaceli@orange.com,soulegame.soro@orange.com,innocent.yengo@orange.com' AIRFLOW_CTX_DAG_OWNER='***' AIRFLOW_CTX_DAG_ID='motower_daily_prod' AIRFLOW_CTX_TASK_ID='sensor_trafic' AIRFLOW_CTX_EXECUTION_DATE='2024-06-25T06:00:00+00:00' AIRFLOW_CTX_TRY_NUMBER='1' AIRFLOW_CTX_DAG_RUN_ID='scheduled__2024-06-25T06:00:00+00:00'
[2024-07-23T15:01:47.120+0000] {taskinstance.py:430} INFO - ::endgroup::
[2024-07-23T15:01:47.129+0000] {python.py:75} INFO - Poking callable: <function check_data_in_table at 0x77c4b87bb060>
[2024-07-23T15:01:47.133+0000] {extract.py:127} INFO - Getting data of the table ks_daily_tdb_radio_drsi 
[2024-07-23T15:01:47.133+0000] {extract.py:128} INFO - where date is 2024-06-24
[2024-07-23T15:01:47.133+0000] {extract.py:103} INFO - get data to date 2024-06-24
[2024-07-23T15:01:47.137+0000] {warnings.py:112} WARNING - /opt/***/dags/gps/common/extract.py:104: UserWarning: pandas only supports SQLAlchemy connectable (engine/connection) or database string URI or sqlite3 DBAPI2 connection. Other DBAPI2 objects are not tested. Please consider using SQLAlchemy.
  df_ = pd.read_sql_query(sql_query, conn, params=params)

[2024-07-23T15:01:47.183+0000] {base.py:294} INFO - Success criteria met. Exiting.
[2024-07-23T15:01:47.183+0000] {taskinstance.py:441} INFO - ::group::Post task execution logs
[2024-07-23T15:01:47.192+0000] {taskinstance.py:1206} INFO - Marking task as SUCCESS. dag_id=motower_daily_prod, task_id=sensor_trafic, run_id=scheduled__2024-06-25T06:00:00+00:00, execution_date=20240625T060000, start_date=20240723T150146, end_date=20240723T150147
[2024-07-23T15:01:47.210+0000] {local_task_job_runner.py:243} INFO - Task exited with return code 0
[2024-07-23T15:01:47.220+0000] {local_task_job_runner.py:222} INFO - ::endgroup::
[2024-07-23T15:06:36.292+0000] {local_task_job_runner.py:120} INFO - ::group::Pre task execution logs
[2024-07-23T15:06:36.525+0000] {taskinstance.py:2076} INFO - Dependencies all met for dep_context=non-requeueable deps ti=<TaskInstance: motower_daily_prod.sensor_trafic scheduled__2024-06-25T06:00:00+00:00 [queued]>
[2024-07-23T15:06:36.537+0000] {taskinstance.py:2076} INFO - Dependencies all met for dep_context=requeueable deps ti=<TaskInstance: motower_daily_prod.sensor_trafic scheduled__2024-06-25T06:00:00+00:00 [queued]>
[2024-07-23T15:06:36.537+0000] {taskinstance.py:2306} INFO - Starting attempt 1 of 1
[2024-07-23T15:06:36.552+0000] {taskinstance.py:2330} INFO - Executing <Task(PythonSensor): sensor_trafic> on 2024-06-25 06:00:00+00:00
[2024-07-23T15:06:36.562+0000] {warnings.py:112} WARNING - /home/***/.local/lib/python3.12/site-packages/***/task/task_runner/standard_task_runner.py:62: DeprecationWarning: This process (pid=560) is multi-threaded, use of fork() may lead to deadlocks in the child.
  pid = os.fork()

[2024-07-23T15:06:36.564+0000] {standard_task_runner.py:64} INFO - Started process 573 to run task
[2024-07-23T15:06:36.564+0000] {standard_task_runner.py:90} INFO - Running: ['***', 'tasks', 'run', 'motower_daily_prod', 'sensor_trafic', 'scheduled__2024-06-25T06:00:00+00:00', '--job-id', '97', '--raw', '--subdir', 'DAGS_FOLDER/gps/custom_dags/motower_daily.py', '--cfg-path', '/tmp/tmp989dtdfh']
[2024-07-23T15:06:36.566+0000] {standard_task_runner.py:91} INFO - Job 97: Subtask sensor_trafic
[2024-07-23T15:06:36.609+0000] {task_command.py:426} INFO - Running <TaskInstance: motower_daily_prod.sensor_trafic scheduled__2024-06-25T06:00:00+00:00 [running]> on host 4dd3fd89b847
[2024-07-23T15:06:36.700+0000] {taskinstance.py:2648} INFO - Exporting env vars: AIRFLOW_CTX_DAG_EMAIL='richmond.kongo@orange.com,assane.diop@orange.com,cyrille1.danho@orange.com,mohamed2.sylla@orange.com,amadou.diomande@orange.com,Jonas.kouame@orange.com,armand.kablan@orange.com,anicet.azombade@orange.com,etienne.kouadio@orange.com,bertine.kouakou@orange.com,florentine.kouakou@orange.com,ange.phaceli@orange.com,soulegame.soro@orange.com,innocent.yengo@orange.com' AIRFLOW_CTX_DAG_OWNER='***' AIRFLOW_CTX_DAG_ID='motower_daily_prod' AIRFLOW_CTX_TASK_ID='sensor_trafic' AIRFLOW_CTX_EXECUTION_DATE='2024-06-25T06:00:00+00:00' AIRFLOW_CTX_TRY_NUMBER='1' AIRFLOW_CTX_DAG_RUN_ID='scheduled__2024-06-25T06:00:00+00:00'
[2024-07-23T15:06:36.701+0000] {taskinstance.py:430} INFO - ::endgroup::
[2024-07-23T15:06:36.712+0000] {python.py:75} INFO - Poking callable: <function check_data_in_table at 0x77c4b852f100>
[2024-07-23T15:06:36.715+0000] {extract.py:127} INFO - Getting data of the table ks_daily_tdb_radio_drsi 
[2024-07-23T15:06:36.715+0000] {extract.py:128} INFO - where date is 2024-06-24
[2024-07-23T15:06:36.715+0000] {extract.py:103} INFO - get data to date 2024-06-24
[2024-07-23T15:06:36.721+0000] {warnings.py:112} WARNING - /opt/***/dags/gps/common/extract.py:104: UserWarning: pandas only supports SQLAlchemy connectable (engine/connection) or database string URI or sqlite3 DBAPI2 connection. Other DBAPI2 objects are not tested. Please consider using SQLAlchemy.
  df_ = pd.read_sql_query(sql_query, conn, params=params)

[2024-07-23T15:06:36.768+0000] {base.py:294} INFO - Success criteria met. Exiting.
[2024-07-23T15:06:36.768+0000] {taskinstance.py:441} INFO - ::group::Post task execution logs
[2024-07-23T15:06:36.777+0000] {taskinstance.py:1206} INFO - Marking task as SUCCESS. dag_id=motower_daily_prod, task_id=sensor_trafic, run_id=scheduled__2024-06-25T06:00:00+00:00, execution_date=20240625T060000, start_date=20240723T150636, end_date=20240723T150636
[2024-07-23T15:06:36.817+0000] {local_task_job_runner.py:243} INFO - Task exited with return code 0
[2024-07-23T15:06:36.828+0000] {local_task_job_runner.py:222} INFO - ::endgroup::
[2024-07-23T15:17:26.288+0000] {local_task_job_runner.py:120} INFO - ::group::Pre task execution logs
[2024-07-23T15:17:26.480+0000] {taskinstance.py:2076} INFO - Dependencies all met for dep_context=non-requeueable deps ti=<TaskInstance: motower_daily_prod.sensor_trafic scheduled__2024-06-25T06:00:00+00:00 [queued]>
[2024-07-23T15:17:26.487+0000] {taskinstance.py:2076} INFO - Dependencies all met for dep_context=requeueable deps ti=<TaskInstance: motower_daily_prod.sensor_trafic scheduled__2024-06-25T06:00:00+00:00 [queued]>
[2024-07-23T15:17:26.487+0000] {taskinstance.py:2306} INFO - Starting attempt 1 of 1
[2024-07-23T15:17:26.496+0000] {taskinstance.py:2330} INFO - Executing <Task(PythonSensor): sensor_trafic> on 2024-06-25 06:00:00+00:00
[2024-07-23T15:17:26.505+0000] {warnings.py:112} WARNING - /home/***/.local/lib/python3.12/site-packages/***/task/task_runner/standard_task_runner.py:62: DeprecationWarning: This process (pid=868) is multi-threaded, use of fork() may lead to deadlocks in the child.
  pid = os.fork()

[2024-07-23T15:17:26.506+0000] {standard_task_runner.py:64} INFO - Started process 872 to run task
[2024-07-23T15:17:26.507+0000] {standard_task_runner.py:90} INFO - Running: ['***', 'tasks', 'run', 'motower_daily_prod', 'sensor_trafic', 'scheduled__2024-06-25T06:00:00+00:00', '--job-id', '151', '--raw', '--subdir', 'DAGS_FOLDER/gps/custom_dags/motower_daily.py', '--cfg-path', '/tmp/tmpabqjoijo']
[2024-07-23T15:17:26.509+0000] {standard_task_runner.py:91} INFO - Job 151: Subtask sensor_trafic
[2024-07-23T15:17:26.547+0000] {task_command.py:426} INFO - Running <TaskInstance: motower_daily_prod.sensor_trafic scheduled__2024-06-25T06:00:00+00:00 [running]> on host 4dd3fd89b847
[2024-07-23T15:17:26.617+0000] {taskinstance.py:2648} INFO - Exporting env vars: AIRFLOW_CTX_DAG_EMAIL='richmond.kongo@orange.com,assane.diop@orange.com,cyrille1.danho@orange.com,mohamed2.sylla@orange.com,amadou.diomande@orange.com,Jonas.kouame@orange.com,armand.kablan@orange.com,anicet.azombade@orange.com,etienne.kouadio@orange.com,bertine.kouakou@orange.com,florentine.kouakou@orange.com,ange.phaceli@orange.com,soulegame.soro@orange.com,innocent.yengo@orange.com' AIRFLOW_CTX_DAG_OWNER='***' AIRFLOW_CTX_DAG_ID='motower_daily_prod' AIRFLOW_CTX_TASK_ID='sensor_trafic' AIRFLOW_CTX_EXECUTION_DATE='2024-06-25T06:00:00+00:00' AIRFLOW_CTX_TRY_NUMBER='1' AIRFLOW_CTX_DAG_RUN_ID='scheduled__2024-06-25T06:00:00+00:00'
[2024-07-23T15:17:26.618+0000] {taskinstance.py:430} INFO - ::endgroup::
[2024-07-23T15:17:26.629+0000] {python.py:75} INFO - Poking callable: <function check_data_in_table at 0x77c4ab1689a0>
[2024-07-23T15:17:26.632+0000] {extract.py:127} INFO - Getting data of the table ks_daily_tdb_radio_drsi 
[2024-07-23T15:17:26.633+0000] {extract.py:128} INFO - where date is 2024-06-24
[2024-07-23T15:17:26.633+0000] {extract.py:103} INFO - get data to date 2024-06-24
[2024-07-23T15:17:26.637+0000] {warnings.py:112} WARNING - /opt/***/dags/gps/common/extract.py:104: UserWarning: pandas only supports SQLAlchemy connectable (engine/connection) or database string URI or sqlite3 DBAPI2 connection. Other DBAPI2 objects are not tested. Please consider using SQLAlchemy.
  df_ = pd.read_sql_query(sql_query, conn, params=params)

[2024-07-23T15:17:26.689+0000] {base.py:294} INFO - Success criteria met. Exiting.
[2024-07-23T15:17:26.689+0000] {taskinstance.py:441} INFO - ::group::Post task execution logs
[2024-07-23T15:17:26.699+0000] {taskinstance.py:1206} INFO - Marking task as SUCCESS. dag_id=motower_daily_prod, task_id=sensor_trafic, run_id=scheduled__2024-06-25T06:00:00+00:00, execution_date=20240625T060000, start_date=20240723T151726, end_date=20240723T151726
[2024-07-23T15:17:26.759+0000] {local_task_job_runner.py:243} INFO - Task exited with return code 0
[2024-07-23T15:17:26.771+0000] {local_task_job_runner.py:222} INFO - ::endgroup::
[2024-07-23T15:36:20.385+0000] {local_task_job_runner.py:120} INFO - ::group::Pre task execution logs
[2024-07-23T15:36:20.408+0000] {taskinstance.py:2076} INFO - Dependencies all met for dep_context=non-requeueable deps ti=<TaskInstance: motower_daily_prod.sensor_trafic scheduled__2024-06-25T06:00:00+00:00 [queued]>
[2024-07-23T15:36:20.414+0000] {taskinstance.py:2076} INFO - Dependencies all met for dep_context=requeueable deps ti=<TaskInstance: motower_daily_prod.sensor_trafic scheduled__2024-06-25T06:00:00+00:00 [queued]>
[2024-07-23T15:36:20.414+0000] {taskinstance.py:2306} INFO - Starting attempt 1 of 1
[2024-07-23T15:36:20.424+0000] {taskinstance.py:2330} INFO - Executing <Task(PythonSensor): sensor_trafic> on 2024-06-25 06:00:00+00:00
[2024-07-23T15:36:20.432+0000] {warnings.py:112} WARNING - /home/***/.local/lib/python3.12/site-packages/***/task/task_runner/standard_task_runner.py:62: DeprecationWarning: This process (pid=89) is multi-threaded, use of fork() may lead to deadlocks in the child.
  pid = os.fork()

[2024-07-23T15:36:20.434+0000] {standard_task_runner.py:64} INFO - Started process 97 to run task
[2024-07-23T15:36:20.434+0000] {standard_task_runner.py:90} INFO - Running: ['***', 'tasks', 'run', 'motower_daily_prod', 'sensor_trafic', 'scheduled__2024-06-25T06:00:00+00:00', '--job-id', '5', '--raw', '--subdir', 'DAGS_FOLDER/gps/custom_dags/motower_daily.py', '--cfg-path', '/tmp/tmpznxklwj6']
[2024-07-23T15:36:20.435+0000] {standard_task_runner.py:91} INFO - Job 5: Subtask sensor_trafic
[2024-07-23T15:36:20.471+0000] {task_command.py:426} INFO - Running <TaskInstance: motower_daily_prod.sensor_trafic scheduled__2024-06-25T06:00:00+00:00 [running]> on host ebc7a11cfc7f
[2024-07-23T15:36:20.542+0000] {taskinstance.py:2648} INFO - Exporting env vars: AIRFLOW_CTX_DAG_EMAIL='richmond.kongo@orange.com,assane.diop@orange.com,cyrille1.danho@orange.com,mohamed2.sylla@orange.com,amadou.diomande@orange.com,Jonas.kouame@orange.com,armand.kablan@orange.com,anicet.azombade@orange.com,etienne.kouadio@orange.com,bertine.kouakou@orange.com,florentine.kouakou@orange.com,ange.phaceli@orange.com,soulegame.soro@orange.com,innocent.yengo@orange.com' AIRFLOW_CTX_DAG_OWNER='***' AIRFLOW_CTX_DAG_ID='motower_daily_prod' AIRFLOW_CTX_TASK_ID='sensor_trafic' AIRFLOW_CTX_EXECUTION_DATE='2024-06-25T06:00:00+00:00' AIRFLOW_CTX_TRY_NUMBER='1' AIRFLOW_CTX_DAG_RUN_ID='scheduled__2024-06-25T06:00:00+00:00'
[2024-07-23T15:36:20.543+0000] {taskinstance.py:430} INFO - ::endgroup::
[2024-07-23T15:36:20.552+0000] {python.py:75} INFO - Poking callable: <function check_data_in_table at 0x7a4bf035aca0>
[2024-07-23T15:36:20.554+0000] {extract.py:127} INFO - Getting data of the table ks_daily_tdb_radio_drsi 
[2024-07-23T15:36:20.555+0000] {extract.py:128} INFO - where date is 2024-06-24
[2024-07-23T15:36:20.555+0000] {extract.py:103} INFO - get data to date 2024-06-24
[2024-07-23T15:36:20.559+0000] {warnings.py:112} WARNING - /opt/***/dags/gps/common/extract.py:104: UserWarning: pandas only supports SQLAlchemy connectable (engine/connection) or database string URI or sqlite3 DBAPI2 connection. Other DBAPI2 objects are not tested. Please consider using SQLAlchemy.
  df_ = pd.read_sql_query(sql_query, conn, params=params)

[2024-07-23T15:36:20.601+0000] {base.py:294} INFO - Success criteria met. Exiting.
[2024-07-23T15:36:20.602+0000] {taskinstance.py:441} INFO - ::group::Post task execution logs
[2024-07-23T15:36:20.610+0000] {taskinstance.py:1206} INFO - Marking task as SUCCESS. dag_id=motower_daily_prod, task_id=sensor_trafic, run_id=scheduled__2024-06-25T06:00:00+00:00, execution_date=20240625T060000, start_date=20240723T153620, end_date=20240723T153620
[2024-07-23T15:36:20.647+0000] {local_task_job_runner.py:243} INFO - Task exited with return code 0
[2024-07-23T15:36:20.654+0000] {local_task_job_runner.py:222} INFO - ::endgroup::
[2024-07-23T15:47:50.347+0000] {local_task_job_runner.py:120} INFO - ::group::Pre task execution logs
[2024-07-23T15:47:50.374+0000] {taskinstance.py:2076} INFO - Dependencies all met for dep_context=non-requeueable deps ti=<TaskInstance: motower_daily_prod.sensor_trafic scheduled__2024-06-25T06:00:00+00:00 [queued]>
[2024-07-23T15:47:50.380+0000] {taskinstance.py:2076} INFO - Dependencies all met for dep_context=requeueable deps ti=<TaskInstance: motower_daily_prod.sensor_trafic scheduled__2024-06-25T06:00:00+00:00 [queued]>
[2024-07-23T15:47:50.380+0000] {taskinstance.py:2306} INFO - Starting attempt 1 of 1
[2024-07-23T15:47:50.389+0000] {taskinstance.py:2330} INFO - Executing <Task(PythonSensor): sensor_trafic> on 2024-06-25 06:00:00+00:00
[2024-07-23T15:47:50.398+0000] {warnings.py:112} WARNING - /home/***/.local/lib/python3.12/site-packages/***/task/task_runner/standard_task_runner.py:62: DeprecationWarning: This process (pid=370) is multi-threaded, use of fork() may lead to deadlocks in the child.
  pid = os.fork()

[2024-07-23T15:47:50.399+0000] {standard_task_runner.py:64} INFO - Started process 374 to run task
[2024-07-23T15:47:50.400+0000] {standard_task_runner.py:90} INFO - Running: ['***', 'tasks', 'run', 'motower_daily_prod', 'sensor_trafic', 'scheduled__2024-06-25T06:00:00+00:00', '--job-id', '48', '--raw', '--subdir', 'DAGS_FOLDER/gps/custom_dags/motower_daily.py', '--cfg-path', '/tmp/tmpsk419cib']
[2024-07-23T15:47:50.402+0000] {standard_task_runner.py:91} INFO - Job 48: Subtask sensor_trafic
[2024-07-23T15:47:50.439+0000] {task_command.py:426} INFO - Running <TaskInstance: motower_daily_prod.sensor_trafic scheduled__2024-06-25T06:00:00+00:00 [running]> on host ebc7a11cfc7f
[2024-07-23T15:47:50.508+0000] {taskinstance.py:2648} INFO - Exporting env vars: AIRFLOW_CTX_DAG_EMAIL='richmond.kongo@orange.com,assane.diop@orange.com,cyrille1.danho@orange.com,mohamed2.sylla@orange.com,amadou.diomande@orange.com,Jonas.kouame@orange.com,armand.kablan@orange.com,anicet.azombade@orange.com,etienne.kouadio@orange.com,bertine.kouakou@orange.com,florentine.kouakou@orange.com,ange.phaceli@orange.com,soulegame.soro@orange.com,innocent.yengo@orange.com' AIRFLOW_CTX_DAG_OWNER='***' AIRFLOW_CTX_DAG_ID='motower_daily_prod' AIRFLOW_CTX_TASK_ID='sensor_trafic' AIRFLOW_CTX_EXECUTION_DATE='2024-06-25T06:00:00+00:00' AIRFLOW_CTX_TRY_NUMBER='1' AIRFLOW_CTX_DAG_RUN_ID='scheduled__2024-06-25T06:00:00+00:00'
[2024-07-23T15:47:50.509+0000] {taskinstance.py:430} INFO - ::endgroup::
[2024-07-23T15:47:50.520+0000] {python.py:75} INFO - Poking callable: <function check_data_in_table at 0x7a4bd09b8040>
[2024-07-23T15:47:50.524+0000] {extract.py:127} INFO - Getting data of the table ks_daily_tdb_radio_drsi 
[2024-07-23T15:47:50.524+0000] {extract.py:128} INFO - where date is 2024-06-24
[2024-07-23T15:47:50.525+0000] {extract.py:103} INFO - get data to date 2024-06-24
[2024-07-23T15:47:50.530+0000] {warnings.py:112} WARNING - /opt/***/dags/gps/common/extract.py:104: UserWarning: pandas only supports SQLAlchemy connectable (engine/connection) or database string URI or sqlite3 DBAPI2 connection. Other DBAPI2 objects are not tested. Please consider using SQLAlchemy.
  df_ = pd.read_sql_query(sql_query, conn, params=params)

[2024-07-23T15:47:50.577+0000] {base.py:294} INFO - Success criteria met. Exiting.
[2024-07-23T15:47:50.578+0000] {taskinstance.py:441} INFO - ::group::Post task execution logs
[2024-07-23T15:47:50.586+0000] {taskinstance.py:1206} INFO - Marking task as SUCCESS. dag_id=motower_daily_prod, task_id=sensor_trafic, run_id=scheduled__2024-06-25T06:00:00+00:00, execution_date=20240625T060000, start_date=20240723T154750, end_date=20240723T154750
[2024-07-23T15:47:50.613+0000] {local_task_job_runner.py:243} INFO - Task exited with return code 0
[2024-07-23T15:47:50.623+0000] {local_task_job_runner.py:222} INFO - ::endgroup::
[2024-07-23T16:16:39.021+0000] {local_task_job_runner.py:120} INFO - ::group::Pre task execution logs
[2024-07-23T16:16:39.239+0000] {taskinstance.py:2076} INFO - Dependencies all met for dep_context=non-requeueable deps ti=<TaskInstance: motower_daily_prod.sensor_trafic scheduled__2024-06-25T06:00:00+00:00 [queued]>
[2024-07-23T16:16:39.245+0000] {taskinstance.py:2076} INFO - Dependencies all met for dep_context=requeueable deps ti=<TaskInstance: motower_daily_prod.sensor_trafic scheduled__2024-06-25T06:00:00+00:00 [queued]>
[2024-07-23T16:16:39.245+0000] {taskinstance.py:2306} INFO - Starting attempt 1 of 1
[2024-07-23T16:16:39.256+0000] {taskinstance.py:2330} INFO - Executing <Task(PythonSensor): sensor_trafic> on 2024-06-25 06:00:00+00:00
[2024-07-23T16:16:39.264+0000] {warnings.py:112} WARNING - /home/***/.local/lib/python3.12/site-packages/***/task/task_runner/standard_task_runner.py:62: DeprecationWarning: This process (pid=921) is multi-threaded, use of fork() may lead to deadlocks in the child.
  pid = os.fork()

[2024-07-23T16:16:39.266+0000] {standard_task_runner.py:64} INFO - Started process 926 to run task
[2024-07-23T16:16:39.267+0000] {standard_task_runner.py:90} INFO - Running: ['***', 'tasks', 'run', 'motower_daily_prod', 'sensor_trafic', 'scheduled__2024-06-25T06:00:00+00:00', '--job-id', '107', '--raw', '--subdir', 'DAGS_FOLDER/gps/custom_dags/motower_daily.py', '--cfg-path', '/tmp/tmpjnmvqr3z']
[2024-07-23T16:16:39.269+0000] {standard_task_runner.py:91} INFO - Job 107: Subtask sensor_trafic
[2024-07-23T16:16:39.315+0000] {task_command.py:426} INFO - Running <TaskInstance: motower_daily_prod.sensor_trafic scheduled__2024-06-25T06:00:00+00:00 [running]> on host ebc7a11cfc7f
[2024-07-23T16:16:39.404+0000] {taskinstance.py:2648} INFO - Exporting env vars: AIRFLOW_CTX_DAG_EMAIL='richmond.kongo@orange.com,assane.diop@orange.com,cyrille1.danho@orange.com,mohamed2.sylla@orange.com,amadou.diomande@orange.com,Jonas.kouame@orange.com,armand.kablan@orange.com,anicet.azombade@orange.com,etienne.kouadio@orange.com,bertine.kouakou@orange.com,florentine.kouakou@orange.com,ange.phaceli@orange.com,soulegame.soro@orange.com,innocent.yengo@orange.com' AIRFLOW_CTX_DAG_OWNER='***' AIRFLOW_CTX_DAG_ID='motower_daily_prod' AIRFLOW_CTX_TASK_ID='sensor_trafic' AIRFLOW_CTX_EXECUTION_DATE='2024-06-25T06:00:00+00:00' AIRFLOW_CTX_TRY_NUMBER='1' AIRFLOW_CTX_DAG_RUN_ID='scheduled__2024-06-25T06:00:00+00:00'
[2024-07-23T16:16:39.405+0000] {taskinstance.py:430} INFO - ::endgroup::
[2024-07-23T16:16:39.415+0000] {python.py:75} INFO - Poking callable: <function check_data_in_table at 0x7a4bd0a10040>
[2024-07-23T16:16:39.419+0000] {extract.py:127} INFO - Getting data of the table ks_daily_tdb_radio_drsi 
[2024-07-23T16:16:39.420+0000] {extract.py:128} INFO - where date is 2024-06-24
[2024-07-23T16:16:39.420+0000] {extract.py:103} INFO - get data to date 2024-06-24
[2024-07-23T16:16:39.424+0000] {warnings.py:112} WARNING - /opt/***/dags/gps/common/extract.py:104: UserWarning: pandas only supports SQLAlchemy connectable (engine/connection) or database string URI or sqlite3 DBAPI2 connection. Other DBAPI2 objects are not tested. Please consider using SQLAlchemy.
  df_ = pd.read_sql_query(sql_query, conn, params=params)

[2024-07-23T16:16:39.472+0000] {base.py:294} INFO - Success criteria met. Exiting.
[2024-07-23T16:16:39.472+0000] {taskinstance.py:441} INFO - ::group::Post task execution logs
[2024-07-23T16:16:39.481+0000] {taskinstance.py:1206} INFO - Marking task as SUCCESS. dag_id=motower_daily_prod, task_id=sensor_trafic, run_id=scheduled__2024-06-25T06:00:00+00:00, execution_date=20240625T060000, start_date=20240723T161639, end_date=20240723T161639
[2024-07-23T16:16:39.519+0000] {local_task_job_runner.py:243} INFO - Task exited with return code 0
[2024-07-23T16:16:39.527+0000] {local_task_job_runner.py:222} INFO - ::endgroup::
[2024-07-23T17:16:21.212+0000] {local_task_job_runner.py:120} INFO - ::group::Pre task execution logs
[2024-07-23T17:16:21.430+0000] {taskinstance.py:2076} INFO - Dependencies all met for dep_context=non-requeueable deps ti=<TaskInstance: motower_daily_prod.sensor_trafic scheduled__2024-06-25T06:00:00+00:00 [queued]>
[2024-07-23T17:16:21.437+0000] {taskinstance.py:2076} INFO - Dependencies all met for dep_context=requeueable deps ti=<TaskInstance: motower_daily_prod.sensor_trafic scheduled__2024-06-25T06:00:00+00:00 [queued]>
[2024-07-23T17:16:21.438+0000] {taskinstance.py:2306} INFO - Starting attempt 1 of 1
[2024-07-23T17:16:21.449+0000] {taskinstance.py:2330} INFO - Executing <Task(PythonSensor): sensor_trafic> on 2024-06-25 06:00:00+00:00
[2024-07-23T17:16:21.459+0000] {warnings.py:112} WARNING - /home/***/.local/lib/python3.12/site-packages/***/task/task_runner/standard_task_runner.py:62: DeprecationWarning: This process (pid=298) is multi-threaded, use of fork() may lead to deadlocks in the child.
  pid = os.fork()

[2024-07-23T17:16:21.461+0000] {standard_task_runner.py:64} INFO - Started process 304 to run task
[2024-07-23T17:16:21.462+0000] {standard_task_runner.py:90} INFO - Running: ['***', 'tasks', 'run', 'motower_daily_prod', 'sensor_trafic', 'scheduled__2024-06-25T06:00:00+00:00', '--job-id', '13', '--raw', '--subdir', 'DAGS_FOLDER/gps/custom_dags/motower_daily.py', '--cfg-path', '/tmp/tmp7ok_lt6d']
[2024-07-23T17:16:21.464+0000] {standard_task_runner.py:91} INFO - Job 13: Subtask sensor_trafic
[2024-07-23T17:16:21.503+0000] {task_command.py:426} INFO - Running <TaskInstance: motower_daily_prod.sensor_trafic scheduled__2024-06-25T06:00:00+00:00 [running]> on host 57f550887412
[2024-07-23T17:16:21.591+0000] {taskinstance.py:2648} INFO - Exporting env vars: AIRFLOW_CTX_DAG_EMAIL='richmond.kongo@orange.com,assane.diop@orange.com,cyrille1.danho@orange.com,mohamed2.sylla@orange.com,amadou.diomande@orange.com,Jonas.kouame@orange.com,armand.kablan@orange.com,anicet.azombade@orange.com,etienne.kouadio@orange.com,bertine.kouakou@orange.com,florentine.kouakou@orange.com,ange.phaceli@orange.com,soulegame.soro@orange.com,innocent.yengo@orange.com' AIRFLOW_CTX_DAG_OWNER='***' AIRFLOW_CTX_DAG_ID='motower_daily_prod' AIRFLOW_CTX_TASK_ID='sensor_trafic' AIRFLOW_CTX_EXECUTION_DATE='2024-06-25T06:00:00+00:00' AIRFLOW_CTX_TRY_NUMBER='1' AIRFLOW_CTX_DAG_RUN_ID='scheduled__2024-06-25T06:00:00+00:00'
[2024-07-23T17:16:21.592+0000] {taskinstance.py:430} INFO - ::endgroup::
[2024-07-23T17:16:21.602+0000] {python.py:75} INFO - Poking callable: <function check_data_in_table at 0x757961b21ee0>
[2024-07-23T17:16:21.605+0000] {extract.py:127} INFO - Getting data of the table ks_daily_tdb_radio_drsi 
[2024-07-23T17:16:21.606+0000] {extract.py:128} INFO - where date is 2024-06-24
[2024-07-23T17:16:21.606+0000] {extract.py:103} INFO - get data to date 2024-06-24
[2024-07-23T17:16:21.610+0000] {warnings.py:112} WARNING - /opt/***/dags/gps/common/extract.py:104: UserWarning: pandas only supports SQLAlchemy connectable (engine/connection) or database string URI or sqlite3 DBAPI2 connection. Other DBAPI2 objects are not tested. Please consider using SQLAlchemy.
  df_ = pd.read_sql_query(sql_query, conn, params=params)

[2024-07-23T17:16:21.654+0000] {base.py:294} INFO - Success criteria met. Exiting.
[2024-07-23T17:16:21.655+0000] {taskinstance.py:441} INFO - ::group::Post task execution logs
[2024-07-23T17:16:21.666+0000] {taskinstance.py:1206} INFO - Marking task as SUCCESS. dag_id=motower_daily_prod, task_id=sensor_trafic, run_id=scheduled__2024-06-25T06:00:00+00:00, execution_date=20240625T060000, start_date=20240723T171621, end_date=20240723T171621
[2024-07-23T17:16:21.714+0000] {local_task_job_runner.py:243} INFO - Task exited with return code 0
[2024-07-23T17:16:21.727+0000] {local_task_job_runner.py:222} INFO - ::endgroup::
[2024-07-23T17:24:29.662+0000] {local_task_job_runner.py:120} INFO - ::group::Pre task execution logs
[2024-07-23T17:24:29.871+0000] {taskinstance.py:2076} INFO - Dependencies all met for dep_context=non-requeueable deps ti=<TaskInstance: motower_daily_prod.sensor_trafic scheduled__2024-06-25T06:00:00+00:00 [queued]>
[2024-07-23T17:24:29.878+0000] {taskinstance.py:2076} INFO - Dependencies all met for dep_context=requeueable deps ti=<TaskInstance: motower_daily_prod.sensor_trafic scheduled__2024-06-25T06:00:00+00:00 [queued]>
[2024-07-23T17:24:29.879+0000] {taskinstance.py:2306} INFO - Starting attempt 1 of 1
[2024-07-23T17:24:29.890+0000] {taskinstance.py:2330} INFO - Executing <Task(PythonSensor): sensor_trafic> on 2024-06-25 06:00:00+00:00
[2024-07-23T17:24:29.900+0000] {warnings.py:112} WARNING - /home/***/.local/lib/python3.12/site-packages/***/task/task_runner/standard_task_runner.py:62: DeprecationWarning: This process (pid=620) is multi-threaded, use of fork() may lead to deadlocks in the child.
  pid = os.fork()

[2024-07-23T17:24:29.901+0000] {standard_task_runner.py:64} INFO - Started process 625 to run task
[2024-07-23T17:24:29.901+0000] {standard_task_runner.py:90} INFO - Running: ['***', 'tasks', 'run', 'motower_daily_prod', 'sensor_trafic', 'scheduled__2024-06-25T06:00:00+00:00', '--job-id', '85', '--raw', '--subdir', 'DAGS_FOLDER/gps/custom_dags/motower_daily.py', '--cfg-path', '/tmp/tmpgszndhnf']
[2024-07-23T17:24:29.903+0000] {standard_task_runner.py:91} INFO - Job 85: Subtask sensor_trafic
[2024-07-23T17:24:29.944+0000] {task_command.py:426} INFO - Running <TaskInstance: motower_daily_prod.sensor_trafic scheduled__2024-06-25T06:00:00+00:00 [running]> on host 57f550887412
[2024-07-23T17:24:30.021+0000] {taskinstance.py:2648} INFO - Exporting env vars: AIRFLOW_CTX_DAG_EMAIL='richmond.kongo@orange.com,assane.diop@orange.com,cyrille1.danho@orange.com,mohamed2.sylla@orange.com,amadou.diomande@orange.com,Jonas.kouame@orange.com,armand.kablan@orange.com,anicet.azombade@orange.com,etienne.kouadio@orange.com,bertine.kouakou@orange.com,florentine.kouakou@orange.com,ange.phaceli@orange.com,soulegame.soro@orange.com,innocent.yengo@orange.com' AIRFLOW_CTX_DAG_OWNER='***' AIRFLOW_CTX_DAG_ID='motower_daily_prod' AIRFLOW_CTX_TASK_ID='sensor_trafic' AIRFLOW_CTX_EXECUTION_DATE='2024-06-25T06:00:00+00:00' AIRFLOW_CTX_TRY_NUMBER='1' AIRFLOW_CTX_DAG_RUN_ID='scheduled__2024-06-25T06:00:00+00:00'
[2024-07-23T17:24:30.023+0000] {taskinstance.py:430} INFO - ::endgroup::
[2024-07-23T17:24:30.031+0000] {python.py:75} INFO - Poking callable: <function check_data_in_table at 0x757945d10360>
[2024-07-23T17:24:30.035+0000] {extract.py:127} INFO - Getting data of the table ks_daily_tdb_radio_drsi 
[2024-07-23T17:24:30.036+0000] {extract.py:128} INFO - where date is 2024-06-24
[2024-07-23T17:24:30.036+0000] {extract.py:103} INFO - get data to date 2024-06-24
[2024-07-23T17:24:30.040+0000] {warnings.py:112} WARNING - /opt/***/dags/gps/common/extract.py:104: UserWarning: pandas only supports SQLAlchemy connectable (engine/connection) or database string URI or sqlite3 DBAPI2 connection. Other DBAPI2 objects are not tested. Please consider using SQLAlchemy.
  df_ = pd.read_sql_query(sql_query, conn, params=params)

[2024-07-23T17:24:30.079+0000] {base.py:294} INFO - Success criteria met. Exiting.
[2024-07-23T17:24:30.079+0000] {taskinstance.py:441} INFO - ::group::Post task execution logs
[2024-07-23T17:24:30.089+0000] {taskinstance.py:1206} INFO - Marking task as SUCCESS. dag_id=motower_daily_prod, task_id=sensor_trafic, run_id=scheduled__2024-06-25T06:00:00+00:00, execution_date=20240625T060000, start_date=20240723T172429, end_date=20240723T172430
[2024-07-23T17:24:30.114+0000] {local_task_job_runner.py:243} INFO - Task exited with return code 0
[2024-07-23T17:24:30.125+0000] {local_task_job_runner.py:222} INFO - ::endgroup::
[2024-07-23T17:30:54.972+0000] {local_task_job_runner.py:120} INFO - ::group::Pre task execution logs
[2024-07-23T17:30:54.994+0000] {taskinstance.py:2076} INFO - Dependencies all met for dep_context=non-requeueable deps ti=<TaskInstance: motower_daily_prod.sensor_trafic scheduled__2024-06-25T06:00:00+00:00 [queued]>
[2024-07-23T17:30:55.000+0000] {taskinstance.py:2076} INFO - Dependencies all met for dep_context=requeueable deps ti=<TaskInstance: motower_daily_prod.sensor_trafic scheduled__2024-06-25T06:00:00+00:00 [queued]>
[2024-07-23T17:30:55.000+0000] {taskinstance.py:2306} INFO - Starting attempt 1 of 1
[2024-07-23T17:30:55.009+0000] {taskinstance.py:2330} INFO - Executing <Task(PythonSensor): sensor_trafic> on 2024-06-25 06:00:00+00:00
[2024-07-23T17:30:55.018+0000] {warnings.py:112} WARNING - /home/***/.local/lib/python3.12/site-packages/***/task/task_runner/standard_task_runner.py:62: DeprecationWarning: This process (pid=866) is multi-threaded, use of fork() may lead to deadlocks in the child.
  pid = os.fork()

[2024-07-23T17:30:55.020+0000] {standard_task_runner.py:64} INFO - Started process 871 to run task
[2024-07-23T17:30:55.020+0000] {standard_task_runner.py:90} INFO - Running: ['***', 'tasks', 'run', 'motower_daily_prod', 'sensor_trafic', 'scheduled__2024-06-25T06:00:00+00:00', '--job-id', '139', '--raw', '--subdir', 'DAGS_FOLDER/gps/custom_dags/motower_daily.py', '--cfg-path', '/tmp/tmpyhaxj3wo']
[2024-07-23T17:30:55.022+0000] {standard_task_runner.py:91} INFO - Job 139: Subtask sensor_trafic
[2024-07-23T17:30:55.058+0000] {task_command.py:426} INFO - Running <TaskInstance: motower_daily_prod.sensor_trafic scheduled__2024-06-25T06:00:00+00:00 [running]> on host 57f550887412
[2024-07-23T17:30:55.128+0000] {taskinstance.py:2648} INFO - Exporting env vars: AIRFLOW_CTX_DAG_EMAIL='richmond.kongo@orange.com,assane.diop@orange.com,cyrille1.danho@orange.com,mohamed2.sylla@orange.com,amadou.diomande@orange.com,Jonas.kouame@orange.com,armand.kablan@orange.com,anicet.azombade@orange.com,etienne.kouadio@orange.com,bertine.kouakou@orange.com,florentine.kouakou@orange.com,ange.phaceli@orange.com,soulegame.soro@orange.com,innocent.yengo@orange.com' AIRFLOW_CTX_DAG_OWNER='***' AIRFLOW_CTX_DAG_ID='motower_daily_prod' AIRFLOW_CTX_TASK_ID='sensor_trafic' AIRFLOW_CTX_EXECUTION_DATE='2024-06-25T06:00:00+00:00' AIRFLOW_CTX_TRY_NUMBER='1' AIRFLOW_CTX_DAG_RUN_ID='scheduled__2024-06-25T06:00:00+00:00'
[2024-07-23T17:30:55.129+0000] {taskinstance.py:430} INFO - ::endgroup::
[2024-07-23T17:30:55.138+0000] {python.py:75} INFO - Poking callable: <function check_data_in_table at 0x757945c83f60>
[2024-07-23T17:30:55.142+0000] {extract.py:127} INFO - Getting data of the table ks_daily_tdb_radio_drsi 
[2024-07-23T17:30:55.142+0000] {extract.py:128} INFO - where date is 2024-06-24
[2024-07-23T17:30:55.142+0000] {extract.py:103} INFO - get data to date 2024-06-24
[2024-07-23T17:30:55.146+0000] {warnings.py:112} WARNING - /opt/***/dags/gps/common/extract.py:104: UserWarning: pandas only supports SQLAlchemy connectable (engine/connection) or database string URI or sqlite3 DBAPI2 connection. Other DBAPI2 objects are not tested. Please consider using SQLAlchemy.
  df_ = pd.read_sql_query(sql_query, conn, params=params)

[2024-07-23T17:30:55.189+0000] {base.py:294} INFO - Success criteria met. Exiting.
[2024-07-23T17:30:55.190+0000] {taskinstance.py:441} INFO - ::group::Post task execution logs
[2024-07-23T17:30:55.198+0000] {taskinstance.py:1206} INFO - Marking task as SUCCESS. dag_id=motower_daily_prod, task_id=sensor_trafic, run_id=scheduled__2024-06-25T06:00:00+00:00, execution_date=20240625T060000, start_date=20240723T173054, end_date=20240723T173055
[2024-07-23T17:30:55.233+0000] {local_task_job_runner.py:243} INFO - Task exited with return code 0
[2024-07-23T17:30:55.241+0000] {local_task_job_runner.py:222} INFO - ::endgroup::
[2024-07-23T18:51:00.090+0000] {local_task_job_runner.py:120} INFO - ::group::Pre task execution logs
[2024-07-23T18:51:00.111+0000] {taskinstance.py:2076} INFO - Dependencies all met for dep_context=non-requeueable deps ti=<TaskInstance: motower_daily_prod.sensor_trafic scheduled__2024-06-25T06:00:00+00:00 [queued]>
[2024-07-23T18:51:00.117+0000] {taskinstance.py:2076} INFO - Dependencies all met for dep_context=requeueable deps ti=<TaskInstance: motower_daily_prod.sensor_trafic scheduled__2024-06-25T06:00:00+00:00 [queued]>
[2024-07-23T18:51:00.117+0000] {taskinstance.py:2306} INFO - Starting attempt 1 of 1
[2024-07-23T18:51:00.127+0000] {taskinstance.py:2330} INFO - Executing <Task(PythonSensor): sensor_trafic> on 2024-06-25 06:00:00+00:00
[2024-07-23T18:51:00.135+0000] {warnings.py:112} WARNING - /home/***/.local/lib/python3.12/site-packages/***/task/task_runner/standard_task_runner.py:62: DeprecationWarning: This process (pid=84) is multi-threaded, use of fork() may lead to deadlocks in the child.
  pid = os.fork()

[2024-07-23T18:51:00.136+0000] {standard_task_runner.py:64} INFO - Started process 89 to run task
[2024-07-23T18:51:00.137+0000] {standard_task_runner.py:90} INFO - Running: ['***', 'tasks', 'run', 'motower_daily_prod', 'sensor_trafic', 'scheduled__2024-06-25T06:00:00+00:00', '--job-id', '3', '--raw', '--subdir', 'DAGS_FOLDER/gps/custom_dags/motower_daily.py', '--cfg-path', '/tmp/tmpxuwix0ty']
[2024-07-23T18:51:00.138+0000] {standard_task_runner.py:91} INFO - Job 3: Subtask sensor_trafic
[2024-07-23T18:51:00.177+0000] {task_command.py:426} INFO - Running <TaskInstance: motower_daily_prod.sensor_trafic scheduled__2024-06-25T06:00:00+00:00 [running]> on host 77e5f26692d3
[2024-07-23T18:51:00.250+0000] {taskinstance.py:2648} INFO - Exporting env vars: AIRFLOW_CTX_DAG_EMAIL='richmond.kongo@orange.com,assane.diop@orange.com,cyrille1.danho@orange.com,mohamed2.sylla@orange.com,amadou.diomande@orange.com,Jonas.kouame@orange.com,armand.kablan@orange.com,anicet.azombade@orange.com,etienne.kouadio@orange.com,bertine.kouakou@orange.com,florentine.kouakou@orange.com,ange.phaceli@orange.com,soulegame.soro@orange.com,innocent.yengo@orange.com' AIRFLOW_CTX_DAG_OWNER='***' AIRFLOW_CTX_DAG_ID='motower_daily_prod' AIRFLOW_CTX_TASK_ID='sensor_trafic' AIRFLOW_CTX_EXECUTION_DATE='2024-06-25T06:00:00+00:00' AIRFLOW_CTX_TRY_NUMBER='1' AIRFLOW_CTX_DAG_RUN_ID='scheduled__2024-06-25T06:00:00+00:00'
[2024-07-23T18:51:00.251+0000] {taskinstance.py:430} INFO - ::endgroup::
[2024-07-23T18:51:00.272+0000] {python.py:75} INFO - Poking callable: <function check_data_in_table at 0x74ed0325aca0>
[2024-07-23T18:51:00.276+0000] {extract.py:126} INFO - Getting data of the table ks_daily_tdb_radio_drsi 
[2024-07-23T18:51:00.276+0000] {extract.py:127} INFO - where date is 2024-06-24
[2024-07-23T18:51:00.276+0000] {extract.py:102} INFO - get data to date 2024-06-24
[2024-07-23T18:51:00.280+0000] {warnings.py:112} WARNING - /opt/***/dags/gps/common/extract.py:103: UserWarning: pandas only supports SQLAlchemy connectable (engine/connection) or database string URI or sqlite3 DBAPI2 connection. Other DBAPI2 objects are not tested. Please consider using SQLAlchemy.
  df_ = pd.read_sql_query(sql_query, conn, params=params)

[2024-07-23T18:51:00.338+0000] {base.py:294} INFO - Success criteria met. Exiting.
[2024-07-23T18:51:00.339+0000] {taskinstance.py:441} INFO - ::group::Post task execution logs
[2024-07-23T18:51:00.346+0000] {taskinstance.py:1206} INFO - Marking task as SUCCESS. dag_id=motower_daily_prod, task_id=sensor_trafic, run_id=scheduled__2024-06-25T06:00:00+00:00, execution_date=20240625T060000, start_date=20240723T185100, end_date=20240723T185100
[2024-07-23T18:51:00.390+0000] {local_task_job_runner.py:243} INFO - Task exited with return code 0
[2024-07-23T18:51:00.399+0000] {local_task_job_runner.py:222} INFO - ::endgroup::
[2024-07-24T10:25:33.343+0000] {local_task_job_runner.py:120} INFO - ::group::Pre task execution logs
[2024-07-24T10:25:33.365+0000] {taskinstance.py:2076} INFO - Dependencies all met for dep_context=non-requeueable deps ti=<TaskInstance: motower_daily_prod.sensor_trafic scheduled__2024-06-25T06:00:00+00:00 [queued]>
[2024-07-24T10:25:33.372+0000] {taskinstance.py:2076} INFO - Dependencies all met for dep_context=requeueable deps ti=<TaskInstance: motower_daily_prod.sensor_trafic scheduled__2024-06-25T06:00:00+00:00 [queued]>
[2024-07-24T10:25:33.372+0000] {taskinstance.py:2306} INFO - Starting attempt 1 of 1
[2024-07-24T10:25:33.383+0000] {taskinstance.py:2330} INFO - Executing <Task(PythonSensor): sensor_trafic> on 2024-06-25 06:00:00+00:00
[2024-07-24T10:25:33.393+0000] {warnings.py:112} WARNING - /home/***/.local/lib/python3.12/site-packages/***/task/task_runner/standard_task_runner.py:62: DeprecationWarning: This process (pid=1844) is multi-threaded, use of fork() may lead to deadlocks in the child.
  pid = os.fork()

[2024-07-24T10:25:33.394+0000] {standard_task_runner.py:64} INFO - Started process 1850 to run task
[2024-07-24T10:25:33.394+0000] {standard_task_runner.py:90} INFO - Running: ['***', 'tasks', 'run', 'motower_daily_prod', 'sensor_trafic', 'scheduled__2024-06-25T06:00:00+00:00', '--job-id', '62', '--raw', '--subdir', 'DAGS_FOLDER/gps/custom_dags/motower_daily.py', '--cfg-path', '/tmp/tmp1lb9ls2c']
[2024-07-24T10:25:33.396+0000] {standard_task_runner.py:91} INFO - Job 62: Subtask sensor_trafic
[2024-07-24T10:25:33.439+0000] {task_command.py:426} INFO - Running <TaskInstance: motower_daily_prod.sensor_trafic scheduled__2024-06-25T06:00:00+00:00 [running]> on host 77e5f26692d3
[2024-07-24T10:25:33.515+0000] {taskinstance.py:2648} INFO - Exporting env vars: AIRFLOW_CTX_DAG_EMAIL='richmond.kongo@orange.com,assane.diop@orange.com,cyrille1.danho@orange.com,mohamed2.sylla@orange.com,amadou.diomande@orange.com,Jonas.kouame@orange.com,armand.kablan@orange.com,anicet.azombade@orange.com,etienne.kouadio@orange.com,bertine.kouakou@orange.com,florentine.kouakou@orange.com,ange.phaceli@orange.com,soulegame.soro@orange.com,innocent.yengo@orange.com' AIRFLOW_CTX_DAG_OWNER='***' AIRFLOW_CTX_DAG_ID='motower_daily_prod' AIRFLOW_CTX_TASK_ID='sensor_trafic' AIRFLOW_CTX_EXECUTION_DATE='2024-06-25T06:00:00+00:00' AIRFLOW_CTX_TRY_NUMBER='1' AIRFLOW_CTX_DAG_RUN_ID='scheduled__2024-06-25T06:00:00+00:00'
[2024-07-24T10:25:33.515+0000] {taskinstance.py:430} INFO - ::endgroup::
[2024-07-24T10:25:33.527+0000] {python.py:75} INFO - Poking callable: <function check_data_in_table at 0x74ecfee36d40>
[2024-07-24T10:25:33.530+0000] {extract.py:126} INFO - Getting data of the table ks_daily_tdb_radio_drsi 
[2024-07-24T10:25:33.530+0000] {extract.py:127} INFO - where date is 2024-06-24
[2024-07-24T10:25:33.531+0000] {extract.py:102} INFO - get data to date 2024-06-24
[2024-07-24T10:25:33.536+0000] {warnings.py:112} WARNING - /opt/***/dags/gps/common/extract.py:103: UserWarning: pandas only supports SQLAlchemy connectable (engine/connection) or database string URI or sqlite3 DBAPI2 connection. Other DBAPI2 objects are not tested. Please consider using SQLAlchemy.
  df_ = pd.read_sql_query(sql_query, conn, params=params)

[2024-07-24T10:25:33.583+0000] {base.py:294} INFO - Success criteria met. Exiting.
[2024-07-24T10:25:33.583+0000] {taskinstance.py:441} INFO - ::group::Post task execution logs
[2024-07-24T10:25:33.592+0000] {taskinstance.py:1206} INFO - Marking task as SUCCESS. dag_id=motower_daily_prod, task_id=sensor_trafic, run_id=scheduled__2024-06-25T06:00:00+00:00, execution_date=20240625T060000, start_date=20240724T102533, end_date=20240724T102533
[2024-07-24T10:25:33.647+0000] {local_task_job_runner.py:243} INFO - Task exited with return code 0
[2024-07-24T10:25:33.655+0000] {local_task_job_runner.py:222} INFO - ::endgroup::
[2024-07-24T10:29:45.865+0000] {local_task_job_runner.py:120} INFO - ::group::Pre task execution logs
[2024-07-24T10:29:46.094+0000] {taskinstance.py:2076} INFO - Dependencies all met for dep_context=non-requeueable deps ti=<TaskInstance: motower_daily_prod.sensor_trafic scheduled__2024-06-25T06:00:00+00:00 [queued]>
[2024-07-24T10:29:46.101+0000] {taskinstance.py:2076} INFO - Dependencies all met for dep_context=requeueable deps ti=<TaskInstance: motower_daily_prod.sensor_trafic scheduled__2024-06-25T06:00:00+00:00 [queued]>
[2024-07-24T10:29:46.101+0000] {taskinstance.py:2306} INFO - Starting attempt 1 of 1
[2024-07-24T10:29:46.111+0000] {taskinstance.py:2330} INFO - Executing <Task(PythonSensor): sensor_trafic> on 2024-06-25 06:00:00+00:00
[2024-07-24T10:29:46.120+0000] {warnings.py:112} WARNING - /home/***/.local/lib/python3.12/site-packages/***/task/task_runner/standard_task_runner.py:62: DeprecationWarning: This process (pid=2061) is multi-threaded, use of fork() may lead to deadlocks in the child.
  pid = os.fork()

[2024-07-24T10:29:46.121+0000] {standard_task_runner.py:64} INFO - Started process 2069 to run task
[2024-07-24T10:29:46.122+0000] {standard_task_runner.py:90} INFO - Running: ['***', 'tasks', 'run', 'motower_daily_prod', 'sensor_trafic', 'scheduled__2024-06-25T06:00:00+00:00', '--job-id', '114', '--raw', '--subdir', 'DAGS_FOLDER/gps/custom_dags/motower_daily.py', '--cfg-path', '/tmp/tmpoczh2ild']
[2024-07-24T10:29:46.124+0000] {standard_task_runner.py:91} INFO - Job 114: Subtask sensor_trafic
[2024-07-24T10:29:46.161+0000] {task_command.py:426} INFO - Running <TaskInstance: motower_daily_prod.sensor_trafic scheduled__2024-06-25T06:00:00+00:00 [running]> on host 77e5f26692d3
[2024-07-24T10:29:46.241+0000] {taskinstance.py:2648} INFO - Exporting env vars: AIRFLOW_CTX_DAG_EMAIL='richmond.kongo@orange.com,assane.diop@orange.com,cyrille1.danho@orange.com,mohamed2.sylla@orange.com,amadou.diomande@orange.com,Jonas.kouame@orange.com,armand.kablan@orange.com,anicet.azombade@orange.com,etienne.kouadio@orange.com,bertine.kouakou@orange.com,florentine.kouakou@orange.com,ange.phaceli@orange.com,soulegame.soro@orange.com,innocent.yengo@orange.com' AIRFLOW_CTX_DAG_OWNER='***' AIRFLOW_CTX_DAG_ID='motower_daily_prod' AIRFLOW_CTX_TASK_ID='sensor_trafic' AIRFLOW_CTX_EXECUTION_DATE='2024-06-25T06:00:00+00:00' AIRFLOW_CTX_TRY_NUMBER='1' AIRFLOW_CTX_DAG_RUN_ID='scheduled__2024-06-25T06:00:00+00:00'
[2024-07-24T10:29:46.242+0000] {taskinstance.py:430} INFO - ::endgroup::
[2024-07-24T10:29:46.252+0000] {python.py:75} INFO - Poking callable: <function check_data_in_table at 0x74ece39102c0>
[2024-07-24T10:29:46.256+0000] {extract.py:126} INFO - Getting data of the table ks_daily_tdb_radio_drsi 
[2024-07-24T10:29:46.256+0000] {extract.py:127} INFO - where date is 2024-06-24
[2024-07-24T10:29:46.256+0000] {extract.py:102} INFO - get data to date 2024-06-24
[2024-07-24T10:29:46.261+0000] {warnings.py:112} WARNING - /opt/***/dags/gps/common/extract.py:103: UserWarning: pandas only supports SQLAlchemy connectable (engine/connection) or database string URI or sqlite3 DBAPI2 connection. Other DBAPI2 objects are not tested. Please consider using SQLAlchemy.
  df_ = pd.read_sql_query(sql_query, conn, params=params)

[2024-07-24T10:29:46.307+0000] {base.py:294} INFO - Success criteria met. Exiting.
[2024-07-24T10:29:46.308+0000] {taskinstance.py:441} INFO - ::group::Post task execution logs
[2024-07-24T10:29:46.316+0000] {taskinstance.py:1206} INFO - Marking task as SUCCESS. dag_id=motower_daily_prod, task_id=sensor_trafic, run_id=scheduled__2024-06-25T06:00:00+00:00, execution_date=20240625T060000, start_date=20240724T102946, end_date=20240724T102946
[2024-07-24T10:29:46.335+0000] {local_task_job_runner.py:243} INFO - Task exited with return code 0
[2024-07-24T10:29:46.346+0000] {local_task_job_runner.py:222} INFO - ::endgroup::
[2024-07-24T10:38:15.586+0000] {local_task_job_runner.py:120} INFO - ::group::Pre task execution logs
[2024-07-24T10:38:15.610+0000] {taskinstance.py:2076} INFO - Dependencies all met for dep_context=non-requeueable deps ti=<TaskInstance: motower_daily_prod.sensor_trafic scheduled__2024-06-25T06:00:00+00:00 [queued]>
[2024-07-24T10:38:15.617+0000] {taskinstance.py:2076} INFO - Dependencies all met for dep_context=requeueable deps ti=<TaskInstance: motower_daily_prod.sensor_trafic scheduled__2024-06-25T06:00:00+00:00 [queued]>
[2024-07-24T10:38:15.617+0000] {taskinstance.py:2306} INFO - Starting attempt 1 of 1
[2024-07-24T10:38:15.627+0000] {taskinstance.py:2330} INFO - Executing <Task(PythonSensor): sensor_trafic> on 2024-06-25 06:00:00+00:00
[2024-07-24T10:38:15.636+0000] {warnings.py:112} WARNING - /home/***/.local/lib/python3.12/site-packages/***/task/task_runner/standard_task_runner.py:62: DeprecationWarning: This process (pid=89) is multi-threaded, use of fork() may lead to deadlocks in the child.
  pid = os.fork()

[2024-07-24T10:38:15.637+0000] {standard_task_runner.py:64} INFO - Started process 95 to run task
[2024-07-24T10:38:15.638+0000] {standard_task_runner.py:90} INFO - Running: ['***', 'tasks', 'run', 'motower_daily_prod', 'sensor_trafic', 'scheduled__2024-06-25T06:00:00+00:00', '--job-id', '3', '--raw', '--subdir', 'DAGS_FOLDER/gps/custom_dags/motower_daily.py', '--cfg-path', '/tmp/tmpjcix_m37']
[2024-07-24T10:38:15.640+0000] {standard_task_runner.py:91} INFO - Job 3: Subtask sensor_trafic
[2024-07-24T10:38:15.679+0000] {task_command.py:426} INFO - Running <TaskInstance: motower_daily_prod.sensor_trafic scheduled__2024-06-25T06:00:00+00:00 [running]> on host b3845fb494d4
[2024-07-24T10:38:15.756+0000] {taskinstance.py:2648} INFO - Exporting env vars: AIRFLOW_CTX_DAG_EMAIL='richmond.kongo@orange.com,assane.diop@orange.com,cyrille1.danho@orange.com,mohamed2.sylla@orange.com,amadou.diomande@orange.com,Jonas.kouame@orange.com,armand.kablan@orange.com,anicet.azombade@orange.com,etienne.kouadio@orange.com,bertine.kouakou@orange.com,florentine.kouakou@orange.com,ange.phaceli@orange.com,soulegame.soro@orange.com,innocent.yengo@orange.com' AIRFLOW_CTX_DAG_OWNER='***' AIRFLOW_CTX_DAG_ID='motower_daily_prod' AIRFLOW_CTX_TASK_ID='sensor_trafic' AIRFLOW_CTX_EXECUTION_DATE='2024-06-25T06:00:00+00:00' AIRFLOW_CTX_TRY_NUMBER='1' AIRFLOW_CTX_DAG_RUN_ID='scheduled__2024-06-25T06:00:00+00:00'
[2024-07-24T10:38:15.757+0000] {taskinstance.py:430} INFO - ::endgroup::
[2024-07-24T10:38:15.775+0000] {python.py:75} INFO - Poking callable: <function check_data_in_table at 0x7ec8f6bdaa20>
[2024-07-24T10:38:15.780+0000] {extract.py:126} INFO - Getting data of the table ks_daily_tdb_radio_drsi 
[2024-07-24T10:38:15.781+0000] {extract.py:127} INFO - where date is 2024-06-24
[2024-07-24T10:38:15.781+0000] {extract.py:102} INFO - get data to date 2024-06-24
[2024-07-24T10:38:15.785+0000] {warnings.py:112} WARNING - /opt/***/dags/gps/common/extract.py:103: UserWarning: pandas only supports SQLAlchemy connectable (engine/connection) or database string URI or sqlite3 DBAPI2 connection. Other DBAPI2 objects are not tested. Please consider using SQLAlchemy.
  df_ = pd.read_sql_query(sql_query, conn, params=params)

[2024-07-24T10:38:15.834+0000] {base.py:294} INFO - Success criteria met. Exiting.
[2024-07-24T10:38:15.834+0000] {taskinstance.py:441} INFO - ::group::Post task execution logs
[2024-07-24T10:38:15.844+0000] {taskinstance.py:1206} INFO - Marking task as SUCCESS. dag_id=motower_daily_prod, task_id=sensor_trafic, run_id=scheduled__2024-06-25T06:00:00+00:00, execution_date=20240625T060000, start_date=20240724T103815, end_date=20240724T103815
[2024-07-24T10:38:15.891+0000] {local_task_job_runner.py:243} INFO - Task exited with return code 0
[2024-07-24T10:38:15.899+0000] {local_task_job_runner.py:222} INFO - ::endgroup::
[2024-07-24T11:22:49.435+0000] {local_task_job_runner.py:120} INFO - ::group::Pre task execution logs
[2024-07-24T11:22:49.644+0000] {taskinstance.py:2076} INFO - Dependencies all met for dep_context=non-requeueable deps ti=<TaskInstance: motower_daily_prod.sensor_trafic scheduled__2024-06-25T06:00:00+00:00 [queued]>
[2024-07-24T11:22:49.653+0000] {taskinstance.py:2076} INFO - Dependencies all met for dep_context=requeueable deps ti=<TaskInstance: motower_daily_prod.sensor_trafic scheduled__2024-06-25T06:00:00+00:00 [queued]>
[2024-07-24T11:22:49.654+0000] {taskinstance.py:2306} INFO - Starting attempt 1 of 1
[2024-07-24T11:22:49.668+0000] {taskinstance.py:2330} INFO - Executing <Task(PythonSensor): sensor_trafic> on 2024-06-25 06:00:00+00:00
[2024-07-24T11:22:49.680+0000] {warnings.py:112} WARNING - /home/***/.local/lib/python3.12/site-packages/***/task/task_runner/standard_task_runner.py:62: DeprecationWarning: This process (pid=827) is multi-threaded, use of fork() may lead to deadlocks in the child.
  pid = os.fork()

[2024-07-24T11:22:49.682+0000] {standard_task_runner.py:64} INFO - Started process 840 to run task
[2024-07-24T11:22:49.682+0000] {standard_task_runner.py:90} INFO - Running: ['***', 'tasks', 'run', 'motower_daily_prod', 'sensor_trafic', 'scheduled__2024-06-25T06:00:00+00:00', '--job-id', '57', '--raw', '--subdir', 'DAGS_FOLDER/gps/custom_dags/motower_daily.py', '--cfg-path', '/tmp/tmpyxvxe73b']
[2024-07-24T11:22:49.684+0000] {standard_task_runner.py:91} INFO - Job 57: Subtask sensor_trafic
[2024-07-24T11:22:49.728+0000] {task_command.py:426} INFO - Running <TaskInstance: motower_daily_prod.sensor_trafic scheduled__2024-06-25T06:00:00+00:00 [running]> on host b3845fb494d4
[2024-07-24T11:22:49.808+0000] {taskinstance.py:2648} INFO - Exporting env vars: AIRFLOW_CTX_DAG_EMAIL='richmond.kongo@orange.com,assane.diop@orange.com,cyrille1.danho@orange.com,mohamed2.sylla@orange.com,amadou.diomande@orange.com,Jonas.kouame@orange.com,armand.kablan@orange.com,anicet.azombade@orange.com,etienne.kouadio@orange.com,bertine.kouakou@orange.com,florentine.kouakou@orange.com,ange.phaceli@orange.com,soulegame.soro@orange.com,innocent.yengo@orange.com' AIRFLOW_CTX_DAG_OWNER='***' AIRFLOW_CTX_DAG_ID='motower_daily_prod' AIRFLOW_CTX_TASK_ID='sensor_trafic' AIRFLOW_CTX_EXECUTION_DATE='2024-06-25T06:00:00+00:00' AIRFLOW_CTX_TRY_NUMBER='1' AIRFLOW_CTX_DAG_RUN_ID='scheduled__2024-06-25T06:00:00+00:00'
[2024-07-24T11:22:49.808+0000] {taskinstance.py:430} INFO - ::endgroup::
[2024-07-24T11:22:49.818+0000] {python.py:75} INFO - Poking callable: <function check_data_in_table at 0x7ec8d744be20>
[2024-07-24T11:22:49.822+0000] {extract.py:126} INFO - Getting data of the table ks_daily_tdb_radio_drsi 
[2024-07-24T11:22:49.822+0000] {extract.py:127} INFO - where date is 2024-06-24
[2024-07-24T11:22:49.822+0000] {extract.py:102} INFO - get data to date 2024-06-24
[2024-07-24T11:22:49.827+0000] {warnings.py:112} WARNING - /opt/***/dags/gps/common/extract.py:103: UserWarning: pandas only supports SQLAlchemy connectable (engine/connection) or database string URI or sqlite3 DBAPI2 connection. Other DBAPI2 objects are not tested. Please consider using SQLAlchemy.
  df_ = pd.read_sql_query(sql_query, conn, params=params)

[2024-07-24T11:22:49.879+0000] {base.py:294} INFO - Success criteria met. Exiting.
[2024-07-24T11:22:49.879+0000] {taskinstance.py:441} INFO - ::group::Post task execution logs
[2024-07-24T11:22:49.888+0000] {taskinstance.py:1206} INFO - Marking task as SUCCESS. dag_id=motower_daily_prod, task_id=sensor_trafic, run_id=scheduled__2024-06-25T06:00:00+00:00, execution_date=20240625T060000, start_date=20240724T112249, end_date=20240724T112249
[2024-07-24T11:22:49.935+0000] {local_task_job_runner.py:243} INFO - Task exited with return code 0
[2024-07-24T11:22:49.944+0000] {local_task_job_runner.py:222} INFO - ::endgroup::
[2024-07-24T11:24:37.192+0000] {local_task_job_runner.py:120} INFO - ::group::Pre task execution logs
[2024-07-24T11:24:37.216+0000] {taskinstance.py:2076} INFO - Dependencies all met for dep_context=non-requeueable deps ti=<TaskInstance: motower_daily_prod.sensor_trafic scheduled__2024-06-25T06:00:00+00:00 [queued]>
[2024-07-24T11:24:37.223+0000] {taskinstance.py:2076} INFO - Dependencies all met for dep_context=requeueable deps ti=<TaskInstance: motower_daily_prod.sensor_trafic scheduled__2024-06-25T06:00:00+00:00 [queued]>
[2024-07-24T11:24:37.223+0000] {taskinstance.py:2306} INFO - Starting attempt 1 of 1
[2024-07-24T11:24:37.235+0000] {taskinstance.py:2330} INFO - Executing <Task(PythonSensor): sensor_trafic> on 2024-06-25 06:00:00+00:00
[2024-07-24T11:24:37.246+0000] {warnings.py:112} WARNING - /home/***/.local/lib/python3.12/site-packages/***/task/task_runner/standard_task_runner.py:62: DeprecationWarning: This process (pid=1017) is multi-threaded, use of fork() may lead to deadlocks in the child.
  pid = os.fork()

[2024-07-24T11:24:37.247+0000] {standard_task_runner.py:64} INFO - Started process 1023 to run task
[2024-07-24T11:24:37.248+0000] {standard_task_runner.py:90} INFO - Running: ['***', 'tasks', 'run', 'motower_daily_prod', 'sensor_trafic', 'scheduled__2024-06-25T06:00:00+00:00', '--job-id', '113', '--raw', '--subdir', 'DAGS_FOLDER/gps/custom_dags/motower_daily.py', '--cfg-path', '/tmp/tmpxtascqgl']
[2024-07-24T11:24:37.249+0000] {standard_task_runner.py:91} INFO - Job 113: Subtask sensor_trafic
[2024-07-24T11:24:37.291+0000] {task_command.py:426} INFO - Running <TaskInstance: motower_daily_prod.sensor_trafic scheduled__2024-06-25T06:00:00+00:00 [running]> on host b3845fb494d4
[2024-07-24T11:24:37.367+0000] {taskinstance.py:2648} INFO - Exporting env vars: AIRFLOW_CTX_DAG_EMAIL='richmond.kongo@orange.com,assane.diop@orange.com,cyrille1.danho@orange.com,mohamed2.sylla@orange.com,amadou.diomande@orange.com,Jonas.kouame@orange.com,armand.kablan@orange.com,anicet.azombade@orange.com,etienne.kouadio@orange.com,bertine.kouakou@orange.com,florentine.kouakou@orange.com,ange.phaceli@orange.com,soulegame.soro@orange.com,innocent.yengo@orange.com' AIRFLOW_CTX_DAG_OWNER='***' AIRFLOW_CTX_DAG_ID='motower_daily_prod' AIRFLOW_CTX_TASK_ID='sensor_trafic' AIRFLOW_CTX_EXECUTION_DATE='2024-06-25T06:00:00+00:00' AIRFLOW_CTX_TRY_NUMBER='1' AIRFLOW_CTX_DAG_RUN_ID='scheduled__2024-06-25T06:00:00+00:00'
[2024-07-24T11:24:37.369+0000] {taskinstance.py:430} INFO - ::endgroup::
[2024-07-24T11:24:37.380+0000] {python.py:75} INFO - Poking callable: <function check_data_in_table at 0x7ec8f6282ac0>
[2024-07-24T11:24:37.384+0000] {extract.py:126} INFO - Getting data of the table ks_daily_tdb_radio_drsi 
[2024-07-24T11:24:37.385+0000] {extract.py:127} INFO - where date is 2024-06-24
[2024-07-24T11:24:37.385+0000] {extract.py:102} INFO - get data to date 2024-06-24
[2024-07-24T11:24:37.392+0000] {warnings.py:112} WARNING - /opt/***/dags/gps/common/extract.py:103: UserWarning: pandas only supports SQLAlchemy connectable (engine/connection) or database string URI or sqlite3 DBAPI2 connection. Other DBAPI2 objects are not tested. Please consider using SQLAlchemy.
  df_ = pd.read_sql_query(sql_query, conn, params=params)

[2024-07-24T11:24:37.440+0000] {base.py:294} INFO - Success criteria met. Exiting.
[2024-07-24T11:24:37.441+0000] {taskinstance.py:441} INFO - ::group::Post task execution logs
[2024-07-24T11:24:37.450+0000] {taskinstance.py:1206} INFO - Marking task as SUCCESS. dag_id=motower_daily_prod, task_id=sensor_trafic, run_id=scheduled__2024-06-25T06:00:00+00:00, execution_date=20240625T060000, start_date=20240724T112437, end_date=20240724T112437
[2024-07-24T11:24:37.501+0000] {local_task_job_runner.py:243} INFO - Task exited with return code 0
[2024-07-24T11:24:37.509+0000] {local_task_job_runner.py:222} INFO - ::endgroup::
[2024-07-24T11:53:59.489+0000] {local_task_job_runner.py:120} INFO - ::group::Pre task execution logs
[2024-07-24T11:53:59.517+0000] {taskinstance.py:2076} INFO - Dependencies all met for dep_context=non-requeueable deps ti=<TaskInstance: motower_daily_prod.sensor_trafic scheduled__2024-06-25T06:00:00+00:00 [queued]>
[2024-07-24T11:53:59.525+0000] {taskinstance.py:2076} INFO - Dependencies all met for dep_context=requeueable deps ti=<TaskInstance: motower_daily_prod.sensor_trafic scheduled__2024-06-25T06:00:00+00:00 [queued]>
[2024-07-24T11:53:59.526+0000] {taskinstance.py:2306} INFO - Starting attempt 1 of 1
[2024-07-24T11:53:59.539+0000] {taskinstance.py:2330} INFO - Executing <Task(PythonSensor): sensor_trafic> on 2024-06-25 06:00:00+00:00
[2024-07-24T11:53:59.550+0000] {warnings.py:112} WARNING - /home/***/.local/lib/python3.12/site-packages/***/task/task_runner/standard_task_runner.py:62: DeprecationWarning: This process (pid=1557) is multi-threaded, use of fork() may lead to deadlocks in the child.
  pid = os.fork()

[2024-07-24T11:53:59.552+0000] {standard_task_runner.py:64} INFO - Started process 1562 to run task
[2024-07-24T11:53:59.552+0000] {standard_task_runner.py:90} INFO - Running: ['***', 'tasks', 'run', 'motower_daily_prod', 'sensor_trafic', 'scheduled__2024-06-25T06:00:00+00:00', '--job-id', '166', '--raw', '--subdir', 'DAGS_FOLDER/gps/custom_dags/motower_daily.py', '--cfg-path', '/tmp/tmpog7iu2dd']
[2024-07-24T11:53:59.555+0000] {standard_task_runner.py:91} INFO - Job 166: Subtask sensor_trafic
[2024-07-24T11:53:59.602+0000] {task_command.py:426} INFO - Running <TaskInstance: motower_daily_prod.sensor_trafic scheduled__2024-06-25T06:00:00+00:00 [running]> on host b3845fb494d4
[2024-07-24T11:53:59.692+0000] {taskinstance.py:2648} INFO - Exporting env vars: AIRFLOW_CTX_DAG_EMAIL='richmond.kongo@orange.com,assane.diop@orange.com,cyrille1.danho@orange.com,mohamed2.sylla@orange.com,amadou.diomande@orange.com,Jonas.kouame@orange.com,armand.kablan@orange.com,anicet.azombade@orange.com,etienne.kouadio@orange.com,bertine.kouakou@orange.com,florentine.kouakou@orange.com,ange.phaceli@orange.com,soulegame.soro@orange.com,innocent.yengo@orange.com' AIRFLOW_CTX_DAG_OWNER='***' AIRFLOW_CTX_DAG_ID='motower_daily_prod' AIRFLOW_CTX_TASK_ID='sensor_trafic' AIRFLOW_CTX_EXECUTION_DATE='2024-06-25T06:00:00+00:00' AIRFLOW_CTX_TRY_NUMBER='1' AIRFLOW_CTX_DAG_RUN_ID='scheduled__2024-06-25T06:00:00+00:00'
[2024-07-24T11:53:59.693+0000] {taskinstance.py:430} INFO - ::endgroup::
[2024-07-24T11:53:59.704+0000] {python.py:75} INFO - Poking callable: <function check_data_in_table at 0x7ec8f6708360>
[2024-07-24T11:53:59.708+0000] {extract.py:126} INFO - Getting data of the table ks_daily_tdb_radio_drsi 
[2024-07-24T11:53:59.709+0000] {extract.py:127} INFO - where date is 2024-06-24
[2024-07-24T11:53:59.709+0000] {extract.py:102} INFO - get data to date 2024-06-24
[2024-07-24T11:53:59.713+0000] {warnings.py:112} WARNING - /opt/***/dags/gps/common/extract.py:103: UserWarning: pandas only supports SQLAlchemy connectable (engine/connection) or database string URI or sqlite3 DBAPI2 connection. Other DBAPI2 objects are not tested. Please consider using SQLAlchemy.
  df_ = pd.read_sql_query(sql_query, conn, params=params)

[2024-07-24T11:53:59.759+0000] {base.py:294} INFO - Success criteria met. Exiting.
[2024-07-24T11:53:59.760+0000] {taskinstance.py:441} INFO - ::group::Post task execution logs
[2024-07-24T11:53:59.770+0000] {taskinstance.py:1206} INFO - Marking task as SUCCESS. dag_id=motower_daily_prod, task_id=sensor_trafic, run_id=scheduled__2024-06-25T06:00:00+00:00, execution_date=20240625T060000, start_date=20240724T115359, end_date=20240724T115359
[2024-07-24T11:53:59.806+0000] {local_task_job_runner.py:243} INFO - Task exited with return code 0
[2024-07-24T11:53:59.816+0000] {local_task_job_runner.py:222} INFO - ::endgroup::
[2024-07-24T12:04:33.484+0000] {local_task_job_runner.py:120} INFO - ::group::Pre task execution logs
[2024-07-24T12:04:33.517+0000] {taskinstance.py:2076} INFO - Dependencies all met for dep_context=non-requeueable deps ti=<TaskInstance: motower_daily_prod.sensor_trafic scheduled__2024-06-25T06:00:00+00:00 [queued]>
[2024-07-24T12:04:33.527+0000] {taskinstance.py:2076} INFO - Dependencies all met for dep_context=requeueable deps ti=<TaskInstance: motower_daily_prod.sensor_trafic scheduled__2024-06-25T06:00:00+00:00 [queued]>
[2024-07-24T12:04:33.527+0000] {taskinstance.py:2306} INFO - Starting attempt 1 of 1
[2024-07-24T12:04:33.538+0000] {taskinstance.py:2330} INFO - Executing <Task(PythonSensor): sensor_trafic> on 2024-06-25 06:00:00+00:00
[2024-07-24T12:04:33.550+0000] {warnings.py:112} WARNING - /home/***/.local/lib/python3.12/site-packages/***/task/task_runner/standard_task_runner.py:62: DeprecationWarning: This process (pid=1858) is multi-threaded, use of fork() may lead to deadlocks in the child.
  pid = os.fork()

[2024-07-24T12:04:33.552+0000] {standard_task_runner.py:64} INFO - Started process 1865 to run task
[2024-07-24T12:04:33.552+0000] {standard_task_runner.py:90} INFO - Running: ['***', 'tasks', 'run', 'motower_daily_prod', 'sensor_trafic', 'scheduled__2024-06-25T06:00:00+00:00', '--job-id', '221', '--raw', '--subdir', 'DAGS_FOLDER/gps/custom_dags/motower_daily.py', '--cfg-path', '/tmp/tmpwaeavaw1']
[2024-07-24T12:04:33.554+0000] {standard_task_runner.py:91} INFO - Job 221: Subtask sensor_trafic
[2024-07-24T12:04:33.600+0000] {task_command.py:426} INFO - Running <TaskInstance: motower_daily_prod.sensor_trafic scheduled__2024-06-25T06:00:00+00:00 [running]> on host b3845fb494d4
[2024-07-24T12:04:33.682+0000] {taskinstance.py:2648} INFO - Exporting env vars: AIRFLOW_CTX_DAG_EMAIL='richmond.kongo@orange.com,assane.diop@orange.com,cyrille1.danho@orange.com,mohamed2.sylla@orange.com,amadou.diomande@orange.com,Jonas.kouame@orange.com,armand.kablan@orange.com,anicet.azombade@orange.com,etienne.kouadio@orange.com,bertine.kouakou@orange.com,florentine.kouakou@orange.com,ange.phaceli@orange.com,soulegame.soro@orange.com,innocent.yengo@orange.com' AIRFLOW_CTX_DAG_OWNER='***' AIRFLOW_CTX_DAG_ID='motower_daily_prod' AIRFLOW_CTX_TASK_ID='sensor_trafic' AIRFLOW_CTX_EXECUTION_DATE='2024-06-25T06:00:00+00:00' AIRFLOW_CTX_TRY_NUMBER='1' AIRFLOW_CTX_DAG_RUN_ID='scheduled__2024-06-25T06:00:00+00:00'
[2024-07-24T12:04:33.684+0000] {taskinstance.py:430} INFO - ::endgroup::
[2024-07-24T12:04:33.694+0000] {python.py:75} INFO - Poking callable: <function check_data_in_table at 0x7ec8f62abf60>
[2024-07-24T12:04:33.697+0000] {extract.py:126} INFO - Getting data of the table ks_daily_tdb_radio_drsi 
[2024-07-24T12:04:33.698+0000] {extract.py:127} INFO - where date is 2024-06-24
[2024-07-24T12:04:33.698+0000] {extract.py:102} INFO - get data to date 2024-06-24
[2024-07-24T12:04:33.702+0000] {warnings.py:112} WARNING - /opt/***/dags/gps/common/extract.py:103: UserWarning: pandas only supports SQLAlchemy connectable (engine/connection) or database string URI or sqlite3 DBAPI2 connection. Other DBAPI2 objects are not tested. Please consider using SQLAlchemy.
  df_ = pd.read_sql_query(sql_query, conn, params=params)

[2024-07-24T12:04:33.745+0000] {base.py:294} INFO - Success criteria met. Exiting.
[2024-07-24T12:04:33.745+0000] {taskinstance.py:441} INFO - ::group::Post task execution logs
[2024-07-24T12:04:33.753+0000] {taskinstance.py:1206} INFO - Marking task as SUCCESS. dag_id=motower_daily_prod, task_id=sensor_trafic, run_id=scheduled__2024-06-25T06:00:00+00:00, execution_date=20240625T060000, start_date=20240724T120433, end_date=20240724T120433
[2024-07-24T12:04:33.806+0000] {local_task_job_runner.py:243} INFO - Task exited with return code 0
[2024-07-24T12:04:33.817+0000] {local_task_job_runner.py:222} INFO - ::endgroup::
[2024-07-24T12:10:00.722+0000] {local_task_job_runner.py:120} INFO - ::group::Pre task execution logs
[2024-07-24T12:10:00.747+0000] {taskinstance.py:2076} INFO - Dependencies all met for dep_context=non-requeueable deps ti=<TaskInstance: motower_daily_prod.sensor_trafic scheduled__2024-06-25T06:00:00+00:00 [queued]>
[2024-07-24T12:10:00.754+0000] {taskinstance.py:2076} INFO - Dependencies all met for dep_context=requeueable deps ti=<TaskInstance: motower_daily_prod.sensor_trafic scheduled__2024-06-25T06:00:00+00:00 [queued]>
[2024-07-24T12:10:00.754+0000] {taskinstance.py:2306} INFO - Starting attempt 1 of 1
[2024-07-24T12:10:00.765+0000] {taskinstance.py:2330} INFO - Executing <Task(PythonSensor): sensor_trafic> on 2024-06-25 06:00:00+00:00
[2024-07-24T12:10:00.775+0000] {warnings.py:112} WARNING - /home/***/.local/lib/python3.12/site-packages/***/task/task_runner/standard_task_runner.py:62: DeprecationWarning: This process (pid=2107) is multi-threaded, use of fork() may lead to deadlocks in the child.
  pid = os.fork()

[2024-07-24T12:10:00.777+0000] {standard_task_runner.py:64} INFO - Started process 2113 to run task
[2024-07-24T12:10:00.777+0000] {standard_task_runner.py:90} INFO - Running: ['***', 'tasks', 'run', 'motower_daily_prod', 'sensor_trafic', 'scheduled__2024-06-25T06:00:00+00:00', '--job-id', '280', '--raw', '--subdir', 'DAGS_FOLDER/gps/custom_dags/motower_daily.py', '--cfg-path', '/tmp/tmp2vafwdgz']
[2024-07-24T12:10:00.779+0000] {standard_task_runner.py:91} INFO - Job 280: Subtask sensor_trafic
[2024-07-24T12:10:00.822+0000] {task_command.py:426} INFO - Running <TaskInstance: motower_daily_prod.sensor_trafic scheduled__2024-06-25T06:00:00+00:00 [running]> on host b3845fb494d4
[2024-07-24T12:10:00.900+0000] {taskinstance.py:2648} INFO - Exporting env vars: AIRFLOW_CTX_DAG_EMAIL='richmond.kongo@orange.com,assane.diop@orange.com,cyrille1.danho@orange.com,mohamed2.sylla@orange.com,amadou.diomande@orange.com,Jonas.kouame@orange.com,armand.kablan@orange.com,anicet.azombade@orange.com,etienne.kouadio@orange.com,bertine.kouakou@orange.com,florentine.kouakou@orange.com,ange.phaceli@orange.com,soulegame.soro@orange.com,innocent.yengo@orange.com' AIRFLOW_CTX_DAG_OWNER='***' AIRFLOW_CTX_DAG_ID='motower_daily_prod' AIRFLOW_CTX_TASK_ID='sensor_trafic' AIRFLOW_CTX_EXECUTION_DATE='2024-06-25T06:00:00+00:00' AIRFLOW_CTX_TRY_NUMBER='1' AIRFLOW_CTX_DAG_RUN_ID='scheduled__2024-06-25T06:00:00+00:00'
[2024-07-24T12:10:00.901+0000] {taskinstance.py:430} INFO - ::endgroup::
[2024-07-24T12:10:00.912+0000] {python.py:75} INFO - Poking callable: <function check_data_in_table at 0x7ec8f6bc3060>
[2024-07-24T12:10:00.917+0000] {extract.py:126} INFO - Getting data of the table ks_daily_tdb_radio_drsi 
[2024-07-24T12:10:00.917+0000] {extract.py:127} INFO - where date is 2024-06-24
[2024-07-24T12:10:00.917+0000] {extract.py:102} INFO - get data to date 2024-06-24
[2024-07-24T12:10:00.922+0000] {warnings.py:112} WARNING - /opt/***/dags/gps/common/extract.py:103: UserWarning: pandas only supports SQLAlchemy connectable (engine/connection) or database string URI or sqlite3 DBAPI2 connection. Other DBAPI2 objects are not tested. Please consider using SQLAlchemy.
  df_ = pd.read_sql_query(sql_query, conn, params=params)

[2024-07-24T12:10:00.978+0000] {base.py:294} INFO - Success criteria met. Exiting.
[2024-07-24T12:10:00.979+0000] {taskinstance.py:441} INFO - ::group::Post task execution logs
[2024-07-24T12:10:00.989+0000] {taskinstance.py:1206} INFO - Marking task as SUCCESS. dag_id=motower_daily_prod, task_id=sensor_trafic, run_id=scheduled__2024-06-25T06:00:00+00:00, execution_date=20240625T060000, start_date=20240724T121000, end_date=20240724T121000
[2024-07-24T12:10:01.031+0000] {local_task_job_runner.py:243} INFO - Task exited with return code 0
[2024-07-24T12:10:01.041+0000] {local_task_job_runner.py:222} INFO - ::endgroup::
[2024-07-24T23:21:00.973+0000] {local_task_job_runner.py:120} INFO - ::group::Pre task execution logs
[2024-07-24T23:21:01.196+0000] {taskinstance.py:2076} INFO - Dependencies all met for dep_context=non-requeueable deps ti=<TaskInstance: motower_daily_prod.sensor_trafic scheduled__2024-06-25T06:00:00+00:00 [queued]>
[2024-07-24T23:21:01.205+0000] {taskinstance.py:2076} INFO - Dependencies all met for dep_context=requeueable deps ti=<TaskInstance: motower_daily_prod.sensor_trafic scheduled__2024-06-25T06:00:00+00:00 [queued]>
[2024-07-24T23:21:01.206+0000] {taskinstance.py:2306} INFO - Starting attempt 1 of 1
[2024-07-24T23:21:01.240+0000] {taskinstance.py:2330} INFO - Executing <Task(PythonSensor): sensor_trafic> on 2024-06-25 06:00:00+00:00
[2024-07-24T23:21:01.249+0000] {warnings.py:112} WARNING - /home/***/.local/lib/python3.12/site-packages/***/task/task_runner/standard_task_runner.py:62: DeprecationWarning: This process (pid=783) is multi-threaded, use of fork() may lead to deadlocks in the child.
  pid = os.fork()

[2024-07-24T23:21:01.250+0000] {standard_task_runner.py:64} INFO - Started process 788 to run task
[2024-07-24T23:21:01.251+0000] {standard_task_runner.py:90} INFO - Running: ['***', 'tasks', 'run', 'motower_daily_prod', 'sensor_trafic', 'scheduled__2024-06-25T06:00:00+00:00', '--job-id', '356', '--raw', '--subdir', 'DAGS_FOLDER/gps/custom_dags/motower_daily.py', '--cfg-path', '/tmp/tmplurdmb67']
[2024-07-24T23:21:01.253+0000] {standard_task_runner.py:91} INFO - Job 356: Subtask sensor_trafic
[2024-07-24T23:21:01.293+0000] {task_command.py:426} INFO - Running <TaskInstance: motower_daily_prod.sensor_trafic scheduled__2024-06-25T06:00:00+00:00 [running]> on host b3845fb494d4
[2024-07-24T23:21:01.369+0000] {taskinstance.py:2648} INFO - Exporting env vars: AIRFLOW_CTX_DAG_EMAIL='richmond.kongo@orange.com,assane.diop@orange.com,cyrille1.danho@orange.com,mohamed2.sylla@orange.com,amadou.diomande@orange.com,Jonas.kouame@orange.com,armand.kablan@orange.com,anicet.azombade@orange.com,etienne.kouadio@orange.com,bertine.kouakou@orange.com,florentine.kouakou@orange.com,ange.phaceli@orange.com,soulegame.soro@orange.com,innocent.yengo@orange.com' AIRFLOW_CTX_DAG_OWNER='***' AIRFLOW_CTX_DAG_ID='motower_daily_prod' AIRFLOW_CTX_TASK_ID='sensor_trafic' AIRFLOW_CTX_EXECUTION_DATE='2024-06-25T06:00:00+00:00' AIRFLOW_CTX_TRY_NUMBER='1' AIRFLOW_CTX_DAG_RUN_ID='scheduled__2024-06-25T06:00:00+00:00'
[2024-07-24T23:21:01.370+0000] {taskinstance.py:430} INFO - ::endgroup::
[2024-07-24T23:21:01.382+0000] {python.py:75} INFO - Poking callable: <function check_data_in_table at 0x73206ebbb420>
[2024-07-24T23:21:01.386+0000] {extract.py:126} INFO - Getting data of the table ks_daily_tdb_radio_drsi 
[2024-07-24T23:21:01.387+0000] {extract.py:127} INFO - where date is 2024-06-24
[2024-07-24T23:21:01.387+0000] {extract.py:102} INFO - get data to date 2024-06-24
[2024-07-24T23:21:01.391+0000] {warnings.py:112} WARNING - /opt/***/dags/gps/common/extract.py:103: UserWarning: pandas only supports SQLAlchemy connectable (engine/connection) or database string URI or sqlite3 DBAPI2 connection. Other DBAPI2 objects are not tested. Please consider using SQLAlchemy.
  df_ = pd.read_sql_query(sql_query, conn, params=params)

[2024-07-24T23:21:01.436+0000] {base.py:294} INFO - Success criteria met. Exiting.
[2024-07-24T23:21:01.437+0000] {taskinstance.py:441} INFO - ::group::Post task execution logs
[2024-07-24T23:21:01.446+0000] {taskinstance.py:1206} INFO - Marking task as SUCCESS. dag_id=motower_daily_prod, task_id=sensor_trafic, run_id=scheduled__2024-06-25T06:00:00+00:00, execution_date=20240625T060000, start_date=20240724T232101, end_date=20240724T232101
[2024-07-24T23:21:01.464+0000] {local_task_job_runner.py:243} INFO - Task exited with return code 0
[2024-07-24T23:21:01.473+0000] {local_task_job_runner.py:222} INFO - ::endgroup::
[2024-07-24T23:25:27.385+0000] {local_task_job_runner.py:120} INFO - ::group::Pre task execution logs
[2024-07-24T23:25:27.412+0000] {taskinstance.py:2076} INFO - Dependencies all met for dep_context=non-requeueable deps ti=<TaskInstance: motower_daily_prod.sensor_trafic scheduled__2024-06-25T06:00:00+00:00 [queued]>
[2024-07-24T23:25:27.423+0000] {taskinstance.py:2076} INFO - Dependencies all met for dep_context=requeueable deps ti=<TaskInstance: motower_daily_prod.sensor_trafic scheduled__2024-06-25T06:00:00+00:00 [queued]>
[2024-07-24T23:25:27.423+0000] {taskinstance.py:2306} INFO - Starting attempt 1 of 1
[2024-07-24T23:25:27.437+0000] {taskinstance.py:2330} INFO - Executing <Task(PythonSensor): sensor_trafic> on 2024-06-25 06:00:00+00:00
[2024-07-24T23:25:27.446+0000] {warnings.py:112} WARNING - /home/***/.local/lib/python3.12/site-packages/***/task/task_runner/standard_task_runner.py:62: DeprecationWarning: This process (pid=1100) is multi-threaded, use of fork() may lead to deadlocks in the child.
  pid = os.fork()

[2024-07-24T23:25:27.447+0000] {standard_task_runner.py:64} INFO - Started process 1106 to run task
[2024-07-24T23:25:27.448+0000] {standard_task_runner.py:90} INFO - Running: ['***', 'tasks', 'run', 'motower_daily_prod', 'sensor_trafic', 'scheduled__2024-06-25T06:00:00+00:00', '--job-id', '445', '--raw', '--subdir', 'DAGS_FOLDER/gps/custom_dags/motower_daily.py', '--cfg-path', '/tmp/tmpf7wjmvyp']
[2024-07-24T23:25:27.450+0000] {standard_task_runner.py:91} INFO - Job 445: Subtask sensor_trafic
[2024-07-24T23:25:27.489+0000] {task_command.py:426} INFO - Running <TaskInstance: motower_daily_prod.sensor_trafic scheduled__2024-06-25T06:00:00+00:00 [running]> on host b3845fb494d4
[2024-07-24T23:25:27.576+0000] {taskinstance.py:2648} INFO - Exporting env vars: AIRFLOW_CTX_DAG_EMAIL='richmond.kongo@orange.com,assane.diop@orange.com,cyrille1.danho@orange.com,mohamed2.sylla@orange.com,amadou.diomande@orange.com,Jonas.kouame@orange.com,armand.kablan@orange.com,anicet.azombade@orange.com,etienne.kouadio@orange.com,bertine.kouakou@orange.com,florentine.kouakou@orange.com,ange.phaceli@orange.com,soulegame.soro@orange.com,innocent.yengo@orange.com' AIRFLOW_CTX_DAG_OWNER='***' AIRFLOW_CTX_DAG_ID='motower_daily_prod' AIRFLOW_CTX_TASK_ID='sensor_trafic' AIRFLOW_CTX_EXECUTION_DATE='2024-06-25T06:00:00+00:00' AIRFLOW_CTX_TRY_NUMBER='1' AIRFLOW_CTX_DAG_RUN_ID='scheduled__2024-06-25T06:00:00+00:00'
[2024-07-24T23:25:27.577+0000] {taskinstance.py:430} INFO - ::endgroup::
[2024-07-24T23:25:27.591+0000] {python.py:75} INFO - Poking callable: <function check_data_in_table at 0x73206ebaf740>
[2024-07-24T23:25:27.595+0000] {extract.py:126} INFO - Getting data of the table ks_daily_tdb_radio_drsi 
[2024-07-24T23:25:27.596+0000] {extract.py:127} INFO - where date is 2024-06-24
[2024-07-24T23:25:27.596+0000] {extract.py:102} INFO - get data to date 2024-06-24
[2024-07-24T23:25:27.601+0000] {warnings.py:112} WARNING - /opt/***/dags/gps/common/extract.py:103: UserWarning: pandas only supports SQLAlchemy connectable (engine/connection) or database string URI or sqlite3 DBAPI2 connection. Other DBAPI2 objects are not tested. Please consider using SQLAlchemy.
  df_ = pd.read_sql_query(sql_query, conn, params=params)

[2024-07-24T23:25:27.658+0000] {base.py:294} INFO - Success criteria met. Exiting.
[2024-07-24T23:25:27.658+0000] {taskinstance.py:441} INFO - ::group::Post task execution logs
[2024-07-24T23:25:27.668+0000] {taskinstance.py:1206} INFO - Marking task as SUCCESS. dag_id=motower_daily_prod, task_id=sensor_trafic, run_id=scheduled__2024-06-25T06:00:00+00:00, execution_date=20240625T060000, start_date=20240724T232527, end_date=20240724T232527
[2024-07-24T23:25:27.701+0000] {local_task_job_runner.py:243} INFO - Task exited with return code 0
[2024-07-24T23:25:27.709+0000] {local_task_job_runner.py:222} INFO - ::endgroup::
[2024-07-25T08:33:28.864+0000] {local_task_job_runner.py:120} INFO - ::group::Pre task execution logs
[2024-07-25T08:33:28.903+0000] {taskinstance.py:2076} INFO - Dependencies all met for dep_context=non-requeueable deps ti=<TaskInstance: motower_daily_prod.sensor_trafic scheduled__2024-06-25T06:00:00+00:00 [queued]>
[2024-07-25T08:33:28.915+0000] {taskinstance.py:2076} INFO - Dependencies all met for dep_context=requeueable deps ti=<TaskInstance: motower_daily_prod.sensor_trafic scheduled__2024-06-25T06:00:00+00:00 [queued]>
[2024-07-25T08:33:28.916+0000] {taskinstance.py:2306} INFO - Starting attempt 1 of 1
[2024-07-25T08:33:28.932+0000] {taskinstance.py:2330} INFO - Executing <Task(PythonSensor): sensor_trafic> on 2024-06-25 06:00:00+00:00
[2024-07-25T08:33:28.947+0000] {warnings.py:112} WARNING - /home/***/.local/lib/python3.12/site-packages/***/task/task_runner/standard_task_runner.py:62: DeprecationWarning: This process (pid=2502) is multi-threaded, use of fork() may lead to deadlocks in the child.
  pid = os.fork()

[2024-07-25T08:33:28.949+0000] {standard_task_runner.py:64} INFO - Started process 2515 to run task
[2024-07-25T08:33:28.949+0000] {standard_task_runner.py:90} INFO - Running: ['***', 'tasks', 'run', 'motower_daily_prod', 'sensor_trafic', 'scheduled__2024-06-25T06:00:00+00:00', '--job-id', '866', '--raw', '--subdir', 'DAGS_FOLDER/gps/custom_dags/motower_daily.py', '--cfg-path', '/tmp/tmptdp9wsd8']
[2024-07-25T08:33:28.952+0000] {standard_task_runner.py:91} INFO - Job 866: Subtask sensor_trafic
[2024-07-25T08:33:28.999+0000] {task_command.py:426} INFO - Running <TaskInstance: motower_daily_prod.sensor_trafic scheduled__2024-06-25T06:00:00+00:00 [running]> on host b3845fb494d4
[2024-07-25T08:33:29.104+0000] {taskinstance.py:2648} INFO - Exporting env vars: AIRFLOW_CTX_DAG_EMAIL='richmond.kongo@orange.com,assane.diop@orange.com,cyrille1.danho@orange.com,mohamed2.sylla@orange.com,amadou.diomande@orange.com,Jonas.kouame@orange.com,armand.kablan@orange.com,anicet.azombade@orange.com,etienne.kouadio@orange.com,bertine.kouakou@orange.com,florentine.kouakou@orange.com,ange.phaceli@orange.com,soulegame.soro@orange.com,innocent.yengo@orange.com' AIRFLOW_CTX_DAG_OWNER='***' AIRFLOW_CTX_DAG_ID='motower_daily_prod' AIRFLOW_CTX_TASK_ID='sensor_trafic' AIRFLOW_CTX_EXECUTION_DATE='2024-06-25T06:00:00+00:00' AIRFLOW_CTX_TRY_NUMBER='1' AIRFLOW_CTX_DAG_RUN_ID='scheduled__2024-06-25T06:00:00+00:00'
[2024-07-25T08:33:29.106+0000] {taskinstance.py:430} INFO - ::endgroup::
[2024-07-25T08:33:29.119+0000] {python.py:75} INFO - Poking callable: <function check_data_in_table at 0x73206ebae840>
[2024-07-25T08:33:29.123+0000] {extract.py:126} INFO - Getting data of the table ks_daily_tdb_radio_drsi 
[2024-07-25T08:33:29.124+0000] {extract.py:127} INFO - where date is 2024-06-24
[2024-07-25T08:33:29.125+0000] {extract.py:102} INFO - get data to date 2024-06-24
[2024-07-25T08:33:29.130+0000] {warnings.py:112} WARNING - /opt/***/dags/gps/common/extract.py:103: UserWarning: pandas only supports SQLAlchemy connectable (engine/connection) or database string URI or sqlite3 DBAPI2 connection. Other DBAPI2 objects are not tested. Please consider using SQLAlchemy.
  df_ = pd.read_sql_query(sql_query, conn, params=params)

[2024-07-25T08:33:29.197+0000] {base.py:294} INFO - Success criteria met. Exiting.
[2024-07-25T08:33:29.198+0000] {taskinstance.py:441} INFO - ::group::Post task execution logs
[2024-07-25T08:33:29.208+0000] {taskinstance.py:1206} INFO - Marking task as SUCCESS. dag_id=motower_daily_prod, task_id=sensor_trafic, run_id=scheduled__2024-06-25T06:00:00+00:00, execution_date=20240625T060000, start_date=20240725T083328, end_date=20240725T083329
[2024-07-25T08:33:29.243+0000] {local_task_job_runner.py:243} INFO - Task exited with return code 0
[2024-07-25T08:33:29.252+0000] {local_task_job_runner.py:222} INFO - ::endgroup::
[2024-07-25T10:37:14.920+0000] {local_task_job_runner.py:120} INFO - ::group::Pre task execution logs
[2024-07-25T10:37:14.965+0000] {taskinstance.py:2076} INFO - Dependencies all met for dep_context=non-requeueable deps ti=<TaskInstance: motower_daily_prod.sensor_trafic scheduled__2024-06-25T06:00:00+00:00 [queued]>
[2024-07-25T10:37:14.985+0000] {taskinstance.py:2076} INFO - Dependencies all met for dep_context=requeueable deps ti=<TaskInstance: motower_daily_prod.sensor_trafic scheduled__2024-06-25T06:00:00+00:00 [queued]>
[2024-07-25T10:37:14.985+0000] {taskinstance.py:2306} INFO - Starting attempt 1 of 1
[2024-07-25T10:37:15.003+0000] {taskinstance.py:2330} INFO - Executing <Task(PythonSensor): sensor_trafic> on 2024-06-25 06:00:00+00:00
[2024-07-25T10:37:15.021+0000] {warnings.py:112} WARNING - /home/***/.local/lib/python3.12/site-packages/***/task/task_runner/standard_task_runner.py:62: DeprecationWarning: This process (pid=5471) is multi-threaded, use of fork() may lead to deadlocks in the child.
  pid = os.fork()

[2024-07-25T10:37:15.024+0000] {standard_task_runner.py:64} INFO - Started process 5492 to run task
[2024-07-25T10:37:15.024+0000] {standard_task_runner.py:90} INFO - Running: ['***', 'tasks', 'run', 'motower_daily_prod', 'sensor_trafic', 'scheduled__2024-06-25T06:00:00+00:00', '--job-id', '1324', '--raw', '--subdir', 'DAGS_FOLDER/gps/custom_dags/motower_daily.py', '--cfg-path', '/tmp/tmpj_96a7hl']
[2024-07-25T10:37:15.027+0000] {standard_task_runner.py:91} INFO - Job 1324: Subtask sensor_trafic
[2024-07-25T10:37:15.092+0000] {task_command.py:426} INFO - Running <TaskInstance: motower_daily_prod.sensor_trafic scheduled__2024-06-25T06:00:00+00:00 [running]> on host b3845fb494d4
[2024-07-25T10:37:15.337+0000] {taskinstance.py:2648} INFO - Exporting env vars: AIRFLOW_CTX_DAG_EMAIL='richmond.kongo@orange.com,assane.diop@orange.com,cyrille1.danho@orange.com,mohamed2.sylla@orange.com,amadou.diomande@orange.com,Jonas.kouame@orange.com,armand.kablan@orange.com,anicet.azombade@orange.com,etienne.kouadio@orange.com,bertine.kouakou@orange.com,florentine.kouakou@orange.com,ange.phaceli@orange.com,soulegame.soro@orange.com,innocent.yengo@orange.com' AIRFLOW_CTX_DAG_OWNER='***' AIRFLOW_CTX_DAG_ID='motower_daily_prod' AIRFLOW_CTX_TASK_ID='sensor_trafic' AIRFLOW_CTX_EXECUTION_DATE='2024-06-25T06:00:00+00:00' AIRFLOW_CTX_TRY_NUMBER='1' AIRFLOW_CTX_DAG_RUN_ID='scheduled__2024-06-25T06:00:00+00:00'
[2024-07-25T10:37:15.338+0000] {taskinstance.py:430} INFO - ::endgroup::
[2024-07-25T10:37:15.358+0000] {python.py:75} INFO - Poking callable: <function check_data_in_table at 0x73206e9839c0>
[2024-07-25T10:37:15.363+0000] {extract.py:126} INFO - Getting data of the table ks_daily_tdb_radio_drsi 
[2024-07-25T10:37:15.364+0000] {extract.py:127} INFO - where date is 2024-06-24
[2024-07-25T10:37:15.364+0000] {extract.py:102} INFO - get data to date 2024-06-24
[2024-07-25T10:37:15.369+0000] {warnings.py:112} WARNING - /opt/***/dags/gps/common/extract.py:103: UserWarning: pandas only supports SQLAlchemy connectable (engine/connection) or database string URI or sqlite3 DBAPI2 connection. Other DBAPI2 objects are not tested. Please consider using SQLAlchemy.
  df_ = pd.read_sql_query(sql_query, conn, params=params)

[2024-07-25T10:37:15.453+0000] {base.py:294} INFO - Success criteria met. Exiting.
[2024-07-25T10:37:15.453+0000] {taskinstance.py:441} INFO - ::group::Post task execution logs
[2024-07-25T10:37:15.466+0000] {taskinstance.py:1206} INFO - Marking task as SUCCESS. dag_id=motower_daily_prod, task_id=sensor_trafic, run_id=scheduled__2024-06-25T06:00:00+00:00, execution_date=20240625T060000, start_date=20240725T103714, end_date=20240725T103715
[2024-07-25T10:37:15.491+0000] {local_task_job_runner.py:243} INFO - Task exited with return code 0
[2024-07-25T10:37:15.505+0000] {local_task_job_runner.py:222} INFO - ::endgroup::
[2024-07-25T12:24:32.071+0000] {local_task_job_runner.py:120} INFO - ::group::Pre task execution logs
[2024-07-25T12:24:32.106+0000] {taskinstance.py:2076} INFO - Dependencies all met for dep_context=non-requeueable deps ti=<TaskInstance: motower_daily_prod.sensor_trafic scheduled__2024-06-25T06:00:00+00:00 [queued]>
[2024-07-25T12:24:32.117+0000] {taskinstance.py:2076} INFO - Dependencies all met for dep_context=requeueable deps ti=<TaskInstance: motower_daily_prod.sensor_trafic scheduled__2024-06-25T06:00:00+00:00 [queued]>
[2024-07-25T12:24:32.117+0000] {taskinstance.py:2306} INFO - Starting attempt 1 of 1
[2024-07-25T12:24:32.130+0000] {taskinstance.py:2330} INFO - Executing <Task(PythonSensor): sensor_trafic> on 2024-06-25 06:00:00+00:00
[2024-07-25T12:24:32.145+0000] {warnings.py:112} WARNING - /home/***/.local/lib/python3.12/site-packages/***/task/task_runner/standard_task_runner.py:62: DeprecationWarning: This process (pid=9065) is multi-threaded, use of fork() may lead to deadlocks in the child.
  pid = os.fork()

[2024-07-25T12:24:32.146+0000] {standard_task_runner.py:64} INFO - Started process 9076 to run task
[2024-07-25T12:24:32.152+0000] {standard_task_runner.py:90} INFO - Running: ['***', 'tasks', 'run', 'motower_daily_prod', 'sensor_trafic', 'scheduled__2024-06-25T06:00:00+00:00', '--job-id', '2056', '--raw', '--subdir', 'DAGS_FOLDER/gps/custom_dags/motower_daily.py', '--cfg-path', '/tmp/tmpeuikoouv']
[2024-07-25T12:24:32.154+0000] {standard_task_runner.py:91} INFO - Job 2056: Subtask sensor_trafic
[2024-07-25T12:24:32.216+0000] {task_command.py:426} INFO - Running <TaskInstance: motower_daily_prod.sensor_trafic scheduled__2024-06-25T06:00:00+00:00 [running]> on host b3845fb494d4
[2024-07-25T12:24:32.334+0000] {taskinstance.py:2648} INFO - Exporting env vars: AIRFLOW_CTX_DAG_EMAIL='richmond.kongo@orange.com,assane.diop@orange.com,cyrille1.danho@orange.com,mohamed2.sylla@orange.com,amadou.diomande@orange.com,Jonas.kouame@orange.com,armand.kablan@orange.com,anicet.azombade@orange.com,etienne.kouadio@orange.com,bertine.kouakou@orange.com,florentine.kouakou@orange.com,ange.phaceli@orange.com,soulegame.soro@orange.com,innocent.yengo@orange.com' AIRFLOW_CTX_DAG_OWNER='***' AIRFLOW_CTX_DAG_ID='motower_daily_prod' AIRFLOW_CTX_TASK_ID='sensor_trafic' AIRFLOW_CTX_EXECUTION_DATE='2024-06-25T06:00:00+00:00' AIRFLOW_CTX_TRY_NUMBER='1' AIRFLOW_CTX_DAG_RUN_ID='scheduled__2024-06-25T06:00:00+00:00'
[2024-07-25T12:24:32.335+0000] {taskinstance.py:430} INFO - ::endgroup::
[2024-07-25T12:24:32.348+0000] {python.py:75} INFO - Poking callable: <function check_data_in_table at 0x73206e934cc0>
[2024-07-25T12:24:32.352+0000] {extract.py:126} INFO - Getting data of the table ks_daily_tdb_radio_drsi 
[2024-07-25T12:24:32.353+0000] {extract.py:127} INFO - where date is 2024-06-24
[2024-07-25T12:24:32.353+0000] {extract.py:102} INFO - get data to date 2024-06-24
[2024-07-25T12:24:32.358+0000] {warnings.py:112} WARNING - /opt/***/dags/gps/common/extract.py:103: UserWarning: pandas only supports SQLAlchemy connectable (engine/connection) or database string URI or sqlite3 DBAPI2 connection. Other DBAPI2 objects are not tested. Please consider using SQLAlchemy.
  df_ = pd.read_sql_query(sql_query, conn, params=params)

[2024-07-25T12:24:32.424+0000] {base.py:294} INFO - Success criteria met. Exiting.
[2024-07-25T12:24:32.424+0000] {taskinstance.py:441} INFO - ::group::Post task execution logs
[2024-07-25T12:24:32.435+0000] {taskinstance.py:1206} INFO - Marking task as SUCCESS. dag_id=motower_daily_prod, task_id=sensor_trafic, run_id=scheduled__2024-06-25T06:00:00+00:00, execution_date=20240625T060000, start_date=20240725T122432, end_date=20240725T122432
[2024-07-25T12:24:32.481+0000] {local_task_job_runner.py:243} INFO - Task exited with return code 0
[2024-07-25T12:24:32.491+0000] {local_task_job_runner.py:222} INFO - ::endgroup::
[2024-07-25T13:25:53.083+0000] {local_task_job_runner.py:120} INFO - ::group::Pre task execution logs
[2024-07-25T13:25:53.120+0000] {taskinstance.py:2076} INFO - Dependencies all met for dep_context=non-requeueable deps ti=<TaskInstance: motower_daily_prod.sensor_trafic scheduled__2024-06-25T06:00:00+00:00 [queued]>
[2024-07-25T13:25:53.134+0000] {taskinstance.py:2076} INFO - Dependencies all met for dep_context=requeueable deps ti=<TaskInstance: motower_daily_prod.sensor_trafic scheduled__2024-06-25T06:00:00+00:00 [queued]>
[2024-07-25T13:25:53.134+0000] {taskinstance.py:2306} INFO - Starting attempt 1 of 1
[2024-07-25T13:25:53.149+0000] {taskinstance.py:2330} INFO - Executing <Task(PythonSensor): sensor_trafic> on 2024-06-25 06:00:00+00:00
[2024-07-25T13:25:53.162+0000] {warnings.py:112} WARNING - /home/***/.local/lib/python3.12/site-packages/***/task/task_runner/standard_task_runner.py:62: DeprecationWarning: This process (pid=12408) is multi-threaded, use of fork() may lead to deadlocks in the child.
  pid = os.fork()

[2024-07-25T13:25:53.164+0000] {standard_task_runner.py:64} INFO - Started process 12421 to run task
[2024-07-25T13:25:53.164+0000] {standard_task_runner.py:90} INFO - Running: ['***', 'tasks', 'run', 'motower_daily_prod', 'sensor_trafic', 'scheduled__2024-06-25T06:00:00+00:00', '--job-id', '2912', '--raw', '--subdir', 'DAGS_FOLDER/gps/custom_dags/motower_daily.py', '--cfg-path', '/tmp/tmpxpmnltct']
[2024-07-25T13:25:53.166+0000] {standard_task_runner.py:91} INFO - Job 2912: Subtask sensor_trafic
[2024-07-25T13:25:53.224+0000] {task_command.py:426} INFO - Running <TaskInstance: motower_daily_prod.sensor_trafic scheduled__2024-06-25T06:00:00+00:00 [running]> on host b3845fb494d4
[2024-07-25T13:25:53.361+0000] {taskinstance.py:2648} INFO - Exporting env vars: AIRFLOW_CTX_DAG_EMAIL='richmond.kongo@orange.com,assane.diop@orange.com,cyrille1.danho@orange.com,mohamed2.sylla@orange.com,amadou.diomande@orange.com,Jonas.kouame@orange.com,armand.kablan@orange.com,anicet.azombade@orange.com,etienne.kouadio@orange.com,bertine.kouakou@orange.com,florentine.kouakou@orange.com,ange.phaceli@orange.com,soulegame.soro@orange.com,innocent.yengo@orange.com' AIRFLOW_CTX_DAG_OWNER='***' AIRFLOW_CTX_DAG_ID='motower_daily_prod' AIRFLOW_CTX_TASK_ID='sensor_trafic' AIRFLOW_CTX_EXECUTION_DATE='2024-06-25T06:00:00+00:00' AIRFLOW_CTX_TRY_NUMBER='1' AIRFLOW_CTX_DAG_RUN_ID='scheduled__2024-06-25T06:00:00+00:00'
[2024-07-25T13:25:53.362+0000] {taskinstance.py:430} INFO - ::endgroup::
[2024-07-25T13:25:53.377+0000] {python.py:75} INFO - Poking callable: <function check_data_in_table at 0x73206e79cea0>
[2024-07-25T13:25:53.382+0000] {extract.py:126} INFO - Getting data of the table ks_daily_tdb_radio_drsi 
[2024-07-25T13:25:53.382+0000] {extract.py:127} INFO - where date is 2024-06-24
[2024-07-25T13:25:53.382+0000] {extract.py:102} INFO - get data to date 2024-06-24
[2024-07-25T13:25:53.390+0000] {warnings.py:112} WARNING - /opt/***/dags/gps/common/extract.py:103: UserWarning: pandas only supports SQLAlchemy connectable (engine/connection) or database string URI or sqlite3 DBAPI2 connection. Other DBAPI2 objects are not tested. Please consider using SQLAlchemy.
  df_ = pd.read_sql_query(sql_query, conn, params=params)

[2024-07-25T13:25:53.470+0000] {base.py:294} INFO - Success criteria met. Exiting.
[2024-07-25T13:25:53.471+0000] {taskinstance.py:441} INFO - ::group::Post task execution logs
[2024-07-25T13:25:53.484+0000] {taskinstance.py:1206} INFO - Marking task as SUCCESS. dag_id=motower_daily_prod, task_id=sensor_trafic, run_id=scheduled__2024-06-25T06:00:00+00:00, execution_date=20240625T060000, start_date=20240725T132553, end_date=20240725T132553
[2024-07-25T13:25:53.544+0000] {local_task_job_runner.py:243} INFO - Task exited with return code 0
[2024-07-25T13:25:53.555+0000] {local_task_job_runner.py:222} INFO - ::endgroup::
[2024-07-25T15:07:15.206+0000] {local_task_job_runner.py:120} INFO - ::group::Pre task execution logs
[2024-07-25T15:07:15.253+0000] {taskinstance.py:2076} INFO - Dependencies all met for dep_context=non-requeueable deps ti=<TaskInstance: motower_daily_prod.sensor_trafic scheduled__2024-06-25T06:00:00+00:00 [queued]>
[2024-07-25T15:07:15.266+0000] {taskinstance.py:2076} INFO - Dependencies all met for dep_context=requeueable deps ti=<TaskInstance: motower_daily_prod.sensor_trafic scheduled__2024-06-25T06:00:00+00:00 [queued]>
[2024-07-25T15:07:15.266+0000] {taskinstance.py:2306} INFO - Starting attempt 1 of 1
[2024-07-25T15:07:15.284+0000] {taskinstance.py:2330} INFO - Executing <Task(PythonSensor): sensor_trafic> on 2024-06-25 06:00:00+00:00
[2024-07-25T15:07:15.299+0000] {warnings.py:112} WARNING - /home/***/.local/lib/python3.12/site-packages/***/task/task_runner/standard_task_runner.py:62: DeprecationWarning: This process (pid=14581) is multi-threaded, use of fork() may lead to deadlocks in the child.
  pid = os.fork()

[2024-07-25T15:07:15.301+0000] {standard_task_runner.py:64} INFO - Started process 14599 to run task
[2024-07-25T15:07:15.302+0000] {standard_task_runner.py:90} INFO - Running: ['***', 'tasks', 'run', 'motower_daily_prod', 'sensor_trafic', 'scheduled__2024-06-25T06:00:00+00:00', '--job-id', '3192', '--raw', '--subdir', 'DAGS_FOLDER/gps/custom_dags/motower_daily.py', '--cfg-path', '/tmp/tmphgjsw03x']
[2024-07-25T15:07:15.305+0000] {standard_task_runner.py:91} INFO - Job 3192: Subtask sensor_trafic
[2024-07-25T15:07:15.372+0000] {task_command.py:426} INFO - Running <TaskInstance: motower_daily_prod.sensor_trafic scheduled__2024-06-25T06:00:00+00:00 [running]> on host b3845fb494d4
[2024-07-25T15:07:15.498+0000] {taskinstance.py:2648} INFO - Exporting env vars: AIRFLOW_CTX_DAG_EMAIL='richmond.kongo@orange.com,assane.diop@orange.com,cyrille1.danho@orange.com,mohamed2.sylla@orange.com,amadou.diomande@orange.com,Jonas.kouame@orange.com,armand.kablan@orange.com,anicet.azombade@orange.com,etienne.kouadio@orange.com,bertine.kouakou@orange.com,florentine.kouakou@orange.com,ange.phaceli@orange.com,soulegame.soro@orange.com,innocent.yengo@orange.com' AIRFLOW_CTX_DAG_OWNER='***' AIRFLOW_CTX_DAG_ID='motower_daily_prod' AIRFLOW_CTX_TASK_ID='sensor_trafic' AIRFLOW_CTX_EXECUTION_DATE='2024-06-25T06:00:00+00:00' AIRFLOW_CTX_TRY_NUMBER='1' AIRFLOW_CTX_DAG_RUN_ID='scheduled__2024-06-25T06:00:00+00:00'
[2024-07-25T15:07:15.503+0000] {taskinstance.py:430} INFO - ::endgroup::
[2024-07-25T15:07:15.522+0000] {python.py:75} INFO - Poking callable: <function check_data_in_table at 0x73206e887060>
[2024-07-25T15:07:15.532+0000] {extract.py:126} INFO - Getting data of the table ks_daily_tdb_radio_drsi 
[2024-07-25T15:07:15.536+0000] {extract.py:127} INFO - where date is 2024-06-24
[2024-07-25T15:07:15.537+0000] {extract.py:102} INFO - get data to date 2024-06-24
[2024-07-25T15:07:15.545+0000] {warnings.py:112} WARNING - /opt/***/dags/gps/common/extract.py:103: UserWarning: pandas only supports SQLAlchemy connectable (engine/connection) or database string URI or sqlite3 DBAPI2 connection. Other DBAPI2 objects are not tested. Please consider using SQLAlchemy.
  df_ = pd.read_sql_query(sql_query, conn, params=params)

[2024-07-25T15:07:15.650+0000] {base.py:294} INFO - Success criteria met. Exiting.
[2024-07-25T15:07:15.651+0000] {taskinstance.py:441} INFO - ::group::Post task execution logs
[2024-07-25T15:07:15.669+0000] {taskinstance.py:1206} INFO - Marking task as SUCCESS. dag_id=motower_daily_prod, task_id=sensor_trafic, run_id=scheduled__2024-06-25T06:00:00+00:00, execution_date=20240625T060000, start_date=20240725T150715, end_date=20240725T150715
[2024-07-25T15:07:15.731+0000] {local_task_job_runner.py:243} INFO - Task exited with return code 0
[2024-07-25T15:07:15.754+0000] {local_task_job_runner.py:222} INFO - ::endgroup::
[2024-07-26T11:43:18.388+0000] {local_task_job_runner.py:120} INFO - ::group::Pre task execution logs
[2024-07-26T11:43:18.431+0000] {taskinstance.py:2076} INFO - Dependencies all met for dep_context=non-requeueable deps ti=<TaskInstance: motower_daily_prod.sensor_trafic scheduled__2024-06-25T06:00:00+00:00 [queued]>
[2024-07-26T11:43:18.450+0000] {taskinstance.py:2076} INFO - Dependencies all met for dep_context=requeueable deps ti=<TaskInstance: motower_daily_prod.sensor_trafic scheduled__2024-06-25T06:00:00+00:00 [queued]>
[2024-07-26T11:43:18.451+0000] {taskinstance.py:2306} INFO - Starting attempt 1 of 1
[2024-07-26T11:43:18.471+0000] {taskinstance.py:2330} INFO - Executing <Task(PythonSensor): sensor_trafic> on 2024-06-25 06:00:00+00:00
[2024-07-26T11:43:18.487+0000] {warnings.py:112} WARNING - /home/***/.local/lib/python3.12/site-packages/***/task/task_runner/standard_task_runner.py:62: DeprecationWarning: This process (pid=2679) is multi-threaded, use of fork() may lead to deadlocks in the child.
  pid = os.fork()

[2024-07-26T11:43:18.489+0000] {standard_task_runner.py:64} INFO - Started process 2696 to run task
[2024-07-26T11:43:18.491+0000] {standard_task_runner.py:90} INFO - Running: ['***', 'tasks', 'run', 'motower_daily_prod', 'sensor_trafic', 'scheduled__2024-06-25T06:00:00+00:00', '--job-id', '3848', '--raw', '--subdir', 'DAGS_FOLDER/gps/custom_dags/motower_daily.py', '--cfg-path', '/tmp/tmp121kbvxn']
[2024-07-26T11:43:18.495+0000] {standard_task_runner.py:91} INFO - Job 3848: Subtask sensor_trafic
[2024-07-26T11:43:18.567+0000] {task_command.py:426} INFO - Running <TaskInstance: motower_daily_prod.sensor_trafic scheduled__2024-06-25T06:00:00+00:00 [running]> on host b3845fb494d4
[2024-07-26T11:43:18.707+0000] {taskinstance.py:2648} INFO - Exporting env vars: AIRFLOW_CTX_DAG_EMAIL='richmond.kongo@orange.com,assane.diop@orange.com,cyrille1.danho@orange.com,mohamed2.sylla@orange.com,amadou.diomande@orange.com,Jonas.kouame@orange.com,armand.kablan@orange.com,anicet.azombade@orange.com,etienne.kouadio@orange.com,bertine.kouakou@orange.com,florentine.kouakou@orange.com,ange.phaceli@orange.com,soulegame.soro@orange.com,innocent.yengo@orange.com' AIRFLOW_CTX_DAG_OWNER='***' AIRFLOW_CTX_DAG_ID='motower_daily_prod' AIRFLOW_CTX_TASK_ID='sensor_trafic' AIRFLOW_CTX_EXECUTION_DATE='2024-06-25T06:00:00+00:00' AIRFLOW_CTX_TRY_NUMBER='1' AIRFLOW_CTX_DAG_RUN_ID='scheduled__2024-06-25T06:00:00+00:00'
[2024-07-26T11:43:18.709+0000] {taskinstance.py:430} INFO - ::endgroup::
[2024-07-26T11:43:18.731+0000] {python.py:75} INFO - Poking callable: <function check_data_in_table at 0x745e34f7cb80>
[2024-07-26T11:43:18.739+0000] {extract.py:126} INFO - Getting data of the table ks_daily_tdb_radio_drsi 
[2024-07-26T11:43:18.740+0000] {extract.py:127} INFO - where date is 2024-06-24
[2024-07-26T11:43:18.740+0000] {extract.py:102} INFO - get data to date 2024-06-24
[2024-07-26T11:43:18.747+0000] {warnings.py:112} WARNING - /opt/***/dags/gps/common/extract.py:103: UserWarning: pandas only supports SQLAlchemy connectable (engine/connection) or database string URI or sqlite3 DBAPI2 connection. Other DBAPI2 objects are not tested. Please consider using SQLAlchemy.
  df_ = pd.read_sql_query(sql_query, conn, params=params)

[2024-07-26T11:43:18.843+0000] {base.py:294} INFO - Success criteria met. Exiting.
[2024-07-26T11:43:18.844+0000] {taskinstance.py:441} INFO - ::group::Post task execution logs
[2024-07-26T11:43:18.867+0000] {taskinstance.py:1206} INFO - Marking task as SUCCESS. dag_id=motower_daily_prod, task_id=sensor_trafic, run_id=scheduled__2024-06-25T06:00:00+00:00, execution_date=20240625T060000, start_date=20240726T114318, end_date=20240726T114318
[2024-07-26T11:43:18.913+0000] {local_task_job_runner.py:243} INFO - Task exited with return code 0
[2024-07-26T11:43:18.933+0000] {local_task_job_runner.py:222} INFO - ::endgroup::
[2024-07-26T12:21:27.234+0000] {local_task_job_runner.py:120} INFO - ::group::Pre task execution logs
[2024-07-26T12:21:27.300+0000] {taskinstance.py:2076} INFO - Dependencies all met for dep_context=non-requeueable deps ti=<TaskInstance: motower_daily_prod.sensor_trafic scheduled__2024-06-25T06:00:00+00:00 [queued]>
[2024-07-26T12:21:27.318+0000] {taskinstance.py:2076} INFO - Dependencies all met for dep_context=requeueable deps ti=<TaskInstance: motower_daily_prod.sensor_trafic scheduled__2024-06-25T06:00:00+00:00 [queued]>
[2024-07-26T12:21:27.319+0000] {taskinstance.py:2306} INFO - Starting attempt 1 of 1
[2024-07-26T12:21:27.347+0000] {taskinstance.py:2330} INFO - Executing <Task(PythonSensor): sensor_trafic> on 2024-06-25 06:00:00+00:00
[2024-07-26T12:21:27.363+0000] {warnings.py:112} WARNING - /home/***/.local/lib/python3.12/site-packages/***/task/task_runner/standard_task_runner.py:62: DeprecationWarning: This process (pid=1034) is multi-threaded, use of fork() may lead to deadlocks in the child.
  pid = os.fork()

[2024-07-26T12:21:27.365+0000] {standard_task_runner.py:64} INFO - Started process 1058 to run task
[2024-07-26T12:21:27.365+0000] {standard_task_runner.py:90} INFO - Running: ['***', 'tasks', 'run', 'motower_daily_prod', 'sensor_trafic', 'scheduled__2024-06-25T06:00:00+00:00', '--job-id', '309', '--raw', '--subdir', 'DAGS_FOLDER/gps/custom_dags/motower_daily.py', '--cfg-path', '/tmp/tmpv5qqfd1q']
[2024-07-26T12:21:27.368+0000] {standard_task_runner.py:91} INFO - Job 309: Subtask sensor_trafic
[2024-07-26T12:21:27.431+0000] {task_command.py:426} INFO - Running <TaskInstance: motower_daily_prod.sensor_trafic scheduled__2024-06-25T06:00:00+00:00 [running]> on host 88c2b04746a4
[2024-07-26T12:21:27.554+0000] {taskinstance.py:2648} INFO - Exporting env vars: AIRFLOW_CTX_DAG_EMAIL='richmond.kongo@orange.com,assane.diop@orange.com,cyrille1.danho@orange.com,mohamed2.sylla@orange.com,amadou.diomande@orange.com,Jonas.kouame@orange.com,armand.kablan@orange.com,anicet.azombade@orange.com,etienne.kouadio@orange.com,bertine.kouakou@orange.com,florentine.kouakou@orange.com,ange.phaceli@orange.com,soulegame.soro@orange.com,innocent.yengo@orange.com' AIRFLOW_CTX_DAG_OWNER='***' AIRFLOW_CTX_DAG_ID='motower_daily_prod' AIRFLOW_CTX_TASK_ID='sensor_trafic' AIRFLOW_CTX_EXECUTION_DATE='2024-06-25T06:00:00+00:00' AIRFLOW_CTX_TRY_NUMBER='1' AIRFLOW_CTX_DAG_RUN_ID='scheduled__2024-06-25T06:00:00+00:00'
[2024-07-26T12:21:27.555+0000] {taskinstance.py:430} INFO - ::endgroup::
[2024-07-26T12:21:27.568+0000] {python.py:75} INFO - Poking callable: <function check_data_in_table at 0x743a3f01fba0>
[2024-07-26T12:21:27.572+0000] {extract.py:126} INFO - Getting data of the table ks_daily_tdb_radio_drsi 
[2024-07-26T12:21:27.572+0000] {extract.py:127} INFO - where date is 2024-06-24
[2024-07-26T12:21:27.573+0000] {extract.py:102} INFO - get data to date 2024-06-24
[2024-07-26T12:21:27.578+0000] {warnings.py:112} WARNING - /opt/***/dags/gps/common/extract.py:103: UserWarning: pandas only supports SQLAlchemy connectable (engine/connection) or database string URI or sqlite3 DBAPI2 connection. Other DBAPI2 objects are not tested. Please consider using SQLAlchemy.
  df_ = pd.read_sql_query(sql_query, conn, params=params)

[2024-07-26T12:21:27.650+0000] {base.py:294} INFO - Success criteria met. Exiting.
[2024-07-26T12:21:27.650+0000] {taskinstance.py:441} INFO - ::group::Post task execution logs
[2024-07-26T12:21:27.660+0000] {taskinstance.py:1206} INFO - Marking task as SUCCESS. dag_id=motower_daily_prod, task_id=sensor_trafic, run_id=scheduled__2024-06-25T06:00:00+00:00, execution_date=20240625T060000, start_date=20240726T122127, end_date=20240726T122127
[2024-07-26T12:21:27.713+0000] {local_task_job_runner.py:243} INFO - Task exited with return code 0
[2024-07-26T12:21:27.723+0000] {local_task_job_runner.py:222} INFO - ::endgroup::
[2024-07-26T12:24:45.369+0000] {local_task_job_runner.py:120} INFO - ::group::Pre task execution logs
[2024-07-26T12:24:45.420+0000] {taskinstance.py:2076} INFO - Dependencies all met for dep_context=non-requeueable deps ti=<TaskInstance: motower_daily_prod.sensor_trafic scheduled__2024-06-25T06:00:00+00:00 [queued]>
[2024-07-26T12:24:45.437+0000] {taskinstance.py:2076} INFO - Dependencies all met for dep_context=requeueable deps ti=<TaskInstance: motower_daily_prod.sensor_trafic scheduled__2024-06-25T06:00:00+00:00 [queued]>
[2024-07-26T12:24:45.437+0000] {taskinstance.py:2306} INFO - Starting attempt 1 of 1
[2024-07-26T12:24:45.456+0000] {taskinstance.py:2330} INFO - Executing <Task(PythonSensor): sensor_trafic> on 2024-06-25 06:00:00+00:00
[2024-07-26T12:24:45.472+0000] {warnings.py:112} WARNING - /home/***/.local/lib/python3.12/site-packages/***/task/task_runner/standard_task_runner.py:62: DeprecationWarning: This process (pid=1879) is multi-threaded, use of fork() may lead to deadlocks in the child.
  pid = os.fork()

[2024-07-26T12:24:45.473+0000] {standard_task_runner.py:64} INFO - Started process 1893 to run task
[2024-07-26T12:24:45.474+0000] {standard_task_runner.py:90} INFO - Running: ['***', 'tasks', 'run', 'motower_daily_prod', 'sensor_trafic', 'scheduled__2024-06-25T06:00:00+00:00', '--job-id', '570', '--raw', '--subdir', 'DAGS_FOLDER/gps/custom_dags/motower_daily.py', '--cfg-path', '/tmp/tmp_ghbq7fn']
[2024-07-26T12:24:45.476+0000] {standard_task_runner.py:91} INFO - Job 570: Subtask sensor_trafic
[2024-07-26T12:24:45.554+0000] {task_command.py:426} INFO - Running <TaskInstance: motower_daily_prod.sensor_trafic scheduled__2024-06-25T06:00:00+00:00 [running]> on host 88c2b04746a4
[2024-07-26T12:24:45.706+0000] {taskinstance.py:2648} INFO - Exporting env vars: AIRFLOW_CTX_DAG_EMAIL='richmond.kongo@orange.com,assane.diop@orange.com,cyrille1.danho@orange.com,mohamed2.sylla@orange.com,amadou.diomande@orange.com,Jonas.kouame@orange.com,armand.kablan@orange.com,anicet.azombade@orange.com,etienne.kouadio@orange.com,bertine.kouakou@orange.com,florentine.kouakou@orange.com,ange.phaceli@orange.com,soulegame.soro@orange.com,innocent.yengo@orange.com' AIRFLOW_CTX_DAG_OWNER='***' AIRFLOW_CTX_DAG_ID='motower_daily_prod' AIRFLOW_CTX_TASK_ID='sensor_trafic' AIRFLOW_CTX_EXECUTION_DATE='2024-06-25T06:00:00+00:00' AIRFLOW_CTX_TRY_NUMBER='1' AIRFLOW_CTX_DAG_RUN_ID='scheduled__2024-06-25T06:00:00+00:00'
[2024-07-26T12:24:45.710+0000] {taskinstance.py:430} INFO - ::endgroup::
[2024-07-26T12:24:45.732+0000] {python.py:75} INFO - Poking callable: <function check_data_in_table at 0x743a3eef3ba0>
[2024-07-26T12:24:45.739+0000] {extract.py:126} INFO - Getting data of the table ks_daily_tdb_radio_drsi 
[2024-07-26T12:24:45.739+0000] {extract.py:127} INFO - where date is 2024-06-24
[2024-07-26T12:24:45.740+0000] {extract.py:102} INFO - get data to date 2024-06-24
[2024-07-26T12:24:45.748+0000] {warnings.py:112} WARNING - /opt/***/dags/gps/common/extract.py:103: UserWarning: pandas only supports SQLAlchemy connectable (engine/connection) or database string URI or sqlite3 DBAPI2 connection. Other DBAPI2 objects are not tested. Please consider using SQLAlchemy.
  df_ = pd.read_sql_query(sql_query, conn, params=params)

[2024-07-26T12:24:45.830+0000] {base.py:294} INFO - Success criteria met. Exiting.
[2024-07-26T12:24:45.830+0000] {taskinstance.py:441} INFO - ::group::Post task execution logs
[2024-07-26T12:24:45.843+0000] {taskinstance.py:1206} INFO - Marking task as SUCCESS. dag_id=motower_daily_prod, task_id=sensor_trafic, run_id=scheduled__2024-06-25T06:00:00+00:00, execution_date=20240625T060000, start_date=20240726T122445, end_date=20240726T122445
[2024-07-26T12:24:45.893+0000] {local_task_job_runner.py:243} INFO - Task exited with return code 0
[2024-07-26T12:24:45.905+0000] {local_task_job_runner.py:222} INFO - ::endgroup::
[2024-07-26T12:30:24.864+0000] {local_task_job_runner.py:120} INFO - ::group::Pre task execution logs
[2024-07-26T12:30:24.901+0000] {taskinstance.py:2076} INFO - Dependencies all met for dep_context=non-requeueable deps ti=<TaskInstance: motower_daily_prod.sensor_trafic scheduled__2024-06-25T06:00:00+00:00 [queued]>
[2024-07-26T12:30:24.913+0000] {taskinstance.py:2076} INFO - Dependencies all met for dep_context=requeueable deps ti=<TaskInstance: motower_daily_prod.sensor_trafic scheduled__2024-06-25T06:00:00+00:00 [queued]>
[2024-07-26T12:30:24.914+0000] {taskinstance.py:2306} INFO - Starting attempt 1 of 1
[2024-07-26T12:30:24.932+0000] {taskinstance.py:2330} INFO - Executing <Task(PythonSensor): sensor_trafic> on 2024-06-25 06:00:00+00:00
[2024-07-26T12:30:24.949+0000] {warnings.py:112} WARNING - /home/***/.local/lib/python3.12/site-packages/***/task/task_runner/standard_task_runner.py:62: DeprecationWarning: This process (pid=2824) is multi-threaded, use of fork() may lead to deadlocks in the child.
  pid = os.fork()

[2024-07-26T12:30:24.951+0000] {standard_task_runner.py:64} INFO - Started process 2835 to run task
[2024-07-26T12:30:24.951+0000] {standard_task_runner.py:90} INFO - Running: ['***', 'tasks', 'run', 'motower_daily_prod', 'sensor_trafic', 'scheduled__2024-06-25T06:00:00+00:00', '--job-id', '862', '--raw', '--subdir', 'DAGS_FOLDER/gps/custom_dags/motower_daily.py', '--cfg-path', '/tmp/tmp7xjdi3m2']
[2024-07-26T12:30:24.953+0000] {standard_task_runner.py:91} INFO - Job 862: Subtask sensor_trafic
[2024-07-26T12:30:25.022+0000] {task_command.py:426} INFO - Running <TaskInstance: motower_daily_prod.sensor_trafic scheduled__2024-06-25T06:00:00+00:00 [running]> on host 88c2b04746a4
[2024-07-26T12:30:25.149+0000] {taskinstance.py:2648} INFO - Exporting env vars: AIRFLOW_CTX_DAG_EMAIL='richmond.kongo@orange.com,assane.diop@orange.com,cyrille1.danho@orange.com,mohamed2.sylla@orange.com,amadou.diomande@orange.com,Jonas.kouame@orange.com,armand.kablan@orange.com,anicet.azombade@orange.com,etienne.kouadio@orange.com,bertine.kouakou@orange.com,florentine.kouakou@orange.com,ange.phaceli@orange.com,soulegame.soro@orange.com,innocent.yengo@orange.com' AIRFLOW_CTX_DAG_OWNER='***' AIRFLOW_CTX_DAG_ID='motower_daily_prod' AIRFLOW_CTX_TASK_ID='sensor_trafic' AIRFLOW_CTX_EXECUTION_DATE='2024-06-25T06:00:00+00:00' AIRFLOW_CTX_TRY_NUMBER='1' AIRFLOW_CTX_DAG_RUN_ID='scheduled__2024-06-25T06:00:00+00:00'
[2024-07-26T12:30:25.150+0000] {taskinstance.py:430} INFO - ::endgroup::
[2024-07-26T12:30:25.168+0000] {python.py:75} INFO - Poking callable: <function check_data_in_table at 0x743a5e39c400>
[2024-07-26T12:30:25.173+0000] {extract.py:126} INFO - Getting data of the table ks_daily_tdb_radio_drsi 
[2024-07-26T12:30:25.174+0000] {extract.py:127} INFO - where date is 2024-06-24
[2024-07-26T12:30:25.174+0000] {extract.py:102} INFO - get data to date 2024-06-24
[2024-07-26T12:30:25.181+0000] {warnings.py:112} WARNING - /opt/***/dags/gps/common/extract.py:103: UserWarning: pandas only supports SQLAlchemy connectable (engine/connection) or database string URI or sqlite3 DBAPI2 connection. Other DBAPI2 objects are not tested. Please consider using SQLAlchemy.
  df_ = pd.read_sql_query(sql_query, conn, params=params)

[2024-07-26T12:30:25.260+0000] {base.py:294} INFO - Success criteria met. Exiting.
[2024-07-26T12:30:25.261+0000] {taskinstance.py:441} INFO - ::group::Post task execution logs
[2024-07-26T12:30:25.271+0000] {taskinstance.py:1206} INFO - Marking task as SUCCESS. dag_id=motower_daily_prod, task_id=sensor_trafic, run_id=scheduled__2024-06-25T06:00:00+00:00, execution_date=20240625T060000, start_date=20240726T123024, end_date=20240726T123025
[2024-07-26T12:30:25.330+0000] {local_task_job_runner.py:243} INFO - Task exited with return code 0
[2024-07-26T12:30:25.345+0000] {local_task_job_runner.py:222} INFO - ::endgroup::
[2024-07-29T11:59:52.603+0000] {local_task_job_runner.py:120} INFO - ::group::Pre task execution logs
[2024-07-29T11:59:52.637+0000] {taskinstance.py:2076} INFO - Dependencies all met for dep_context=non-requeueable deps ti=<TaskInstance: motower_daily_prod.sensor_trafic scheduled__2024-06-25T06:00:00+00:00 [queued]>
[2024-07-29T11:59:52.649+0000] {taskinstance.py:2076} INFO - Dependencies all met for dep_context=requeueable deps ti=<TaskInstance: motower_daily_prod.sensor_trafic scheduled__2024-06-25T06:00:00+00:00 [queued]>
[2024-07-29T11:59:52.650+0000] {taskinstance.py:2306} INFO - Starting attempt 1 of 1
[2024-07-29T11:59:52.667+0000] {taskinstance.py:2330} INFO - Executing <Task(PythonSensor): sensor_trafic> on 2024-06-25 06:00:00+00:00
[2024-07-29T11:59:52.680+0000] {warnings.py:112} WARNING - /home/***/.local/lib/python3.12/site-packages/***/task/task_runner/standard_task_runner.py:62: DeprecationWarning: This process (pid=3273) is multi-threaded, use of fork() may lead to deadlocks in the child.
  pid = os.fork()

[2024-07-29T11:59:52.681+0000] {standard_task_runner.py:64} INFO - Started process 3291 to run task
[2024-07-29T11:59:52.682+0000] {standard_task_runner.py:90} INFO - Running: ['***', 'tasks', 'run', 'motower_daily_prod', 'sensor_trafic', 'scheduled__2024-06-25T06:00:00+00:00', '--job-id', '892', '--raw', '--subdir', 'DAGS_FOLDER/gps/custom_dags/motower_daily.py', '--cfg-path', '/tmp/tmpkmx1ye1z']
[2024-07-29T11:59:52.685+0000] {standard_task_runner.py:91} INFO - Job 892: Subtask sensor_trafic
[2024-07-29T11:59:52.740+0000] {task_command.py:426} INFO - Running <TaskInstance: motower_daily_prod.sensor_trafic scheduled__2024-06-25T06:00:00+00:00 [running]> on host e824106b656d
[2024-07-29T11:59:52.855+0000] {taskinstance.py:2648} INFO - Exporting env vars: AIRFLOW_CTX_DAG_EMAIL='richmond.kongo@orange.com,assane.diop@orange.com,cyrille1.danho@orange.com,mohamed2.sylla@orange.com,amadou.diomande@orange.com,Jonas.kouame@orange.com,armand.kablan@orange.com,anicet.azombade@orange.com,etienne.kouadio@orange.com,bertine.kouakou@orange.com,florentine.kouakou@orange.com,ange.phaceli@orange.com,soulegame.soro@orange.com,innocent.yengo@orange.com' AIRFLOW_CTX_DAG_OWNER='***' AIRFLOW_CTX_DAG_ID='motower_daily_prod' AIRFLOW_CTX_TASK_ID='sensor_trafic' AIRFLOW_CTX_EXECUTION_DATE='2024-06-25T06:00:00+00:00' AIRFLOW_CTX_TRY_NUMBER='1' AIRFLOW_CTX_DAG_RUN_ID='scheduled__2024-06-25T06:00:00+00:00'
[2024-07-29T11:59:52.856+0000] {taskinstance.py:430} INFO - ::endgroup::
[2024-07-29T11:59:52.876+0000] {python.py:75} INFO - Poking callable: <function check_data_in_table at 0x7dbbe2849940>
[2024-07-29T11:59:52.881+0000] {extract.py:126} INFO - Getting data of the table ks_daily_tdb_radio_drsi 
[2024-07-29T11:59:52.882+0000] {extract.py:127} INFO - where date is 2024-06-24
[2024-07-29T11:59:52.882+0000] {extract.py:102} INFO - get data to date 2024-06-24
[2024-07-29T11:59:52.888+0000] {warnings.py:112} WARNING - /opt/***/dags/gps/common/extract.py:103: UserWarning: pandas only supports SQLAlchemy connectable (engine/connection) or database string URI or sqlite3 DBAPI2 connection. Other DBAPI2 objects are not tested. Please consider using SQLAlchemy.
  df_ = pd.read_sql_query(sql_query, conn, params=params)

[2024-07-29T11:59:52.966+0000] {base.py:294} INFO - Success criteria met. Exiting.
[2024-07-29T11:59:52.967+0000] {taskinstance.py:441} INFO - ::group::Post task execution logs
[2024-07-29T11:59:52.981+0000] {taskinstance.py:1206} INFO - Marking task as SUCCESS. dag_id=motower_daily_prod, task_id=sensor_trafic, run_id=scheduled__2024-06-25T06:00:00+00:00, execution_date=20240625T060000, start_date=20240729T115952, end_date=20240729T115952
[2024-07-29T11:59:53.018+0000] {local_task_job_runner.py:243} INFO - Task exited with return code 0
[2024-07-29T11:59:53.030+0000] {local_task_job_runner.py:222} INFO - ::endgroup::
[2024-07-29T14:33:03.447+0000] {local_task_job_runner.py:120} INFO - ::group::Pre task execution logs
[2024-07-29T14:33:03.474+0000] {taskinstance.py:2076} INFO - Dependencies all met for dep_context=non-requeueable deps ti=<TaskInstance: motower_daily_prod.sensor_trafic scheduled__2024-06-25T06:00:00+00:00 [queued]>
[2024-07-29T14:33:03.483+0000] {taskinstance.py:2076} INFO - Dependencies all met for dep_context=requeueable deps ti=<TaskInstance: motower_daily_prod.sensor_trafic scheduled__2024-06-25T06:00:00+00:00 [queued]>
[2024-07-29T14:33:03.483+0000] {taskinstance.py:2306} INFO - Starting attempt 1 of 1
[2024-07-29T14:33:03.496+0000] {taskinstance.py:2330} INFO - Executing <Task(PythonSensor): sensor_trafic> on 2024-06-25 06:00:00+00:00
[2024-07-29T14:33:03.508+0000] {warnings.py:112} WARNING - /home/***/.local/lib/python3.12/site-packages/***/task/task_runner/standard_task_runner.py:62: DeprecationWarning: This process (pid=1314) is multi-threaded, use of fork() may lead to deadlocks in the child.
  pid = os.fork()

[2024-07-29T14:33:03.510+0000] {standard_task_runner.py:64} INFO - Started process 1321 to run task
[2024-07-29T14:33:03.510+0000] {standard_task_runner.py:90} INFO - Running: ['***', 'tasks', 'run', 'motower_daily_prod', 'sensor_trafic', 'scheduled__2024-06-25T06:00:00+00:00', '--job-id', '1293', '--raw', '--subdir', 'DAGS_FOLDER/gps/custom_dags/motower_daily.py', '--cfg-path', '/tmp/tmpvl_dg3ni']
[2024-07-29T14:33:03.512+0000] {standard_task_runner.py:91} INFO - Job 1293: Subtask sensor_trafic
[2024-07-29T14:33:03.560+0000] {task_command.py:426} INFO - Running <TaskInstance: motower_daily_prod.sensor_trafic scheduled__2024-06-25T06:00:00+00:00 [running]> on host e824106b656d
[2024-07-29T14:33:03.654+0000] {taskinstance.py:2648} INFO - Exporting env vars: AIRFLOW_CTX_DAG_EMAIL='richmond.kongo@orange.com,assane.diop@orange.com,cyrille1.danho@orange.com,mohamed2.sylla@orange.com,amadou.diomande@orange.com,Jonas.kouame@orange.com,armand.kablan@orange.com,anicet.azombade@orange.com,etienne.kouadio@orange.com,bertine.kouakou@orange.com,florentine.kouakou@orange.com,ange.phaceli@orange.com,soulegame.soro@orange.com,innocent.yengo@orange.com' AIRFLOW_CTX_DAG_OWNER='***' AIRFLOW_CTX_DAG_ID='motower_daily_prod' AIRFLOW_CTX_TASK_ID='sensor_trafic' AIRFLOW_CTX_EXECUTION_DATE='2024-06-25T06:00:00+00:00' AIRFLOW_CTX_TRY_NUMBER='1' AIRFLOW_CTX_DAG_RUN_ID='scheduled__2024-06-25T06:00:00+00:00'
[2024-07-29T14:33:03.655+0000] {taskinstance.py:430} INFO - ::endgroup::
[2024-07-29T14:33:03.665+0000] {python.py:75} INFO - Poking callable: <function check_data_in_table at 0x7cc168373920>
[2024-07-29T14:33:03.669+0000] {extract.py:126} INFO - Getting data of the table ks_daily_tdb_radio_drsi 
[2024-07-29T14:33:03.669+0000] {extract.py:127} INFO - where date is 2024-06-24
[2024-07-29T14:33:03.669+0000] {extract.py:102} INFO - get data to date 2024-06-24
[2024-07-29T14:33:03.677+0000] {warnings.py:112} WARNING - /opt/***/dags/gps/common/extract.py:103: UserWarning: pandas only supports SQLAlchemy connectable (engine/connection) or database string URI or sqlite3 DBAPI2 connection. Other DBAPI2 objects are not tested. Please consider using SQLAlchemy.
  df_ = pd.read_sql_query(sql_query, conn, params=params)

[2024-07-29T14:33:03.720+0000] {base.py:294} INFO - Success criteria met. Exiting.
[2024-07-29T14:33:03.721+0000] {taskinstance.py:441} INFO - ::group::Post task execution logs
[2024-07-29T14:33:03.731+0000] {taskinstance.py:1206} INFO - Marking task as SUCCESS. dag_id=motower_daily_prod, task_id=sensor_trafic, run_id=scheduled__2024-06-25T06:00:00+00:00, execution_date=20240625T060000, start_date=20240729T143303, end_date=20240729T143303
[2024-07-29T14:33:03.764+0000] {local_task_job_runner.py:243} INFO - Task exited with return code 0
[2024-07-29T14:33:03.772+0000] {local_task_job_runner.py:222} INFO - ::endgroup::
