[2024-07-24T23:27:45.385+0000] {local_task_job_runner.py:120} INFO - ::group::Pre task execution logs
[2024-07-24T23:27:45.411+0000] {taskinstance.py:2076} INFO - Dependencies all met for dep_context=non-requeueable deps ti=<TaskInstance: motower_daily_prod.gen_congestion_task scheduled__2024-06-02T06:00:00+00:00 [queued]>
[2024-07-24T23:27:45.424+0000] {taskinstance.py:2076} INFO - Dependencies all met for dep_context=requeueable deps ti=<TaskInstance: motower_daily_prod.gen_congestion_task scheduled__2024-06-02T06:00:00+00:00 [queued]>
[2024-07-24T23:27:45.424+0000] {taskinstance.py:2306} INFO - Starting attempt 1 of 1
[2024-07-24T23:27:45.437+0000] {taskinstance.py:2330} INFO - Executing <Task(PythonOperator): gen_congestion_task> on 2024-06-02 06:00:00+00:00
[2024-07-24T23:27:45.450+0000] {warnings.py:112} WARNING - /home/***/.local/lib/python3.12/site-packages/***/task/task_runner/standard_task_runner.py:62: DeprecationWarning: This process (pid=1422) is multi-threaded, use of fork() may lead to deadlocks in the child.
  pid = os.fork()

[2024-07-24T23:27:45.451+0000] {standard_task_runner.py:64} INFO - Started process 1437 to run task
[2024-07-24T23:27:45.452+0000] {standard_task_runner.py:90} INFO - Running: ['***', 'tasks', 'run', 'motower_daily_prod', 'gen_congestion_task', 'scheduled__2024-06-02T06:00:00+00:00', '--job-id', '545', '--raw', '--subdir', 'DAGS_FOLDER/gps/custom_dags/motower_daily.py', '--cfg-path', '/tmp/tmpqp0zj07o']
[2024-07-24T23:27:45.454+0000] {standard_task_runner.py:91} INFO - Job 545: Subtask gen_congestion_task
[2024-07-24T23:27:45.509+0000] {task_command.py:426} INFO - Running <TaskInstance: motower_daily_prod.gen_congestion_task scheduled__2024-06-02T06:00:00+00:00 [running]> on host b3845fb494d4
[2024-07-24T23:27:45.609+0000] {taskinstance.py:2648} INFO - Exporting env vars: AIRFLOW_CTX_DAG_EMAIL='richmond.kongo@orange.com,assane.diop@orange.com,cyrille1.danho@orange.com,mohamed2.sylla@orange.com,amadou.diomande@orange.com,Jonas.kouame@orange.com,armand.kablan@orange.com,anicet.azombade@orange.com,etienne.kouadio@orange.com,bertine.kouakou@orange.com,florentine.kouakou@orange.com,ange.phaceli@orange.com,soulegame.soro@orange.com,innocent.yengo@orange.com' AIRFLOW_CTX_DAG_OWNER='***' AIRFLOW_CTX_DAG_ID='motower_daily_prod' AIRFLOW_CTX_TASK_ID='gen_congestion_task' AIRFLOW_CTX_EXECUTION_DATE='2024-06-02T06:00:00+00:00' AIRFLOW_CTX_TRY_NUMBER='1' AIRFLOW_CTX_DAG_RUN_ID='scheduled__2024-06-02T06:00:00+00:00'
[2024-07-24T23:27:45.610+0000] {taskinstance.py:430} INFO - ::endgroup::
[2024-07-24T23:27:45.687+0000] {python.py:237} INFO - Done. Returned value was: None
[2024-07-24T23:27:45.688+0000] {taskinstance.py:441} INFO - ::group::Post task execution logs
[2024-07-24T23:27:45.700+0000] {taskinstance.py:1206} INFO - Marking task as SUCCESS. dag_id=motower_daily_prod, task_id=gen_congestion_task, run_id=scheduled__2024-06-02T06:00:00+00:00, execution_date=20240602T060000, start_date=20240724T232745, end_date=20240724T232745
[2024-07-24T23:27:45.746+0000] {local_task_job_runner.py:243} INFO - Task exited with return code 0
[2024-07-24T23:27:45.765+0000] {taskinstance.py:3503} INFO - 0 downstream tasks scheduled from follow-on schedule check
[2024-07-24T23:27:45.767+0000] {local_task_job_runner.py:222} INFO - ::endgroup::
[2024-07-25T08:32:31.391+0000] {local_task_job_runner.py:120} INFO - ::group::Pre task execution logs
[2024-07-25T08:32:31.423+0000] {taskinstance.py:2076} INFO - Dependencies all met for dep_context=non-requeueable deps ti=<TaskInstance: motower_daily_prod.gen_congestion_task scheduled__2024-06-02T06:00:00+00:00 [queued]>
[2024-07-25T08:32:31.437+0000] {taskinstance.py:2076} INFO - Dependencies all met for dep_context=requeueable deps ti=<TaskInstance: motower_daily_prod.gen_congestion_task scheduled__2024-06-02T06:00:00+00:00 [queued]>
[2024-07-25T08:32:31.438+0000] {taskinstance.py:2306} INFO - Starting attempt 1 of 1
[2024-07-25T08:32:31.460+0000] {taskinstance.py:2330} INFO - Executing <Task(PythonOperator): gen_congestion_task> on 2024-06-02 06:00:00+00:00
[2024-07-25T08:32:31.474+0000] {warnings.py:112} WARNING - /home/***/.local/lib/python3.12/site-packages/***/task/task_runner/standard_task_runner.py:62: DeprecationWarning: This process (pid=1932) is multi-threaded, use of fork() may lead to deadlocks in the child.
  pid = os.fork()

[2024-07-25T08:32:31.476+0000] {standard_task_runner.py:64} INFO - Started process 1950 to run task
[2024-07-25T08:32:31.476+0000] {standard_task_runner.py:90} INFO - Running: ['***', 'tasks', 'run', 'motower_daily_prod', 'gen_congestion_task', 'scheduled__2024-06-02T06:00:00+00:00', '--job-id', '684', '--raw', '--subdir', 'DAGS_FOLDER/gps/custom_dags/motower_daily.py', '--cfg-path', '/tmp/tmpzo4ps0w5']
[2024-07-25T08:32:31.478+0000] {standard_task_runner.py:91} INFO - Job 684: Subtask gen_congestion_task
[2024-07-25T08:32:31.541+0000] {task_command.py:426} INFO - Running <TaskInstance: motower_daily_prod.gen_congestion_task scheduled__2024-06-02T06:00:00+00:00 [running]> on host b3845fb494d4
[2024-07-25T08:32:31.661+0000] {taskinstance.py:2648} INFO - Exporting env vars: AIRFLOW_CTX_DAG_EMAIL='richmond.kongo@orange.com,assane.diop@orange.com,cyrille1.danho@orange.com,mohamed2.sylla@orange.com,amadou.diomande@orange.com,Jonas.kouame@orange.com,armand.kablan@orange.com,anicet.azombade@orange.com,etienne.kouadio@orange.com,bertine.kouakou@orange.com,florentine.kouakou@orange.com,ange.phaceli@orange.com,soulegame.soro@orange.com,innocent.yengo@orange.com' AIRFLOW_CTX_DAG_OWNER='***' AIRFLOW_CTX_DAG_ID='motower_daily_prod' AIRFLOW_CTX_TASK_ID='gen_congestion_task' AIRFLOW_CTX_EXECUTION_DATE='2024-06-02T06:00:00+00:00' AIRFLOW_CTX_TRY_NUMBER='1' AIRFLOW_CTX_DAG_RUN_ID='scheduled__2024-06-02T06:00:00+00:00'
[2024-07-25T08:32:31.662+0000] {taskinstance.py:430} INFO - ::endgroup::
[2024-07-25T08:32:31.753+0000] {python.py:237} INFO - Done. Returned value was: None
[2024-07-25T08:32:31.754+0000] {taskinstance.py:441} INFO - ::group::Post task execution logs
[2024-07-25T08:32:31.766+0000] {taskinstance.py:1206} INFO - Marking task as SUCCESS. dag_id=motower_daily_prod, task_id=gen_congestion_task, run_id=scheduled__2024-06-02T06:00:00+00:00, execution_date=20240602T060000, start_date=20240725T083231, end_date=20240725T083231
[2024-07-25T08:32:31.818+0000] {local_task_job_runner.py:243} INFO - Task exited with return code 0
[2024-07-25T08:32:31.839+0000] {taskinstance.py:3503} INFO - 0 downstream tasks scheduled from follow-on schedule check
[2024-07-25T08:32:31.842+0000] {local_task_job_runner.py:222} INFO - ::endgroup::
[2024-07-25T10:36:08.515+0000] {local_task_job_runner.py:120} INFO - ::group::Pre task execution logs
[2024-07-25T10:36:08.555+0000] {taskinstance.py:2076} INFO - Dependencies all met for dep_context=non-requeueable deps ti=<TaskInstance: motower_daily_prod.gen_congestion_task scheduled__2024-06-02T06:00:00+00:00 [queued]>
[2024-07-25T10:36:08.568+0000] {taskinstance.py:2076} INFO - Dependencies all met for dep_context=requeueable deps ti=<TaskInstance: motower_daily_prod.gen_congestion_task scheduled__2024-06-02T06:00:00+00:00 [queued]>
[2024-07-25T10:36:08.569+0000] {taskinstance.py:2306} INFO - Starting attempt 1 of 1
[2024-07-25T10:36:08.585+0000] {taskinstance.py:2330} INFO - Executing <Task(PythonOperator): gen_congestion_task> on 2024-06-02 06:00:00+00:00
[2024-07-25T10:36:08.599+0000] {warnings.py:112} WARNING - /home/***/.local/lib/python3.12/site-packages/***/task/task_runner/standard_task_runner.py:62: DeprecationWarning: This process (pid=4992) is multi-threaded, use of fork() may lead to deadlocks in the child.
  pid = os.fork()

[2024-07-25T10:36:08.601+0000] {standard_task_runner.py:64} INFO - Started process 5004 to run task
[2024-07-25T10:36:08.601+0000] {standard_task_runner.py:90} INFO - Running: ['***', 'tasks', 'run', 'motower_daily_prod', 'gen_congestion_task', 'scheduled__2024-06-02T06:00:00+00:00', '--job-id', '1165', '--raw', '--subdir', 'DAGS_FOLDER/gps/custom_dags/motower_daily.py', '--cfg-path', '/tmp/tmp8hwwiazg']
[2024-07-25T10:36:08.605+0000] {standard_task_runner.py:91} INFO - Job 1165: Subtask gen_congestion_task
[2024-07-25T10:36:08.662+0000] {task_command.py:426} INFO - Running <TaskInstance: motower_daily_prod.gen_congestion_task scheduled__2024-06-02T06:00:00+00:00 [running]> on host b3845fb494d4
[2024-07-25T10:36:08.795+0000] {taskinstance.py:2648} INFO - Exporting env vars: AIRFLOW_CTX_DAG_EMAIL='richmond.kongo@orange.com,assane.diop@orange.com,cyrille1.danho@orange.com,mohamed2.sylla@orange.com,amadou.diomande@orange.com,Jonas.kouame@orange.com,armand.kablan@orange.com,anicet.azombade@orange.com,etienne.kouadio@orange.com,bertine.kouakou@orange.com,florentine.kouakou@orange.com,ange.phaceli@orange.com,soulegame.soro@orange.com,innocent.yengo@orange.com' AIRFLOW_CTX_DAG_OWNER='***' AIRFLOW_CTX_DAG_ID='motower_daily_prod' AIRFLOW_CTX_TASK_ID='gen_congestion_task' AIRFLOW_CTX_EXECUTION_DATE='2024-06-02T06:00:00+00:00' AIRFLOW_CTX_TRY_NUMBER='1' AIRFLOW_CTX_DAG_RUN_ID='scheduled__2024-06-02T06:00:00+00:00'
[2024-07-25T10:36:08.796+0000] {taskinstance.py:430} INFO - ::endgroup::
[2024-07-25T10:36:08.906+0000] {python.py:237} INFO - Done. Returned value was: None
[2024-07-25T10:36:08.908+0000] {taskinstance.py:441} INFO - ::group::Post task execution logs
[2024-07-25T10:36:08.958+0000] {taskinstance.py:1206} INFO - Marking task as SUCCESS. dag_id=motower_daily_prod, task_id=gen_congestion_task, run_id=scheduled__2024-06-02T06:00:00+00:00, execution_date=20240602T060000, start_date=20240725T103608, end_date=20240725T103608
[2024-07-25T10:36:09.035+0000] {local_task_job_runner.py:243} INFO - Task exited with return code 0
[2024-07-25T10:36:09.053+0000] {local_task_job_runner.py:222} INFO - ::endgroup::
[2024-07-25T11:58:32.370+0000] {local_task_job_runner.py:120} INFO - ::group::Pre task execution logs
[2024-07-25T11:58:32.405+0000] {taskinstance.py:2076} INFO - Dependencies all met for dep_context=non-requeueable deps ti=<TaskInstance: motower_daily_prod.gen_congestion_task scheduled__2024-06-02T06:00:00+00:00 [queued]>
[2024-07-25T11:58:32.416+0000] {taskinstance.py:2076} INFO - Dependencies all met for dep_context=requeueable deps ti=<TaskInstance: motower_daily_prod.gen_congestion_task scheduled__2024-06-02T06:00:00+00:00 [queued]>
[2024-07-25T11:58:32.417+0000] {taskinstance.py:2306} INFO - Starting attempt 1 of 1
[2024-07-25T11:58:32.446+0000] {taskinstance.py:2330} INFO - Executing <Task(PythonOperator): gen_congestion_task> on 2024-06-02 06:00:00+00:00
[2024-07-25T11:58:32.463+0000] {warnings.py:112} WARNING - /home/***/.local/lib/python3.12/site-packages/***/task/task_runner/standard_task_runner.py:62: DeprecationWarning: This process (pid=7370) is multi-threaded, use of fork() may lead to deadlocks in the child.
  pid = os.fork()

[2024-07-25T11:58:32.465+0000] {standard_task_runner.py:64} INFO - Started process 7384 to run task
[2024-07-25T11:58:32.465+0000] {standard_task_runner.py:90} INFO - Running: ['***', 'tasks', 'run', 'motower_daily_prod', 'gen_congestion_task', 'scheduled__2024-06-02T06:00:00+00:00', '--job-id', '1604', '--raw', '--subdir', 'DAGS_FOLDER/gps/custom_dags/motower_daily.py', '--cfg-path', '/tmp/tmpuly7vhth']
[2024-07-25T11:58:32.468+0000] {standard_task_runner.py:91} INFO - Job 1604: Subtask gen_congestion_task
[2024-07-25T11:58:32.677+0000] {task_command.py:426} INFO - Running <TaskInstance: motower_daily_prod.gen_congestion_task scheduled__2024-06-02T06:00:00+00:00 [running]> on host b3845fb494d4
[2024-07-25T11:58:32.937+0000] {taskinstance.py:2648} INFO - Exporting env vars: AIRFLOW_CTX_DAG_EMAIL='richmond.kongo@orange.com,assane.diop@orange.com,cyrille1.danho@orange.com,mohamed2.sylla@orange.com,amadou.diomande@orange.com,Jonas.kouame@orange.com,armand.kablan@orange.com,anicet.azombade@orange.com,etienne.kouadio@orange.com,bertine.kouakou@orange.com,florentine.kouakou@orange.com,ange.phaceli@orange.com,soulegame.soro@orange.com,innocent.yengo@orange.com' AIRFLOW_CTX_DAG_OWNER='***' AIRFLOW_CTX_DAG_ID='motower_daily_prod' AIRFLOW_CTX_TASK_ID='gen_congestion_task' AIRFLOW_CTX_EXECUTION_DATE='2024-06-02T06:00:00+00:00' AIRFLOW_CTX_TRY_NUMBER='1' AIRFLOW_CTX_DAG_RUN_ID='scheduled__2024-06-02T06:00:00+00:00'
[2024-07-25T11:58:32.938+0000] {taskinstance.py:430} INFO - ::endgroup::
[2024-07-25T11:58:33.047+0000] {python.py:237} INFO - Done. Returned value was: None
[2024-07-25T11:58:33.048+0000] {taskinstance.py:441} INFO - ::group::Post task execution logs
[2024-07-25T11:58:33.062+0000] {taskinstance.py:1206} INFO - Marking task as SUCCESS. dag_id=motower_daily_prod, task_id=gen_congestion_task, run_id=scheduled__2024-06-02T06:00:00+00:00, execution_date=20240602T060000, start_date=20240725T115832, end_date=20240725T115833
[2024-07-25T11:58:33.128+0000] {local_task_job_runner.py:243} INFO - Task exited with return code 0
[2024-07-25T11:58:33.152+0000] {taskinstance.py:3503} INFO - 0 downstream tasks scheduled from follow-on schedule check
[2024-07-25T11:58:33.154+0000] {local_task_job_runner.py:222} INFO - ::endgroup::
[2024-07-25T12:12:25.647+0000] {local_task_job_runner.py:120} INFO - ::group::Pre task execution logs
[2024-07-25T12:12:25.950+0000] {taskinstance.py:2076} INFO - Dependencies all met for dep_context=non-requeueable deps ti=<TaskInstance: motower_daily_prod.gen_congestion_task scheduled__2024-06-02T06:00:00+00:00 [queued]>
[2024-07-25T12:12:25.964+0000] {taskinstance.py:2076} INFO - Dependencies all met for dep_context=requeueable deps ti=<TaskInstance: motower_daily_prod.gen_congestion_task scheduled__2024-06-02T06:00:00+00:00 [queued]>
[2024-07-25T12:12:25.964+0000] {taskinstance.py:2306} INFO - Starting attempt 1 of 1
[2024-07-25T12:12:25.984+0000] {taskinstance.py:2330} INFO - Executing <Task(PythonOperator): gen_congestion_task> on 2024-06-02 06:00:00+00:00
[2024-07-25T12:12:26.005+0000] {warnings.py:112} WARNING - /home/***/.local/lib/python3.12/site-packages/***/task/task_runner/standard_task_runner.py:62: DeprecationWarning: This process (pid=8006) is multi-threaded, use of fork() may lead to deadlocks in the child.
  pid = os.fork()

[2024-07-25T12:12:26.010+0000] {standard_task_runner.py:64} INFO - Started process 8022 to run task
[2024-07-25T12:12:26.007+0000] {standard_task_runner.py:90} INFO - Running: ['***', 'tasks', 'run', 'motower_daily_prod', 'gen_congestion_task', 'scheduled__2024-06-02T06:00:00+00:00', '--job-id', '1753', '--raw', '--subdir', 'DAGS_FOLDER/gps/custom_dags/motower_daily.py', '--cfg-path', '/tmp/tmp8xyqt3in']
[2024-07-25T12:12:26.011+0000] {standard_task_runner.py:91} INFO - Job 1753: Subtask gen_congestion_task
[2024-07-25T12:12:26.078+0000] {task_command.py:426} INFO - Running <TaskInstance: motower_daily_prod.gen_congestion_task scheduled__2024-06-02T06:00:00+00:00 [running]> on host b3845fb494d4
[2024-07-25T12:12:26.211+0000] {taskinstance.py:2648} INFO - Exporting env vars: AIRFLOW_CTX_DAG_EMAIL='richmond.kongo@orange.com,assane.diop@orange.com,cyrille1.danho@orange.com,mohamed2.sylla@orange.com,amadou.diomande@orange.com,Jonas.kouame@orange.com,armand.kablan@orange.com,anicet.azombade@orange.com,etienne.kouadio@orange.com,bertine.kouakou@orange.com,florentine.kouakou@orange.com,ange.phaceli@orange.com,soulegame.soro@orange.com,innocent.yengo@orange.com' AIRFLOW_CTX_DAG_OWNER='***' AIRFLOW_CTX_DAG_ID='motower_daily_prod' AIRFLOW_CTX_TASK_ID='gen_congestion_task' AIRFLOW_CTX_EXECUTION_DATE='2024-06-02T06:00:00+00:00' AIRFLOW_CTX_TRY_NUMBER='1' AIRFLOW_CTX_DAG_RUN_ID='scheduled__2024-06-02T06:00:00+00:00'
[2024-07-25T12:12:26.213+0000] {taskinstance.py:430} INFO - ::endgroup::
[2024-07-25T12:12:26.306+0000] {python.py:237} INFO - Done. Returned value was: None
[2024-07-25T12:12:26.307+0000] {taskinstance.py:441} INFO - ::group::Post task execution logs
[2024-07-25T12:12:26.318+0000] {taskinstance.py:1206} INFO - Marking task as SUCCESS. dag_id=motower_daily_prod, task_id=gen_congestion_task, run_id=scheduled__2024-06-02T06:00:00+00:00, execution_date=20240602T060000, start_date=20240725T121225, end_date=20240725T121226
[2024-07-25T12:12:26.385+0000] {local_task_job_runner.py:243} INFO - Task exited with return code 0
[2024-07-25T12:12:26.404+0000] {taskinstance.py:3503} INFO - 0 downstream tasks scheduled from follow-on schedule check
[2024-07-25T12:12:26.405+0000] {local_task_job_runner.py:222} INFO - ::endgroup::
[2024-07-25T12:43:44.376+0000] {local_task_job_runner.py:120} INFO - ::group::Pre task execution logs
[2024-07-25T12:43:44.433+0000] {taskinstance.py:2076} INFO - Dependencies all met for dep_context=non-requeueable deps ti=<TaskInstance: motower_daily_prod.gen_congestion_task scheduled__2024-06-02T06:00:00+00:00 [queued]>
[2024-07-25T12:43:44.449+0000] {taskinstance.py:2076} INFO - Dependencies all met for dep_context=requeueable deps ti=<TaskInstance: motower_daily_prod.gen_congestion_task scheduled__2024-06-02T06:00:00+00:00 [queued]>
[2024-07-25T12:43:44.449+0000] {taskinstance.py:2306} INFO - Starting attempt 1 of 1
[2024-07-25T12:43:44.489+0000] {taskinstance.py:2330} INFO - Executing <Task(PythonOperator): gen_congestion_task> on 2024-06-02 06:00:00+00:00
[2024-07-25T12:43:44.511+0000] {warnings.py:112} WARNING - /home/***/.local/lib/python3.12/site-packages/***/task/task_runner/standard_task_runner.py:62: DeprecationWarning: This process (pid=9389) is multi-threaded, use of fork() may lead to deadlocks in the child.
  pid = os.fork()

[2024-07-25T12:43:44.513+0000] {standard_task_runner.py:64} INFO - Started process 9408 to run task
[2024-07-25T12:43:44.518+0000] {standard_task_runner.py:90} INFO - Running: ['***', 'tasks', 'run', 'motower_daily_prod', 'gen_congestion_task', 'scheduled__2024-06-02T06:00:00+00:00', '--job-id', '2081', '--raw', '--subdir', 'DAGS_FOLDER/gps/custom_dags/motower_daily.py', '--cfg-path', '/tmp/tmpqnp8lqoi']
[2024-07-25T12:43:44.520+0000] {standard_task_runner.py:91} INFO - Job 2081: Subtask gen_congestion_task
[2024-07-25T12:43:44.606+0000] {task_command.py:426} INFO - Running <TaskInstance: motower_daily_prod.gen_congestion_task scheduled__2024-06-02T06:00:00+00:00 [running]> on host b3845fb494d4
[2024-07-25T12:43:44.745+0000] {taskinstance.py:2648} INFO - Exporting env vars: AIRFLOW_CTX_DAG_EMAIL='richmond.kongo@orange.com,assane.diop@orange.com,cyrille1.danho@orange.com,mohamed2.sylla@orange.com,amadou.diomande@orange.com,Jonas.kouame@orange.com,armand.kablan@orange.com,anicet.azombade@orange.com,etienne.kouadio@orange.com,bertine.kouakou@orange.com,florentine.kouakou@orange.com,ange.phaceli@orange.com,soulegame.soro@orange.com,innocent.yengo@orange.com' AIRFLOW_CTX_DAG_OWNER='***' AIRFLOW_CTX_DAG_ID='motower_daily_prod' AIRFLOW_CTX_TASK_ID='gen_congestion_task' AIRFLOW_CTX_EXECUTION_DATE='2024-06-02T06:00:00+00:00' AIRFLOW_CTX_TRY_NUMBER='1' AIRFLOW_CTX_DAG_RUN_ID='scheduled__2024-06-02T06:00:00+00:00'
[2024-07-25T12:43:44.746+0000] {taskinstance.py:430} INFO - ::endgroup::
[2024-07-25T12:43:44.830+0000] {python.py:237} INFO - Done. Returned value was: None
[2024-07-25T12:43:44.831+0000] {taskinstance.py:441} INFO - ::group::Post task execution logs
[2024-07-25T12:43:44.845+0000] {taskinstance.py:1206} INFO - Marking task as SUCCESS. dag_id=motower_daily_prod, task_id=gen_congestion_task, run_id=scheduled__2024-06-02T06:00:00+00:00, execution_date=20240602T060000, start_date=20240725T124344, end_date=20240725T124344
[2024-07-25T12:43:44.904+0000] {local_task_job_runner.py:243} INFO - Task exited with return code 0
[2024-07-25T12:43:44.928+0000] {taskinstance.py:3503} INFO - 0 downstream tasks scheduled from follow-on schedule check
[2024-07-25T12:43:44.930+0000] {local_task_job_runner.py:222} INFO - ::endgroup::
[2024-07-25T15:06:09.339+0000] {local_task_job_runner.py:120} INFO - ::group::Pre task execution logs
[2024-07-25T15:06:09.371+0000] {taskinstance.py:2076} INFO - Dependencies all met for dep_context=non-requeueable deps ti=<TaskInstance: motower_daily_prod.gen_congestion_task scheduled__2024-06-02T06:00:00+00:00 [queued]>
[2024-07-25T15:06:09.380+0000] {taskinstance.py:2076} INFO - Dependencies all met for dep_context=requeueable deps ti=<TaskInstance: motower_daily_prod.gen_congestion_task scheduled__2024-06-02T06:00:00+00:00 [queued]>
[2024-07-25T15:06:09.381+0000] {taskinstance.py:2306} INFO - Starting attempt 1 of 1
[2024-07-25T15:06:09.396+0000] {taskinstance.py:2330} INFO - Executing <Task(PythonOperator): gen_congestion_task> on 2024-06-02 06:00:00+00:00
[2024-07-25T15:06:09.414+0000] {warnings.py:112} WARNING - /home/***/.local/lib/python3.12/site-packages/***/task/task_runner/standard_task_runner.py:62: DeprecationWarning: This process (pid=14047) is multi-threaded, use of fork() may lead to deadlocks in the child.
  pid = os.fork()

[2024-07-25T15:06:09.416+0000] {standard_task_runner.py:64} INFO - Started process 14059 to run task
[2024-07-25T15:06:09.416+0000] {standard_task_runner.py:90} INFO - Running: ['***', 'tasks', 'run', 'motower_daily_prod', 'gen_congestion_task', 'scheduled__2024-06-02T06:00:00+00:00', '--job-id', '3017', '--raw', '--subdir', 'DAGS_FOLDER/gps/custom_dags/motower_daily.py', '--cfg-path', '/tmp/tmpr31925hm']
[2024-07-25T15:06:09.419+0000] {standard_task_runner.py:91} INFO - Job 3017: Subtask gen_congestion_task
[2024-07-25T15:06:09.482+0000] {task_command.py:426} INFO - Running <TaskInstance: motower_daily_prod.gen_congestion_task scheduled__2024-06-02T06:00:00+00:00 [running]> on host b3845fb494d4
[2024-07-25T15:06:09.603+0000] {taskinstance.py:2648} INFO - Exporting env vars: AIRFLOW_CTX_DAG_EMAIL='richmond.kongo@orange.com,assane.diop@orange.com,cyrille1.danho@orange.com,mohamed2.sylla@orange.com,amadou.diomande@orange.com,Jonas.kouame@orange.com,armand.kablan@orange.com,anicet.azombade@orange.com,etienne.kouadio@orange.com,bertine.kouakou@orange.com,florentine.kouakou@orange.com,ange.phaceli@orange.com,soulegame.soro@orange.com,innocent.yengo@orange.com' AIRFLOW_CTX_DAG_OWNER='***' AIRFLOW_CTX_DAG_ID='motower_daily_prod' AIRFLOW_CTX_TASK_ID='gen_congestion_task' AIRFLOW_CTX_EXECUTION_DATE='2024-06-02T06:00:00+00:00' AIRFLOW_CTX_TRY_NUMBER='1' AIRFLOW_CTX_DAG_RUN_ID='scheduled__2024-06-02T06:00:00+00:00'
[2024-07-25T15:06:09.604+0000] {taskinstance.py:430} INFO - ::endgroup::
[2024-07-25T15:06:09.693+0000] {python.py:237} INFO - Done. Returned value was: None
[2024-07-25T15:06:09.694+0000] {taskinstance.py:441} INFO - ::group::Post task execution logs
[2024-07-25T15:06:09.707+0000] {taskinstance.py:1206} INFO - Marking task as SUCCESS. dag_id=motower_daily_prod, task_id=gen_congestion_task, run_id=scheduled__2024-06-02T06:00:00+00:00, execution_date=20240602T060000, start_date=20240725T150609, end_date=20240725T150609
[2024-07-25T15:06:09.751+0000] {local_task_job_runner.py:243} INFO - Task exited with return code 0
[2024-07-25T15:06:09.764+0000] {local_task_job_runner.py:222} INFO - ::endgroup::
[2024-07-26T11:25:15.682+0000] {local_task_job_runner.py:120} INFO - ::group::Pre task execution logs
[2024-07-26T11:25:16.008+0000] {taskinstance.py:2076} INFO - Dependencies all met for dep_context=non-requeueable deps ti=<TaskInstance: motower_daily_prod.gen_congestion_task scheduled__2024-06-02T06:00:00+00:00 [queued]>
[2024-07-26T11:25:16.022+0000] {taskinstance.py:2076} INFO - Dependencies all met for dep_context=requeueable deps ti=<TaskInstance: motower_daily_prod.gen_congestion_task scheduled__2024-06-02T06:00:00+00:00 [queued]>
[2024-07-26T11:25:16.022+0000] {taskinstance.py:2306} INFO - Starting attempt 1 of 1
[2024-07-26T11:25:16.416+0000] {taskinstance.py:2330} INFO - Executing <Task(PythonOperator): gen_congestion_task> on 2024-06-02 06:00:00+00:00
[2024-07-26T11:25:16.430+0000] {warnings.py:112} WARNING - /home/***/.local/lib/python3.12/site-packages/***/task/task_runner/standard_task_runner.py:62: DeprecationWarning: This process (pid=875) is multi-threaded, use of fork() may lead to deadlocks in the child.
  pid = os.fork()

[2024-07-26T11:25:16.432+0000] {standard_task_runner.py:64} INFO - Started process 894 to run task
[2024-07-26T11:25:16.435+0000] {standard_task_runner.py:90} INFO - Running: ['***', 'tasks', 'run', 'motower_daily_prod', 'gen_congestion_task', 'scheduled__2024-06-02T06:00:00+00:00', '--job-id', '3322', '--raw', '--subdir', 'DAGS_FOLDER/gps/custom_dags/motower_daily.py', '--cfg-path', '/tmp/tmpj534ptd7']
[2024-07-26T11:25:16.437+0000] {standard_task_runner.py:91} INFO - Job 3322: Subtask gen_congestion_task
[2024-07-26T11:25:16.485+0000] {task_command.py:426} INFO - Running <TaskInstance: motower_daily_prod.gen_congestion_task scheduled__2024-06-02T06:00:00+00:00 [running]> on host b3845fb494d4
[2024-07-26T11:25:16.582+0000] {taskinstance.py:2648} INFO - Exporting env vars: AIRFLOW_CTX_DAG_EMAIL='richmond.kongo@orange.com,assane.diop@orange.com,cyrille1.danho@orange.com,mohamed2.sylla@orange.com,amadou.diomande@orange.com,Jonas.kouame@orange.com,armand.kablan@orange.com,anicet.azombade@orange.com,etienne.kouadio@orange.com,bertine.kouakou@orange.com,florentine.kouakou@orange.com,ange.phaceli@orange.com,soulegame.soro@orange.com,innocent.yengo@orange.com' AIRFLOW_CTX_DAG_OWNER='***' AIRFLOW_CTX_DAG_ID='motower_daily_prod' AIRFLOW_CTX_TASK_ID='gen_congestion_task' AIRFLOW_CTX_EXECUTION_DATE='2024-06-02T06:00:00+00:00' AIRFLOW_CTX_TRY_NUMBER='1' AIRFLOW_CTX_DAG_RUN_ID='scheduled__2024-06-02T06:00:00+00:00'
[2024-07-26T11:25:16.583+0000] {taskinstance.py:430} INFO - ::endgroup::
[2024-07-26T11:25:16.653+0000] {python.py:237} INFO - Done. Returned value was: None
[2024-07-26T11:25:16.654+0000] {taskinstance.py:441} INFO - ::group::Post task execution logs
[2024-07-26T11:25:16.663+0000] {taskinstance.py:1206} INFO - Marking task as SUCCESS. dag_id=motower_daily_prod, task_id=gen_congestion_task, run_id=scheduled__2024-06-02T06:00:00+00:00, execution_date=20240602T060000, start_date=20240726T112516, end_date=20240726T112516
[2024-07-26T11:25:16.728+0000] {local_task_job_runner.py:243} INFO - Task exited with return code 0
[2024-07-26T11:25:16.744+0000] {taskinstance.py:3503} INFO - 0 downstream tasks scheduled from follow-on schedule check
[2024-07-26T11:25:16.745+0000] {local_task_job_runner.py:222} INFO - ::endgroup::
[2024-07-26T11:30:45.948+0000] {local_task_job_runner.py:120} INFO - ::group::Pre task execution logs
[2024-07-26T11:30:46.245+0000] {taskinstance.py:2076} INFO - Dependencies all met for dep_context=non-requeueable deps ti=<TaskInstance: motower_daily_prod.gen_congestion_task scheduled__2024-06-02T06:00:00+00:00 [queued]>
[2024-07-26T11:30:46.255+0000] {taskinstance.py:2076} INFO - Dependencies all met for dep_context=requeueable deps ti=<TaskInstance: motower_daily_prod.gen_congestion_task scheduled__2024-06-02T06:00:00+00:00 [queued]>
[2024-07-26T11:30:46.255+0000] {taskinstance.py:2306} INFO - Starting attempt 1 of 1
[2024-07-26T11:30:46.269+0000] {taskinstance.py:2330} INFO - Executing <Task(PythonOperator): gen_congestion_task> on 2024-06-02 06:00:00+00:00
[2024-07-26T11:30:46.280+0000] {warnings.py:112} WARNING - /home/***/.local/lib/python3.12/site-packages/***/task/task_runner/standard_task_runner.py:62: DeprecationWarning: This process (pid=1360) is multi-threaded, use of fork() may lead to deadlocks in the child.
  pid = os.fork()

[2024-07-26T11:30:46.281+0000] {standard_task_runner.py:64} INFO - Started process 1374 to run task
[2024-07-26T11:30:46.282+0000] {standard_task_runner.py:90} INFO - Running: ['***', 'tasks', 'run', 'motower_daily_prod', 'gen_congestion_task', 'scheduled__2024-06-02T06:00:00+00:00', '--job-id', '3460', '--raw', '--subdir', 'DAGS_FOLDER/gps/custom_dags/motower_daily.py', '--cfg-path', '/tmp/tmpco6gbnkv']
[2024-07-26T11:30:46.284+0000] {standard_task_runner.py:91} INFO - Job 3460: Subtask gen_congestion_task
[2024-07-26T11:30:46.331+0000] {task_command.py:426} INFO - Running <TaskInstance: motower_daily_prod.gen_congestion_task scheduled__2024-06-02T06:00:00+00:00 [running]> on host b3845fb494d4
[2024-07-26T11:30:46.421+0000] {taskinstance.py:2648} INFO - Exporting env vars: AIRFLOW_CTX_DAG_EMAIL='richmond.kongo@orange.com,assane.diop@orange.com,cyrille1.danho@orange.com,mohamed2.sylla@orange.com,amadou.diomande@orange.com,Jonas.kouame@orange.com,armand.kablan@orange.com,anicet.azombade@orange.com,etienne.kouadio@orange.com,bertine.kouakou@orange.com,florentine.kouakou@orange.com,ange.phaceli@orange.com,soulegame.soro@orange.com,innocent.yengo@orange.com' AIRFLOW_CTX_DAG_OWNER='***' AIRFLOW_CTX_DAG_ID='motower_daily_prod' AIRFLOW_CTX_TASK_ID='gen_congestion_task' AIRFLOW_CTX_EXECUTION_DATE='2024-06-02T06:00:00+00:00' AIRFLOW_CTX_TRY_NUMBER='1' AIRFLOW_CTX_DAG_RUN_ID='scheduled__2024-06-02T06:00:00+00:00'
[2024-07-26T11:30:46.423+0000] {taskinstance.py:430} INFO - ::endgroup::
[2024-07-26T11:30:46.494+0000] {python.py:237} INFO - Done. Returned value was: None
[2024-07-26T11:30:46.495+0000] {taskinstance.py:441} INFO - ::group::Post task execution logs
[2024-07-26T11:30:46.505+0000] {taskinstance.py:1206} INFO - Marking task as SUCCESS. dag_id=motower_daily_prod, task_id=gen_congestion_task, run_id=scheduled__2024-06-02T06:00:00+00:00, execution_date=20240602T060000, start_date=20240726T113046, end_date=20240726T113046
[2024-07-26T11:30:46.535+0000] {local_task_job_runner.py:243} INFO - Task exited with return code 0
[2024-07-26T11:30:46.555+0000] {taskinstance.py:3503} INFO - 0 downstream tasks scheduled from follow-on schedule check
[2024-07-26T11:30:46.556+0000] {local_task_job_runner.py:222} INFO - ::endgroup::
[2024-07-26T11:39:07.447+0000] {local_task_job_runner.py:120} INFO - ::group::Pre task execution logs
[2024-07-26T11:39:07.822+0000] {taskinstance.py:2076} INFO - Dependencies all met for dep_context=non-requeueable deps ti=<TaskInstance: motower_daily_prod.gen_congestion_task scheduled__2024-06-02T06:00:00+00:00 [queued]>
[2024-07-26T11:39:07.837+0000] {taskinstance.py:2076} INFO - Dependencies all met for dep_context=requeueable deps ti=<TaskInstance: motower_daily_prod.gen_congestion_task scheduled__2024-06-02T06:00:00+00:00 [queued]>
[2024-07-26T11:39:07.837+0000] {taskinstance.py:2306} INFO - Starting attempt 1 of 1
[2024-07-26T11:39:07.861+0000] {taskinstance.py:2330} INFO - Executing <Task(PythonOperator): gen_congestion_task> on 2024-06-02 06:00:00+00:00
[2024-07-26T11:39:07.875+0000] {warnings.py:112} WARNING - /home/***/.local/lib/python3.12/site-packages/***/task/task_runner/standard_task_runner.py:62: DeprecationWarning: This process (pid=1876) is multi-threaded, use of fork() may lead to deadlocks in the child.
  pid = os.fork()

[2024-07-26T11:39:07.876+0000] {standard_task_runner.py:64} INFO - Started process 1888 to run task
[2024-07-26T11:39:07.877+0000] {standard_task_runner.py:90} INFO - Running: ['***', 'tasks', 'run', 'motower_daily_prod', 'gen_congestion_task', 'scheduled__2024-06-02T06:00:00+00:00', '--job-id', '3594', '--raw', '--subdir', 'DAGS_FOLDER/gps/custom_dags/motower_daily.py', '--cfg-path', '/tmp/tmpadast9hk']
[2024-07-26T11:39:07.884+0000] {standard_task_runner.py:91} INFO - Job 3594: Subtask gen_congestion_task
[2024-07-26T11:39:07.960+0000] {task_command.py:426} INFO - Running <TaskInstance: motower_daily_prod.gen_congestion_task scheduled__2024-06-02T06:00:00+00:00 [running]> on host b3845fb494d4
[2024-07-26T11:39:08.103+0000] {taskinstance.py:2648} INFO - Exporting env vars: AIRFLOW_CTX_DAG_EMAIL='richmond.kongo@orange.com,assane.diop@orange.com,cyrille1.danho@orange.com,mohamed2.sylla@orange.com,amadou.diomande@orange.com,Jonas.kouame@orange.com,armand.kablan@orange.com,anicet.azombade@orange.com,etienne.kouadio@orange.com,bertine.kouakou@orange.com,florentine.kouakou@orange.com,ange.phaceli@orange.com,soulegame.soro@orange.com,innocent.yengo@orange.com' AIRFLOW_CTX_DAG_OWNER='***' AIRFLOW_CTX_DAG_ID='motower_daily_prod' AIRFLOW_CTX_TASK_ID='gen_congestion_task' AIRFLOW_CTX_EXECUTION_DATE='2024-06-02T06:00:00+00:00' AIRFLOW_CTX_TRY_NUMBER='1' AIRFLOW_CTX_DAG_RUN_ID='scheduled__2024-06-02T06:00:00+00:00'
[2024-07-26T11:39:08.105+0000] {taskinstance.py:430} INFO - ::endgroup::
[2024-07-26T11:39:08.214+0000] {python.py:237} INFO - Done. Returned value was: None
[2024-07-26T11:39:08.215+0000] {taskinstance.py:441} INFO - ::group::Post task execution logs
[2024-07-26T11:39:08.228+0000] {taskinstance.py:1206} INFO - Marking task as SUCCESS. dag_id=motower_daily_prod, task_id=gen_congestion_task, run_id=scheduled__2024-06-02T06:00:00+00:00, execution_date=20240602T060000, start_date=20240726T113907, end_date=20240726T113908
[2024-07-26T11:39:08.274+0000] {local_task_job_runner.py:243} INFO - Task exited with return code 0
[2024-07-26T11:39:08.295+0000] {taskinstance.py:3503} INFO - 0 downstream tasks scheduled from follow-on schedule check
[2024-07-26T11:39:08.297+0000] {local_task_job_runner.py:222} INFO - ::endgroup::
[2024-07-26T11:42:16.144+0000] {local_task_job_runner.py:120} INFO - ::group::Pre task execution logs
[2024-07-26T11:42:16.444+0000] {taskinstance.py:2076} INFO - Dependencies all met for dep_context=non-requeueable deps ti=<TaskInstance: motower_daily_prod.gen_congestion_task scheduled__2024-06-02T06:00:00+00:00 [queued]>
[2024-07-26T11:42:16.459+0000] {taskinstance.py:2076} INFO - Dependencies all met for dep_context=requeueable deps ti=<TaskInstance: motower_daily_prod.gen_congestion_task scheduled__2024-06-02T06:00:00+00:00 [queued]>
[2024-07-26T11:42:16.460+0000] {taskinstance.py:2306} INFO - Starting attempt 1 of 1
[2024-07-26T11:42:16.477+0000] {taskinstance.py:2330} INFO - Executing <Task(PythonOperator): gen_congestion_task> on 2024-06-02 06:00:00+00:00
[2024-07-26T11:42:16.491+0000] {warnings.py:112} WARNING - /home/***/.local/lib/python3.12/site-packages/***/task/task_runner/standard_task_runner.py:62: DeprecationWarning: This process (pid=2134) is multi-threaded, use of fork() may lead to deadlocks in the child.
  pid = os.fork()

[2024-07-26T11:42:16.493+0000] {standard_task_runner.py:64} INFO - Started process 2149 to run task
[2024-07-26T11:42:16.495+0000] {standard_task_runner.py:90} INFO - Running: ['***', 'tasks', 'run', 'motower_daily_prod', 'gen_congestion_task', 'scheduled__2024-06-02T06:00:00+00:00', '--job-id', '3666', '--raw', '--subdir', 'DAGS_FOLDER/gps/custom_dags/motower_daily.py', '--cfg-path', '/tmp/tmp3ib_8wx5']
[2024-07-26T11:42:16.498+0000] {standard_task_runner.py:91} INFO - Job 3666: Subtask gen_congestion_task
[2024-07-26T11:42:16.569+0000] {task_command.py:426} INFO - Running <TaskInstance: motower_daily_prod.gen_congestion_task scheduled__2024-06-02T06:00:00+00:00 [running]> on host b3845fb494d4
[2024-07-26T11:42:16.703+0000] {taskinstance.py:2648} INFO - Exporting env vars: AIRFLOW_CTX_DAG_EMAIL='richmond.kongo@orange.com,assane.diop@orange.com,cyrille1.danho@orange.com,mohamed2.sylla@orange.com,amadou.diomande@orange.com,Jonas.kouame@orange.com,armand.kablan@orange.com,anicet.azombade@orange.com,etienne.kouadio@orange.com,bertine.kouakou@orange.com,florentine.kouakou@orange.com,ange.phaceli@orange.com,soulegame.soro@orange.com,innocent.yengo@orange.com' AIRFLOW_CTX_DAG_OWNER='***' AIRFLOW_CTX_DAG_ID='motower_daily_prod' AIRFLOW_CTX_TASK_ID='gen_congestion_task' AIRFLOW_CTX_EXECUTION_DATE='2024-06-02T06:00:00+00:00' AIRFLOW_CTX_TRY_NUMBER='1' AIRFLOW_CTX_DAG_RUN_ID='scheduled__2024-06-02T06:00:00+00:00'
[2024-07-26T11:42:16.705+0000] {taskinstance.py:430} INFO - ::endgroup::
[2024-07-26T11:42:16.807+0000] {python.py:237} INFO - Done. Returned value was: None
[2024-07-26T11:42:16.809+0000] {taskinstance.py:441} INFO - ::group::Post task execution logs
[2024-07-26T11:42:16.830+0000] {taskinstance.py:1206} INFO - Marking task as SUCCESS. dag_id=motower_daily_prod, task_id=gen_congestion_task, run_id=scheduled__2024-06-02T06:00:00+00:00, execution_date=20240602T060000, start_date=20240726T114216, end_date=20240726T114216
[2024-07-26T11:42:16.880+0000] {local_task_job_runner.py:243} INFO - Task exited with return code 0
[2024-07-26T11:42:16.901+0000] {taskinstance.py:3503} INFO - 0 downstream tasks scheduled from follow-on schedule check
[2024-07-26T11:42:16.904+0000] {local_task_job_runner.py:222} INFO - ::endgroup::
[2024-07-26T12:09:21.410+0000] {local_task_job_runner.py:120} INFO - ::group::Pre task execution logs
[2024-07-26T12:09:21.729+0000] {taskinstance.py:2076} INFO - Dependencies all met for dep_context=non-requeueable deps ti=<TaskInstance: motower_daily_prod.gen_congestion_task scheduled__2024-06-02T06:00:00+00:00 [queued]>
[2024-07-26T12:09:21.746+0000] {taskinstance.py:2076} INFO - Dependencies all met for dep_context=requeueable deps ti=<TaskInstance: motower_daily_prod.gen_congestion_task scheduled__2024-06-02T06:00:00+00:00 [queued]>
[2024-07-26T12:09:21.752+0000] {taskinstance.py:2306} INFO - Starting attempt 1 of 1
[2024-07-26T12:09:21.772+0000] {taskinstance.py:2330} INFO - Executing <Task(PythonOperator): gen_congestion_task> on 2024-06-02 06:00:00+00:00
[2024-07-26T12:09:21.789+0000] {warnings.py:112} WARNING - /home/***/.local/lib/python3.12/site-packages/***/task/task_runner/standard_task_runner.py:62: DeprecationWarning: This process (pid=216) is multi-threaded, use of fork() may lead to deadlocks in the child.
  pid = os.fork()

[2024-07-26T12:09:21.791+0000] {standard_task_runner.py:90} INFO - Running: ['***', 'tasks', 'run', 'motower_daily_prod', 'gen_congestion_task', 'scheduled__2024-06-02T06:00:00+00:00', '--job-id', '18', '--raw', '--subdir', 'DAGS_FOLDER/gps/custom_dags/motower_daily.py', '--cfg-path', '/tmp/tmpw9ljrwff']
[2024-07-26T12:09:21.794+0000] {standard_task_runner.py:91} INFO - Job 18: Subtask gen_congestion_task
[2024-07-26T12:09:21.794+0000] {standard_task_runner.py:64} INFO - Started process 239 to run task
[2024-07-26T12:09:21.875+0000] {task_command.py:426} INFO - Running <TaskInstance: motower_daily_prod.gen_congestion_task scheduled__2024-06-02T06:00:00+00:00 [running]> on host 38513f9ed169
[2024-07-26T12:09:22.087+0000] {taskinstance.py:2648} INFO - Exporting env vars: AIRFLOW_CTX_DAG_EMAIL='richmond.kongo@orange.com,assane.diop@orange.com,cyrille1.danho@orange.com,mohamed2.sylla@orange.com,amadou.diomande@orange.com,Jonas.kouame@orange.com,armand.kablan@orange.com,anicet.azombade@orange.com,etienne.kouadio@orange.com,bertine.kouakou@orange.com,florentine.kouakou@orange.com,ange.phaceli@orange.com,soulegame.soro@orange.com,innocent.yengo@orange.com' AIRFLOW_CTX_DAG_OWNER='***' AIRFLOW_CTX_DAG_ID='motower_daily_prod' AIRFLOW_CTX_TASK_ID='gen_congestion_task' AIRFLOW_CTX_EXECUTION_DATE='2024-06-02T06:00:00+00:00' AIRFLOW_CTX_TRY_NUMBER='1' AIRFLOW_CTX_DAG_RUN_ID='scheduled__2024-06-02T06:00:00+00:00'
[2024-07-26T12:09:22.088+0000] {taskinstance.py:430} INFO - ::endgroup::
[2024-07-26T12:09:22.238+0000] {python.py:237} INFO - Done. Returned value was: None
[2024-07-26T12:09:22.239+0000] {taskinstance.py:441} INFO - ::group::Post task execution logs
[2024-07-26T12:09:22.265+0000] {taskinstance.py:1206} INFO - Marking task as SUCCESS. dag_id=motower_daily_prod, task_id=gen_congestion_task, run_id=scheduled__2024-06-02T06:00:00+00:00, execution_date=20240602T060000, start_date=20240726T120921, end_date=20240726T120922
[2024-07-26T12:09:22.391+0000] {local_task_job_runner.py:243} INFO - Task exited with return code 0
[2024-07-26T12:09:22.434+0000] {local_task_job_runner.py:222} INFO - ::endgroup::
[2024-07-26T12:11:57.774+0000] {local_task_job_runner.py:120} INFO - ::group::Pre task execution logs
[2024-07-26T12:11:57.847+0000] {taskinstance.py:2076} INFO - Dependencies all met for dep_context=non-requeueable deps ti=<TaskInstance: motower_daily_prod.gen_congestion_task scheduled__2024-06-02T06:00:00+00:00 [queued]>
[2024-07-26T12:11:57.861+0000] {taskinstance.py:2076} INFO - Dependencies all met for dep_context=requeueable deps ti=<TaskInstance: motower_daily_prod.gen_congestion_task scheduled__2024-06-02T06:00:00+00:00 [queued]>
[2024-07-26T12:11:57.862+0000] {taskinstance.py:2306} INFO - Starting attempt 1 of 1
[2024-07-26T12:11:57.882+0000] {taskinstance.py:2330} INFO - Executing <Task(PythonOperator): gen_congestion_task> on 2024-06-02 06:00:00+00:00
[2024-07-26T12:11:57.902+0000] {warnings.py:112} WARNING - /home/***/.local/lib/python3.12/site-packages/***/task/task_runner/standard_task_runner.py:62: DeprecationWarning: This process (pid=660) is multi-threaded, use of fork() may lead to deadlocks in the child.
  pid = os.fork()

[2024-07-26T12:11:57.906+0000] {standard_task_runner.py:64} INFO - Started process 676 to run task
[2024-07-26T12:11:57.915+0000] {standard_task_runner.py:90} INFO - Running: ['***', 'tasks', 'run', 'motower_daily_prod', 'gen_congestion_task', 'scheduled__2024-06-02T06:00:00+00:00', '--job-id', '157', '--raw', '--subdir', 'DAGS_FOLDER/gps/custom_dags/motower_daily.py', '--cfg-path', '/tmp/tmpxdfolfli']
[2024-07-26T12:11:57.917+0000] {standard_task_runner.py:91} INFO - Job 157: Subtask gen_congestion_task
[2024-07-26T12:11:58.029+0000] {task_command.py:426} INFO - Running <TaskInstance: motower_daily_prod.gen_congestion_task scheduled__2024-06-02T06:00:00+00:00 [running]> on host 38513f9ed169
[2024-07-26T12:11:58.189+0000] {taskinstance.py:2648} INFO - Exporting env vars: AIRFLOW_CTX_DAG_EMAIL='richmond.kongo@orange.com,assane.diop@orange.com,cyrille1.danho@orange.com,mohamed2.sylla@orange.com,amadou.diomande@orange.com,Jonas.kouame@orange.com,armand.kablan@orange.com,anicet.azombade@orange.com,etienne.kouadio@orange.com,bertine.kouakou@orange.com,florentine.kouakou@orange.com,ange.phaceli@orange.com,soulegame.soro@orange.com,innocent.yengo@orange.com' AIRFLOW_CTX_DAG_OWNER='***' AIRFLOW_CTX_DAG_ID='motower_daily_prod' AIRFLOW_CTX_TASK_ID='gen_congestion_task' AIRFLOW_CTX_EXECUTION_DATE='2024-06-02T06:00:00+00:00' AIRFLOW_CTX_TRY_NUMBER='1' AIRFLOW_CTX_DAG_RUN_ID='scheduled__2024-06-02T06:00:00+00:00'
[2024-07-26T12:11:58.190+0000] {taskinstance.py:430} INFO - ::endgroup::
[2024-07-26T12:11:58.280+0000] {python.py:237} INFO - Done. Returned value was: None
[2024-07-26T12:11:58.281+0000] {taskinstance.py:441} INFO - ::group::Post task execution logs
[2024-07-26T12:11:58.294+0000] {taskinstance.py:1206} INFO - Marking task as SUCCESS. dag_id=motower_daily_prod, task_id=gen_congestion_task, run_id=scheduled__2024-06-02T06:00:00+00:00, execution_date=20240602T060000, start_date=20240726T121157, end_date=20240726T121158
[2024-07-26T12:11:58.332+0000] {local_task_job_runner.py:243} INFO - Task exited with return code 0
[2024-07-26T12:11:58.349+0000] {taskinstance.py:3503} INFO - 0 downstream tasks scheduled from follow-on schedule check
[2024-07-26T12:11:58.351+0000] {local_task_job_runner.py:222} INFO - ::endgroup::
[2024-07-26T12:17:50.913+0000] {local_task_job_runner.py:120} INFO - ::group::Pre task execution logs
[2024-07-26T12:17:50.943+0000] {taskinstance.py:2076} INFO - Dependencies all met for dep_context=non-requeueable deps ti=<TaskInstance: motower_daily_prod.gen_congestion_task scheduled__2024-06-02T06:00:00+00:00 [queued]>
[2024-07-26T12:17:50.956+0000] {taskinstance.py:2076} INFO - Dependencies all met for dep_context=requeueable deps ti=<TaskInstance: motower_daily_prod.gen_congestion_task scheduled__2024-06-02T06:00:00+00:00 [queued]>
[2024-07-26T12:17:50.956+0000] {taskinstance.py:2306} INFO - Starting attempt 1 of 1
[2024-07-26T12:17:50.970+0000] {taskinstance.py:2330} INFO - Executing <Task(PythonOperator): gen_congestion_task> on 2024-06-02 06:00:00+00:00
[2024-07-26T12:17:50.986+0000] {warnings.py:112} WARNING - /home/***/.local/lib/python3.12/site-packages/***/task/task_runner/standard_task_runner.py:62: DeprecationWarning: This process (pid=117) is multi-threaded, use of fork() may lead to deadlocks in the child.
  pid = os.fork()

[2024-07-26T12:17:50.987+0000] {standard_task_runner.py:64} INFO - Started process 134 to run task
[2024-07-26T12:17:50.991+0000] {standard_task_runner.py:90} INFO - Running: ['***', 'tasks', 'run', 'motower_daily_prod', 'gen_congestion_task', 'scheduled__2024-06-02T06:00:00+00:00', '--job-id', '17', '--raw', '--subdir', 'DAGS_FOLDER/gps/custom_dags/motower_daily.py', '--cfg-path', '/tmp/tmpnok6_x82']
[2024-07-26T12:17:50.993+0000] {standard_task_runner.py:91} INFO - Job 17: Subtask gen_congestion_task
[2024-07-26T12:17:51.046+0000] {task_command.py:426} INFO - Running <TaskInstance: motower_daily_prod.gen_congestion_task scheduled__2024-06-02T06:00:00+00:00 [running]> on host 88c2b04746a4
[2024-07-26T12:17:51.156+0000] {taskinstance.py:2648} INFO - Exporting env vars: AIRFLOW_CTX_DAG_EMAIL='richmond.kongo@orange.com,assane.diop@orange.com,cyrille1.danho@orange.com,mohamed2.sylla@orange.com,amadou.diomande@orange.com,Jonas.kouame@orange.com,armand.kablan@orange.com,anicet.azombade@orange.com,etienne.kouadio@orange.com,bertine.kouakou@orange.com,florentine.kouakou@orange.com,ange.phaceli@orange.com,soulegame.soro@orange.com,innocent.yengo@orange.com' AIRFLOW_CTX_DAG_OWNER='***' AIRFLOW_CTX_DAG_ID='motower_daily_prod' AIRFLOW_CTX_TASK_ID='gen_congestion_task' AIRFLOW_CTX_EXECUTION_DATE='2024-06-02T06:00:00+00:00' AIRFLOW_CTX_TRY_NUMBER='1' AIRFLOW_CTX_DAG_RUN_ID='scheduled__2024-06-02T06:00:00+00:00'
[2024-07-26T12:17:51.158+0000] {taskinstance.py:430} INFO - ::endgroup::
[2024-07-26T12:17:51.259+0000] {python.py:237} INFO - Done. Returned value was: None
[2024-07-26T12:17:51.260+0000] {taskinstance.py:441} INFO - ::group::Post task execution logs
[2024-07-26T12:17:51.270+0000] {taskinstance.py:1206} INFO - Marking task as SUCCESS. dag_id=motower_daily_prod, task_id=gen_congestion_task, run_id=scheduled__2024-06-02T06:00:00+00:00, execution_date=20240602T060000, start_date=20240726T121750, end_date=20240726T121751
[2024-07-26T12:17:51.325+0000] {local_task_job_runner.py:243} INFO - Task exited with return code 0
[2024-07-26T12:17:51.345+0000] {taskinstance.py:3503} INFO - 0 downstream tasks scheduled from follow-on schedule check
[2024-07-26T12:17:51.347+0000] {local_task_job_runner.py:222} INFO - ::endgroup::
[2024-07-26T12:20:03.738+0000] {local_task_job_runner.py:120} INFO - ::group::Pre task execution logs
[2024-07-26T12:20:04.053+0000] {taskinstance.py:2076} INFO - Dependencies all met for dep_context=non-requeueable deps ti=<TaskInstance: motower_daily_prod.gen_congestion_task scheduled__2024-06-02T06:00:00+00:00 [queued]>
[2024-07-26T12:20:04.063+0000] {taskinstance.py:2076} INFO - Dependencies all met for dep_context=requeueable deps ti=<TaskInstance: motower_daily_prod.gen_congestion_task scheduled__2024-06-02T06:00:00+00:00 [queued]>
[2024-07-26T12:20:04.063+0000] {taskinstance.py:2306} INFO - Starting attempt 1 of 1
[2024-07-26T12:20:04.081+0000] {taskinstance.py:2330} INFO - Executing <Task(PythonOperator): gen_congestion_task> on 2024-06-02 06:00:00+00:00
[2024-07-26T12:20:04.104+0000] {warnings.py:112} WARNING - /home/***/.local/lib/python3.12/site-packages/***/task/task_runner/standard_task_runner.py:62: DeprecationWarning: This process (pid=478) is multi-threaded, use of fork() may lead to deadlocks in the child.
  pid = os.fork()

[2024-07-26T12:20:04.106+0000] {standard_task_runner.py:64} INFO - Started process 495 to run task
[2024-07-26T12:20:04.108+0000] {standard_task_runner.py:90} INFO - Running: ['***', 'tasks', 'run', 'motower_daily_prod', 'gen_congestion_task', 'scheduled__2024-06-02T06:00:00+00:00', '--job-id', '124', '--raw', '--subdir', 'DAGS_FOLDER/gps/custom_dags/motower_daily.py', '--cfg-path', '/tmp/tmpe6e1g2xr']
[2024-07-26T12:20:04.111+0000] {standard_task_runner.py:91} INFO - Job 124: Subtask gen_congestion_task
[2024-07-26T12:20:04.178+0000] {task_command.py:426} INFO - Running <TaskInstance: motower_daily_prod.gen_congestion_task scheduled__2024-06-02T06:00:00+00:00 [running]> on host 88c2b04746a4
[2024-07-26T12:20:04.317+0000] {taskinstance.py:2648} INFO - Exporting env vars: AIRFLOW_CTX_DAG_EMAIL='richmond.kongo@orange.com,assane.diop@orange.com,cyrille1.danho@orange.com,mohamed2.sylla@orange.com,amadou.diomande@orange.com,Jonas.kouame@orange.com,armand.kablan@orange.com,anicet.azombade@orange.com,etienne.kouadio@orange.com,bertine.kouakou@orange.com,florentine.kouakou@orange.com,ange.phaceli@orange.com,soulegame.soro@orange.com,innocent.yengo@orange.com' AIRFLOW_CTX_DAG_OWNER='***' AIRFLOW_CTX_DAG_ID='motower_daily_prod' AIRFLOW_CTX_TASK_ID='gen_congestion_task' AIRFLOW_CTX_EXECUTION_DATE='2024-06-02T06:00:00+00:00' AIRFLOW_CTX_TRY_NUMBER='1' AIRFLOW_CTX_DAG_RUN_ID='scheduled__2024-06-02T06:00:00+00:00'
[2024-07-26T12:20:04.321+0000] {taskinstance.py:430} INFO - ::endgroup::
[2024-07-26T12:20:04.412+0000] {python.py:237} INFO - Done. Returned value was: None
[2024-07-26T12:20:04.413+0000] {taskinstance.py:441} INFO - ::group::Post task execution logs
[2024-07-26T12:20:04.427+0000] {taskinstance.py:1206} INFO - Marking task as SUCCESS. dag_id=motower_daily_prod, task_id=gen_congestion_task, run_id=scheduled__2024-06-02T06:00:00+00:00, execution_date=20240602T060000, start_date=20240726T122004, end_date=20240726T122004
[2024-07-26T12:20:04.487+0000] {local_task_job_runner.py:243} INFO - Task exited with return code 0
[2024-07-26T12:20:04.508+0000] {taskinstance.py:3503} INFO - 0 downstream tasks scheduled from follow-on schedule check
[2024-07-26T12:20:04.510+0000] {local_task_job_runner.py:222} INFO - ::endgroup::
[2024-07-26T12:23:15.239+0000] {local_task_job_runner.py:120} INFO - ::group::Pre task execution logs
[2024-07-26T12:23:15.522+0000] {taskinstance.py:2076} INFO - Dependencies all met for dep_context=non-requeueable deps ti=<TaskInstance: motower_daily_prod.gen_congestion_task scheduled__2024-06-02T06:00:00+00:00 [queued]>
[2024-07-26T12:23:15.532+0000] {taskinstance.py:2076} INFO - Dependencies all met for dep_context=requeueable deps ti=<TaskInstance: motower_daily_prod.gen_congestion_task scheduled__2024-06-02T06:00:00+00:00 [queued]>
[2024-07-26T12:23:15.533+0000] {taskinstance.py:2306} INFO - Starting attempt 1 of 1
[2024-07-26T12:23:15.549+0000] {taskinstance.py:2330} INFO - Executing <Task(PythonOperator): gen_congestion_task> on 2024-06-02 06:00:00+00:00
[2024-07-26T12:23:15.563+0000] {warnings.py:112} WARNING - /home/***/.local/lib/python3.12/site-packages/***/task/task_runner/standard_task_runner.py:62: DeprecationWarning: This process (pid=1304) is multi-threaded, use of fork() may lead to deadlocks in the child.
  pid = os.fork()

[2024-07-26T12:23:15.565+0000] {standard_task_runner.py:64} INFO - Started process 1319 to run task
[2024-07-26T12:23:15.565+0000] {standard_task_runner.py:90} INFO - Running: ['***', 'tasks', 'run', 'motower_daily_prod', 'gen_congestion_task', 'scheduled__2024-06-02T06:00:00+00:00', '--job-id', '387', '--raw', '--subdir', 'DAGS_FOLDER/gps/custom_dags/motower_daily.py', '--cfg-path', '/tmp/tmpahxdqu8r']
[2024-07-26T12:23:15.569+0000] {standard_task_runner.py:91} INFO - Job 387: Subtask gen_congestion_task
[2024-07-26T12:23:15.628+0000] {task_command.py:426} INFO - Running <TaskInstance: motower_daily_prod.gen_congestion_task scheduled__2024-06-02T06:00:00+00:00 [running]> on host 88c2b04746a4
[2024-07-26T12:23:15.802+0000] {taskinstance.py:2648} INFO - Exporting env vars: AIRFLOW_CTX_DAG_EMAIL='richmond.kongo@orange.com,assane.diop@orange.com,cyrille1.danho@orange.com,mohamed2.sylla@orange.com,amadou.diomande@orange.com,Jonas.kouame@orange.com,armand.kablan@orange.com,anicet.azombade@orange.com,etienne.kouadio@orange.com,bertine.kouakou@orange.com,florentine.kouakou@orange.com,ange.phaceli@orange.com,soulegame.soro@orange.com,innocent.yengo@orange.com' AIRFLOW_CTX_DAG_OWNER='***' AIRFLOW_CTX_DAG_ID='motower_daily_prod' AIRFLOW_CTX_TASK_ID='gen_congestion_task' AIRFLOW_CTX_EXECUTION_DATE='2024-06-02T06:00:00+00:00' AIRFLOW_CTX_TRY_NUMBER='1' AIRFLOW_CTX_DAG_RUN_ID='scheduled__2024-06-02T06:00:00+00:00'
[2024-07-26T12:23:15.808+0000] {taskinstance.py:430} INFO - ::endgroup::
[2024-07-26T12:23:15.915+0000] {python.py:237} INFO - Done. Returned value was: None
[2024-07-26T12:23:15.916+0000] {taskinstance.py:441} INFO - ::group::Post task execution logs
[2024-07-26T12:23:15.929+0000] {taskinstance.py:1206} INFO - Marking task as SUCCESS. dag_id=motower_daily_prod, task_id=gen_congestion_task, run_id=scheduled__2024-06-02T06:00:00+00:00, execution_date=20240602T060000, start_date=20240726T122315, end_date=20240726T122315
[2024-07-26T12:23:16.022+0000] {local_task_job_runner.py:243} INFO - Task exited with return code 0
[2024-07-26T12:23:16.054+0000] {taskinstance.py:3503} INFO - 0 downstream tasks scheduled from follow-on schedule check
[2024-07-26T12:23:16.057+0000] {local_task_job_runner.py:222} INFO - ::endgroup::
[2024-07-26T12:29:00.845+0000] {local_task_job_runner.py:120} INFO - ::group::Pre task execution logs
[2024-07-26T12:29:00.883+0000] {taskinstance.py:2076} INFO - Dependencies all met for dep_context=non-requeueable deps ti=<TaskInstance: motower_daily_prod.gen_congestion_task scheduled__2024-06-02T06:00:00+00:00 [queued]>
[2024-07-26T12:29:00.902+0000] {taskinstance.py:2076} INFO - Dependencies all met for dep_context=requeueable deps ti=<TaskInstance: motower_daily_prod.gen_congestion_task scheduled__2024-06-02T06:00:00+00:00 [queued]>
[2024-07-26T12:29:00.903+0000] {taskinstance.py:2306} INFO - Starting attempt 1 of 1
[2024-07-26T12:29:00.921+0000] {taskinstance.py:2330} INFO - Executing <Task(PythonOperator): gen_congestion_task> on 2024-06-02 06:00:00+00:00
[2024-07-26T12:29:00.940+0000] {warnings.py:112} WARNING - /home/***/.local/lib/python3.12/site-packages/***/task/task_runner/standard_task_runner.py:62: DeprecationWarning: This process (pid=2264) is multi-threaded, use of fork() may lead to deadlocks in the child.
  pid = os.fork()

[2024-07-26T12:29:00.942+0000] {standard_task_runner.py:64} INFO - Started process 2284 to run task
[2024-07-26T12:29:00.946+0000] {standard_task_runner.py:90} INFO - Running: ['***', 'tasks', 'run', 'motower_daily_prod', 'gen_congestion_task', 'scheduled__2024-06-02T06:00:00+00:00', '--job-id', '685', '--raw', '--subdir', 'DAGS_FOLDER/gps/custom_dags/motower_daily.py', '--cfg-path', '/tmp/tmp6p27k_sq']
[2024-07-26T12:29:00.949+0000] {standard_task_runner.py:91} INFO - Job 685: Subtask gen_congestion_task
[2024-07-26T12:29:01.013+0000] {task_command.py:426} INFO - Running <TaskInstance: motower_daily_prod.gen_congestion_task scheduled__2024-06-02T06:00:00+00:00 [running]> on host 88c2b04746a4
[2024-07-26T12:29:01.167+0000] {taskinstance.py:2648} INFO - Exporting env vars: AIRFLOW_CTX_DAG_EMAIL='richmond.kongo@orange.com,assane.diop@orange.com,cyrille1.danho@orange.com,mohamed2.sylla@orange.com,amadou.diomande@orange.com,Jonas.kouame@orange.com,armand.kablan@orange.com,anicet.azombade@orange.com,etienne.kouadio@orange.com,bertine.kouakou@orange.com,florentine.kouakou@orange.com,ange.phaceli@orange.com,soulegame.soro@orange.com,innocent.yengo@orange.com' AIRFLOW_CTX_DAG_OWNER='***' AIRFLOW_CTX_DAG_ID='motower_daily_prod' AIRFLOW_CTX_TASK_ID='gen_congestion_task' AIRFLOW_CTX_EXECUTION_DATE='2024-06-02T06:00:00+00:00' AIRFLOW_CTX_TRY_NUMBER='1' AIRFLOW_CTX_DAG_RUN_ID='scheduled__2024-06-02T06:00:00+00:00'
[2024-07-26T12:29:01.169+0000] {taskinstance.py:430} INFO - ::endgroup::
[2024-07-26T12:29:01.287+0000] {python.py:237} INFO - Done. Returned value was: None
[2024-07-26T12:29:01.288+0000] {taskinstance.py:441} INFO - ::group::Post task execution logs
[2024-07-26T12:29:01.306+0000] {taskinstance.py:1206} INFO - Marking task as SUCCESS. dag_id=motower_daily_prod, task_id=gen_congestion_task, run_id=scheduled__2024-06-02T06:00:00+00:00, execution_date=20240602T060000, start_date=20240726T122900, end_date=20240726T122901
[2024-07-26T12:29:01.362+0000] {local_task_job_runner.py:243} INFO - Task exited with return code 0
[2024-07-26T12:29:01.377+0000] {local_task_job_runner.py:222} INFO - ::endgroup::
[2024-07-26T12:39:47.288+0000] {local_task_job_runner.py:120} INFO - ::group::Pre task execution logs
[2024-07-26T12:39:47.341+0000] {taskinstance.py:2076} INFO - Dependencies all met for dep_context=non-requeueable deps ti=<TaskInstance: motower_daily_prod.gen_congestion_task scheduled__2024-06-02T06:00:00+00:00 [queued]>
[2024-07-26T12:39:47.353+0000] {taskinstance.py:2076} INFO - Dependencies all met for dep_context=requeueable deps ti=<TaskInstance: motower_daily_prod.gen_congestion_task scheduled__2024-06-02T06:00:00+00:00 [queued]>
[2024-07-26T12:39:47.354+0000] {taskinstance.py:2306} INFO - Starting attempt 1 of 1
[2024-07-26T12:39:47.380+0000] {taskinstance.py:2330} INFO - Executing <Task(PythonOperator): gen_congestion_task> on 2024-06-02 06:00:00+00:00
[2024-07-26T12:39:47.401+0000] {warnings.py:112} WARNING - /home/***/.local/lib/python3.12/site-packages/***/task/task_runner/standard_task_runner.py:62: DeprecationWarning: This process (pid=113) is multi-threaded, use of fork() may lead to deadlocks in the child.
  pid = os.fork()

[2024-07-26T12:39:47.403+0000] {standard_task_runner.py:64} INFO - Started process 134 to run task
[2024-07-26T12:39:47.403+0000] {standard_task_runner.py:90} INFO - Running: ['***', 'tasks', 'run', 'motower_daily_prod', 'gen_congestion_task', 'scheduled__2024-06-02T06:00:00+00:00', '--job-id', '17', '--raw', '--subdir', 'DAGS_FOLDER/gps/custom_dags/motower_daily.py', '--cfg-path', '/tmp/tmp7y9zew2i']
[2024-07-26T12:39:47.406+0000] {standard_task_runner.py:91} INFO - Job 17: Subtask gen_congestion_task
[2024-07-26T12:39:47.496+0000] {task_command.py:426} INFO - Running <TaskInstance: motower_daily_prod.gen_congestion_task scheduled__2024-06-02T06:00:00+00:00 [running]> on host e824106b656d
[2024-07-26T12:39:47.671+0000] {taskinstance.py:2648} INFO - Exporting env vars: AIRFLOW_CTX_DAG_EMAIL='richmond.kongo@orange.com,assane.diop@orange.com,cyrille1.danho@orange.com,mohamed2.sylla@orange.com,amadou.diomande@orange.com,Jonas.kouame@orange.com,armand.kablan@orange.com,anicet.azombade@orange.com,etienne.kouadio@orange.com,bertine.kouakou@orange.com,florentine.kouakou@orange.com,ange.phaceli@orange.com,soulegame.soro@orange.com,innocent.yengo@orange.com' AIRFLOW_CTX_DAG_OWNER='***' AIRFLOW_CTX_DAG_ID='motower_daily_prod' AIRFLOW_CTX_TASK_ID='gen_congestion_task' AIRFLOW_CTX_EXECUTION_DATE='2024-06-02T06:00:00+00:00' AIRFLOW_CTX_TRY_NUMBER='1' AIRFLOW_CTX_DAG_RUN_ID='scheduled__2024-06-02T06:00:00+00:00'
[2024-07-26T12:39:47.673+0000] {taskinstance.py:430} INFO - ::endgroup::
[2024-07-26T12:39:47.786+0000] {python.py:237} INFO - Done. Returned value was: None
[2024-07-26T12:39:47.787+0000] {taskinstance.py:441} INFO - ::group::Post task execution logs
[2024-07-26T12:39:47.803+0000] {taskinstance.py:1206} INFO - Marking task as SUCCESS. dag_id=motower_daily_prod, task_id=gen_congestion_task, run_id=scheduled__2024-06-02T06:00:00+00:00, execution_date=20240602T060000, start_date=20240726T123947, end_date=20240726T123947
[2024-07-26T12:39:47.878+0000] {local_task_job_runner.py:243} INFO - Task exited with return code 0
[2024-07-26T12:39:47.911+0000] {taskinstance.py:3503} INFO - 0 downstream tasks scheduled from follow-on schedule check
[2024-07-26T12:39:47.916+0000] {local_task_job_runner.py:222} INFO - ::endgroup::
[2024-07-26T12:45:59.894+0000] {local_task_job_runner.py:120} INFO - ::group::Pre task execution logs
[2024-07-26T12:45:59.921+0000] {taskinstance.py:2076} INFO - Dependencies all met for dep_context=non-requeueable deps ti=<TaskInstance: motower_daily_prod.gen_congestion_task scheduled__2024-06-02T06:00:00+00:00 [queued]>
[2024-07-26T12:45:59.930+0000] {taskinstance.py:2076} INFO - Dependencies all met for dep_context=requeueable deps ti=<TaskInstance: motower_daily_prod.gen_congestion_task scheduled__2024-06-02T06:00:00+00:00 [queued]>
[2024-07-26T12:45:59.930+0000] {taskinstance.py:2306} INFO - Starting attempt 1 of 1
[2024-07-26T12:45:59.941+0000] {taskinstance.py:2330} INFO - Executing <Task(PythonOperator): gen_congestion_task> on 2024-06-02 06:00:00+00:00
[2024-07-26T12:45:59.954+0000] {warnings.py:112} WARNING - /home/***/.local/lib/python3.12/site-packages/***/task/task_runner/standard_task_runner.py:62: DeprecationWarning: This process (pid=592) is multi-threaded, use of fork() may lead to deadlocks in the child.
  pid = os.fork()

[2024-07-26T12:45:59.955+0000] {standard_task_runner.py:64} INFO - Started process 606 to run task
[2024-07-26T12:45:59.955+0000] {standard_task_runner.py:90} INFO - Running: ['***', 'tasks', 'run', 'motower_daily_prod', 'gen_congestion_task', 'scheduled__2024-06-02T06:00:00+00:00', '--job-id', '148', '--raw', '--subdir', 'DAGS_FOLDER/gps/custom_dags/motower_daily.py', '--cfg-path', '/tmp/tmpznkyt3zd']
[2024-07-26T12:45:59.957+0000] {standard_task_runner.py:91} INFO - Job 148: Subtask gen_congestion_task
[2024-07-26T12:46:00.004+0000] {task_command.py:426} INFO - Running <TaskInstance: motower_daily_prod.gen_congestion_task scheduled__2024-06-02T06:00:00+00:00 [running]> on host e824106b656d
[2024-07-26T12:46:00.094+0000] {taskinstance.py:2648} INFO - Exporting env vars: AIRFLOW_CTX_DAG_EMAIL='richmond.kongo@orange.com,assane.diop@orange.com,cyrille1.danho@orange.com,mohamed2.sylla@orange.com,amadou.diomande@orange.com,Jonas.kouame@orange.com,armand.kablan@orange.com,anicet.azombade@orange.com,etienne.kouadio@orange.com,bertine.kouakou@orange.com,florentine.kouakou@orange.com,ange.phaceli@orange.com,soulegame.soro@orange.com,innocent.yengo@orange.com' AIRFLOW_CTX_DAG_OWNER='***' AIRFLOW_CTX_DAG_ID='motower_daily_prod' AIRFLOW_CTX_TASK_ID='gen_congestion_task' AIRFLOW_CTX_EXECUTION_DATE='2024-06-02T06:00:00+00:00' AIRFLOW_CTX_TRY_NUMBER='1' AIRFLOW_CTX_DAG_RUN_ID='scheduled__2024-06-02T06:00:00+00:00'
[2024-07-26T12:46:00.095+0000] {taskinstance.py:430} INFO - ::endgroup::
[2024-07-26T12:46:00.166+0000] {python.py:237} INFO - Done. Returned value was: None
[2024-07-26T12:46:00.167+0000] {taskinstance.py:441} INFO - ::group::Post task execution logs
[2024-07-26T12:46:00.177+0000] {taskinstance.py:1206} INFO - Marking task as SUCCESS. dag_id=motower_daily_prod, task_id=gen_congestion_task, run_id=scheduled__2024-06-02T06:00:00+00:00, execution_date=20240602T060000, start_date=20240726T124559, end_date=20240726T124600
[2024-07-26T12:46:00.209+0000] {local_task_job_runner.py:243} INFO - Task exited with return code 0
[2024-07-26T12:46:00.218+0000] {local_task_job_runner.py:222} INFO - ::endgroup::
[2024-07-26T12:50:28.880+0000] {local_task_job_runner.py:120} INFO - ::group::Pre task execution logs
[2024-07-26T12:50:28.916+0000] {taskinstance.py:2076} INFO - Dependencies all met for dep_context=non-requeueable deps ti=<TaskInstance: motower_daily_prod.gen_congestion_task scheduled__2024-06-02T06:00:00+00:00 [queued]>
[2024-07-26T12:50:28.927+0000] {taskinstance.py:2076} INFO - Dependencies all met for dep_context=requeueable deps ti=<TaskInstance: motower_daily_prod.gen_congestion_task scheduled__2024-06-02T06:00:00+00:00 [queued]>
[2024-07-26T12:50:28.927+0000] {taskinstance.py:2306} INFO - Starting attempt 1 of 1
[2024-07-26T12:50:29.256+0000] {taskinstance.py:2330} INFO - Executing <Task(PythonOperator): gen_congestion_task> on 2024-06-02 06:00:00+00:00
[2024-07-26T12:50:29.269+0000] {warnings.py:112} WARNING - /home/***/.local/lib/python3.12/site-packages/***/task/task_runner/standard_task_runner.py:62: DeprecationWarning: This process (pid=1057) is multi-threaded, use of fork() may lead to deadlocks in the child.
  pid = os.fork()

[2024-07-26T12:50:29.273+0000] {standard_task_runner.py:64} INFO - Started process 1075 to run task
[2024-07-26T12:50:29.278+0000] {standard_task_runner.py:90} INFO - Running: ['***', 'tasks', 'run', 'motower_daily_prod', 'gen_congestion_task', 'scheduled__2024-06-02T06:00:00+00:00', '--job-id', '283', '--raw', '--subdir', 'DAGS_FOLDER/gps/custom_dags/motower_daily.py', '--cfg-path', '/tmp/tmpxnkgi9_6']
[2024-07-26T12:50:29.281+0000] {standard_task_runner.py:91} INFO - Job 283: Subtask gen_congestion_task
[2024-07-26T12:50:29.347+0000] {task_command.py:426} INFO - Running <TaskInstance: motower_daily_prod.gen_congestion_task scheduled__2024-06-02T06:00:00+00:00 [running]> on host e824106b656d
[2024-07-26T12:50:29.492+0000] {taskinstance.py:2648} INFO - Exporting env vars: AIRFLOW_CTX_DAG_EMAIL='richmond.kongo@orange.com,assane.diop@orange.com,cyrille1.danho@orange.com,mohamed2.sylla@orange.com,amadou.diomande@orange.com,Jonas.kouame@orange.com,armand.kablan@orange.com,anicet.azombade@orange.com,etienne.kouadio@orange.com,bertine.kouakou@orange.com,florentine.kouakou@orange.com,ange.phaceli@orange.com,soulegame.soro@orange.com,innocent.yengo@orange.com' AIRFLOW_CTX_DAG_OWNER='***' AIRFLOW_CTX_DAG_ID='motower_daily_prod' AIRFLOW_CTX_TASK_ID='gen_congestion_task' AIRFLOW_CTX_EXECUTION_DATE='2024-06-02T06:00:00+00:00' AIRFLOW_CTX_TRY_NUMBER='1' AIRFLOW_CTX_DAG_RUN_ID='scheduled__2024-06-02T06:00:00+00:00'
[2024-07-26T12:50:29.496+0000] {taskinstance.py:430} INFO - ::endgroup::
[2024-07-26T12:50:29.599+0000] {python.py:237} INFO - Done. Returned value was: None
[2024-07-26T12:50:29.600+0000] {taskinstance.py:441} INFO - ::group::Post task execution logs
[2024-07-26T12:50:29.615+0000] {taskinstance.py:1206} INFO - Marking task as SUCCESS. dag_id=motower_daily_prod, task_id=gen_congestion_task, run_id=scheduled__2024-06-02T06:00:00+00:00, execution_date=20240602T060000, start_date=20240726T125028, end_date=20240726T125029
[2024-07-26T12:50:29.668+0000] {local_task_job_runner.py:243} INFO - Task exited with return code 0
[2024-07-26T12:50:29.687+0000] {taskinstance.py:3503} INFO - 0 downstream tasks scheduled from follow-on schedule check
[2024-07-26T12:50:29.689+0000] {local_task_job_runner.py:222} INFO - ::endgroup::
[2024-07-26T12:53:33.242+0000] {local_task_job_runner.py:120} INFO - ::group::Pre task execution logs
[2024-07-26T12:53:33.528+0000] {taskinstance.py:2076} INFO - Dependencies all met for dep_context=non-requeueable deps ti=<TaskInstance: motower_daily_prod.gen_congestion_task scheduled__2024-06-02T06:00:00+00:00 [queued]>
[2024-07-26T12:53:33.537+0000] {taskinstance.py:2076} INFO - Dependencies all met for dep_context=requeueable deps ti=<TaskInstance: motower_daily_prod.gen_congestion_task scheduled__2024-06-02T06:00:00+00:00 [queued]>
[2024-07-26T12:53:33.537+0000] {taskinstance.py:2306} INFO - Starting attempt 1 of 1
[2024-07-26T12:53:33.549+0000] {taskinstance.py:2330} INFO - Executing <Task(PythonOperator): gen_congestion_task> on 2024-06-02 06:00:00+00:00
[2024-07-26T12:53:33.563+0000] {warnings.py:112} WARNING - /home/***/.local/lib/python3.12/site-packages/***/task/task_runner/standard_task_runner.py:62: DeprecationWarning: This process (pid=1540) is multi-threaded, use of fork() may lead to deadlocks in the child.
  pid = os.fork()

[2024-07-26T12:53:33.564+0000] {standard_task_runner.py:64} INFO - Started process 1553 to run task
[2024-07-26T12:53:33.564+0000] {standard_task_runner.py:90} INFO - Running: ['***', 'tasks', 'run', 'motower_daily_prod', 'gen_congestion_task', 'scheduled__2024-06-02T06:00:00+00:00', '--job-id', '433', '--raw', '--subdir', 'DAGS_FOLDER/gps/custom_dags/motower_daily.py', '--cfg-path', '/tmp/tmp__6z01yj']
[2024-07-26T12:53:33.567+0000] {standard_task_runner.py:91} INFO - Job 433: Subtask gen_congestion_task
[2024-07-26T12:53:33.610+0000] {task_command.py:426} INFO - Running <TaskInstance: motower_daily_prod.gen_congestion_task scheduled__2024-06-02T06:00:00+00:00 [running]> on host e824106b656d
[2024-07-26T12:53:33.700+0000] {taskinstance.py:2648} INFO - Exporting env vars: AIRFLOW_CTX_DAG_EMAIL='richmond.kongo@orange.com,assane.diop@orange.com,cyrille1.danho@orange.com,mohamed2.sylla@orange.com,amadou.diomande@orange.com,Jonas.kouame@orange.com,armand.kablan@orange.com,anicet.azombade@orange.com,etienne.kouadio@orange.com,bertine.kouakou@orange.com,florentine.kouakou@orange.com,ange.phaceli@orange.com,soulegame.soro@orange.com,innocent.yengo@orange.com' AIRFLOW_CTX_DAG_OWNER='***' AIRFLOW_CTX_DAG_ID='motower_daily_prod' AIRFLOW_CTX_TASK_ID='gen_congestion_task' AIRFLOW_CTX_EXECUTION_DATE='2024-06-02T06:00:00+00:00' AIRFLOW_CTX_TRY_NUMBER='1' AIRFLOW_CTX_DAG_RUN_ID='scheduled__2024-06-02T06:00:00+00:00'
[2024-07-26T12:53:33.701+0000] {taskinstance.py:430} INFO - ::endgroup::
[2024-07-26T12:53:33.768+0000] {python.py:237} INFO - Done. Returned value was: None
[2024-07-26T12:53:33.769+0000] {taskinstance.py:441} INFO - ::group::Post task execution logs
[2024-07-26T12:53:33.780+0000] {taskinstance.py:1206} INFO - Marking task as SUCCESS. dag_id=motower_daily_prod, task_id=gen_congestion_task, run_id=scheduled__2024-06-02T06:00:00+00:00, execution_date=20240602T060000, start_date=20240726T125333, end_date=20240726T125333
[2024-07-26T12:53:33.818+0000] {local_task_job_runner.py:243} INFO - Task exited with return code 0
[2024-07-26T12:53:33.827+0000] {local_task_job_runner.py:222} INFO - ::endgroup::
[2024-07-29T11:48:43.002+0000] {local_task_job_runner.py:120} INFO - ::group::Pre task execution logs
[2024-07-29T11:48:43.241+0000] {taskinstance.py:2076} INFO - Dependencies all met for dep_context=non-requeueable deps ti=<TaskInstance: motower_daily_prod.gen_congestion_task scheduled__2024-06-02T06:00:00+00:00 [queued]>
[2024-07-29T11:48:43.249+0000] {taskinstance.py:2076} INFO - Dependencies all met for dep_context=requeueable deps ti=<TaskInstance: motower_daily_prod.gen_congestion_task scheduled__2024-06-02T06:00:00+00:00 [queued]>
[2024-07-29T11:48:43.249+0000] {taskinstance.py:2306} INFO - Starting attempt 1 of 1
[2024-07-29T11:48:43.261+0000] {taskinstance.py:2330} INFO - Executing <Task(PythonOperator): gen_congestion_task> on 2024-06-02 06:00:00+00:00
[2024-07-29T11:48:43.271+0000] {warnings.py:112} WARNING - /home/***/.local/lib/python3.12/site-packages/***/task/task_runner/standard_task_runner.py:62: DeprecationWarning: This process (pid=2310) is multi-threaded, use of fork() may lead to deadlocks in the child.
  pid = os.fork()

[2024-07-29T11:48:43.272+0000] {standard_task_runner.py:64} INFO - Started process 2322 to run task
[2024-07-29T11:48:43.273+0000] {standard_task_runner.py:90} INFO - Running: ['***', 'tasks', 'run', 'motower_daily_prod', 'gen_congestion_task', 'scheduled__2024-06-02T06:00:00+00:00', '--job-id', '623', '--raw', '--subdir', 'DAGS_FOLDER/gps/custom_dags/motower_daily.py', '--cfg-path', '/tmp/tmphid5oiav']
[2024-07-29T11:48:43.275+0000] {standard_task_runner.py:91} INFO - Job 623: Subtask gen_congestion_task
[2024-07-29T11:48:43.316+0000] {task_command.py:426} INFO - Running <TaskInstance: motower_daily_prod.gen_congestion_task scheduled__2024-06-02T06:00:00+00:00 [running]> on host e824106b656d
[2024-07-29T11:48:43.393+0000] {taskinstance.py:2648} INFO - Exporting env vars: AIRFLOW_CTX_DAG_EMAIL='richmond.kongo@orange.com,assane.diop@orange.com,cyrille1.danho@orange.com,mohamed2.sylla@orange.com,amadou.diomande@orange.com,Jonas.kouame@orange.com,armand.kablan@orange.com,anicet.azombade@orange.com,etienne.kouadio@orange.com,bertine.kouakou@orange.com,florentine.kouakou@orange.com,ange.phaceli@orange.com,soulegame.soro@orange.com,innocent.yengo@orange.com' AIRFLOW_CTX_DAG_OWNER='***' AIRFLOW_CTX_DAG_ID='motower_daily_prod' AIRFLOW_CTX_TASK_ID='gen_congestion_task' AIRFLOW_CTX_EXECUTION_DATE='2024-06-02T06:00:00+00:00' AIRFLOW_CTX_TRY_NUMBER='1' AIRFLOW_CTX_DAG_RUN_ID='scheduled__2024-06-02T06:00:00+00:00'
[2024-07-29T11:48:43.394+0000] {taskinstance.py:430} INFO - ::endgroup::
[2024-07-29T11:48:43.455+0000] {taskinstance.py:441} INFO - ::group::Post task execution logs
[2024-07-29T11:48:43.455+0000] {taskinstance.py:2905} ERROR - Task failed with exception
Traceback (most recent call last):
  File "/home/airflow/.local/lib/python3.12/site-packages/sqlalchemy/engine/base.py", line 1890, in _execute_context
    self.dialect.do_executemany(
  File "/home/airflow/.local/lib/python3.12/site-packages/sqlalchemy/dialects/postgresql/psycopg2.py", line 982, in do_executemany
    context._psycopg2_fetched_rows = xtras.execute_values(
                                     ^^^^^^^^^^^^^^^^^^^^^
  File "/home/airflow/.local/lib/python3.12/site-packages/psycopg2/extras.py", line 1299, in execute_values
    cur.execute(b''.join(parts))
psycopg2.errors.UndefinedColumn: column "mois" of relation "motower_daily_congestion" does not exist
LINE 1: ...ellules_totales, cellules_congestionnees_totales, mois, anne...
                                                             ^


The above exception was the direct cause of the following exception:

Traceback (most recent call last):
  File "/home/airflow/.local/lib/python3.12/site-packages/airflow/models/taskinstance.py", line 465, in _execute_task
    result = _execute_callable(context=context, **execute_callable_kwargs)
             ^^^^^^^^^^^^^^^^^^^^^^^^^^^^^^^^^^^^^^^^^^^^^^^^^^^^^^^^^^^^^
  File "/home/airflow/.local/lib/python3.12/site-packages/airflow/models/taskinstance.py", line 432, in _execute_callable
    return execute_callable(context=context, **execute_callable_kwargs)
           ^^^^^^^^^^^^^^^^^^^^^^^^^^^^^^^^^^^^^^^^^^^^^^^^^^^^^^^^^^^^
  File "/home/airflow/.local/lib/python3.12/site-packages/airflow/models/baseoperator.py", line 401, in wrapper
    return func(self, *args, **kwargs)
           ^^^^^^^^^^^^^^^^^^^^^^^^^^^
  File "/home/airflow/.local/lib/python3.12/site-packages/airflow/operators/python.py", line 235, in execute
    return_value = self.execute_callable()
                   ^^^^^^^^^^^^^^^^^^^^^^^
  File "/home/airflow/.local/lib/python3.12/site-packages/airflow/operators/python.py", line 252, in execute_callable
    return self.python_callable(*self.op_args, **self.op_kwargs)
           ^^^^^^^^^^^^^^^^^^^^^^^^^^^^^^^^^^^^^^^^^^^^^^^^^^^^^
  File "/opt/airflow/dags/gps/custom_dags/motower_daily.py", line 94, in clean_congestion
    write_pg(PG_SAVE_HOST, PG_SAVE_DB, PG_SAVE_USER, PG_SAVE_PASSWORD, data, "motower_daily_congestion")
  File "/opt/airflow/dags/gps/common/rwpg.py", line 66, in write_pg
    data.to_sql(table, engine, index=False, if_exists = 'append')
  File "/home/airflow/.local/lib/python3.12/site-packages/pandas/util/_decorators.py", line 333, in wrapper
    return func(*args, **kwargs)
           ^^^^^^^^^^^^^^^^^^^^^
  File "/home/airflow/.local/lib/python3.12/site-packages/pandas/core/generic.py", line 3008, in to_sql
    return sql.to_sql(
           ^^^^^^^^^^^
  File "/home/airflow/.local/lib/python3.12/site-packages/pandas/io/sql.py", line 788, in to_sql
    return pandas_sql.to_sql(
           ^^^^^^^^^^^^^^^^^^
  File "/home/airflow/.local/lib/python3.12/site-packages/pandas/io/sql.py", line 1958, in to_sql
    total_inserted = sql_engine.insert_records(
                     ^^^^^^^^^^^^^^^^^^^^^^^^^^
  File "/home/airflow/.local/lib/python3.12/site-packages/pandas/io/sql.py", line 1507, in insert_records
    raise err
  File "/home/airflow/.local/lib/python3.12/site-packages/pandas/io/sql.py", line 1498, in insert_records
    return table.insert(chunksize=chunksize, method=method)
           ^^^^^^^^^^^^^^^^^^^^^^^^^^^^^^^^^^^^^^^^^^^^^^^^
  File "/home/airflow/.local/lib/python3.12/site-packages/pandas/io/sql.py", line 1059, in insert
    num_inserted = exec_insert(conn, keys, chunk_iter)
                   ^^^^^^^^^^^^^^^^^^^^^^^^^^^^^^^^^^^
  File "/home/airflow/.local/lib/python3.12/site-packages/pandas/io/sql.py", line 951, in _execute_insert
    result = conn.execute(self.table.insert(), data)
             ^^^^^^^^^^^^^^^^^^^^^^^^^^^^^^^^^^^^^^^
  File "/home/airflow/.local/lib/python3.12/site-packages/sqlalchemy/engine/base.py", line 1385, in execute
    return meth(self, multiparams, params, _EMPTY_EXECUTION_OPTS)
           ^^^^^^^^^^^^^^^^^^^^^^^^^^^^^^^^^^^^^^^^^^^^^^^^^^^^^^
  File "/home/airflow/.local/lib/python3.12/site-packages/sqlalchemy/sql/elements.py", line 334, in _execute_on_connection
    return connection._execute_clauseelement(
           ^^^^^^^^^^^^^^^^^^^^^^^^^^^^^^^^^^
  File "/home/airflow/.local/lib/python3.12/site-packages/sqlalchemy/engine/base.py", line 1577, in _execute_clauseelement
    ret = self._execute_context(
          ^^^^^^^^^^^^^^^^^^^^^^
  File "/home/airflow/.local/lib/python3.12/site-packages/sqlalchemy/engine/base.py", line 1953, in _execute_context
    self._handle_dbapi_exception(
  File "/home/airflow/.local/lib/python3.12/site-packages/sqlalchemy/engine/base.py", line 2134, in _handle_dbapi_exception
    util.raise_(
  File "/home/airflow/.local/lib/python3.12/site-packages/sqlalchemy/util/compat.py", line 211, in raise_
    raise exception
  File "/home/airflow/.local/lib/python3.12/site-packages/sqlalchemy/engine/base.py", line 1890, in _execute_context
    self.dialect.do_executemany(
  File "/home/airflow/.local/lib/python3.12/site-packages/sqlalchemy/dialects/postgresql/psycopg2.py", line 982, in do_executemany
    context._psycopg2_fetched_rows = xtras.execute_values(
                                     ^^^^^^^^^^^^^^^^^^^^^
  File "/home/airflow/.local/lib/python3.12/site-packages/psycopg2/extras.py", line 1299, in execute_values
    cur.execute(b''.join(parts))
sqlalchemy.exc.ProgrammingError: (psycopg2.errors.UndefinedColumn) column "mois" of relation "motower_daily_congestion" does not exist
LINE 1: ...ellules_totales, cellules_congestionnees_totales, mois, anne...
                                                             ^

[SQL: INSERT INTO motower_daily_congestion (jour, id_site, cellules_2g, cellules_3g, cellules_4g, cellules_2g_congestionnees, cellules_3g_congestionnees, cellules_4g_congestionnees, cellules_totales, cellules_congestionnees_totales, mois, annee) VALUES (%(jour)s, %(id_site)s, %(cellules_2g)s, %(cellules_3g)s, %(cellules_4g)s, %(cellules_2g_congestionnees)s, %(cellules_3g_congestionnees)s, %(cellules_4g_congestionnees)s, %(cellules_totales)s, %(cellules_congestionnees_totales)s, %(mois)s, %(annee)s)]
[parameters: ({'jour': datetime.datetime(2024, 6, 1, 0, 0), 'id_site': 426.0, 'cellules_2g': None, 'cellules_3g': 1.0, 'cellules_4g': None, 'cellules_2g_congestionnees': None, 'cellules_3g_congestionnees': 0.0, 'cellules_4g_congestionnees': None, 'cellules_totales': None, 'cellules_congestionnees_totales': None, 'mois': 6, 'annee': 2024}, {'jour': datetime.datetime(2024, 6, 1, 0, 0), 'id_site': 517.0, 'cellules_2g': None, 'cellules_3g': None, 'cellules_4g': 4.0, 'cellules_2g_congestionnees': None, 'cellules_3g_congestionnees': None, 'cellules_4g_congestionnees': 0.0, 'cellules_totales': None, 'cellules_congestionnees_totales': None, 'mois': 6, 'annee': 2024}, {'jour': datetime.datetime(2024, 6, 1, 0, 0), 'id_site': 658.0, 'cellules_2g': None, 'cellules_3g': None, 'cellules_4g': 7.0, 'cellules_2g_congestionnees': None, 'cellules_3g_congestionnees': None, 'cellules_4g_congestionnees': 0.0, 'cellules_totales': None, 'cellules_congestionnees_totales': None, 'mois': 6, 'annee': 2024}, {'jour': datetime.datetime(2024, 6, 1, 0, 0), 'id_site': 851.0, 'cellules_2g': None, 'cellules_3g': None, 'cellules_4g': 5.0, 'cellules_2g_congestionnees': None, 'cellules_3g_congestionnees': None, 'cellules_4g_congestionnees': 0.0, 'cellules_totales': None, 'cellules_congestionnees_totales': None, 'mois': 6, 'annee': 2024}, {'jour': datetime.datetime(2024, 6, 1, 0, 0), 'id_site': 1136.0, 'cellules_2g': None, 'cellules_3g': None, 'cellules_4g': 4.0, 'cellules_2g_congestionnees': None, 'cellules_3g_congestionnees': None, 'cellules_4g_congestionnees': 1.0, 'cellules_totales': None, 'cellules_congestionnees_totales': None, 'mois': 6, 'annee': 2024}, {'jour': datetime.datetime(2024, 6, 1, 0, 0), 'id_site': 1402.0, 'cellules_2g': 3.0, 'cellules_3g': None, 'cellules_4g': None, 'cellules_2g_congestionnees': 0.0, 'cellules_3g_congestionnees': None, 'cellules_4g_congestionnees': None, 'cellules_totales': None, 'cellules_congestionnees_totales': None, 'mois': 6, 'annee': 2024}, {'jour': datetime.datetime(2024, 6, 1, 0, 0), 'id_site': 1659.0, 'cellules_2g': None, 'cellules_3g': 5.0, 'cellules_4g': None, 'cellules_2g_congestionnees': None, 'cellules_3g_congestionnees': 1.0, 'cellules_4g_congestionnees': None, 'cellules_totales': None, 'cellules_congestionnees_totales': None, 'mois': 6, 'annee': 2024}, {'jour': datetime.datetime(2024, 6, 1, 0, 0), 'id_site': 2101.0, 'cellules_2g': None, 'cellules_3g': None, 'cellules_4g': 4.0, 'cellules_2g_congestionnees': None, 'cellules_3g_congestionnees': None, 'cellules_4g_congestionnees': 1.0, 'cellules_totales': None, 'cellules_congestionnees_totales': None, 'mois': 6, 'annee': 2024}  ... displaying 10 of 30 total bound parameter sets ...  {'jour': datetime.datetime(2024, 6, 1, 0, 0), 'id_site': 4759.0, 'cellules_2g': None, 'cellules_3g': None, 'cellules_4g': 7.0, 'cellules_2g_congestionnees': None, 'cellules_3g_congestionnees': None, 'cellules_4g_congestionnees': 1.0, 'cellules_totales': None, 'cellules_congestionnees_totales': None, 'mois': 6, 'annee': 2024}, {'jour': datetime.datetime(2024, 6, 1, 0, 0), 'id_site': 4837.0, 'cellules_2g': None, 'cellules_3g': 7.0, 'cellules_4g': None, 'cellules_2g_congestionnees': None, 'cellules_3g_congestionnees': 0.0, 'cellules_4g_congestionnees': None, 'cellules_totales': None, 'cellules_congestionnees_totales': None, 'mois': 6, 'annee': 2024})]
(Background on this error at: https://sqlalche.me/e/14/f405)
[2024-07-29T11:48:43.471+0000] {taskinstance.py:1206} INFO - Marking task as FAILED. dag_id=motower_daily_prod, task_id=gen_congestion_task, run_id=scheduled__2024-06-02T06:00:00+00:00, execution_date=20240602T060000, start_date=20240729T114843, end_date=20240729T114843
[2024-07-29T11:48:43.484+0000] {warnings.py:112} WARNING - /home/***/.local/lib/python3.12/site-packages/***/utils/email.py:154: RemovedInAirflow3Warning: Fetching SMTP credentials from configuration variables will be deprecated in a future release. Please set credentials using a connection instead.
  send_mime_email(e_from=mail_from, e_to=recipients, mime_msg=msg, conn_id=conn_id, dryrun=dryrun)

[2024-07-29T11:48:43.485+0000] {configuration.py:1053} WARNING - section/key [smtp/smtp_user] not found in config
[2024-07-29T11:48:43.485+0000] {email.py:271} INFO - Email alerting: attempt 1
[2024-07-29T11:48:43.492+0000] {configuration.py:1053} WARNING - section/key [smtp/smtp_user] not found in config
[2024-07-29T11:48:43.493+0000] {email.py:271} INFO - Email alerting: attempt 1
[2024-07-29T11:48:43.493+0000] {taskinstance.py:879} ERROR - Failed to send email to: ['richmond.kongo@orange.com', 'assane.diop@orange.com', 'cyrille1.danho@orange.com', 'mohamed2.sylla@orange.com', 'amadou.diomande@orange.com', 'Jonas.kouame@orange.com', 'armand.kablan@orange.com', 'anicet.azombade@orange.com', 'etienne.kouadio@orange.com', 'bertine.kouakou@orange.com', 'florentine.kouakou@orange.com', 'ange.phaceli@orange.com', 'soulegame.soro@orange.com', 'innocent.yengo@orange.com']
Traceback (most recent call last):
  File "/home/airflow/.local/lib/python3.12/site-packages/sqlalchemy/engine/base.py", line 1890, in _execute_context
    self.dialect.do_executemany(
  File "/home/airflow/.local/lib/python3.12/site-packages/sqlalchemy/dialects/postgresql/psycopg2.py", line 982, in do_executemany
    context._psycopg2_fetched_rows = xtras.execute_values(
                                     ^^^^^^^^^^^^^^^^^^^^^
  File "/home/airflow/.local/lib/python3.12/site-packages/psycopg2/extras.py", line 1299, in execute_values
    cur.execute(b''.join(parts))
psycopg2.errors.UndefinedColumn: column "mois" of relation "motower_daily_congestion" does not exist
LINE 1: ...ellules_totales, cellules_congestionnees_totales, mois, anne...
                                                             ^


The above exception was the direct cause of the following exception:

Traceback (most recent call last):
  File "/home/airflow/.local/lib/python3.12/site-packages/airflow/models/taskinstance.py", line 2479, in _run_raw_task
    self._execute_task_with_callbacks(context, test_mode, session=session)
  File "/home/airflow/.local/lib/python3.12/site-packages/airflow/models/taskinstance.py", line 2676, in _execute_task_with_callbacks
    result = self._execute_task(context, task_orig)
             ^^^^^^^^^^^^^^^^^^^^^^^^^^^^^^^^^^^^^^
  File "/home/airflow/.local/lib/python3.12/site-packages/airflow/models/taskinstance.py", line 2701, in _execute_task
    return _execute_task(self, context, task_orig)
           ^^^^^^^^^^^^^^^^^^^^^^^^^^^^^^^^^^^^^^^
  File "/home/airflow/.local/lib/python3.12/site-packages/airflow/models/taskinstance.py", line 465, in _execute_task
    result = _execute_callable(context=context, **execute_callable_kwargs)
             ^^^^^^^^^^^^^^^^^^^^^^^^^^^^^^^^^^^^^^^^^^^^^^^^^^^^^^^^^^^^^
  File "/home/airflow/.local/lib/python3.12/site-packages/airflow/models/taskinstance.py", line 432, in _execute_callable
    return execute_callable(context=context, **execute_callable_kwargs)
           ^^^^^^^^^^^^^^^^^^^^^^^^^^^^^^^^^^^^^^^^^^^^^^^^^^^^^^^^^^^^
  File "/home/airflow/.local/lib/python3.12/site-packages/airflow/models/baseoperator.py", line 401, in wrapper
    return func(self, *args, **kwargs)
           ^^^^^^^^^^^^^^^^^^^^^^^^^^^
  File "/home/airflow/.local/lib/python3.12/site-packages/airflow/operators/python.py", line 235, in execute
    return_value = self.execute_callable()
                   ^^^^^^^^^^^^^^^^^^^^^^^
  File "/home/airflow/.local/lib/python3.12/site-packages/airflow/operators/python.py", line 252, in execute_callable
    return self.python_callable(*self.op_args, **self.op_kwargs)
           ^^^^^^^^^^^^^^^^^^^^^^^^^^^^^^^^^^^^^^^^^^^^^^^^^^^^^
  File "/opt/airflow/dags/gps/custom_dags/motower_daily.py", line 94, in clean_congestion
    write_pg(PG_SAVE_HOST, PG_SAVE_DB, PG_SAVE_USER, PG_SAVE_PASSWORD, data, "motower_daily_congestion")
  File "/opt/airflow/dags/gps/common/rwpg.py", line 66, in write_pg
    data.to_sql(table, engine, index=False, if_exists = 'append')
  File "/home/airflow/.local/lib/python3.12/site-packages/pandas/util/_decorators.py", line 333, in wrapper
    return func(*args, **kwargs)
           ^^^^^^^^^^^^^^^^^^^^^
  File "/home/airflow/.local/lib/python3.12/site-packages/pandas/core/generic.py", line 3008, in to_sql
    return sql.to_sql(
           ^^^^^^^^^^^
  File "/home/airflow/.local/lib/python3.12/site-packages/pandas/io/sql.py", line 788, in to_sql
    return pandas_sql.to_sql(
           ^^^^^^^^^^^^^^^^^^
  File "/home/airflow/.local/lib/python3.12/site-packages/pandas/io/sql.py", line 1958, in to_sql
    total_inserted = sql_engine.insert_records(
                     ^^^^^^^^^^^^^^^^^^^^^^^^^^
  File "/home/airflow/.local/lib/python3.12/site-packages/pandas/io/sql.py", line 1507, in insert_records
    raise err
  File "/home/airflow/.local/lib/python3.12/site-packages/pandas/io/sql.py", line 1498, in insert_records
    return table.insert(chunksize=chunksize, method=method)
           ^^^^^^^^^^^^^^^^^^^^^^^^^^^^^^^^^^^^^^^^^^^^^^^^
  File "/home/airflow/.local/lib/python3.12/site-packages/pandas/io/sql.py", line 1059, in insert
    num_inserted = exec_insert(conn, keys, chunk_iter)
                   ^^^^^^^^^^^^^^^^^^^^^^^^^^^^^^^^^^^
  File "/home/airflow/.local/lib/python3.12/site-packages/pandas/io/sql.py", line 951, in _execute_insert
    result = conn.execute(self.table.insert(), data)
             ^^^^^^^^^^^^^^^^^^^^^^^^^^^^^^^^^^^^^^^
  File "/home/airflow/.local/lib/python3.12/site-packages/sqlalchemy/engine/base.py", line 1385, in execute
    return meth(self, multiparams, params, _EMPTY_EXECUTION_OPTS)
           ^^^^^^^^^^^^^^^^^^^^^^^^^^^^^^^^^^^^^^^^^^^^^^^^^^^^^^
  File "/home/airflow/.local/lib/python3.12/site-packages/sqlalchemy/sql/elements.py", line 334, in _execute_on_connection
    return connection._execute_clauseelement(
           ^^^^^^^^^^^^^^^^^^^^^^^^^^^^^^^^^^
  File "/home/airflow/.local/lib/python3.12/site-packages/sqlalchemy/engine/base.py", line 1577, in _execute_clauseelement
    ret = self._execute_context(
          ^^^^^^^^^^^^^^^^^^^^^^
  File "/home/airflow/.local/lib/python3.12/site-packages/sqlalchemy/engine/base.py", line 1953, in _execute_context
    self._handle_dbapi_exception(
  File "/home/airflow/.local/lib/python3.12/site-packages/sqlalchemy/engine/base.py", line 2134, in _handle_dbapi_exception
    util.raise_(
  File "/home/airflow/.local/lib/python3.12/site-packages/sqlalchemy/util/compat.py", line 211, in raise_
    raise exception
  File "/home/airflow/.local/lib/python3.12/site-packages/sqlalchemy/engine/base.py", line 1890, in _execute_context
    self.dialect.do_executemany(
  File "/home/airflow/.local/lib/python3.12/site-packages/sqlalchemy/dialects/postgresql/psycopg2.py", line 982, in do_executemany
    context._psycopg2_fetched_rows = xtras.execute_values(
                                     ^^^^^^^^^^^^^^^^^^^^^
  File "/home/airflow/.local/lib/python3.12/site-packages/psycopg2/extras.py", line 1299, in execute_values
    cur.execute(b''.join(parts))
sqlalchemy.exc.ProgrammingError: (psycopg2.errors.UndefinedColumn) column "mois" of relation "motower_daily_congestion" does not exist
LINE 1: ...ellules_totales, cellules_congestionnees_totales, mois, anne...
                                                             ^

[SQL: INSERT INTO motower_daily_congestion (jour, id_site, cellules_2g, cellules_3g, cellules_4g, cellules_2g_congestionnees, cellules_3g_congestionnees, cellules_4g_congestionnees, cellules_totales, cellules_congestionnees_totales, mois, annee) VALUES (%(jour)s, %(id_site)s, %(cellules_2g)s, %(cellules_3g)s, %(cellules_4g)s, %(cellules_2g_congestionnees)s, %(cellules_3g_congestionnees)s, %(cellules_4g_congestionnees)s, %(cellules_totales)s, %(cellules_congestionnees_totales)s, %(mois)s, %(annee)s)]
[parameters: ({'jour': datetime.datetime(2024, 6, 1, 0, 0), 'id_site': 426.0, 'cellules_2g': None, 'cellules_3g': 1.0, 'cellules_4g': None, 'cellules_2g_congestionnees': None, 'cellules_3g_congestionnees': 0.0, 'cellules_4g_congestionnees': None, 'cellules_totales': None, 'cellules_congestionnees_totales': None, 'mois': 6, 'annee': 2024}, {'jour': datetime.datetime(2024, 6, 1, 0, 0), 'id_site': 517.0, 'cellules_2g': None, 'cellules_3g': None, 'cellules_4g': 4.0, 'cellules_2g_congestionnees': None, 'cellules_3g_congestionnees': None, 'cellules_4g_congestionnees': 0.0, 'cellules_totales': None, 'cellules_congestionnees_totales': None, 'mois': 6, 'annee': 2024}, {'jour': datetime.datetime(2024, 6, 1, 0, 0), 'id_site': 658.0, 'cellules_2g': None, 'cellules_3g': None, 'cellules_4g': 7.0, 'cellules_2g_congestionnees': None, 'cellules_3g_congestionnees': None, 'cellules_4g_congestionnees': 0.0, 'cellules_totales': None, 'cellules_congestionnees_totales': None, 'mois': 6, 'annee': 2024}, {'jour': datetime.datetime(2024, 6, 1, 0, 0), 'id_site': 851.0, 'cellules_2g': None, 'cellules_3g': None, 'cellules_4g': 5.0, 'cellules_2g_congestionnees': None, 'cellules_3g_congestionnees': None, 'cellules_4g_congestionnees': 0.0, 'cellules_totales': None, 'cellules_congestionnees_totales': None, 'mois': 6, 'annee': 2024}, {'jour': datetime.datetime(2024, 6, 1, 0, 0), 'id_site': 1136.0, 'cellules_2g': None, 'cellules_3g': None, 'cellules_4g': 4.0, 'cellules_2g_congestionnees': None, 'cellules_3g_congestionnees': None, 'cellules_4g_congestionnees': 1.0, 'cellules_totales': None, 'cellules_congestionnees_totales': None, 'mois': 6, 'annee': 2024}, {'jour': datetime.datetime(2024, 6, 1, 0, 0), 'id_site': 1402.0, 'cellules_2g': 3.0, 'cellules_3g': None, 'cellules_4g': None, 'cellules_2g_congestionnees': 0.0, 'cellules_3g_congestionnees': None, 'cellules_4g_congestionnees': None, 'cellules_totales': None, 'cellules_congestionnees_totales': None, 'mois': 6, 'annee': 2024}, {'jour': datetime.datetime(2024, 6, 1, 0, 0), 'id_site': 1659.0, 'cellules_2g': None, 'cellules_3g': 5.0, 'cellules_4g': None, 'cellules_2g_congestionnees': None, 'cellules_3g_congestionnees': 1.0, 'cellules_4g_congestionnees': None, 'cellules_totales': None, 'cellules_congestionnees_totales': None, 'mois': 6, 'annee': 2024}, {'jour': datetime.datetime(2024, 6, 1, 0, 0), 'id_site': 2101.0, 'cellules_2g': None, 'cellules_3g': None, 'cellules_4g': 4.0, 'cellules_2g_congestionnees': None, 'cellules_3g_congestionnees': None, 'cellules_4g_congestionnees': 1.0, 'cellules_totales': None, 'cellules_congestionnees_totales': None, 'mois': 6, 'annee': 2024}  ... displaying 10 of 30 total bound parameter sets ...  {'jour': datetime.datetime(2024, 6, 1, 0, 0), 'id_site': 4759.0, 'cellules_2g': None, 'cellules_3g': None, 'cellules_4g': 7.0, 'cellules_2g_congestionnees': None, 'cellules_3g_congestionnees': None, 'cellules_4g_congestionnees': 1.0, 'cellules_totales': None, 'cellules_congestionnees_totales': None, 'mois': 6, 'annee': 2024}, {'jour': datetime.datetime(2024, 6, 1, 0, 0), 'id_site': 4837.0, 'cellules_2g': None, 'cellules_3g': 7.0, 'cellules_4g': None, 'cellules_2g_congestionnees': None, 'cellules_3g_congestionnees': 0.0, 'cellules_4g_congestionnees': None, 'cellules_totales': None, 'cellules_congestionnees_totales': None, 'mois': 6, 'annee': 2024})]
(Background on this error at: https://sqlalche.me/e/14/f405)

During handling of the above exception, another exception occurred:

Traceback (most recent call last):
  File "/home/airflow/.local/lib/python3.12/site-packages/airflow/models/taskinstance.py", line 1063, in _email_alert
    send_email(task.email, subject, html_content)
  File "/home/airflow/.local/lib/python3.12/site-packages/airflow/utils/email.py", line 80, in send_email
    return backend(
           ^^^^^^^^
  File "/home/airflow/.local/lib/python3.12/site-packages/airflow/utils/email.py", line 154, in send_email_smtp
    send_mime_email(e_from=mail_from, e_to=recipients, mime_msg=msg, conn_id=conn_id, dryrun=dryrun)
  File "/home/airflow/.local/lib/python3.12/site-packages/airflow/utils/email.py", line 273, in send_mime_email
    smtp_conn = _get_smtp_connection(smtp_host, smtp_port, smtp_timeout, smtp_ssl)
                ^^^^^^^^^^^^^^^^^^^^^^^^^^^^^^^^^^^^^^^^^^^^^^^^^^^^^^^^^^^^^^^^^^
  File "/home/airflow/.local/lib/python3.12/site-packages/airflow/utils/email.py", line 317, in _get_smtp_connection
    return smtplib.SMTP(host=host, port=port, timeout=timeout)
           ^^^^^^^^^^^^^^^^^^^^^^^^^^^^^^^^^^^^^^^^^^^^^^^^^^^
  File "/usr/local/lib/python3.12/smtplib.py", line 255, in __init__
    (code, msg) = self.connect(host, port)
                  ^^^^^^^^^^^^^^^^^^^^^^^^
  File "/usr/local/lib/python3.12/smtplib.py", line 341, in connect
    self.sock = self._get_socket(host, port, self.timeout)
                ^^^^^^^^^^^^^^^^^^^^^^^^^^^^^^^^^^^^^^^^^^
  File "/usr/local/lib/python3.12/smtplib.py", line 312, in _get_socket
    return socket.create_connection((host, port), timeout,
           ^^^^^^^^^^^^^^^^^^^^^^^^^^^^^^^^^^^^^^^^^^^^^^^
  File "/usr/local/lib/python3.12/socket.py", line 853, in create_connection
    raise exceptions[0]
  File "/usr/local/lib/python3.12/socket.py", line 838, in create_connection
    sock.connect(sa)
ConnectionRefusedError: [Errno 111] Connection refused

During handling of the above exception, another exception occurred:

Traceback (most recent call last):
  File "/home/airflow/.local/lib/python3.12/site-packages/airflow/models/taskinstance.py", line 877, in _handle_failure
    task_instance.email_alert(error, failure_context["task"])
  File "/home/airflow/.local/lib/python3.12/site-packages/airflow/models/taskinstance.py", line 3163, in email_alert
    _email_alert(task_instance=self, exception=exception, task=task)
  File "/home/airflow/.local/lib/python3.12/site-packages/airflow/models/taskinstance.py", line 1065, in _email_alert
    send_email(task.email, subject, html_content_err)
  File "/home/airflow/.local/lib/python3.12/site-packages/airflow/utils/email.py", line 80, in send_email
    return backend(
           ^^^^^^^^
  File "/home/airflow/.local/lib/python3.12/site-packages/airflow/utils/email.py", line 154, in send_email_smtp
    send_mime_email(e_from=mail_from, e_to=recipients, mime_msg=msg, conn_id=conn_id, dryrun=dryrun)
  File "/home/airflow/.local/lib/python3.12/site-packages/airflow/utils/email.py", line 273, in send_mime_email
    smtp_conn = _get_smtp_connection(smtp_host, smtp_port, smtp_timeout, smtp_ssl)
                ^^^^^^^^^^^^^^^^^^^^^^^^^^^^^^^^^^^^^^^^^^^^^^^^^^^^^^^^^^^^^^^^^^
  File "/home/airflow/.local/lib/python3.12/site-packages/airflow/utils/email.py", line 317, in _get_smtp_connection
    return smtplib.SMTP(host=host, port=port, timeout=timeout)
           ^^^^^^^^^^^^^^^^^^^^^^^^^^^^^^^^^^^^^^^^^^^^^^^^^^^
  File "/usr/local/lib/python3.12/smtplib.py", line 255, in __init__
    (code, msg) = self.connect(host, port)
                  ^^^^^^^^^^^^^^^^^^^^^^^^
  File "/usr/local/lib/python3.12/smtplib.py", line 341, in connect
    self.sock = self._get_socket(host, port, self.timeout)
                ^^^^^^^^^^^^^^^^^^^^^^^^^^^^^^^^^^^^^^^^^^
  File "/usr/local/lib/python3.12/smtplib.py", line 312, in _get_socket
    return socket.create_connection((host, port), timeout,
           ^^^^^^^^^^^^^^^^^^^^^^^^^^^^^^^^^^^^^^^^^^^^^^^
  File "/usr/local/lib/python3.12/socket.py", line 853, in create_connection
    raise exceptions[0]
  File "/usr/local/lib/python3.12/socket.py", line 838, in create_connection
    sock.connect(sa)
ConnectionRefusedError: [Errno 111] Connection refused
[2024-07-29T11:48:43.508+0000] {standard_task_runner.py:110} ERROR - Failed to execute job 623 for task gen_congestion_task ((psycopg2.errors.UndefinedColumn) column "mois" of relation "motower_daily_congestion" does not exist
LINE 1: ...ellules_totales, cellules_congestionnees_totales, mois, anne...
                                                             ^

[SQL: INSERT INTO motower_daily_congestion (jour, id_site, cellules_2g, cellules_3g, cellules_4g, cellules_2g_congestionnees, cellules_3g_congestionnees, cellules_4g_congestionnees, cellules_totales, cellules_congestionnees_totales, mois, annee) VALUES (%(jour)s, %(id_site)s, %(cellules_2g)s, %(cellules_3g)s, %(cellules_4g)s, %(cellules_2g_congestionnees)s, %(cellules_3g_congestionnees)s, %(cellules_4g_congestionnees)s, %(cellules_totales)s, %(cellules_congestionnees_totales)s, %(mois)s, %(annee)s)]
[parameters: ({'jour': datetime.datetime(2024, 6, 1, 0, 0), 'id_site': 426.0, 'cellules_2g': None, 'cellules_3g': 1.0, 'cellules_4g': None, 'cellules_2g_congestionnees': None, 'cellules_3g_congestionnees': 0.0, 'cellules_4g_congestionnees': None, 'cellules_totales': None, 'cellules_congestionnees_totales': None, 'mois': 6, 'annee': 2024}, {'jour': datetime.datetime(2024, 6, 1, 0, 0), 'id_site': 517.0, 'cellules_2g': None, 'cellules_3g': None, 'cellules_4g': 4.0, 'cellules_2g_congestionnees': None, 'cellules_3g_congestionnees': None, 'cellules_4g_congestionnees': 0.0, 'cellules_totales': None, 'cellules_congestionnees_totales': None, 'mois': 6, 'annee': 2024}, {'jour': datetime.datetime(2024, 6, 1, 0, 0), 'id_site': 658.0, 'cellules_2g': None, 'cellules_3g': None, 'cellules_4g': 7.0, 'cellules_2g_congestionnees': None, 'cellules_3g_congestionnees': None, 'cellules_4g_congestionnees': 0.0, 'cellules_totales': None, 'cellules_congestionnees_totales': None, 'mois': 6, 'annee': 2024}, {'jour': datetime.datetime(2024, 6, 1, 0, 0), 'id_site': 851.0, 'cellules_2g': None, 'cellules_3g': None, 'cellules_4g': 5.0, 'cellules_2g_congestionnees': None, 'cellules_3g_congestionnees': None, 'cellules_4g_congestionnees': 0.0, 'cellules_totales': None, 'cellules_congestionnees_totales': None, 'mois': 6, 'annee': 2024}, {'jour': datetime.datetime(2024, 6, 1, 0, 0), 'id_site': 1136.0, 'cellules_2g': None, 'cellules_3g': None, 'cellules_4g': 4.0, 'cellules_2g_congestionnees': None, 'cellules_3g_congestionnees': None, 'cellules_4g_congestionnees': 1.0, 'cellules_totales': None, 'cellules_congestionnees_totales': None, 'mois': 6, 'annee': 2024}, {'jour': datetime.datetime(2024, 6, 1, 0, 0), 'id_site': 1402.0, 'cellules_2g': 3.0, 'cellules_3g': None, 'cellules_4g': None, 'cellules_2g_congestionnees': 0.0, 'cellules_3g_congestionnees': None, 'cellules_4g_congestionnees': None, 'cellules_totales': None, 'cellules_congestionnees_totales': None, 'mois': 6, 'annee': 2024}, {'jour': datetime.datetime(2024, 6, 1, 0, 0), 'id_site': 1659.0, 'cellules_2g': None, 'cellules_3g': 5.0, 'cellules_4g': None, 'cellules_2g_congestionnees': None, 'cellules_3g_congestionnees': 1.0, 'cellules_4g_congestionnees': None, 'cellules_totales': None, 'cellules_congestionnees_totales': None, 'mois': 6, 'annee': 2024}, {'jour': datetime.datetime(2024, 6, 1, 0, 0), 'id_site': 2101.0, 'cellules_2g': None, 'cellules_3g': None, 'cellules_4g': 4.0, 'cellules_2g_congestionnees': None, 'cellules_3g_congestionnees': None, 'cellules_4g_congestionnees': 1.0, 'cellules_totales': None, 'cellules_congestionnees_totales': None, 'mois': 6, 'annee': 2024}  ... displaying 10 of 30 total bound parameter sets ...  {'jour': datetime.datetime(2024, 6, 1, 0, 0), 'id_site': 4759.0, 'cellules_2g': None, 'cellules_3g': None, 'cellules_4g': 7.0, 'cellules_2g_congestionnees': None, 'cellules_3g_congestionnees': None, 'cellules_4g_congestionnees': 1.0, 'cellules_totales': None, 'cellules_congestionnees_totales': None, 'mois': 6, 'annee': 2024}, {'jour': datetime.datetime(2024, 6, 1, 0, 0), 'id_site': 4837.0, 'cellules_2g': None, 'cellules_3g': 7.0, 'cellules_4g': None, 'cellules_2g_congestionnees': None, 'cellules_3g_congestionnees': 0.0, 'cellules_4g_congestionnees': None, 'cellules_totales': None, 'cellules_congestionnees_totales': None, 'mois': 6, 'annee': 2024})]
(Background on this error at: https://sqlalche.me/e/14/f405); 2322)
[2024-07-29T11:48:43.526+0000] {local_task_job_runner.py:243} INFO - Task exited with return code 1
[2024-07-29T11:48:43.542+0000] {taskinstance.py:3503} INFO - 0 downstream tasks scheduled from follow-on schedule check
[2024-07-29T11:48:43.543+0000] {local_task_job_runner.py:222} INFO - ::endgroup::
[2024-07-29T11:58:42.598+0000] {local_task_job_runner.py:120} INFO - ::group::Pre task execution logs
[2024-07-29T11:58:42.896+0000] {taskinstance.py:2076} INFO - Dependencies all met for dep_context=non-requeueable deps ti=<TaskInstance: motower_daily_prod.gen_congestion_task scheduled__2024-06-02T06:00:00+00:00 [queued]>
[2024-07-29T11:58:42.909+0000] {taskinstance.py:2076} INFO - Dependencies all met for dep_context=requeueable deps ti=<TaskInstance: motower_daily_prod.gen_congestion_task scheduled__2024-06-02T06:00:00+00:00 [queued]>
[2024-07-29T11:58:42.910+0000] {taskinstance.py:2306} INFO - Starting attempt 1 of 1
[2024-07-29T11:58:42.926+0000] {taskinstance.py:2330} INFO - Executing <Task(PythonOperator): gen_congestion_task> on 2024-06-02 06:00:00+00:00
[2024-07-29T11:58:42.940+0000] {warnings.py:112} WARNING - /home/***/.local/lib/python3.12/site-packages/***/task/task_runner/standard_task_runner.py:62: DeprecationWarning: This process (pid=2723) is multi-threaded, use of fork() may lead to deadlocks in the child.
  pid = os.fork()

[2024-07-29T11:58:42.942+0000] {standard_task_runner.py:64} INFO - Started process 2742 to run task
[2024-07-29T11:58:42.943+0000] {standard_task_runner.py:90} INFO - Running: ['***', 'tasks', 'run', 'motower_daily_prod', 'gen_congestion_task', 'scheduled__2024-06-02T06:00:00+00:00', '--job-id', '716', '--raw', '--subdir', 'DAGS_FOLDER/gps/custom_dags/motower_daily.py', '--cfg-path', '/tmp/tmpzmbnwua_']
[2024-07-29T11:58:42.945+0000] {standard_task_runner.py:91} INFO - Job 716: Subtask gen_congestion_task
[2024-07-29T11:58:42.996+0000] {task_command.py:426} INFO - Running <TaskInstance: motower_daily_prod.gen_congestion_task scheduled__2024-06-02T06:00:00+00:00 [running]> on host e824106b656d
[2024-07-29T11:58:43.106+0000] {taskinstance.py:2648} INFO - Exporting env vars: AIRFLOW_CTX_DAG_EMAIL='richmond.kongo@orange.com,assane.diop@orange.com,cyrille1.danho@orange.com,mohamed2.sylla@orange.com,amadou.diomande@orange.com,Jonas.kouame@orange.com,armand.kablan@orange.com,anicet.azombade@orange.com,etienne.kouadio@orange.com,bertine.kouakou@orange.com,florentine.kouakou@orange.com,ange.phaceli@orange.com,soulegame.soro@orange.com,innocent.yengo@orange.com' AIRFLOW_CTX_DAG_OWNER='***' AIRFLOW_CTX_DAG_ID='motower_daily_prod' AIRFLOW_CTX_TASK_ID='gen_congestion_task' AIRFLOW_CTX_EXECUTION_DATE='2024-06-02T06:00:00+00:00' AIRFLOW_CTX_TRY_NUMBER='1' AIRFLOW_CTX_DAG_RUN_ID='scheduled__2024-06-02T06:00:00+00:00'
[2024-07-29T11:58:43.108+0000] {taskinstance.py:430} INFO - ::endgroup::
[2024-07-29T11:58:43.187+0000] {python.py:237} INFO - Done. Returned value was: None
[2024-07-29T11:58:43.188+0000] {taskinstance.py:441} INFO - ::group::Post task execution logs
[2024-07-29T11:58:43.199+0000] {taskinstance.py:1206} INFO - Marking task as SUCCESS. dag_id=motower_daily_prod, task_id=gen_congestion_task, run_id=scheduled__2024-06-02T06:00:00+00:00, execution_date=20240602T060000, start_date=20240729T115842, end_date=20240729T115843
[2024-07-29T11:58:43.238+0000] {local_task_job_runner.py:243} INFO - Task exited with return code 0
[2024-07-29T11:58:43.252+0000] {taskinstance.py:3503} INFO - 0 downstream tasks scheduled from follow-on schedule check
[2024-07-29T11:58:43.253+0000] {local_task_job_runner.py:222} INFO - ::endgroup::
[2024-07-29T14:24:44.221+0000] {local_task_job_runner.py:120} INFO - ::group::Pre task execution logs
[2024-07-29T14:24:44.492+0000] {taskinstance.py:2076} INFO - Dependencies all met for dep_context=non-requeueable deps ti=<TaskInstance: motower_daily_prod.gen_congestion_task scheduled__2024-06-02T06:00:00+00:00 [queued]>
[2024-07-29T14:24:44.505+0000] {taskinstance.py:2076} INFO - Dependencies all met for dep_context=requeueable deps ti=<TaskInstance: motower_daily_prod.gen_congestion_task scheduled__2024-06-02T06:00:00+00:00 [queued]>
[2024-07-29T14:24:44.505+0000] {taskinstance.py:2306} INFO - Starting attempt 1 of 1
[2024-07-29T14:24:44.522+0000] {taskinstance.py:2330} INFO - Executing <Task(PythonOperator): gen_congestion_task> on 2024-06-02 06:00:00+00:00
[2024-07-29T14:24:44.535+0000] {warnings.py:112} WARNING - /home/***/.local/lib/python3.12/site-packages/***/task/task_runner/standard_task_runner.py:62: DeprecationWarning: This process (pid=390) is multi-threaded, use of fork() may lead to deadlocks in the child.
  pid = os.fork()

[2024-07-29T14:24:44.536+0000] {standard_task_runner.py:64} INFO - Started process 408 to run task
[2024-07-29T14:24:44.536+0000] {standard_task_runner.py:90} INFO - Running: ['***', 'tasks', 'run', 'motower_daily_prod', 'gen_congestion_task', 'scheduled__2024-06-02T06:00:00+00:00', '--job-id', '1024', '--raw', '--subdir', 'DAGS_FOLDER/gps/custom_dags/motower_daily.py', '--cfg-path', '/tmp/tmplr_x6r8x']
[2024-07-29T14:24:44.539+0000] {standard_task_runner.py:91} INFO - Job 1024: Subtask gen_congestion_task
[2024-07-29T14:24:44.587+0000] {task_command.py:426} INFO - Running <TaskInstance: motower_daily_prod.gen_congestion_task scheduled__2024-06-02T06:00:00+00:00 [running]> on host e824106b656d
[2024-07-29T14:24:44.688+0000] {taskinstance.py:2648} INFO - Exporting env vars: AIRFLOW_CTX_DAG_EMAIL='richmond.kongo@orange.com,assane.diop@orange.com,cyrille1.danho@orange.com,mohamed2.sylla@orange.com,amadou.diomande@orange.com,Jonas.kouame@orange.com,armand.kablan@orange.com,anicet.azombade@orange.com,etienne.kouadio@orange.com,bertine.kouakou@orange.com,florentine.kouakou@orange.com,ange.phaceli@orange.com,soulegame.soro@orange.com,innocent.yengo@orange.com' AIRFLOW_CTX_DAG_OWNER='***' AIRFLOW_CTX_DAG_ID='motower_daily_prod' AIRFLOW_CTX_TASK_ID='gen_congestion_task' AIRFLOW_CTX_EXECUTION_DATE='2024-06-02T06:00:00+00:00' AIRFLOW_CTX_TRY_NUMBER='1' AIRFLOW_CTX_DAG_RUN_ID='scheduled__2024-06-02T06:00:00+00:00'
[2024-07-29T14:24:44.689+0000] {taskinstance.py:430} INFO - ::endgroup::
[2024-07-29T14:24:44.765+0000] {python.py:237} INFO - Done. Returned value was: None
[2024-07-29T14:24:44.766+0000] {taskinstance.py:441} INFO - ::group::Post task execution logs
[2024-07-29T14:24:44.775+0000] {taskinstance.py:1206} INFO - Marking task as SUCCESS. dag_id=motower_daily_prod, task_id=gen_congestion_task, run_id=scheduled__2024-06-02T06:00:00+00:00, execution_date=20240602T060000, start_date=20240729T142444, end_date=20240729T142444
[2024-07-29T14:24:44.834+0000] {local_task_job_runner.py:243} INFO - Task exited with return code 0
[2024-07-29T14:24:44.843+0000] {local_task_job_runner.py:222} INFO - ::endgroup::
[2024-07-29T14:31:46.424+0000] {local_task_job_runner.py:120} INFO - ::group::Pre task execution logs
[2024-07-29T14:31:46.706+0000] {taskinstance.py:2076} INFO - Dependencies all met for dep_context=non-requeueable deps ti=<TaskInstance: motower_daily_prod.gen_congestion_task scheduled__2024-06-02T06:00:00+00:00 [queued]>
[2024-07-29T14:31:46.719+0000] {taskinstance.py:2076} INFO - Dependencies all met for dep_context=requeueable deps ti=<TaskInstance: motower_daily_prod.gen_congestion_task scheduled__2024-06-02T06:00:00+00:00 [queued]>
[2024-07-29T14:31:46.720+0000] {taskinstance.py:2306} INFO - Starting attempt 1 of 1
[2024-07-29T14:31:46.741+0000] {taskinstance.py:2330} INFO - Executing <Task(PythonOperator): gen_congestion_task> on 2024-06-02 06:00:00+00:00
[2024-07-29T14:31:46.754+0000] {warnings.py:112} WARNING - /home/***/.local/lib/python3.12/site-packages/***/task/task_runner/standard_task_runner.py:62: DeprecationWarning: This process (pid=729) is multi-threaded, use of fork() may lead to deadlocks in the child.
  pid = os.fork()

[2024-07-29T14:31:46.756+0000] {standard_task_runner.py:64} INFO - Started process 744 to run task
[2024-07-29T14:31:46.756+0000] {standard_task_runner.py:90} INFO - Running: ['***', 'tasks', 'run', 'motower_daily_prod', 'gen_congestion_task', 'scheduled__2024-06-02T06:00:00+00:00', '--job-id', '1106', '--raw', '--subdir', 'DAGS_FOLDER/gps/custom_dags/motower_daily.py', '--cfg-path', '/tmp/tmpgeup9jn5']
[2024-07-29T14:31:46.759+0000] {standard_task_runner.py:91} INFO - Job 1106: Subtask gen_congestion_task
[2024-07-29T14:31:46.811+0000] {task_command.py:426} INFO - Running <TaskInstance: motower_daily_prod.gen_congestion_task scheduled__2024-06-02T06:00:00+00:00 [running]> on host e824106b656d
[2024-07-29T14:31:46.916+0000] {taskinstance.py:2648} INFO - Exporting env vars: AIRFLOW_CTX_DAG_EMAIL='richmond.kongo@orange.com,assane.diop@orange.com,cyrille1.danho@orange.com,mohamed2.sylla@orange.com,amadou.diomande@orange.com,Jonas.kouame@orange.com,armand.kablan@orange.com,anicet.azombade@orange.com,etienne.kouadio@orange.com,bertine.kouakou@orange.com,florentine.kouakou@orange.com,ange.phaceli@orange.com,soulegame.soro@orange.com,innocent.yengo@orange.com' AIRFLOW_CTX_DAG_OWNER='***' AIRFLOW_CTX_DAG_ID='motower_daily_prod' AIRFLOW_CTX_TASK_ID='gen_congestion_task' AIRFLOW_CTX_EXECUTION_DATE='2024-06-02T06:00:00+00:00' AIRFLOW_CTX_TRY_NUMBER='1' AIRFLOW_CTX_DAG_RUN_ID='scheduled__2024-06-02T06:00:00+00:00'
[2024-07-29T14:31:46.918+0000] {taskinstance.py:430} INFO - ::endgroup::
[2024-07-29T14:31:47.006+0000] {python.py:237} INFO - Done. Returned value was: None
[2024-07-29T14:31:47.007+0000] {taskinstance.py:441} INFO - ::group::Post task execution logs
[2024-07-29T14:31:47.017+0000] {taskinstance.py:1206} INFO - Marking task as SUCCESS. dag_id=motower_daily_prod, task_id=gen_congestion_task, run_id=scheduled__2024-06-02T06:00:00+00:00, execution_date=20240602T060000, start_date=20240729T143146, end_date=20240729T143147
[2024-07-29T14:31:47.051+0000] {local_task_job_runner.py:243} INFO - Task exited with return code 0
[2024-07-29T14:31:47.062+0000] {local_task_job_runner.py:222} INFO - ::endgroup::
